[ 2015-08-02T23:34:12+08:00 ] 127.0.0.1 /xiaoshi/
INFO: [ app_init ] --START--
INFO: Run Behavior\BuildLiteBehavior [ RunTime:0.000018s ]
INFO: [ app_init ] --END-- [ RunTime:0.010849s ]

[ 2015-08-02T23:34:49+08:00 ] 127.0.0.1 /xiaoshi/index.php
INFO: [ app_init ] --START--
INFO: Run Behavior\BuildLiteBehavior [ RunTime:0.000050s ]
INFO: [ app_init ] --END-- [ RunTime:0.001474s ]

[ 2015-08-02T23:38:40+08:00 ] 127.0.0.1 /xiaoshi/index.php
INFO: [ app_init ] --START--
INFO: Run Behavior\BuildLiteBehavior [ RunTime:0.000062s ]
INFO: [ app_init ] --END-- [ RunTime:0.002851s ]

[ 2015-08-02T23:38:40+08:00 ] 127.0.0.1 /xiaoshi/index.php
INFO: [ app_init ] --START--
INFO: Run Behavior\BuildLiteBehavior [ RunTime:0.000016s ]
INFO: [ app_init ] --END-- [ RunTime:0.000543s ]

[ 2015-08-02T23:38:41+08:00 ] 127.0.0.1 /xiaoshi/index.php
INFO: [ app_init ] --START--
INFO: Run Behavior\BuildLiteBehavior [ RunTime:0.000015s ]
INFO: [ app_init ] --END-- [ RunTime:0.000541s ]

[ 2015-08-02T23:38:54+08:00 ] 127.0.0.1 /xiaoshi/index.php/Home
INFO: [ app_init ] --START--
INFO: Run Behavior\BuildLiteBehavior [ RunTime:0.000026s ]
INFO: [ app_init ] --END-- [ RunTime:0.000780s ]

[ 2015-08-02T23:39:01+08:00 ] 127.0.0.1 /xiaoshi/index.php/Home
INFO: [ app_init ] --START--
INFO: Run Behavior\BuildLiteBehavior [ RunTime:0.000021s ]
INFO: [ app_init ] --END-- [ RunTime:0.000545s ]

[ 2015-08-02T23:40:28+08:00 ] 127.0.0.1 /xiaoshi/index.php/Home
INFO: [ app_init ] --START--
INFO: Run Behavior\BuildLiteBehavior [ RunTime:0.000014s ]
INFO: [ app_init ] --END-- [ RunTime:0.000538s ]

[ 2015-08-02T23:40:28+08:00 ] 127.0.0.1 /xiaoshi/index.php/Home
INFO: [ app_init ] --START--
INFO: Run Behavior\BuildLiteBehavior [ RunTime:0.000015s ]
INFO: [ app_init ] --END-- [ RunTime:0.000530s ]

[ 2015-08-02T23:40:28+08:00 ] 127.0.0.1 /xiaoshi/index.php/Home
INFO: [ app_init ] --START--
INFO: Run Behavior\BuildLiteBehavior [ RunTime:0.000047s ]
INFO: [ app_init ] --END-- [ RunTime:0.001167s ]

[ 2015-08-02T23:40:51+08:00 ] 127.0.0.1 /xiaoshi/index.php/Home/View
INFO: [ app_init ] --START--
INFO: Run Behavior\BuildLiteBehavior [ RunTime:0.000016s ]
INFO: [ app_init ] --END-- [ RunTime:0.000806s ]
ERR: 无法加载控制器:View

[ 2015-08-02T23:40:56+08:00 ] 127.0.0.1 /xiaoshi/index.php/Home/Index
INFO: [ app_init ] --START--
INFO: Run Behavior\BuildLiteBehavior [ RunTime:0.000015s ]
INFO: [ app_init ] --END-- [ RunTime:0.000540s ]

[ 2015-08-02T23:41:14+08:00 ] 127.0.0.1 /xiaoshi/index.php/Home/Index
INFO: [ app_init ] --START--
INFO: Run Behavior\BuildLiteBehavior [ RunTime:0.000015s ]
INFO: [ app_init ] --END-- [ RunTime:0.000529s ]

[ 2015-08-02T23:41:59+08:00 ] 127.0.0.1 /xiaoshi/index.php/Home/Index
INFO: [ app_init ] --START--
INFO: Run Behavior\BuildLiteBehavior [ RunTime:0.000015s ]
INFO: [ app_init ] --END-- [ RunTime:0.000540s ]

[ 2015-08-02T23:50:59+08:00 ] 127.0.0.1 /xiaoshi/index.php/Home/Index
INFO: [ app_init ] --START--
INFO: Run Behavior\BuildLiteBehavior [ RunTime:0.000017s ]
INFO: [ app_init ] --END-- [ RunTime:0.000650s ]

[ 2015-08-02T23:51:58+08:00 ] 127.0.0.1 /xiaoshi/index.php/Home/Index
INFO: [ app_init ] --START--
INFO: Run Behavior\BuildLiteBehavior [ RunTime:0.000016s ]
INFO: [ app_init ] --END-- [ RunTime:0.000546s ]

[ 2015-08-02T23:52:01+08:00 ] 127.0.0.1 /xiaoshi/index.php/Home/xiaoshi/index.php/Home/search
INFO: [ app_init ] --START--
INFO: Run Behavior\BuildLiteBehavior [ RunTime:0.000019s ]
INFO: [ app_init ] --END-- [ RunTime:0.000657s ]
ERR: 无法加载控制器:Xiaoshi

[ 2015-08-02T23:52:28+08:00 ] 127.0.0.1 /xiaoshi/index.php/Home/xiaoshi/index.php/Home/search
INFO: [ app_init ] --START--
INFO: Run Behavior\BuildLiteBehavior [ RunTime:0.000025s ]
INFO: [ app_init ] --END-- [ RunTime:0.000758s ]
ERR: 无法加载控制器:Xiaoshi

[ 2015-08-02T23:52:31+08:00 ] 127.0.0.1 /xiaoshi/index.php/Home/xiaoshi/index.php/Home/search
INFO: [ app_init ] --START--
INFO: Run Behavior\BuildLiteBehavior [ RunTime:0.000017s ]
INFO: [ app_init ] --END-- [ RunTime:0.000589s ]
ERR: 无法加载控制器:Xiaoshi

[ 2015-08-02T23:52:37+08:00 ] 127.0.0.1 /xiaoshi/
INFO: [ app_init ] --START--
INFO: Run Behavior\BuildLiteBehavior [ RunTime:0.000018s ]
INFO: [ app_init ] --END-- [ RunTime:0.000597s ]

[ 2015-08-02T23:58:58+08:00 ] 127.0.0.1 /xiaoshi/
INFO: [ app_init ] --START--
INFO: Run Behavior\BuildLiteBehavior [ RunTime:0.000015s ]
INFO: [ app_init ] --END-- [ RunTime:0.000554s ]

