[ 2015-08-04T10:41:43+08:00 ] 127.0.0.1 /xiaoshi/
INFO: [ app_init ] --START--
INFO: Run Behavior\BuildLiteBehavior [ RunTime:0.000019s ]
INFO: [ app_init ] --END-- [ RunTime:0.001281s ]

[ 2015-08-04T10:42:17+08:00 ] 127.0.0.1 /xiaoshi/
INFO: [ app_init ] --START--
INFO: Run Behavior\BuildLiteBehavior [ RunTime:0.000017s ]
INFO: [ app_init ] --END-- [ RunTime:0.000576s ]

[ 2015-08-04T10:42:24+08:00 ] 127.0.0.1 /xiaoshi/index.php/Home/Check
INFO: [ app_init ] --START--
INFO: Run Behavior\BuildLiteBehavior [ RunTime:0.000022s ]
INFO: [ app_init ] --END-- [ RunTime:0.001459s ]
ERR: 无法加载控制器:Check

[ 2015-08-04T10:42:51+08:00 ] 127.0.0.1 /xiaoshi/index.php/Home/Check
INFO: [ app_init ] --START--
INFO: Run Behavior\BuildLiteBehavior [ RunTime:0.000016s ]
INFO: [ app_init ] --END-- [ RunTime:0.000545s ]

[ 2015-08-04T10:42:53+08:00 ] 127.0.0.1 /xiaoshi/index.php/Home/Check
INFO: [ app_init ] --START--
INFO: Run Behavior\BuildLiteBehavior [ RunTime:0.000017s ]
INFO: [ app_init ] --END-- [ RunTime:0.000593s ]

[ 2015-08-04T10:42:54+08:00 ] 127.0.0.1 /xiaoshi/index.php/Home/Check
INFO: [ app_init ] --START--
INFO: Run Behavior\BuildLiteBehavior [ RunTime:0.000021s ]
INFO: [ app_init ] --END-- [ RunTime:0.000673s ]

[ 2015-08-04T10:42:54+08:00 ] 127.0.0.1 /xiaoshi/index.php/Home/Check
INFO: [ app_init ] --START--
INFO: Run Behavior\BuildLiteBehavior [ RunTime:0.000017s ]
INFO: [ app_init ] --END-- [ RunTime:0.000579s ]

[ 2015-08-04T10:42:54+08:00 ] 127.0.0.1 /xiaoshi/index.php/Home/Check
INFO: [ app_init ] --START--
INFO: Run Behavior\BuildLiteBehavior [ RunTime:0.000017s ]
INFO: [ app_init ] --END-- [ RunTime:0.000580s ]

[ 2015-08-04T10:42:55+08:00 ] 127.0.0.1 /xiaoshi/index.php/Home/Check
INFO: [ app_init ] --START--
INFO: Run Behavior\BuildLiteBehavior [ RunTime:0.000016s ]
INFO: [ app_init ] --END-- [ RunTime:0.000594s ]

[ 2015-08-04T10:42:55+08:00 ] 127.0.0.1 /xiaoshi/index.php/Home/Check
INFO: [ app_init ] --START--
INFO: Run Behavior\BuildLiteBehavior [ RunTime:0.000015s ]
INFO: [ app_init ] --END-- [ RunTime:0.000578s ]

[ 2015-08-04T10:42:55+08:00 ] 127.0.0.1 /xiaoshi/index.php/Home/Check
INFO: [ app_init ] --START--
INFO: Run Behavior\BuildLiteBehavior [ RunTime:0.000017s ]
INFO: [ app_init ] --END-- [ RunTime:0.001333s ]

[ 2015-08-04T10:42:55+08:00 ] 127.0.0.1 /xiaoshi/index.php/Home/Check
INFO: [ app_init ] --START--
INFO: Run Behavior\BuildLiteBehavior [ RunTime:0.000019s ]
INFO: [ app_init ] --END-- [ RunTime:0.000523s ]

[ 2015-08-04T10:42:55+08:00 ] 127.0.0.1 /xiaoshi/index.php/Home/Check
INFO: [ app_init ] --START--
INFO: Run Behavior\BuildLiteBehavior [ RunTime:0.000017s ]
INFO: [ app_init ] --END-- [ RunTime:0.000591s ]

[ 2015-08-04T10:42:55+08:00 ] 127.0.0.1 /xiaoshi/index.php/Home/Check
INFO: [ app_init ] --START--
INFO: Run Behavior\BuildLiteBehavior [ RunTime:0.000016s ]
INFO: [ app_init ] --END-- [ RunTime:0.000590s ]

[ 2015-08-04T10:42:56+08:00 ] 127.0.0.1 /xiaoshi/index.php/Home/Check
INFO: [ app_init ] --START--
INFO: Run Behavior\BuildLiteBehavior [ RunTime:0.000020s ]
INFO: [ app_init ] --END-- [ RunTime:0.000590s ]

[ 2015-08-04T10:42:56+08:00 ] 127.0.0.1 /xiaoshi/index.php/Home/Check
INFO: [ app_init ] --START--
INFO: Run Behavior\BuildLiteBehavior [ RunTime:0.000018s ]
INFO: [ app_init ] --END-- [ RunTime:0.000601s ]

[ 2015-08-04T10:42:56+08:00 ] 127.0.0.1 /xiaoshi/index.php/Home/Check
INFO: [ app_init ] --START--
INFO: Run Behavior\BuildLiteBehavior [ RunTime:0.000018s ]
INFO: [ app_init ] --END-- [ RunTime:0.000702s ]

[ 2015-08-04T10:42:56+08:00 ] 127.0.0.1 /xiaoshi/index.php/Home/Check
INFO: [ app_init ] --START--
INFO: Run Behavior\BuildLiteBehavior [ RunTime:0.000023s ]
INFO: [ app_init ] --END-- [ RunTime:0.000545s ]

[ 2015-08-04T10:42:56+08:00 ] 127.0.0.1 /xiaoshi/index.php/Home/Check
INFO: [ app_init ] --START--
INFO: Run Behavior\BuildLiteBehavior [ RunTime:0.000024s ]
INFO: [ app_init ] --END-- [ RunTime:0.000578s ]

[ 2015-08-04T10:42:57+08:00 ] 127.0.0.1 /xiaoshi/index.php/Home/Check
INFO: [ app_init ] --START--
INFO: Run Behavior\BuildLiteBehavior [ RunTime:0.000017s ]
INFO: [ app_init ] --END-- [ RunTime:0.000575s ]

[ 2015-08-04T10:42:57+08:00 ] 127.0.0.1 /xiaoshi/index.php/Home/Check
INFO: [ app_init ] --START--
INFO: Run Behavior\BuildLiteBehavior [ RunTime:0.000023s ]
INFO: [ app_init ] --END-- [ RunTime:0.000751s ]

[ 2015-08-04T10:42:57+08:00 ] 127.0.0.1 /xiaoshi/index.php/Home/Check
INFO: [ app_init ] --START--
INFO: Run Behavior\BuildLiteBehavior [ RunTime:0.000018s ]
INFO: [ app_init ] --END-- [ RunTime:0.000605s ]

[ 2015-08-04T10:42:57+08:00 ] 127.0.0.1 /xiaoshi/index.php/Home/Check
INFO: [ app_init ] --START--
INFO: Run Behavior\BuildLiteBehavior [ RunTime:0.000017s ]
INFO: [ app_init ] --END-- [ RunTime:0.000652s ]

[ 2015-08-04T10:42:58+08:00 ] 127.0.0.1 /xiaoshi/index.php/Home/Check
INFO: [ app_init ] --START--
INFO: Run Behavior\BuildLiteBehavior [ RunTime:0.000016s ]
INFO: [ app_init ] --END-- [ RunTime:0.000587s ]

[ 2015-08-04T10:42:58+08:00 ] 127.0.0.1 /xiaoshi/index.php/Home/Check
INFO: [ app_init ] --START--
INFO: Run Behavior\BuildLiteBehavior [ RunTime:0.000016s ]
INFO: [ app_init ] --END-- [ RunTime:0.000555s ]

[ 2015-08-04T10:45:37+08:00 ] 127.0.0.1 /xiaoshi/index.php/Home/Check
INFO: [ app_init ] --START--
INFO: Run Behavior\BuildLiteBehavior [ RunTime:0.000018s ]
INFO: [ app_init ] --END-- [ RunTime:0.000665s ]

[ 2015-08-04T10:46:12+08:00 ] 127.0.0.1 /xiaoshi/index.php/Home/Check
INFO: [ app_init ] --START--
INFO: Run Behavior\BuildLiteBehavior [ RunTime:0.000016s ]
INFO: [ app_init ] --END-- [ RunTime:0.000675s ]

[ 2015-08-04T10:46:12+08:00 ] 127.0.0.1 /xiaoshi/index.php/Home/Check
INFO: [ app_init ] --START--
INFO: Run Behavior\BuildLiteBehavior [ RunTime:0.000016s ]
INFO: [ app_init ] --END-- [ RunTime:0.000588s ]

[ 2015-08-04T10:46:13+08:00 ] 127.0.0.1 /xiaoshi/index.php/Home/Check
INFO: [ app_init ] --START--
INFO: Run Behavior\BuildLiteBehavior [ RunTime:0.000017s ]
INFO: [ app_init ] --END-- [ RunTime:0.001368s ]

[ 2015-08-04T10:46:13+08:00 ] 127.0.0.1 /xiaoshi/index.php/Home/Check
INFO: [ app_init ] --START--
INFO: Run Behavior\BuildLiteBehavior [ RunTime:0.000024s ]
INFO: [ app_init ] --END-- [ RunTime:0.000554s ]

[ 2015-08-04T10:47:02+08:00 ] 127.0.0.1 /xiaoshi/index.php/Home/Check
INFO: [ app_init ] --START--
INFO: Run Behavior\BuildLiteBehavior [ RunTime:0.000025s ]
INFO: [ app_init ] --END-- [ RunTime:0.000696s ]

[ 2015-08-04T10:47:17+08:00 ] 127.0.0.1 /xiaoshi/index.php/Home/Check
INFO: [ app_init ] --START--
INFO: Run Behavior\BuildLiteBehavior [ RunTime:0.000017s ]
INFO: [ app_init ] --END-- [ RunTime:0.000608s ]

[ 2015-08-04T10:47:18+08:00 ] 127.0.0.1 /xiaoshi/index.php/Home/Check
INFO: [ app_init ] --START--
INFO: Run Behavior\BuildLiteBehavior [ RunTime:0.000017s ]
INFO: [ app_init ] --END-- [ RunTime:0.000612s ]

[ 2015-08-04T10:47:19+08:00 ] 127.0.0.1 /xiaoshi/index.php/Home/Check
INFO: [ app_init ] --START--
INFO: Run Behavior\BuildLiteBehavior [ RunTime:0.000017s ]
INFO: [ app_init ] --END-- [ RunTime:0.000652s ]

[ 2015-08-04T10:47:19+08:00 ] 127.0.0.1 /xiaoshi/index.php/Home/Check
INFO: [ app_init ] --START--
INFO: Run Behavior\BuildLiteBehavior [ RunTime:0.000017s ]
INFO: [ app_init ] --END-- [ RunTime:0.000578s ]

[ 2015-08-04T10:47:19+08:00 ] 127.0.0.1 /xiaoshi/index.php/Home/Check
INFO: [ app_init ] --START--
INFO: Run Behavior\BuildLiteBehavior [ RunTime:0.000021s ]
INFO: [ app_init ] --END-- [ RunTime:0.000636s ]

[ 2015-08-04T10:47:19+08:00 ] 127.0.0.1 /xiaoshi/index.php/Home/Check
INFO: [ app_init ] --START--
INFO: Run Behavior\BuildLiteBehavior [ RunTime:0.000017s ]
INFO: [ app_init ] --END-- [ RunTime:0.000599s ]

[ 2015-08-04T10:47:20+08:00 ] 127.0.0.1 /xiaoshi/index.php/Home/Check
INFO: [ app_init ] --START--
INFO: Run Behavior\BuildLiteBehavior [ RunTime:0.000015s ]
INFO: [ app_init ] --END-- [ RunTime:0.000627s ]

[ 2015-08-04T11:12:17+08:00 ] 127.0.0.1 /xiaoshi/index.php/Home/Check
INFO: [ app_init ] --START--
INFO: Run Behavior\BuildLiteBehavior [ RunTime:0.000017s ]
INFO: [ app_init ] --END-- [ RunTime:0.000778s ]

[ 2015-08-04T11:17:29+08:00 ] 127.0.0.1 /xiaoshi/index.php/Home/Check
INFO: [ app_init ] --START--
INFO: Run Behavior\BuildLiteBehavior [ RunTime:0.000017s ]
INFO: [ app_init ] --END-- [ RunTime:0.000602s ]

[ 2015-08-04T11:20:33+08:00 ] 127.0.0.1 /xiaoshi/index.php/Home/Check
INFO: [ app_init ] --START--
INFO: Run Behavior\BuildLiteBehavior [ RunTime:0.000028s ]
INFO: [ app_init ] --END-- [ RunTime:0.000747s ]
ERR: 不存在的图像文件

[ 2015-08-04T11:20:41+08:00 ] 127.0.0.1 /xiaoshi/index.php/Home/Check
INFO: [ app_init ] --START--
INFO: Run Behavior\BuildLiteBehavior [ RunTime:0.000024s ]
INFO: [ app_init ] --END-- [ RunTime:0.000678s ]
ERR: 不存在的图像文件

[ 2015-08-04T11:21:04+08:00 ] 127.0.0.1 /xiaoshi/index.php/Home/Check
INFO: [ app_init ] --START--
INFO: Run Behavior\BuildLiteBehavior [ RunTime:0.000016s ]
INFO: [ app_init ] --END-- [ RunTime:0.000627s ]
ERR: 不存在的图像文件

[ 2015-08-04T11:21:05+08:00 ] 127.0.0.1 /xiaoshi/index.php/Home/Check
INFO: [ app_init ] --START--
INFO: Run Behavior\BuildLiteBehavior [ RunTime:0.000019s ]
INFO: [ app_init ] --END-- [ RunTime:0.000791s ]
ERR: 不存在的图像文件

[ 2015-08-04T11:21:10+08:00 ] 127.0.0.1 /xiaoshi/index.php/Home/Check
INFO: [ app_init ] --START--
INFO: Run Behavior\BuildLiteBehavior [ RunTime:0.000031s ]
INFO: [ app_init ] --END-- [ RunTime:0.000838s ]
ERR: 不存在的图像文件

[ 2015-08-04T11:21:11+08:00 ] 127.0.0.1 /xiaoshi/index.php/Home/Check
INFO: [ app_init ] --START--
INFO: Run Behavior\BuildLiteBehavior [ RunTime:0.000016s ]
INFO: [ app_init ] --END-- [ RunTime:0.000593s ]
ERR: 不存在的图像文件

[ 2015-08-04T11:21:11+08:00 ] 127.0.0.1 /xiaoshi/index.php/Home/Check
INFO: [ app_init ] --START--
INFO: Run Behavior\BuildLiteBehavior [ RunTime:0.000017s ]
INFO: [ app_init ] --END-- [ RunTime:0.000655s ]
ERR: 不存在的图像文件

[ 2015-08-04T11:21:11+08:00 ] 127.0.0.1 /xiaoshi/index.php/Home/Check
INFO: [ app_init ] --START--
INFO: Run Behavior\BuildLiteBehavior [ RunTime:0.000016s ]
INFO: [ app_init ] --END-- [ RunTime:0.000551s ]
ERR: 不存在的图像文件

[ 2015-08-04T11:21:11+08:00 ] 127.0.0.1 /xiaoshi/index.php/Home/Check
INFO: [ app_init ] --START--
INFO: Run Behavior\BuildLiteBehavior [ RunTime:0.000016s ]
INFO: [ app_init ] --END-- [ RunTime:0.000595s ]
ERR: 不存在的图像文件

[ 2015-08-04T11:21:12+08:00 ] 127.0.0.1 /xiaoshi/index.php/Home/Check
INFO: [ app_init ] --START--
INFO: Run Behavior\BuildLiteBehavior [ RunTime:0.000017s ]
INFO: [ app_init ] --END-- [ RunTime:0.001068s ]
ERR: 不存在的图像文件

[ 2015-08-04T11:21:17+08:00 ] 127.0.0.1 /xiaoshi/index.php/Home/Check
INFO: [ app_init ] --START--
INFO: Run Behavior\BuildLiteBehavior [ RunTime:0.000016s ]
INFO: [ app_init ] --END-- [ RunTime:0.000583s ]
ERR: 不存在的图像文件

[ 2015-08-04T11:22:10+08:00 ] 127.0.0.1 /xiaoshi/index.php/Home/Check
INFO: [ app_init ] --START--
INFO: Run Behavior\BuildLiteBehavior [ RunTime:0.000020s ]
INFO: [ app_init ] --END-- [ RunTime:0.000793s ]

[ 2015-08-04T11:22:26+08:00 ] 127.0.0.1 /xiaoshi/index.php/Home/Check
INFO: [ app_init ] --START--
INFO: Run Behavior\BuildLiteBehavior [ RunTime:0.000016s ]
INFO: [ app_init ] --END-- [ RunTime:0.000537s ]
ERR: 不存在的图像文件

[ 2015-08-04T11:23:13+08:00 ] 127.0.0.1 /xiaoshi/index.php/Home/Check
INFO: [ app_init ] --START--
INFO: Run Behavior\BuildLiteBehavior [ RunTime:0.000018s ]
INFO: [ app_init ] --END-- [ RunTime:0.000626s ]
ERR: 不存在的图像文件

[ 2015-08-04T11:23:14+08:00 ] 127.0.0.1 /xiaoshi/index.php/Home/Check
INFO: [ app_init ] --START--
INFO: Run Behavior\BuildLiteBehavior [ RunTime:0.000017s ]
INFO: [ app_init ] --END-- [ RunTime:0.000568s ]
ERR: 不存在的图像文件

[ 2015-08-04T11:23:14+08:00 ] 127.0.0.1 /xiaoshi/index.php/Home/Check
INFO: [ app_init ] --START--
INFO: Run Behavior\BuildLiteBehavior [ RunTime:0.000016s ]
INFO: [ app_init ] --END-- [ RunTime:0.000518s ]
ERR: 不存在的图像文件

[ 2015-08-04T11:23:14+08:00 ] 127.0.0.1 /xiaoshi/index.php/Home/Check
INFO: [ app_init ] --START--
INFO: Run Behavior\BuildLiteBehavior [ RunTime:0.000047s ]
INFO: [ app_init ] --END-- [ RunTime:0.001660s ]
ERR: 不存在的图像文件

[ 2015-08-04T11:23:14+08:00 ] 127.0.0.1 /xiaoshi/index.php/Home/Check
INFO: [ app_init ] --START--
INFO: Run Behavior\BuildLiteBehavior [ RunTime:0.000018s ]
INFO: [ app_init ] --END-- [ RunTime:0.000593s ]
ERR: 不存在的图像文件

[ 2015-08-04T11:23:14+08:00 ] 127.0.0.1 /xiaoshi/index.php/Home/Check
INFO: [ app_init ] --START--
INFO: Run Behavior\BuildLiteBehavior [ RunTime:0.000024s ]
INFO: [ app_init ] --END-- [ RunTime:0.000650s ]
ERR: 不存在的图像文件

[ 2015-08-04T11:23:15+08:00 ] 127.0.0.1 /xiaoshi/index.php/Home/Check
INFO: [ app_init ] --START--
INFO: Run Behavior\BuildLiteBehavior [ RunTime:0.000016s ]
INFO: [ app_init ] --END-- [ RunTime:0.000629s ]
ERR: 不存在的图像文件

[ 2015-08-04T11:23:29+08:00 ] 127.0.0.1 /xiaoshi/index.php/Home/Check
INFO: [ app_init ] --START--
INFO: Run Behavior\BuildLiteBehavior [ RunTime:0.000025s ]
INFO: [ app_init ] --END-- [ RunTime:0.000596s ]
ERR: 不存在的图像文件

[ 2015-08-04T11:23:30+08:00 ] 127.0.0.1 /xiaoshi/index.php/Home/Check
INFO: [ app_init ] --START--
INFO: Run Behavior\BuildLiteBehavior [ RunTime:0.000016s ]
INFO: [ app_init ] --END-- [ RunTime:0.000553s ]
ERR: 不存在的图像文件

[ 2015-08-04T11:23:30+08:00 ] 127.0.0.1 /xiaoshi/index.php/Home/Check
INFO: [ app_init ] --START--
INFO: Run Behavior\BuildLiteBehavior [ RunTime:0.000016s ]
INFO: [ app_init ] --END-- [ RunTime:0.001055s ]
ERR: 不存在的图像文件

[ 2015-08-04T11:23:39+08:00 ] 127.0.0.1 /xiaoshi/index.php/Home/Check
INFO: [ app_init ] --START--
INFO: Run Behavior\BuildLiteBehavior [ RunTime:0.000029s ]
INFO: [ app_init ] --END-- [ RunTime:0.000875s ]
ERR: 不存在的图像文件

[ 2015-08-04T11:23:45+08:00 ] 127.0.0.1 /xiaoshi/index.php/Home/Check
INFO: [ app_init ] --START--
INFO: Run Behavior\BuildLiteBehavior [ RunTime:0.000017s ]
INFO: [ app_init ] --END-- [ RunTime:0.000555s ]

[ 2015-08-04T11:23:46+08:00 ] 127.0.0.1 /xiaoshi/index.php/Home/Check
INFO: [ app_init ] --START--
INFO: Run Behavior\BuildLiteBehavior [ RunTime:0.000016s ]
INFO: [ app_init ] --END-- [ RunTime:0.000579s ]

[ 2015-08-04T11:23:57+08:00 ] 127.0.0.1 /xiaoshi/index.php/Home/Check
INFO: [ app_init ] --START--
INFO: Run Behavior\BuildLiteBehavior [ RunTime:0.000016s ]
INFO: [ app_init ] --END-- [ RunTime:0.000600s ]

[ 2015-08-04T11:23:58+08:00 ] 127.0.0.1 /xiaoshi/index.php/Home/Check
INFO: [ app_init ] --START--
INFO: Run Behavior\BuildLiteBehavior [ RunTime:0.000017s ]
INFO: [ app_init ] --END-- [ RunTime:0.000571s ]

[ 2015-08-04T11:23:59+08:00 ] 127.0.0.1 /xiaoshi/index.php/Home/Check
INFO: [ app_init ] --START--
INFO: Run Behavior\BuildLiteBehavior [ RunTime:0.000018s ]
INFO: [ app_init ] --END-- [ RunTime:0.000531s ]

[ 2015-08-04T11:23:59+08:00 ] 127.0.0.1 /xiaoshi/index.php/Home/Check
INFO: [ app_init ] --START--
INFO: Run Behavior\BuildLiteBehavior [ RunTime:0.000017s ]
INFO: [ app_init ] --END-- [ RunTime:0.000562s ]

[ 2015-08-04T11:23:59+08:00 ] 127.0.0.1 /xiaoshi/index.php/Home/Check
INFO: [ app_init ] --START--
INFO: Run Behavior\BuildLiteBehavior [ RunTime:0.000016s ]
INFO: [ app_init ] --END-- [ RunTime:0.000564s ]

[ 2015-08-04T11:23:59+08:00 ] 127.0.0.1 /xiaoshi/index.php/Home/Check
INFO: [ app_init ] --START--
INFO: Run Behavior\BuildLiteBehavior [ RunTime:0.000017s ]
INFO: [ app_init ] --END-- [ RunTime:0.000564s ]

[ 2015-08-04T11:23:59+08:00 ] 127.0.0.1 /xiaoshi/index.php/Home/Check
INFO: [ app_init ] --START--
INFO: Run Behavior\BuildLiteBehavior [ RunTime:0.000016s ]
INFO: [ app_init ] --END-- [ RunTime:0.000543s ]

[ 2015-08-04T11:24:00+08:00 ] 127.0.0.1 /xiaoshi/index.php/Home/Check
INFO: [ app_init ] --START--
INFO: Run Behavior\BuildLiteBehavior [ RunTime:0.000018s ]
INFO: [ app_init ] --END-- [ RunTime:0.000610s ]

[ 2015-08-04T11:24:00+08:00 ] 127.0.0.1 /xiaoshi/index.php/Home/Check
INFO: [ app_init ] --START--
INFO: Run Behavior\BuildLiteBehavior [ RunTime:0.000018s ]
INFO: [ app_init ] --END-- [ RunTime:0.000590s ]

[ 2015-08-04T11:24:00+08:00 ] 127.0.0.1 /xiaoshi/index.php/Home/Check
INFO: [ app_init ] --START--
INFO: Run Behavior\BuildLiteBehavior [ RunTime:0.000015s ]
INFO: [ app_init ] --END-- [ RunTime:0.000505s ]

[ 2015-08-04T11:24:00+08:00 ] 127.0.0.1 /xiaoshi/index.php/Home/Check
INFO: [ app_init ] --START--
INFO: Run Behavior\BuildLiteBehavior [ RunTime:0.000016s ]
INFO: [ app_init ] --END-- [ RunTime:0.000538s ]

[ 2015-08-04T11:24:01+08:00 ] 127.0.0.1 /xiaoshi/index.php/Home/Check
INFO: [ app_init ] --START--
INFO: Run Behavior\BuildLiteBehavior [ RunTime:0.000026s ]
INFO: [ app_init ] --END-- [ RunTime:0.000800s ]

[ 2015-08-04T11:24:01+08:00 ] 127.0.0.1 /xiaoshi/index.php/Home/Check
INFO: [ app_init ] --START--
INFO: Run Behavior\BuildLiteBehavior [ RunTime:0.000016s ]
INFO: [ app_init ] --END-- [ RunTime:0.000589s ]

[ 2015-08-04T11:24:01+08:00 ] 127.0.0.1 /xiaoshi/index.php/Home/Check
INFO: [ app_init ] --START--
INFO: Run Behavior\BuildLiteBehavior [ RunTime:0.000017s ]
INFO: [ app_init ] --END-- [ RunTime:0.000546s ]

[ 2015-08-04T11:24:01+08:00 ] 127.0.0.1 /xiaoshi/index.php/Home/Check
INFO: [ app_init ] --START--
INFO: Run Behavior\BuildLiteBehavior [ RunTime:0.000016s ]
INFO: [ app_init ] --END-- [ RunTime:0.000678s ]

[ 2015-08-04T11:24:01+08:00 ] 127.0.0.1 /xiaoshi/index.php/Home/Check
INFO: [ app_init ] --START--
INFO: Run Behavior\BuildLiteBehavior [ RunTime:0.000016s ]
INFO: [ app_init ] --END-- [ RunTime:0.000593s ]

[ 2015-08-04T11:24:02+08:00 ] 127.0.0.1 /xiaoshi/index.php/Home/Check
INFO: [ app_init ] --START--
INFO: Run Behavior\BuildLiteBehavior [ RunTime:0.000026s ]
INFO: [ app_init ] --END-- [ RunTime:0.000665s ]

[ 2015-08-04T11:24:02+08:00 ] 127.0.0.1 /xiaoshi/index.php/Home/Check
INFO: [ app_init ] --START--
INFO: Run Behavior\BuildLiteBehavior [ RunTime:0.000017s ]
INFO: [ app_init ] --END-- [ RunTime:0.000604s ]

[ 2015-08-04T11:24:02+08:00 ] 127.0.0.1 /xiaoshi/index.php/Home/Check
INFO: [ app_init ] --START--
INFO: Run Behavior\BuildLiteBehavior [ RunTime:0.000018s ]
INFO: [ app_init ] --END-- [ RunTime:0.000544s ]

[ 2015-08-04T11:24:02+08:00 ] 127.0.0.1 /xiaoshi/index.php/Home/Check
INFO: [ app_init ] --START--
INFO: Run Behavior\BuildLiteBehavior [ RunTime:0.000021s ]
INFO: [ app_init ] --END-- [ RunTime:0.000731s ]

[ 2015-08-04T11:24:02+08:00 ] 127.0.0.1 /xiaoshi/index.php/Home/Check
INFO: [ app_init ] --START--
INFO: Run Behavior\BuildLiteBehavior [ RunTime:0.000017s ]
INFO: [ app_init ] --END-- [ RunTime:0.000504s ]

[ 2015-08-04T11:24:03+08:00 ] 127.0.0.1 /xiaoshi/index.php/Home/Check
INFO: [ app_init ] --START--
INFO: Run Behavior\BuildLiteBehavior [ RunTime:0.000023s ]
INFO: [ app_init ] --END-- [ RunTime:0.000642s ]

[ 2015-08-04T11:24:16+08:00 ] 127.0.0.1 /xiaoshi/index.php/Home/Check
INFO: [ app_init ] --START--
INFO: Run Behavior\BuildLiteBehavior [ RunTime:0.000016s ]
INFO: [ app_init ] --END-- [ RunTime:0.000574s ]

[ 2015-08-04T11:24:33+08:00 ] 127.0.0.1 /xiaoshi/index.php/Home/Check
INFO: [ app_init ] --START--
INFO: Run Behavior\BuildLiteBehavior [ RunTime:0.000017s ]
INFO: [ app_init ] --END-- [ RunTime:0.000599s ]

[ 2015-08-04T11:24:33+08:00 ] 127.0.0.1 /xiaoshi/index.php/Home/Check
INFO: [ app_init ] --START--
INFO: Run Behavior\BuildLiteBehavior [ RunTime:0.000017s ]
INFO: [ app_init ] --END-- [ RunTime:0.000522s ]

[ 2015-08-04T11:24:34+08:00 ] 127.0.0.1 /xiaoshi/index.php/Home/Check
INFO: [ app_init ] --START--
INFO: Run Behavior\BuildLiteBehavior [ RunTime:0.000027s ]
INFO: [ app_init ] --END-- [ RunTime:0.000796s ]

[ 2015-08-04T11:24:34+08:00 ] 127.0.0.1 /xiaoshi/index.php/Home/Check
INFO: [ app_init ] --START--
INFO: Run Behavior\BuildLiteBehavior [ RunTime:0.000017s ]
INFO: [ app_init ] --END-- [ RunTime:0.000509s ]

[ 2015-08-04T11:24:34+08:00 ] 127.0.0.1 /xiaoshi/index.php/Home/Check
INFO: [ app_init ] --START--
INFO: Run Behavior\BuildLiteBehavior [ RunTime:0.000018s ]
INFO: [ app_init ] --END-- [ RunTime:0.000516s ]

[ 2015-08-04T11:24:34+08:00 ] 127.0.0.1 /xiaoshi/index.php/Home/Check
INFO: [ app_init ] --START--
INFO: Run Behavior\BuildLiteBehavior [ RunTime:0.000021s ]
INFO: [ app_init ] --END-- [ RunTime:0.000510s ]

[ 2015-08-04T11:24:34+08:00 ] 127.0.0.1 /xiaoshi/index.php/Home/Check
INFO: [ app_init ] --START--
INFO: Run Behavior\BuildLiteBehavior [ RunTime:0.000015s ]
INFO: [ app_init ] --END-- [ RunTime:0.000579s ]

[ 2015-08-04T23:44:15+08:00 ] 127.0.0.1 /xiaoshi/
INFO: [ app_init ] --START--
INFO: Run Behavior\BuildLiteBehavior [ RunTime:0.000018s ]
INFO: [ app_init ] --END-- [ RunTime:0.001269s ]

[ 2015-08-04T23:44:33+08:00 ] 127.0.0.1 /xiaoshi/
INFO: [ app_init ] --START--
INFO: Run Behavior\BuildLiteBehavior [ RunTime:0.000016s ]
INFO: [ app_init ] --END-- [ RunTime:0.000583s ]

[ 2015-08-04T23:45:57+08:00 ] 127.0.0.1 /xiaoshi/
INFO: [ app_init ] --START--
INFO: Run Behavior\BuildLiteBehavior [ RunTime:0.000021s ]
INFO: [ app_init ] --END-- [ RunTime:0.000744s ]

[ 2015-08-04T23:45:58+08:00 ] 127.0.0.1 /xiaoshi/
INFO: [ app_init ] --START--
INFO: Run Behavior\BuildLiteBehavior [ RunTime:0.000015s ]
INFO: [ app_init ] --END-- [ RunTime:0.000536s ]

[ 2015-08-04T23:49:53+08:00 ] 127.0.0.1 /xiaoshi/index.php/Home/Check
INFO: [ app_init ] --START--
INFO: Run Behavior\BuildLiteBehavior [ RunTime:0.000016s ]
INFO: [ app_init ] --END-- [ RunTime:0.000599s ]

[ 2015-08-04T23:51:21+08:00 ] 127.0.0.1 /xiaoshi/index.php/Home/Check
INFO: [ app_init ] --START--
INFO: Run Behavior\BuildLiteBehavior [ RunTime:0.000021s ]
INFO: [ app_init ] --END-- [ RunTime:0.000828s ]

[ 2015-08-04T23:51:21+08:00 ] 127.0.0.1 /xiaoshi/index.php/Home/Check
INFO: [ app_init ] --START--
INFO: Run Behavior\BuildLiteBehavior [ RunTime:0.000020s ]
INFO: [ app_init ] --END-- [ RunTime:0.000540s ]

[ 2015-08-04T23:51:22+08:00 ] 127.0.0.1 /xiaoshi/index.php/Home/Check
INFO: [ app_init ] --START--
INFO: Run Behavior\BuildLiteBehavior [ RunTime:0.000018s ]
INFO: [ app_init ] --END-- [ RunTime:0.001386s ]

[ 2015-08-04T23:51:22+08:00 ] 127.0.0.1 /xiaoshi/index.php/Home/Check
INFO: [ app_init ] --START--
INFO: Run Behavior\BuildLiteBehavior [ RunTime:0.000015s ]
INFO: [ app_init ] --END-- [ RunTime:0.000512s ]

[ 2015-08-04T23:51:22+08:00 ] 127.0.0.1 /xiaoshi/index.php/Home/Check
INFO: [ app_init ] --START--
INFO: Run Behavior\BuildLiteBehavior [ RunTime:0.000016s ]
INFO: [ app_init ] --END-- [ RunTime:0.000612s ]

[ 2015-08-04T23:51:43+08:00 ] 127.0.0.1 /xiaoshi/index.php/Home/Check
INFO: [ app_init ] --START--
INFO: Run Behavior\BuildLiteBehavior [ RunTime:0.000089s ]
INFO: [ app_init ] --END-- [ RunTime:0.001716s ]

[ 2015-08-04T23:51:43+08:00 ] 127.0.0.1 /xiaoshi/index.php/Home/Check
INFO: [ app_init ] --START--
INFO: Run Behavior\BuildLiteBehavior [ RunTime:0.000017s ]
INFO: [ app_init ] --END-- [ RunTime:0.001452s ]

[ 2015-08-04T23:51:43+08:00 ] 127.0.0.1 /xiaoshi/index.php/Home/Check
INFO: [ app_init ] --START--
INFO: Run Behavior\BuildLiteBehavior [ RunTime:0.000022s ]
INFO: [ app_init ] --END-- [ RunTime:0.000734s ]

[ 2015-08-04T23:51:46+08:00 ] 127.0.0.1 /xiaoshi/index.php/Home/Check
INFO: [ app_init ] --START--
INFO: Run Behavior\BuildLiteBehavior [ RunTime:0.000017s ]
INFO: [ app_init ] --END-- [ RunTime:0.000526s ]

[ 2015-08-04T23:55:01+08:00 ] 127.0.0.1 /xiaoshi/index.php/Home/Check
INFO: [ app_init ] --START--
INFO: Run Behavior\BuildLiteBehavior [ RunTime:0.000014s ]
INFO: [ app_init ] --END-- [ RunTime:0.000530s ]

[ 2015-08-04T23:55:02+08:00 ] 127.0.0.1 /xiaoshi/index.php/Home/Check
INFO: [ app_init ] --START--
INFO: Run Behavior\BuildLiteBehavior [ RunTime:0.000018s ]
INFO: [ app_init ] --END-- [ RunTime:0.000757s ]

[ 2015-08-04T23:55:02+08:00 ] 127.0.0.1 /xiaoshi/index.php/Home/Check
INFO: [ app_init ] --START--
INFO: Run Behavior\BuildLiteBehavior [ RunTime:0.000016s ]
INFO: [ app_init ] --END-- [ RunTime:0.000656s ]

[ 2015-08-04T23:55:02+08:00 ] 127.0.0.1 /xiaoshi/index.php/Home/Check
INFO: [ app_init ] --START--
INFO: Run Behavior\BuildLiteBehavior [ RunTime:0.000016s ]
INFO: [ app_init ] --END-- [ RunTime:0.000479s ]

[ 2015-08-04T23:55:02+08:00 ] 127.0.0.1 /xiaoshi/index.php/Home/Check
INFO: [ app_init ] --START--
INFO: Run Behavior\BuildLiteBehavior [ RunTime:0.000024s ]
INFO: [ app_init ] --END-- [ RunTime:0.000528s ]

[ 2015-08-04T23:55:02+08:00 ] 127.0.0.1 /xiaoshi/index.php/Home/Check
INFO: [ app_init ] --START--
INFO: Run Behavior\BuildLiteBehavior [ RunTime:0.000016s ]
INFO: [ app_init ] --END-- [ RunTime:0.000483s ]

[ 2015-08-04T23:55:07+08:00 ] 127.0.0.1 /xiaoshi/index.php/Home/Check
INFO: [ app_init ] --START--
INFO: Run Behavior\BuildLiteBehavior [ RunTime:0.000017s ]
INFO: [ app_init ] --END-- [ RunTime:0.000582s ]

