[ 2015-08-05T00:01:22+08:00 ] 127.0.0.1 /xiaoshi/index.php/Home/Check
INFO: [ app_init ] --START--
INFO: Run Behavior\BuildLiteBehavior [ RunTime:0.000016s ]
INFO: [ app_init ] --END-- [ RunTime:0.000611s ]
ERR: 不存在的图像文件

[ 2015-08-05T00:01:37+08:00 ] 127.0.0.1 /xiaoshi/index.php/Home/Check
INFO: [ app_init ] --START--
INFO: Run Behavior\BuildLiteBehavior [ RunTime:0.000016s ]
INFO: [ app_init ] --END-- [ RunTime:0.000590s ]
ERR: 不存在的图像文件

[ 2015-08-05T00:01:37+08:00 ] 127.0.0.1 /xiaoshi/index.php/Home/Check
INFO: [ app_init ] --START--
INFO: Run Behavior\BuildLiteBehavior [ RunTime:0.000062s ]
INFO: [ app_init ] --END-- [ RunTime:0.001964s ]
ERR: 不存在的图像文件

[ 2015-08-05T00:01:38+08:00 ] 127.0.0.1 /xiaoshi/index.php/Home/Check
INFO: [ app_init ] --START--
INFO: Run Behavior\BuildLiteBehavior [ RunTime:0.000015s ]
INFO: [ app_init ] --END-- [ RunTime:0.000573s ]
ERR: 不存在的图像文件

[ 2015-08-05T00:01:55+08:00 ] 127.0.0.1 /xiaoshi/index.php/Home/Check
INFO: [ app_init ] --START--
INFO: Run Behavior\BuildLiteBehavior [ RunTime:0.000016s ]
INFO: [ app_init ] --END-- [ RunTime:0.000595s ]
ERR: 不存在的图像文件

[ 2015-08-05T00:01:56+08:00 ] 127.0.0.1 /xiaoshi/index.php/Home/Check
INFO: [ app_init ] --START--
INFO: Run Behavior\BuildLiteBehavior [ RunTime:0.000018s ]
INFO: [ app_init ] --END-- [ RunTime:0.000714s ]
ERR: 不存在的图像文件

[ 2015-08-05T00:01:56+08:00 ] 127.0.0.1 /xiaoshi/index.php/Home/Check
INFO: [ app_init ] --START--
INFO: Run Behavior\BuildLiteBehavior [ RunTime:0.000017s ]
INFO: [ app_init ] --END-- [ RunTime:0.000597s ]
ERR: 不存在的图像文件

[ 2015-08-05T00:02:02+08:00 ] 127.0.0.1 /xiaoshi/index.php/Home/Check
INFO: [ app_init ] --START--
INFO: Run Behavior\BuildLiteBehavior [ RunTime:0.000017s ]
INFO: [ app_init ] --END-- [ RunTime:0.000561s ]
ERR: 不存在的图像文件

[ 2015-08-05T00:02:30+08:00 ] 127.0.0.1 /xiaoshi/index.php/Home/Check
INFO: [ app_init ] --START--
INFO: Run Behavior\BuildLiteBehavior [ RunTime:0.000016s ]
INFO: [ app_init ] --END-- [ RunTime:0.000525s ]
ERR: 不存在的图像文件

[ 2015-08-05T00:02:31+08:00 ] 127.0.0.1 /xiaoshi/index.php/Home/Check
INFO: [ app_init ] --START--
INFO: Run Behavior\BuildLiteBehavior [ RunTime:0.000017s ]
INFO: [ app_init ] --END-- [ RunTime:0.000582s ]
ERR: 不存在的图像文件

[ 2015-08-05T00:02:31+08:00 ] 127.0.0.1 /xiaoshi/index.php/Home/Check
INFO: [ app_init ] --START--
INFO: Run Behavior\BuildLiteBehavior [ RunTime:0.000016s ]
INFO: [ app_init ] --END-- [ RunTime:0.000583s ]
ERR: 不存在的图像文件

[ 2015-08-05T00:02:53+08:00 ] 127.0.0.1 /xiaoshi/index.php/Home/Check
INFO: [ app_init ] --START--
INFO: Run Behavior\BuildLiteBehavior [ RunTime:0.000017s ]
INFO: [ app_init ] --END-- [ RunTime:0.000661s ]
ERR: 不存在的图像文件

[ 2015-08-05T00:02:54+08:00 ] 127.0.0.1 /xiaoshi/index.php/Home/Check
INFO: [ app_init ] --START--
INFO: Run Behavior\BuildLiteBehavior [ RunTime:0.000017s ]
INFO: [ app_init ] --END-- [ RunTime:0.000549s ]
ERR: 不存在的图像文件

[ 2015-08-05T00:02:54+08:00 ] 127.0.0.1 /xiaoshi/index.php/Home/Check
INFO: [ app_init ] --START--
INFO: Run Behavior\BuildLiteBehavior [ RunTime:0.000017s ]
INFO: [ app_init ] --END-- [ RunTime:0.000626s ]
ERR: 不存在的图像文件

[ 2015-08-05T00:03:52+08:00 ] 127.0.0.1 /xiaoshi/index.php/Home/Check
INFO: [ app_init ] --START--
INFO: Run Behavior\BuildLiteBehavior [ RunTime:0.000017s ]
INFO: [ app_init ] --END-- [ RunTime:0.000620s ]
ERR: 不存在的图像文件

[ 2015-08-05T00:05:06+08:00 ] 127.0.0.1 /xiaoshi/index.php/Home/Check
INFO: [ app_init ] --START--
INFO: Run Behavior\BuildLiteBehavior [ RunTime:0.000017s ]
INFO: [ app_init ] --END-- [ RunTime:0.001521s ]
ERR: 不存在的图像文件

[ 2015-08-05T00:05:06+08:00 ] 127.0.0.1 /xiaoshi/index.php/Home/Check
INFO: [ app_init ] --START--
INFO: Run Behavior\BuildLiteBehavior [ RunTime:0.000016s ]
INFO: [ app_init ] --END-- [ RunTime:0.000579s ]
ERR: 不存在的图像文件

[ 2015-08-05T00:05:06+08:00 ] 127.0.0.1 /xiaoshi/index.php/Home/Check
INFO: [ app_init ] --START--
INFO: Run Behavior\BuildLiteBehavior [ RunTime:0.000025s ]
INFO: [ app_init ] --END-- [ RunTime:0.000796s ]
ERR: 不存在的图像文件

[ 2015-08-05T00:05:38+08:00 ] 127.0.0.1 /xiaoshi/index.php/Home/Check
INFO: [ app_init ] --START--
INFO: Run Behavior\BuildLiteBehavior [ RunTime:0.000083s ]
INFO: [ app_init ] --END-- [ RunTime:0.001493s ]
ERR: 不存在的图像文件

[ 2015-08-05T00:05:38+08:00 ] 127.0.0.1 /xiaoshi/index.php/Home/Check
INFO: [ app_init ] --START--
INFO: Run Behavior\BuildLiteBehavior [ RunTime:0.000017s ]
INFO: [ app_init ] --END-- [ RunTime:0.000588s ]
ERR: 不存在的图像文件

[ 2015-08-05T00:05:38+08:00 ] 127.0.0.1 /xiaoshi/index.php/Home/Check
INFO: [ app_init ] --START--
INFO: Run Behavior\BuildLiteBehavior [ RunTime:0.000016s ]
INFO: [ app_init ] --END-- [ RunTime:0.000576s ]
ERR: 不存在的图像文件

[ 2015-08-05T00:05:58+08:00 ] 127.0.0.1 /xiaoshi/index.php/Home/Check
INFO: [ app_init ] --START--
INFO: Run Behavior\BuildLiteBehavior [ RunTime:0.000016s ]
INFO: [ app_init ] --END-- [ RunTime:0.000591s ]

[ 2015-08-05T00:06:19+08:00 ] 127.0.0.1 /xiaoshi/index.php/Home/Check
INFO: [ app_init ] --START--
INFO: Run Behavior\BuildLiteBehavior [ RunTime:0.000015s ]
INFO: [ app_init ] --END-- [ RunTime:0.000578s ]

[ 2015-08-05T00:08:27+08:00 ] 127.0.0.1 /xiaoshi/index.php/Home/Check
INFO: [ app_init ] --START--
INFO: Run Behavior\BuildLiteBehavior [ RunTime:0.000016s ]
INFO: [ app_init ] --END-- [ RunTime:0.000593s ]

[ 2015-08-05T00:09:53+08:00 ] 127.0.0.1 /xiaoshi/index.php/Home/Check
INFO: [ app_init ] --START--
INFO: Run Behavior\BuildLiteBehavior [ RunTime:0.000017s ]
INFO: [ app_init ] --END-- [ RunTime:0.000599s ]

[ 2015-08-05T00:15:42+08:00 ] 127.0.0.1 /xiaoshi/index.php/Home/Check
INFO: [ app_init ] --START--
INFO: Run Behavior\BuildLiteBehavior [ RunTime:0.000016s ]
INFO: [ app_init ] --END-- [ RunTime:0.000593s ]

[ 2015-08-05T00:15:43+08:00 ] 127.0.0.1 /xiaoshi/index.php/Home/Check
INFO: [ app_init ] --START--
INFO: Run Behavior\BuildLiteBehavior [ RunTime:0.000015s ]
INFO: [ app_init ] --END-- [ RunTime:0.000576s ]

[ 2015-08-05T00:16:26+08:00 ] 127.0.0.1 /xiaoshi/index.php/Home/Check
INFO: [ app_init ] --START--
INFO: Run Behavior\BuildLiteBehavior [ RunTime:0.000017s ]
INFO: [ app_init ] --END-- [ RunTime:0.000595s ]

[ 2015-08-05T00:16:26+08:00 ] 127.0.0.1 /xiaoshi/index.php/Home/Check
INFO: [ app_init ] --START--
INFO: Run Behavior\BuildLiteBehavior [ RunTime:0.000016s ]
INFO: [ app_init ] --END-- [ RunTime:0.000573s ]

[ 2015-08-05T00:16:35+08:00 ] 127.0.0.1 /xiaoshi/index.php/Home/Check
INFO: [ app_init ] --START--
INFO: Run Behavior\BuildLiteBehavior [ RunTime:0.000016s ]
INFO: [ app_init ] --END-- [ RunTime:0.000516s ]

[ 2015-08-05T00:16:35+08:00 ] 127.0.0.1 /xiaoshi/index.php/Home/Check
INFO: [ app_init ] --START--
INFO: Run Behavior\BuildLiteBehavior [ RunTime:0.000049s ]
INFO: [ app_init ] --END-- [ RunTime:0.001611s ]

[ 2015-08-05T00:16:35+08:00 ] 127.0.0.1 /xiaoshi/index.php/Home/Check
INFO: [ app_init ] --START--
INFO: Run Behavior\BuildLiteBehavior [ RunTime:0.000015s ]
INFO: [ app_init ] --END-- [ RunTime:0.000493s ]

[ 2015-08-05T00:17:50+08:00 ] 127.0.0.1 /xiaoshi/index.php/Home/Check
INFO: [ app_init ] --START--
INFO: Run Behavior\BuildLiteBehavior [ RunTime:0.000017s ]
INFO: [ app_init ] --END-- [ RunTime:0.000598s ]

[ 2015-08-05T00:17:50+08:00 ] 127.0.0.1 /xiaoshi/index.php/Home/Check
INFO: [ app_init ] --START--
INFO: Run Behavior\BuildLiteBehavior [ RunTime:0.000017s ]
INFO: [ app_init ] --END-- [ RunTime:0.000589s ]

[ 2015-08-05T00:17:51+08:00 ] 127.0.0.1 /xiaoshi/index.php/Home/Check
INFO: [ app_init ] --START--
INFO: Run Behavior\BuildLiteBehavior [ RunTime:0.000016s ]
INFO: [ app_init ] --END-- [ RunTime:0.000613s ]

[ 2015-08-05T00:17:54+08:00 ] 127.0.0.1 /xiaoshi/index.php/Home/Check
INFO: [ app_init ] --START--
INFO: Run Behavior\BuildLiteBehavior [ RunTime:0.000016s ]
INFO: [ app_init ] --END-- [ RunTime:0.000639s ]

[ 2015-08-05T00:17:54+08:00 ] 127.0.0.1 /xiaoshi/index.php/Home/Check
INFO: [ app_init ] --START--
INFO: Run Behavior\BuildLiteBehavior [ RunTime:0.000017s ]
INFO: [ app_init ] --END-- [ RunTime:0.000576s ]

[ 2015-08-05T00:17:54+08:00 ] 127.0.0.1 /xiaoshi/index.php/Home/Check
INFO: [ app_init ] --START--
INFO: Run Behavior\BuildLiteBehavior [ RunTime:0.000015s ]
INFO: [ app_init ] --END-- [ RunTime:0.000589s ]

[ 2015-08-05T00:17:55+08:00 ] 127.0.0.1 /xiaoshi/index.php/Home/Check
INFO: [ app_init ] --START--
INFO: Run Behavior\BuildLiteBehavior [ RunTime:0.000016s ]
INFO: [ app_init ] --END-- [ RunTime:0.000584s ]

[ 2015-08-05T00:17:55+08:00 ] 127.0.0.1 /xiaoshi/index.php/Home/Check
INFO: [ app_init ] --START--
INFO: Run Behavior\BuildLiteBehavior [ RunTime:0.000016s ]
INFO: [ app_init ] --END-- [ RunTime:0.000545s ]

[ 2015-08-05T00:19:39+08:00 ] 127.0.0.1 /xiaoshi/index.php/Home/Check
INFO: [ app_init ] --START--
INFO: Run Behavior\BuildLiteBehavior [ RunTime:0.000018s ]
INFO: [ app_init ] --END-- [ RunTime:0.000680s ]

[ 2015-08-05T00:19:40+08:00 ] 127.0.0.1 /xiaoshi/index.php/Home/Check
INFO: [ app_init ] --START--
INFO: Run Behavior\BuildLiteBehavior [ RunTime:0.000016s ]
INFO: [ app_init ] --END-- [ RunTime:0.000520s ]

[ 2015-08-05T00:19:40+08:00 ] 127.0.0.1 /xiaoshi/index.php/Home/Check
INFO: [ app_init ] --START--
INFO: Run Behavior\BuildLiteBehavior [ RunTime:0.000017s ]
INFO: [ app_init ] --END-- [ RunTime:0.000641s ]

[ 2015-08-05T00:19:40+08:00 ] 127.0.0.1 /xiaoshi/index.php/Home/Check
INFO: [ app_init ] --START--
INFO: Run Behavior\BuildLiteBehavior [ RunTime:0.000019s ]
INFO: [ app_init ] --END-- [ RunTime:0.000592s ]

[ 2015-08-05T00:19:43+08:00 ] 127.0.0.1 /xiaoshi/index.php/Home/Check
INFO: [ app_init ] --START--
INFO: Run Behavior\BuildLiteBehavior [ RunTime:0.000016s ]
INFO: [ app_init ] --END-- [ RunTime:0.000562s ]

[ 2015-08-05T00:23:24+08:00 ] 127.0.0.1 /xiaoshi/index.php/Home/Check
INFO: [ app_init ] --START--
INFO: Run Behavior\BuildLiteBehavior [ RunTime:0.000016s ]
INFO: [ app_init ] --END-- [ RunTime:0.000595s ]

[ 2015-08-05T00:30:50+08:00 ] 127.0.0.1 /xiaoshi/index.php/Home/Check
INFO: [ app_init ] --START--
INFO: Run Behavior\BuildLiteBehavior [ RunTime:0.000019s ]
INFO: [ app_init ] --END-- [ RunTime:0.000488s ]

[ 2015-08-05T00:30:51+08:00 ] 127.0.0.1 /xiaoshi/index.php/Home/Check
INFO: [ app_init ] --START--
INFO: Run Behavior\BuildLiteBehavior [ RunTime:0.000017s ]
INFO: [ app_init ] --END-- [ RunTime:0.000593s ]

[ 2015-08-05T00:30:51+08:00 ] 127.0.0.1 /xiaoshi/index.php/Home/Check
INFO: [ app_init ] --START--
INFO: Run Behavior\BuildLiteBehavior [ RunTime:0.000017s ]
INFO: [ app_init ] --END-- [ RunTime:0.000584s ]

[ 2015-08-05T00:30:51+08:00 ] 127.0.0.1 /xiaoshi/index.php/Home/Check
INFO: [ app_init ] --START--
INFO: Run Behavior\BuildLiteBehavior [ RunTime:0.000070s ]
INFO: [ app_init ] --END-- [ RunTime:0.001504s ]

[ 2015-08-05T00:30:51+08:00 ] 127.0.0.1 /xiaoshi/index.php/Home/Check
INFO: [ app_init ] --START--
INFO: Run Behavior\BuildLiteBehavior [ RunTime:0.000018s ]
INFO: [ app_init ] --END-- [ RunTime:0.000559s ]

[ 2015-08-05T00:30:52+08:00 ] 127.0.0.1 /xiaoshi/index.php/Home/Check
INFO: [ app_init ] --START--
INFO: Run Behavior\BuildLiteBehavior [ RunTime:0.000024s ]
INFO: [ app_init ] --END-- [ RunTime:0.000690s ]

[ 2015-08-05T00:30:52+08:00 ] 127.0.0.1 /xiaoshi/index.php/Home/Check
INFO: [ app_init ] --START--
INFO: Run Behavior\BuildLiteBehavior [ RunTime:0.000022s ]
INFO: [ app_init ] --END-- [ RunTime:0.000671s ]

[ 2015-08-05T00:30:53+08:00 ] 127.0.0.1 /xiaoshi/index.php/Home/Check
INFO: [ app_init ] --START--
INFO: Run Behavior\BuildLiteBehavior [ RunTime:0.000024s ]
INFO: [ app_init ] --END-- [ RunTime:0.000592s ]

[ 2015-08-05T00:30:53+08:00 ] 127.0.0.1 /xiaoshi/index.php/Home/Check
INFO: [ app_init ] --START--
INFO: Run Behavior\BuildLiteBehavior [ RunTime:0.000017s ]
INFO: [ app_init ] --END-- [ RunTime:0.001141s ]

[ 2015-08-05T00:30:54+08:00 ] 127.0.0.1 /xiaoshi/index.php/Home/Check
INFO: [ app_init ] --START--
INFO: Run Behavior\BuildLiteBehavior [ RunTime:0.000015s ]
INFO: [ app_init ] --END-- [ RunTime:0.000594s ]

[ 2015-08-05T00:30:54+08:00 ] 127.0.0.1 /xiaoshi/index.php/Home/Check
INFO: [ app_init ] --START--
INFO: Run Behavior\BuildLiteBehavior [ RunTime:0.000015s ]
INFO: [ app_init ] --END-- [ RunTime:0.000526s ]

[ 2015-08-05T00:31:52+08:00 ] 127.0.0.1 /xiaoshi/index.php/Home/Check
INFO: [ app_init ] --START--
INFO: Run Behavior\BuildLiteBehavior [ RunTime:0.000016s ]
INFO: [ app_init ] --END-- [ RunTime:0.000590s ]

[ 2015-08-05T00:31:52+08:00 ] 127.0.0.1 /xiaoshi/index.php/Home/Check
INFO: [ app_init ] --START--
INFO: Run Behavior\BuildLiteBehavior [ RunTime:0.000014s ]
INFO: [ app_init ] --END-- [ RunTime:0.000543s ]

[ 2015-08-05T00:31:52+08:00 ] 127.0.0.1 /xiaoshi/index.php/Home/Check
INFO: [ app_init ] --START--
INFO: Run Behavior\BuildLiteBehavior [ RunTime:0.000020s ]
INFO: [ app_init ] --END-- [ RunTime:0.000640s ]

[ 2015-08-05T01:09:58+08:00 ] 127.0.0.1 /xiaoshi/index.php/Home/Index/search
INFO: [ app_init ] --START--
INFO: Run Behavior\BuildLiteBehavior [ RunTime:0.000016s ]
INFO: [ app_init ] --END-- [ RunTime:0.000616s ]

[ 2015-08-05T01:10:03+08:00 ] 127.0.0.1 /xiaoshi/index.php/Home/Check
INFO: [ app_init ] --START--
INFO: Run Behavior\BuildLiteBehavior [ RunTime:0.000047s ]
INFO: [ app_init ] --END-- [ RunTime:0.001532s ]

[ 2015-08-05T01:10:51+08:00 ] 127.0.0.1 /xiaoshi/index.php/Home/Check
INFO: [ app_init ] --START--
INFO: Run Behavior\BuildLiteBehavior [ RunTime:0.000015s ]
INFO: [ app_init ] --END-- [ RunTime:0.000577s ]

[ 2015-08-05T01:11:05+08:00 ] 127.0.0.1 /xiaoshi/index.php/Home/Check
INFO: [ app_init ] --START--
INFO: Run Behavior\BuildLiteBehavior [ RunTime:0.000016s ]
INFO: [ app_init ] --END-- [ RunTime:0.000599s ]

[ 2015-08-05T01:11:06+08:00 ] 127.0.0.1 /xiaoshi/index.php/Home/Check
INFO: [ app_init ] --START--
INFO: Run Behavior\BuildLiteBehavior [ RunTime:0.000014s ]
INFO: [ app_init ] --END-- [ RunTime:0.000502s ]

[ 2015-08-05T01:22:35+08:00 ] 127.0.0.1 /xiaoshi/index.php/Home/Check
INFO: [ app_init ] --START--
INFO: Run Behavior\BuildLiteBehavior [ RunTime:0.000016s ]
INFO: [ app_init ] --END-- [ RunTime:0.000595s ]
ERR: 没有可以被添加水印的图像资源

[ 2015-08-05T01:23:26+08:00 ] 127.0.0.1 /xiaoshi/index.php/Home/Check
INFO: [ app_init ] --START--
INFO: Run Behavior\BuildLiteBehavior [ RunTime:0.000017s ]
INFO: [ app_init ] --END-- [ RunTime:0.000587s ]

[ 2015-08-05T01:25:12+08:00 ] 127.0.0.1 /xiaoshi/index.php/Home/Check
INFO: [ app_init ] --START--
INFO: Run Behavior\BuildLiteBehavior [ RunTime:0.000018s ]
INFO: [ app_init ] --END-- [ RunTime:0.000949s ]

[ 2015-08-05T01:25:25+08:00 ] 127.0.0.1 /xiaoshi/index.php/Home/Check
INFO: [ app_init ] --START--
INFO: Run Behavior\BuildLiteBehavior [ RunTime:0.000021s ]
INFO: [ app_init ] --END-- [ RunTime:0.000711s ]
ERR: 没有可以被添加水印的图像资源

[ 2015-08-05T01:26:11+08:00 ] 127.0.0.1 /xiaoshi/index.php/Home/Check
INFO: [ app_init ] --START--
INFO: Run Behavior\BuildLiteBehavior [ RunTime:0.000017s ]
INFO: [ app_init ] --END-- [ RunTime:0.000594s ]
ERR: 水印图像不存在

[ 2015-08-05T01:27:10+08:00 ] 127.0.0.1 /xiaoshi/index.php/Home/Check
INFO: [ app_init ] --START--
INFO: Run Behavior\BuildLiteBehavior [ RunTime:0.000016s ]
INFO: [ app_init ] --END-- [ RunTime:0.000578s ]
ERR: 水印图像不存在

[ 2015-08-05T01:28:10+08:00 ] 127.0.0.1 /xiaoshi/index.php/Home/Check
INFO: [ app_init ] --START--
INFO: Run Behavior\BuildLiteBehavior [ RunTime:0.000015s ]
INFO: [ app_init ] --END-- [ RunTime:0.000583s ]
ERR: 水印图像不存在

[ 2015-08-05T01:28:11+08:00 ] 127.0.0.1 /xiaoshi/index.php/Home/Check
INFO: [ app_init ] --START--
INFO: Run Behavior\BuildLiteBehavior [ RunTime:0.000016s ]
INFO: [ app_init ] --END-- [ RunTime:0.000904s ]
ERR: 水印图像不存在

[ 2015-08-05T01:28:11+08:00 ] 127.0.0.1 /xiaoshi/index.php/Home/Check
INFO: [ app_init ] --START--
INFO: Run Behavior\BuildLiteBehavior [ RunTime:0.000059s ]
INFO: [ app_init ] --END-- [ RunTime:0.000973s ]
ERR: 水印图像不存在

[ 2015-08-05T01:28:11+08:00 ] 127.0.0.1 /xiaoshi/index.php/Home/Check
INFO: [ app_init ] --START--
INFO: Run Behavior\BuildLiteBehavior [ RunTime:0.000024s ]
INFO: [ app_init ] --END-- [ RunTime:0.000766s ]
ERR: 水印图像不存在

[ 2015-08-05T01:28:16+08:00 ] 127.0.0.1 /xiaoshi/index.php/Home/Check
INFO: [ app_init ] --START--
INFO: Run Behavior\BuildLiteBehavior [ RunTime:0.000016s ]
INFO: [ app_init ] --END-- [ RunTime:0.000560s ]

[ 2015-08-05T01:28:17+08:00 ] 127.0.0.1 /xiaoshi/index.php/Home/__CHEKC__/cover.jpg
INFO: [ app_init ] --START--
INFO: Run Behavior\BuildLiteBehavior [ RunTime:0.000017s ]
INFO: [ app_init ] --END-- [ RunTime:0.000586s ]

[ 2015-08-05T01:28:17+08:00 ] 127.0.0.1 /xiaoshi/index.php/Home/Check
INFO: [ app_init ] --START--
INFO: Run Behavior\BuildLiteBehavior [ RunTime:0.000017s ]
INFO: [ app_init ] --END-- [ RunTime:0.000694s ]

[ 2015-08-05T01:28:17+08:00 ] 127.0.0.1 /xiaoshi/index.php/Home/__CHEKC__/cover.jpg
INFO: [ app_init ] --START--
INFO: Run Behavior\BuildLiteBehavior [ RunTime:0.000015s ]
INFO: [ app_init ] --END-- [ RunTime:0.000556s ]

[ 2015-08-05T01:28:39+08:00 ] 127.0.0.1 /xiaoshi/index.php/Home/Check
INFO: [ app_init ] --START--
INFO: Run Behavior\BuildLiteBehavior [ RunTime:0.000017s ]
INFO: [ app_init ] --END-- [ RunTime:0.000638s ]

[ 2015-08-05T01:28:42+08:00 ] 127.0.0.1 /xiaoshi/index.php/Home/Check
INFO: [ app_init ] --START--
INFO: Run Behavior\BuildLiteBehavior [ RunTime:0.000016s ]
INFO: [ app_init ] --END-- [ RunTime:0.000558s ]

[ 2015-08-05T01:28:42+08:00 ] 127.0.0.1 /xiaoshi/index.php/Home/__CHECk__/cover.jpg
INFO: [ app_init ] --START--
INFO: Run Behavior\BuildLiteBehavior [ RunTime:0.000018s ]
INFO: [ app_init ] --END-- [ RunTime:0.000561s ]

[ 2015-08-05T01:28:43+08:00 ] 127.0.0.1 /xiaoshi/index.php/Home/Check
INFO: [ app_init ] --START--
INFO: Run Behavior\BuildLiteBehavior [ RunTime:0.000020s ]
INFO: [ app_init ] --END-- [ RunTime:0.000595s ]

[ 2015-08-05T01:28:43+08:00 ] 127.0.0.1 /xiaoshi/index.php/Home/__CHECk__/cover.jpg
INFO: [ app_init ] --START--
INFO: Run Behavior\BuildLiteBehavior [ RunTime:0.000025s ]
INFO: [ app_init ] --END-- [ RunTime:0.000739s ]

[ 2015-08-05T01:28:54+08:00 ] 127.0.0.1 /xiaoshi/index.php/Home/Check
INFO: [ app_init ] --START--
INFO: Run Behavior\BuildLiteBehavior [ RunTime:0.000017s ]
INFO: [ app_init ] --END-- [ RunTime:0.001185s ]

[ 2015-08-05T01:31:17+08:00 ] 127.0.0.1 /xiaoshi/index.php/Home/Check
INFO: [ app_init ] --START--
INFO: Run Behavior\BuildLiteBehavior [ RunTime:0.000016s ]
INFO: [ app_init ] --END-- [ RunTime:0.000596s ]
ERR: 水印图像不存在

[ 2015-08-05T01:31:40+08:00 ] 127.0.0.1 /xiaoshi/index.php/Home/Check
INFO: [ app_init ] --START--
INFO: Run Behavior\BuildLiteBehavior [ RunTime:0.000025s ]
INFO: [ app_init ] --END-- [ RunTime:0.000530s ]

[ 2015-08-05T01:31:54+08:00 ] 127.0.0.1 /xiaoshi/index.php/Home/Check
INFO: [ app_init ] --START--
INFO: Run Behavior\BuildLiteBehavior [ RunTime:0.000016s ]
INFO: [ app_init ] --END-- [ RunTime:0.000576s ]

[ 2015-08-05T01:32:27+08:00 ] 127.0.0.1 /xiaoshi/index.php/Home/Check
INFO: [ app_init ] --START--
INFO: Run Behavior\BuildLiteBehavior [ RunTime:0.000016s ]
INFO: [ app_init ] --END-- [ RunTime:0.000576s ]

[ 2015-08-05T01:32:40+08:00 ] 127.0.0.1 /xiaoshi/index.php/Home/Check
INFO: [ app_init ] --START--
INFO: Run Behavior\BuildLiteBehavior [ RunTime:0.000018s ]
INFO: [ app_init ] --END-- [ RunTime:0.000579s ]

[ 2015-08-05T01:32:51+08:00 ] 127.0.0.1 /xiaoshi/index.php/Home/Check
INFO: [ app_init ] --START--
INFO: Run Behavior\BuildLiteBehavior [ RunTime:0.000016s ]
INFO: [ app_init ] --END-- [ RunTime:0.000575s ]

[ 2015-08-05T01:34:45+08:00 ] 127.0.0.1 /xiaoshi/index.php/Home/Check
INFO: [ app_init ] --START--
INFO: Run Behavior\BuildLiteBehavior [ RunTime:0.000016s ]
INFO: [ app_init ] --END-- [ RunTime:0.000582s ]

