[ 2015-08-14T15:10:23+08:00 ] 127.0.0.1 /xiaoshi/Home/Check/index
INFO: [ app_init ] --START--
INFO: Run Behavior\BuildLiteBehavior [ RunTime:0.000020s ]
INFO: [ app_init ] --END-- [ RunTime:0.000804s ]

[ 2015-08-14T15:10:27+08:00 ] 127.0.0.1 /xiaoshi/index.php/Home/Check/toCheck
INFO: [ app_init ] --START--
INFO: Run Behavior\BuildLiteBehavior [ RunTime:0.000016s ]
INFO: [ app_init ] --END-- [ RunTime:0.000549s ]

[ 2015-08-14T15:10:33+08:00 ] 127.0.0.1 /xiaoshi/index.php/Home/Login/toLogin
INFO: [ app_init ] --START--
INFO: Run Behavior\BuildLiteBehavior [ RunTime:0.000026s ]
INFO: [ app_init ] --END-- [ RunTime:0.000811s ]

[ 2015-08-14T15:10:39+08:00 ] 127.0.0.1 /xiaoshi/index.php/Home/Login/toLogin
INFO: [ app_init ] --START--
INFO: Run Behavior\BuildLiteBehavior [ RunTime:0.000027s ]
INFO: [ app_init ] --END-- [ RunTime:0.000633s ]

[ 2015-08-14T15:10:42+08:00 ] 127.0.0.1 /xiaoshi/index.php/Home/Login/toLogin
INFO: [ app_init ] --START--
INFO: Run Behavior\BuildLiteBehavior [ RunTime:0.000016s ]
INFO: [ app_init ] --END-- [ RunTime:0.000620s ]

[ 2015-08-14T15:10:48+08:00 ] 127.0.0.1 /xiaoshi/index.php/Home/Login/toLogin
INFO: [ app_init ] --START--
INFO: Run Behavior\BuildLiteBehavior [ RunTime:0.000017s ]
INFO: [ app_init ] --END-- [ RunTime:0.000623s ]

[ 2015-08-14T15:11:13+08:00 ] 127.0.0.1 /xiaoshi/index.php/Home/Login/toLogin
INFO: [ app_init ] --START--
INFO: Run Behavior\BuildLiteBehavior [ RunTime:0.000017s ]
INFO: [ app_init ] --END-- [ RunTime:0.000634s ]

[ 2015-08-14T15:11:15+08:00 ] 127.0.0.1 /xiaoshi/index.php/Home/Login/toLogin
INFO: [ app_init ] --START--
INFO: Run Behavior\BuildLiteBehavior [ RunTime:0.000018s ]
INFO: [ app_init ] --END-- [ RunTime:0.000633s ]

[ 2015-08-14T15:11:16+08:00 ] 127.0.0.1 /xiaoshi/index.php/Home/Login/toLogin
INFO: [ app_init ] --START--
INFO: Run Behavior\BuildLiteBehavior [ RunTime:0.000021s ]
INFO: [ app_init ] --END-- [ RunTime:0.000705s ]

[ 2015-08-14T15:11:16+08:00 ] 127.0.0.1 /xiaoshi/index.php/Home/Login/toLogin
INFO: [ app_init ] --START--
INFO: Run Behavior\BuildLiteBehavior [ RunTime:0.000017s ]
INFO: [ app_init ] --END-- [ RunTime:0.000654s ]

[ 2015-08-14T15:11:25+08:00 ] 127.0.0.1 /xiaoshi/index.php/Home/Login/toLogin
INFO: [ app_init ] --START--
INFO: Run Behavior\BuildLiteBehavior [ RunTime:0.000025s ]
INFO: [ app_init ] --END-- [ RunTime:0.000835s ]

[ 2015-08-14T15:11:26+08:00 ] 127.0.0.1 /xiaoshi/index.php/Home/Login/toLogin
INFO: [ app_init ] --START--
INFO: Run Behavior\BuildLiteBehavior [ RunTime:0.000017s ]
INFO: [ app_init ] --END-- [ RunTime:0.000573s ]

[ 2015-08-14T15:11:35+08:00 ] 127.0.0.1 /xiaoshi/index.php/Home/Login/toLogin
INFO: [ app_init ] --START--
INFO: Run Behavior\BuildLiteBehavior [ RunTime:0.000017s ]
INFO: [ app_init ] --END-- [ RunTime:0.000633s ]

[ 2015-08-14T15:11:43+08:00 ] 127.0.0.1 /xiaoshi/index.php/Home/Login/toLogin
INFO: [ app_init ] --START--
INFO: Run Behavior\BuildLiteBehavior [ RunTime:0.000017s ]
INFO: [ app_init ] --END-- [ RunTime:0.000624s ]

[ 2015-08-14T15:11:44+08:00 ] 127.0.0.1 /xiaoshi/index.php/Home/Login/toLogin
INFO: [ app_init ] --START--
INFO: Run Behavior\BuildLiteBehavior [ RunTime:0.000017s ]
INFO: [ app_init ] --END-- [ RunTime:0.000560s ]

[ 2015-08-14T15:11:44+08:00 ] 127.0.0.1 /xiaoshi/index.php/Home/Login/toLogin
INFO: [ app_init ] --START--
INFO: Run Behavior\BuildLiteBehavior [ RunTime:0.000022s ]
INFO: [ app_init ] --END-- [ RunTime:0.000718s ]

[ 2015-08-14T15:11:45+08:00 ] 127.0.0.1 /xiaoshi/index.php/Home/Login/toLogin
INFO: [ app_init ] --START--
INFO: Run Behavior\BuildLiteBehavior [ RunTime:0.000025s ]
INFO: [ app_init ] --END-- [ RunTime:0.000662s ]

[ 2015-08-14T15:11:47+08:00 ] 127.0.0.1 /xiaoshi/index.php/Home/Login/toLogin
INFO: [ app_init ] --START--
INFO: Run Behavior\BuildLiteBehavior [ RunTime:0.000016s ]
INFO: [ app_init ] --END-- [ RunTime:0.000533s ]

[ 2015-08-14T15:11:47+08:00 ] 127.0.0.1 /xiaoshi/index.php/Home/Login/toLogin
INFO: [ app_init ] --START--
INFO: Run Behavior\BuildLiteBehavior [ RunTime:0.000021s ]
INFO: [ app_init ] --END-- [ RunTime:0.000635s ]

[ 2015-08-14T15:11:48+08:00 ] 127.0.0.1 /xiaoshi/index.php/Home/Login/toLogin
INFO: [ app_init ] --START--
INFO: Run Behavior\BuildLiteBehavior [ RunTime:0.000018s ]
INFO: [ app_init ] --END-- [ RunTime:0.000571s ]

[ 2015-08-14T15:12:47+08:00 ] 127.0.0.1 /xiaoshi/index.php/Home/Login/toLogin
INFO: [ app_init ] --START--
INFO: Run Behavior\BuildLiteBehavior [ RunTime:0.000018s ]
INFO: [ app_init ] --END-- [ RunTime:0.000577s ]

[ 2015-08-14T15:12:55+08:00 ] 127.0.0.1 /xiaoshi/index.php/Home/Login/toLogin
INFO: [ app_init ] --START--
INFO: Run Behavior\BuildLiteBehavior [ RunTime:0.000023s ]
INFO: [ app_init ] --END-- [ RunTime:0.000627s ]

[ 2015-08-14T15:13:02+08:00 ] 127.0.0.1 /xiaoshi/index.php/Home/Login/toLogin
INFO: [ app_init ] --START--
INFO: Run Behavior\BuildLiteBehavior [ RunTime:0.000017s ]
INFO: [ app_init ] --END-- [ RunTime:0.000618s ]

[ 2015-08-14T15:13:02+08:00 ] 127.0.0.1 /xiaoshi/index.php/Home/Login/toLogin
INFO: [ app_init ] --START--
INFO: Run Behavior\BuildLiteBehavior [ RunTime:0.000063s ]
INFO: [ app_init ] --END-- [ RunTime:0.000660s ]

[ 2015-08-14T15:13:42+08:00 ] 127.0.0.1 /xiaoshi/index.php/Home/Login/toLogin
INFO: [ app_init ] --START--
INFO: Run Behavior\BuildLiteBehavior [ RunTime:0.000016s ]
INFO: [ app_init ] --END-- [ RunTime:0.000574s ]

[ 2015-08-14T15:13:43+08:00 ] 127.0.0.1 /xiaoshi/Home/Check/index
INFO: [ app_init ] --START--
INFO: Run Behavior\BuildLiteBehavior [ RunTime:0.000016s ]
INFO: [ app_init ] --END-- [ RunTime:0.000622s ]

[ 2015-08-14T15:13:45+08:00 ] 127.0.0.1 /xiaoshi/index.php/Home/Check/toCheck
INFO: [ app_init ] --START--
INFO: Run Behavior\BuildLiteBehavior [ RunTime:0.000018s ]
INFO: [ app_init ] --END-- [ RunTime:0.000637s ]

[ 2015-08-14T15:13:47+08:00 ] 127.0.0.1 /xiaoshi/Home/Check/index
INFO: [ app_init ] --START--
INFO: Run Behavior\BuildLiteBehavior [ RunTime:0.000016s ]
INFO: [ app_init ] --END-- [ RunTime:0.000617s ]

[ 2015-08-14T15:13:59+08:00 ] 127.0.0.1 /xiaoshi/index.php/Home/Check/toCheck
INFO: [ app_init ] --START--
INFO: Run Behavior\BuildLiteBehavior [ RunTime:0.000019s ]
INFO: [ app_init ] --END-- [ RunTime:0.000719s ]

[ 2015-08-14T15:14:05+08:00 ] 127.0.0.1 /xiaoshi/index.php/Home/Login/toLogin
INFO: [ app_init ] --START--
INFO: Run Behavior\BuildLiteBehavior [ RunTime:0.000017s ]
INFO: [ app_init ] --END-- [ RunTime:0.000785s ]

[ 2015-08-14T15:14:08+08:00 ] 127.0.0.1 /xiaoshi/Home/Check/index
INFO: [ app_init ] --START--
INFO: Run Behavior\BuildLiteBehavior [ RunTime:0.000024s ]
INFO: [ app_init ] --END-- [ RunTime:0.000646s ]

[ 2015-08-14T15:14:24+08:00 ] 127.0.0.1 /xiaoshi/index.php/Home/Check/toCheck
INFO: [ app_init ] --START--
INFO: Run Behavior\BuildLiteBehavior [ RunTime:0.000028s ]
INFO: [ app_init ] --END-- [ RunTime:0.000667s ]

[ 2015-08-14T15:14:26+08:00 ] 127.0.0.1 /xiaoshi/Home/Check/index
INFO: [ app_init ] --START--
INFO: Run Behavior\BuildLiteBehavior [ RunTime:0.000022s ]
INFO: [ app_init ] --END-- [ RunTime:0.000705s ]

[ 2015-08-14T15:14:31+08:00 ] 127.0.0.1 /xiaoshi/index.php/Home/Check/toCheck
INFO: [ app_init ] --START--
INFO: Run Behavior\BuildLiteBehavior [ RunTime:0.000016s ]
INFO: [ app_init ] --END-- [ RunTime:0.000640s ]

[ 2015-08-14T15:14:42+08:00 ] 127.0.0.1 /xiaoshi/index.php/Home/Login/toLogin
INFO: [ app_init ] --START--
INFO: Run Behavior\BuildLiteBehavior [ RunTime:0.000024s ]
INFO: [ app_init ] --END-- [ RunTime:0.000801s ]

[ 2015-08-14T15:16:27+08:00 ] 127.0.0.1 /xiaoshi/Home/Login/toLogin
INFO: [ app_init ] --START--
INFO: Run Behavior\BuildLiteBehavior [ RunTime:0.000019s ]
INFO: [ app_init ] --END-- [ RunTime:0.000622s ]

[ 2015-08-14T15:17:48+08:00 ] 127.0.0.1 /xiaoshi/index.php/Home/Check/toCheck
INFO: [ app_init ] --START--
INFO: Run Behavior\BuildLiteBehavior [ RunTime:0.000017s ]
INFO: [ app_init ] --END-- [ RunTime:0.000664s ]

[ 2015-08-14T15:17:50+08:00 ] 127.0.0.1 /xiaoshi/index.php/Home/Login/toLogin
INFO: [ app_init ] --START--
INFO: Run Behavior\BuildLiteBehavior [ RunTime:0.000018s ]
INFO: [ app_init ] --END-- [ RunTime:0.000674s ]

[ 2015-08-14T15:18:30+08:00 ] 127.0.0.1 /xiaoshi/index.php/Home/Login/toLogin
INFO: [ app_init ] --START--
INFO: Run Behavior\BuildLiteBehavior [ RunTime:0.000016s ]
INFO: [ app_init ] --END-- [ RunTime:0.000644s ]

[ 2015-08-14T15:18:32+08:00 ] 127.0.0.1 /xiaoshi/Home/Check/index
INFO: [ app_init ] --START--
INFO: Run Behavior\BuildLiteBehavior [ RunTime:0.000023s ]
INFO: [ app_init ] --END-- [ RunTime:0.000635s ]

[ 2015-08-14T15:18:34+08:00 ] 127.0.0.1 /xiaoshi/index.php/Home/Check/toCheck
INFO: [ app_init ] --START--
INFO: Run Behavior\BuildLiteBehavior [ RunTime:0.000018s ]
INFO: [ app_init ] --END-- [ RunTime:0.000586s ]

[ 2015-08-14T15:18:35+08:00 ] 127.0.0.1 /xiaoshi/Home/Check/index
INFO: [ app_init ] --START--
INFO: Run Behavior\BuildLiteBehavior [ RunTime:0.000017s ]
INFO: [ app_init ] --END-- [ RunTime:0.000597s ]

[ 2015-08-14T15:18:58+08:00 ] 127.0.0.1 /xiaoshi/index.php/Home/Check/toCheck
INFO: [ app_init ] --START--
INFO: Run Behavior\BuildLiteBehavior [ RunTime:0.000096s ]
INFO: [ app_init ] --END-- [ RunTime:0.001497s ]

[ 2015-08-14T15:19:00+08:00 ] 127.0.0.1 /xiaoshi/index.php/Home/Login/toLogin
INFO: [ app_init ] --START--
INFO: Run Behavior\BuildLiteBehavior [ RunTime:0.000017s ]
INFO: [ app_init ] --END-- [ RunTime:0.000570s ]

[ 2015-08-14T15:19:17+08:00 ] 127.0.0.1 /xiaoshi/index.php/Home/Login/toLogin
INFO: [ app_init ] --START--
INFO: Run Behavior\BuildLiteBehavior [ RunTime:0.000022s ]
INFO: [ app_init ] --END-- [ RunTime:0.000645s ]

[ 2015-08-14T15:19:17+08:00 ] 127.0.0.1 /xiaoshi/index.php/Home/Login/toLogin
INFO: [ app_init ] --START--
INFO: Run Behavior\BuildLiteBehavior [ RunTime:0.000024s ]
INFO: [ app_init ] --END-- [ RunTime:0.000729s ]

[ 2015-08-14T15:19:23+08:00 ] 127.0.0.1 /xiaoshi/index.php/Home/Login/toLogin
INFO: [ app_init ] --START--
INFO: Run Behavior\BuildLiteBehavior [ RunTime:0.000022s ]
INFO: [ app_init ] --END-- [ RunTime:0.000754s ]

[ 2015-08-14T15:20:25+08:00 ] 127.0.0.1 /xiaoshi/index.php/Home/Login/toLogin
INFO: [ app_init ] --START--
INFO: Run Behavior\BuildLiteBehavior [ RunTime:0.000024s ]
INFO: [ app_init ] --END-- [ RunTime:0.001467s ]

[ 2015-08-14T15:20:38+08:00 ] 127.0.0.1 /xiaoshi/index.php/Home/Login/toLogin
INFO: [ app_init ] --START--
INFO: Run Behavior\BuildLiteBehavior [ RunTime:0.000017s ]
INFO: [ app_init ] --END-- [ RunTime:0.000674s ]

[ 2015-08-14T15:20:59+08:00 ] 127.0.0.1 /xiaoshi/index.php/Home/Login/toLogin
INFO: [ app_init ] --START--
INFO: Run Behavior\BuildLiteBehavior [ RunTime:0.000025s ]
INFO: [ app_init ] --END-- [ RunTime:0.000683s ]

[ 2015-08-14T15:21:25+08:00 ] 127.0.0.1 /xiaoshi/index.php/Home/Login/toLogin
INFO: [ app_init ] --START--
INFO: Run Behavior\BuildLiteBehavior [ RunTime:0.000017s ]
INFO: [ app_init ] --END-- [ RunTime:0.000634s ]

[ 2015-08-14T15:21:37+08:00 ] 127.0.0.1 /xiaoshi/index.php/Home/Login/toLogin
INFO: [ app_init ] --START--
INFO: Run Behavior\BuildLiteBehavior [ RunTime:0.000016s ]
INFO: [ app_init ] --END-- [ RunTime:0.000581s ]

[ 2015-08-14T15:22:14+08:00 ] 127.0.0.1 /xiaoshi/index.php/Home/Login/toLogin
INFO: [ app_init ] --START--
INFO: Run Behavior\BuildLiteBehavior [ RunTime:0.000028s ]
INFO: [ app_init ] --END-- [ RunTime:0.000890s ]

[ 2015-08-14T15:22:15+08:00 ] 127.0.0.1 /xiaoshi/index.php/Home/Login/toLogin
INFO: [ app_init ] --START--
INFO: Run Behavior\BuildLiteBehavior [ RunTime:0.000017s ]
INFO: [ app_init ] --END-- [ RunTime:0.000630s ]

[ 2015-08-14T15:22:17+08:00 ] 127.0.0.1 /xiaoshi/index.php/Home/Login/toLogin
INFO: [ app_init ] --START--
INFO: Run Behavior\BuildLiteBehavior [ RunTime:0.000017s ]
INFO: [ app_init ] --END-- [ RunTime:0.000635s ]

[ 2015-08-14T15:24:41+08:00 ] 127.0.0.1 /xiaoshi/index.php/Home/Login/toLogin
INFO: [ app_init ] --START--
INFO: Run Behavior\BuildLiteBehavior [ RunTime:0.000018s ]
INFO: [ app_init ] --END-- [ RunTime:0.000670s ]

[ 2015-08-14T15:24:53+08:00 ] 127.0.0.1 /xiaoshi/index.php/Home/Login/toLogin
INFO: [ app_init ] --START--
INFO: Run Behavior\BuildLiteBehavior [ RunTime:0.000017s ]
INFO: [ app_init ] --END-- [ RunTime:0.000619s ]

[ 2015-08-14T15:24:54+08:00 ] 127.0.0.1 /xiaoshi/index.php/Home/Login/toLogin
INFO: [ app_init ] --START--
INFO: Run Behavior\BuildLiteBehavior [ RunTime:0.000019s ]
INFO: [ app_init ] --END-- [ RunTime:0.000620s ]

[ 2015-08-14T15:54:42+08:00 ] 127.0.0.1 /xiaoshi/index.php/Home/Login/toLogin
INFO: [ app_init ] --START--
INFO: Run Behavior\BuildLiteBehavior [ RunTime:0.000018s ]
INFO: [ app_init ] --END-- [ RunTime:0.000711s ]

[ 2015-08-14T15:54:42+08:00 ] 127.0.0.1 /xiaoshi/index.php/Home/Login/toLogin
INFO: [ app_init ] --START--
INFO: Run Behavior\BuildLiteBehavior [ RunTime:0.000020s ]
INFO: [ app_init ] --END-- [ RunTime:0.000750s ]

[ 2015-08-14T15:55:17+08:00 ] 127.0.0.1 /xiaoshi/index.php/Home/Login/toLogin
INFO: [ app_init ] --START--
INFO: Run Behavior\BuildLiteBehavior [ RunTime:0.000017s ]
INFO: [ app_init ] --END-- [ RunTime:0.000672s ]

[ 2015-08-14T15:56:28+08:00 ] 127.0.0.1 /xiaoshi/index.php/Home/Login/toLogin
INFO: [ app_init ] --START--
INFO: Run Behavior\BuildLiteBehavior [ RunTime:0.000023s ]
INFO: [ app_init ] --END-- [ RunTime:0.000798s ]
ERR: Think\Model:filed方法不存在！

[ 2015-08-14T15:56:29+08:00 ] 127.0.0.1 /xiaoshi/index.php/Home/Login/toLogin
INFO: [ app_init ] --START--
INFO: Run Behavior\BuildLiteBehavior [ RunTime:0.000016s ]
INFO: [ app_init ] --END-- [ RunTime:0.000650s ]
ERR: Think\Model:filed方法不存在！

[ 2015-08-14T15:56:39+08:00 ] 127.0.0.1 /xiaoshi/index.php/Home/Login/toLogin
INFO: [ app_init ] --START--
INFO: Run Behavior\BuildLiteBehavior [ RunTime:0.000026s ]
INFO: [ app_init ] --END-- [ RunTime:0.000891s ]
ERR: Think\Model:filed方法不存在！

[ 2015-08-14T15:56:40+08:00 ] 127.0.0.1 /xiaoshi/index.php/Home/Login/toLogin
INFO: [ app_init ] --START--
INFO: Run Behavior\BuildLiteBehavior [ RunTime:0.000018s ]
INFO: [ app_init ] --END-- [ RunTime:0.000670s ]
ERR: Think\Model:filed方法不存在！

[ 2015-08-14T15:56:41+08:00 ] 127.0.0.1 /xiaoshi/index.php/Home/Login/toLogin
INFO: [ app_init ] --START--
INFO: Run Behavior\BuildLiteBehavior [ RunTime:0.000018s ]
INFO: [ app_init ] --END-- [ RunTime:0.000712s ]
ERR: Think\Model:filed方法不存在！

[ 2015-08-14T15:56:52+08:00 ] 127.0.0.1 /xiaoshi/index.php/Home/Login/toLogin
INFO: [ app_init ] --START--
INFO: Run Behavior\BuildLiteBehavior [ RunTime:0.000018s ]
INFO: [ app_init ] --END-- [ RunTime:0.000674s ]
ERR: Think\Model:filed方法不存在！

[ 2015-08-14T15:56:54+08:00 ] 127.0.0.1 /xiaoshi/index.php/Home/Login/toLogin
INFO: [ app_init ] --START--
INFO: Run Behavior\BuildLiteBehavior [ RunTime:0.000018s ]
INFO: [ app_init ] --END-- [ RunTime:0.000675s ]
ERR: Think\Model:filed方法不存在！

[ 2015-08-14T15:57:12+08:00 ] 127.0.0.1 /xiaoshi/index.php/Home/Login/toLogin
INFO: [ app_init ] --START--
INFO: Run Behavior\BuildLiteBehavior [ RunTime:0.000018s ]
INFO: [ app_init ] --END-- [ RunTime:0.000678s ]

[ 2015-08-14T15:57:21+08:00 ] 127.0.0.1 /xiaoshi/index.php/Home/Login/toLogin
INFO: [ app_init ] --START--
INFO: Run Behavior\BuildLiteBehavior [ RunTime:0.000017s ]
INFO: [ app_init ] --END-- [ RunTime:0.000672s ]

[ 2015-08-14T15:59:44+08:00 ] 127.0.0.1 /xiaoshi/index.php/Home/Login/toLogin
INFO: [ app_init ] --START--
INFO: Run Behavior\BuildLiteBehavior [ RunTime:0.000021s ]
INFO: [ app_init ] --END-- [ RunTime:0.000813s ]

[ 2015-08-14T15:59:53+08:00 ] 127.0.0.1 /xiaoshi/index.php/Home/Login/toLogin
INFO: [ app_init ] --START--
INFO: Run Behavior\BuildLiteBehavior [ RunTime:0.000017s ]
INFO: [ app_init ] --END-- [ RunTime:0.000676s ]

[ 2015-08-14T15:59:58+08:00 ] 127.0.0.1 /xiaoshi/index.php/Home/Login/toLogin
INFO: [ app_init ] --START--
INFO: Run Behavior\BuildLiteBehavior [ RunTime:0.000017s ]
INFO: [ app_init ] --END-- [ RunTime:0.000657s ]

[ 2015-08-14T16:00:15+08:00 ] 127.0.0.1 /xiaoshi/index.php/Home/Login/toLogin
INFO: [ app_init ] --START--
INFO: Run Behavior\BuildLiteBehavior [ RunTime:0.000016s ]
INFO: [ app_init ] --END-- [ RunTime:0.000655s ]

[ 2015-08-14T16:02:28+08:00 ] 127.0.0.1 /xiaoshi/Home/Login/index
INFO: [ app_init ] --START--
INFO: Run Behavior\BuildLiteBehavior [ RunTime:0.000017s ]
INFO: [ app_init ] --END-- [ RunTime:0.000596s ]
ERR: 非法操作:index

[ 2015-08-14T16:03:01+08:00 ] 127.0.0.1 /xiaoshi/Home/Check/index
INFO: [ app_init ] --START--
INFO: Run Behavior\BuildLiteBehavior [ RunTime:0.000029s ]
INFO: [ app_init ] --END-- [ RunTime:0.000948s ]

[ 2015-08-14T16:03:03+08:00 ] 127.0.0.1 /xiaoshi/index.php/Home/Check/toCheck
INFO: [ app_init ] --START--
INFO: Run Behavior\BuildLiteBehavior [ RunTime:0.000019s ]
INFO: [ app_init ] --END-- [ RunTime:0.000692s ]

[ 2015-08-14T16:03:07+08:00 ] 127.0.0.1 /xiaoshi/index.php/Home/Login/toLogin
INFO: [ app_init ] --START--
INFO: Run Behavior\BuildLiteBehavior [ RunTime:0.000016s ]
INFO: [ app_init ] --END-- [ RunTime:0.000661s ]

[ 2015-08-14T16:03:24+08:00 ] 127.0.0.1 /xiaoshi/index.php/Home/Login/toLogin
INFO: [ app_init ] --START--
INFO: Run Behavior\BuildLiteBehavior [ RunTime:0.000017s ]
INFO: [ app_init ] --END-- [ RunTime:0.000666s ]

[ 2015-08-14T16:03:31+08:00 ] 127.0.0.1 /xiaoshi/index.php/Home/Login/toLogin
INFO: [ app_init ] --START--
INFO: Run Behavior\BuildLiteBehavior [ RunTime:0.000023s ]
INFO: [ app_init ] --END-- [ RunTime:0.000769s ]

[ 2015-08-14T16:06:45+08:00 ] 127.0.0.1 /xiaoshi/index.php/Home/Login/toLogin
INFO: [ app_init ] --START--
INFO: Run Behavior\BuildLiteBehavior [ RunTime:0.000016s ]
INFO: [ app_init ] --END-- [ RunTime:0.000685s ]

[ 2015-08-14T16:10:55+08:00 ] 127.0.0.1 /xiaoshi/Home/Question/toRandom
INFO: [ app_init ] --START--
INFO: Run Behavior\BuildLiteBehavior [ RunTime:0.000129s ]
INFO: [ app_init ] --END-- [ RunTime:0.001040s ]

[ 2015-08-14T16:11:11+08:00 ] 127.0.0.1 /xiaoshi/Home/Question/toRandom
INFO: [ app_init ] --START--
INFO: Run Behavior\BuildLiteBehavior [ RunTime:0.000026s ]
INFO: [ app_init ] --END-- [ RunTime:0.000670s ]

[ 2015-08-14T16:11:41+08:00 ] 127.0.0.1 /xiaoshi/Home/Question/toRandom
INFO: [ app_init ] --START--
INFO: Run Behavior\BuildLiteBehavior [ RunTime:0.000031s ]
INFO: [ app_init ] --END-- [ RunTime:0.000944s ]
ERR: SQLSTATE[42S22]: Column not found: 1054 Unknown column 'stdID' in 'where clause'

[ 2015-08-14T16:11:50+08:00 ] 127.0.0.1 /xiaoshi/Home/Question/toRandom
INFO: [ app_init ] --START--
INFO: Run Behavior\BuildLiteBehavior [ RunTime:0.000019s ]
INFO: [ app_init ] --END-- [ RunTime:0.000729s ]

[ 2015-08-14T16:12:41+08:00 ] 127.0.0.1 /xiaoshi/Home/Question/toRandom
INFO: [ app_init ] --START--
INFO: Run Behavior\BuildLiteBehavior [ RunTime:0.000017s ]
INFO: [ app_init ] --END-- [ RunTime:0.000600s ]

[ 2015-08-14T16:13:15+08:00 ] 127.0.0.1 /xiaoshi/Home/Question/toRandom
INFO: [ app_init ] --START--
INFO: Run Behavior\BuildLiteBehavior [ RunTime:0.000031s ]
INFO: [ app_init ] --END-- [ RunTime:0.000886s ]
ERR: SQLSTATE[42S22]: Column not found: 1054 Unknown column '7_10_4_5_6_1_8_15_2_19_12_13_9_14_16_17_3_20_18_11_23_24_38_29_22_25_32_40_31_35_33_37_34_27_36_39_26_28_30_21_' in 'where clause'

[ 2015-08-14T16:18:40+08:00 ] 127.0.0.1 /xiaoshi/Home/Question/toRandom
INFO: [ app_init ] --START--
INFO: Run Behavior\BuildLiteBehavior [ RunTime:0.000020s ]
INFO: [ app_init ] --END-- [ RunTime:0.000677s ]

[ 2015-08-14T16:19:18+08:00 ] 127.0.0.1 /xiaoshi/Home/Question/toRandom
INFO: [ app_init ] --START--
INFO: Run Behavior\BuildLiteBehavior [ RunTime:0.000018s ]
INFO: [ app_init ] --END-- [ RunTime:0.000784s ]
ERR: SQLSTATE[42000]: Syntax error or access violation: 1064 You have an error in your SQL syntax; check the manual that corresponds to your MySQL server version for the right syntax to use near '[$resultAnswer] ) LIMIT 1' at line 1

[ 2015-08-14T16:19:40+08:00 ] 127.0.0.1 /xiaoshi/Home/Question/toRandom
INFO: [ app_init ] --START--
INFO: Run Behavior\BuildLiteBehavior [ RunTime:0.000026s ]
INFO: [ app_init ] --END-- [ RunTime:0.000725s ]
ERR: SQLSTATE[42S22]: Column not found: 1054 Unknown column 'adacdccbcbabcdcbadbcbbabaababaaababbaaba' in 'where clause'

[ 2015-08-14T16:19:41+08:00 ] 127.0.0.1 /xiaoshi/Home/Question/toRandom
INFO: [ app_init ] --START--
INFO: Run Behavior\BuildLiteBehavior [ RunTime:0.000017s ]
INFO: [ app_init ] --END-- [ RunTime:0.000663s ]
ERR: SQLSTATE[42S22]: Column not found: 1054 Unknown column 'cacbcdcddabcdcabcabbaaababababbaaababbab' in 'where clause'

[ 2015-08-14T16:20:11+08:00 ] 127.0.0.1 /xiaoshi/Home/Question/toRandom
INFO: [ app_init ] --START--
INFO: Run Behavior\BuildLiteBehavior [ RunTime:0.000018s ]
INFO: [ app_init ] --END-- [ RunTime:0.000669s ]
ERR: SQLSTATE[42S22]: Column not found: 1054 Unknown column 'cbadbcabaccddcadccbbaaabbbabbaabbbaabaaa' in 'where clause'

[ 2015-08-14T16:21:41+08:00 ] 127.0.0.1 /xiaoshi/Home/Check/index
INFO: [ app_init ] --START--
INFO: Run Behavior\BuildLiteBehavior [ RunTime:0.000018s ]
INFO: [ app_init ] --END-- [ RunTime:0.000680s ]

[ 2015-08-14T16:21:42+08:00 ] 127.0.0.1 /xiaoshi/index.php/Home/Check/toCheck
INFO: [ app_init ] --START--
INFO: Run Behavior\BuildLiteBehavior [ RunTime:0.000017s ]
INFO: [ app_init ] --END-- [ RunTime:0.000588s ]

[ 2015-08-14T16:21:48+08:00 ] 127.0.0.1 /xiaoshi/index.php/Home/Login/toLogin
INFO: [ app_init ] --START--
INFO: Run Behavior\BuildLiteBehavior [ RunTime:0.000018s ]
INFO: [ app_init ] --END-- [ RunTime:0.000787s ]

[ 2015-08-14T16:21:49+08:00 ] 127.0.0.1 /xiaoshi/index.php/Home/Login/toLogin
INFO: [ app_init ] --START--
INFO: Run Behavior\BuildLiteBehavior [ RunTime:0.000017s ]
INFO: [ app_init ] --END-- [ RunTime:0.000672s ]

[ 2015-08-14T16:21:57+08:00 ] 127.0.0.1 /xiaoshi/index.php/Home/Login/toLogin
INFO: [ app_init ] --START--
INFO: Run Behavior\BuildLiteBehavior [ RunTime:0.000016s ]
INFO: [ app_init ] --END-- [ RunTime:0.000660s ]

[ 2015-08-14T16:22:05+08:00 ] 127.0.0.1 /xiaoshi/index.php/Home/Login/toLogin
INFO: [ app_init ] --START--
INFO: Run Behavior\BuildLiteBehavior [ RunTime:0.000017s ]
INFO: [ app_init ] --END-- [ RunTime:0.000680s ]

[ 2015-08-14T16:50:33+08:00 ] 127.0.0.1 /xiaoshi/index.php/Home/Login/toLogin
INFO: [ app_init ] --START--
INFO: Run Behavior\BuildLiteBehavior [ RunTime:0.000018s ]
INFO: [ app_init ] --END-- [ RunTime:0.000763s ]

[ 2015-08-14T16:51:50+08:00 ] 127.0.0.1 /xiaoshi/index.php/Home/Login/toLogin
INFO: [ app_init ] --START--
INFO: Run Behavior\BuildLiteBehavior [ RunTime:0.000028s ]
INFO: [ app_init ] --END-- [ RunTime:0.000613s ]

[ 2015-08-14T16:51:51+08:00 ] 127.0.0.1 /xiaoshi/index.php/Home/Login/toLogin
INFO: [ app_init ] --START--
INFO: Run Behavior\BuildLiteBehavior [ RunTime:0.000024s ]
INFO: [ app_init ] --END-- [ RunTime:0.000958s ]

[ 2015-08-14T16:53:38+08:00 ] 127.0.0.1 /xiaoshi/index.php/Home/Login/toLogin
INFO: [ app_init ] --START--
INFO: Run Behavior\BuildLiteBehavior [ RunTime:0.000019s ]
INFO: [ app_init ] --END-- [ RunTime:0.000727s ]

[ 2015-08-14T16:53:38+08:00 ] 127.0.0.1 /xiaoshi/index.php/Home/Test/index.html
INFO: [ app_init ] --START--
INFO: Run Behavior\BuildLiteBehavior [ RunTime:0.000018s ]
INFO: [ app_init ] --END-- [ RunTime:0.000882s ]
ERR: 无法加载控制器:Test

[ 2015-08-14T16:53:39+08:00 ] 127.0.0.1 /xiaoshi/index.php/Home/Login/toLogin
INFO: [ app_init ] --START--
INFO: Run Behavior\BuildLiteBehavior [ RunTime:0.000025s ]
INFO: [ app_init ] --END-- [ RunTime:0.000885s ]

[ 2015-08-14T16:53:39+08:00 ] 127.0.0.1 /xiaoshi/index.php/Home/Test/index.html
INFO: [ app_init ] --START--
INFO: Run Behavior\BuildLiteBehavior [ RunTime:0.000026s ]
INFO: [ app_init ] --END-- [ RunTime:0.000665s ]
ERR: 无法加载控制器:Test

[ 2015-08-14T16:53:40+08:00 ] 127.0.0.1 /xiaoshi/index.php/Home/Login/toLogin
INFO: [ app_init ] --START--
INFO: Run Behavior\BuildLiteBehavior [ RunTime:0.000015s ]
INFO: [ app_init ] --END-- [ RunTime:0.000580s ]

[ 2015-08-14T16:53:40+08:00 ] 127.0.0.1 /xiaoshi/index.php/Home/Test/index.html
INFO: [ app_init ] --START--
INFO: Run Behavior\BuildLiteBehavior [ RunTime:0.000018s ]
INFO: [ app_init ] --END-- [ RunTime:0.000604s ]
ERR: 无法加载控制器:Test

[ 2015-08-14T16:54:16+08:00 ] 127.0.0.1 /xiaoshi/index.php/Home/Login/toLogin
INFO: [ app_init ] --START--
INFO: Run Behavior\BuildLiteBehavior [ RunTime:0.000016s ]
INFO: [ app_init ] --END-- [ RunTime:0.000678s ]

[ 2015-08-14T16:54:17+08:00 ] 127.0.0.1 /xiaoshi/index.php/Home/Login/toLogin
INFO: [ app_init ] --START--
INFO: Run Behavior\BuildLiteBehavior [ RunTime:0.000017s ]
INFO: [ app_init ] --END-- [ RunTime:0.000664s ]

[ 2015-08-14T16:54:31+08:00 ] 127.0.0.1 /xiaoshi/Home/Check/index
INFO: [ app_init ] --START--
INFO: Run Behavior\BuildLiteBehavior [ RunTime:0.000024s ]
INFO: [ app_init ] --END-- [ RunTime:0.000755s ]

[ 2015-08-14T16:54:32+08:00 ] 127.0.0.1 /xiaoshi/index.php/Home/Check/toCheck
INFO: [ app_init ] --START--
INFO: Run Behavior\BuildLiteBehavior [ RunTime:0.000017s ]
INFO: [ app_init ] --END-- [ RunTime:0.000597s ]

[ 2015-08-14T16:54:34+08:00 ] 127.0.0.1 /xiaoshi/index.php/Home/Login/toLogin
INFO: [ app_init ] --START--
INFO: Run Behavior\BuildLiteBehavior [ RunTime:0.000022s ]
INFO: [ app_init ] --END-- [ RunTime:0.000772s ]

[ 2015-08-14T16:54:38+08:00 ] 127.0.0.1 /xiaoshi/index.php/Home/Login/toLogin
INFO: [ app_init ] --START--
INFO: Run Behavior\BuildLiteBehavior [ RunTime:0.000023s ]
INFO: [ app_init ] --END-- [ RunTime:0.000896s ]

[ 2015-08-14T16:54:39+08:00 ] 127.0.0.1 /xiaoshi/index.php/Home/Login/toLogin
INFO: [ app_init ] --START--
INFO: Run Behavior\BuildLiteBehavior [ RunTime:0.000019s ]
INFO: [ app_init ] --END-- [ RunTime:0.000844s ]

[ 2015-08-14T16:54:39+08:00 ] 127.0.0.1 /xiaoshi/index.php/Home/Login/toLogin
INFO: [ app_init ] --START--
INFO: Run Behavior\BuildLiteBehavior [ RunTime:0.000026s ]
INFO: [ app_init ] --END-- [ RunTime:0.000811s ]

[ 2015-08-14T16:54:39+08:00 ] 127.0.0.1 /xiaoshi/index.php/Home/Login/toLogin
INFO: [ app_init ] --START--
INFO: Run Behavior\BuildLiteBehavior [ RunTime:0.000018s ]
INFO: [ app_init ] --END-- [ RunTime:0.000613s ]

[ 2015-08-14T16:56:23+08:00 ] 127.0.0.1 /xiaoshi/index.php/Home/Login/toLogin
INFO: [ app_init ] --START--
INFO: Run Behavior\BuildLiteBehavior [ RunTime:0.000018s ]
INFO: [ app_init ] --END-- [ RunTime:0.000578s ]

[ 2015-08-14T16:56:25+08:00 ] 127.0.0.1 /xiaoshi/index.php/Home/Login/toLogin
INFO: [ app_init ] --START--
INFO: Run Behavior\BuildLiteBehavior [ RunTime:0.000017s ]
INFO: [ app_init ] --END-- [ RunTime:0.000677s ]

[ 2015-08-14T16:56:37+08:00 ] 127.0.0.1 /xiaoshi/index.php/Home/Login/toLogin
INFO: [ app_init ] --START--
INFO: Run Behavior\BuildLiteBehavior [ RunTime:0.000016s ]
INFO: [ app_init ] --END-- [ RunTime:0.000576s ]

[ 2015-08-14T16:56:40+08:00 ] 127.0.0.1 /xiaoshi/Home/Check/index
INFO: [ app_init ] --START--
INFO: Run Behavior\BuildLiteBehavior [ RunTime:0.000017s ]
INFO: [ app_init ] --END-- [ RunTime:0.000580s ]

[ 2015-08-14T16:56:41+08:00 ] 127.0.0.1 /xiaoshi/index.php/Home/Check/toCheck
INFO: [ app_init ] --START--
INFO: Run Behavior\BuildLiteBehavior [ RunTime:0.000017s ]
INFO: [ app_init ] --END-- [ RunTime:0.000656s ]

[ 2015-08-14T16:56:47+08:00 ] 127.0.0.1 /xiaoshi/index.php/Home/Login/toLogin
INFO: [ app_init ] --START--
INFO: Run Behavior\BuildLiteBehavior [ RunTime:0.000017s ]
INFO: [ app_init ] --END-- [ RunTime:0.000699s ]

[ 2015-08-14T16:56:52+08:00 ] 127.0.0.1 /xiaoshi/index.php/Home/Login/toLogin
INFO: [ app_init ] --START--
INFO: Run Behavior\BuildLiteBehavior [ RunTime:0.000018s ]
INFO: [ app_init ] --END-- [ RunTime:0.000746s ]

[ 2015-08-14T16:57:01+08:00 ] 127.0.0.1 /xiaoshi/index.php/Home/Login/toLogin
INFO: [ app_init ] --START--
INFO: Run Behavior\BuildLiteBehavior [ RunTime:0.000025s ]
INFO: [ app_init ] --END-- [ RunTime:0.000909s ]

[ 2015-08-14T16:57:02+08:00 ] 127.0.0.1 /xiaoshi/index.php/Home/Login/toLogin
INFO: [ app_init ] --START--
INFO: Run Behavior\BuildLiteBehavior [ RunTime:0.000017s ]
INFO: [ app_init ] --END-- [ RunTime:0.000659s ]

[ 2015-08-14T16:57:02+08:00 ] 127.0.0.1 /xiaoshi/index.php/Home/Login/toLogin
INFO: [ app_init ] --START--
INFO: Run Behavior\BuildLiteBehavior [ RunTime:0.000016s ]
INFO: [ app_init ] --END-- [ RunTime:0.000667s ]

[ 2015-08-14T16:57:02+08:00 ] 127.0.0.1 /xiaoshi/index.php/Home/Login/toLogin
INFO: [ app_init ] --START--
INFO: Run Behavior\BuildLiteBehavior [ RunTime:0.000018s ]
INFO: [ app_init ] --END-- [ RunTime:0.000661s ]

[ 2015-08-14T16:57:03+08:00 ] 127.0.0.1 /xiaoshi/index.php/Home/Login/toLogin
INFO: [ app_init ] --START--
INFO: Run Behavior\BuildLiteBehavior [ RunTime:0.000018s ]
INFO: [ app_init ] --END-- [ RunTime:0.000645s ]

[ 2015-08-14T16:57:13+08:00 ] 127.0.0.1 /xiaoshi/index.php/Home/Login/toLogin
INFO: [ app_init ] --START--
INFO: Run Behavior\BuildLiteBehavior [ RunTime:0.000016s ]
INFO: [ app_init ] --END-- [ RunTime:0.000656s ]

[ 2015-08-14T16:57:13+08:00 ] 127.0.0.1 /xiaoshi/index.php/Home/Login/toLogin
INFO: [ app_init ] --START--
INFO: Run Behavior\BuildLiteBehavior [ RunTime:0.000023s ]
INFO: [ app_init ] --END-- [ RunTime:0.000788s ]

[ 2015-08-14T17:03:09+08:00 ] 127.0.0.1 /xiaoshi/home/Login/tologin
INFO: [ app_init ] --START--
INFO: Run Behavior\BuildLiteBehavior [ RunTime:0.000017s ]
INFO: [ app_init ] --END-- [ RunTime:0.000640s ]

[ 2015-08-14T17:03:24+08:00 ] 127.0.0.1 /xiaoshi/home/Login/tologin
INFO: [ app_init ] --START--
INFO: Run Behavior\BuildLiteBehavior [ RunTime:0.000034s ]
INFO: [ app_init ] --END-- [ RunTime:0.001566s ]

[ 2015-08-14T17:06:15+08:00 ] 127.0.0.1 /xiaoshi/home/Login/tologin
INFO: [ app_init ] --START--
INFO: Run Behavior\BuildLiteBehavior [ RunTime:0.000030s ]
INFO: [ app_init ] --END-- [ RunTime:0.001339s ]

[ 2015-08-14T17:06:25+08:00 ] 127.0.0.1 /xiaoshi/home/Login/tologin
INFO: [ app_init ] --START--
INFO: Run Behavior\BuildLiteBehavior [ RunTime:0.000042s ]
INFO: [ app_init ] --END-- [ RunTime:0.005224s ]

[ 2015-08-14T17:07:10+08:00 ] 127.0.0.1 /xiaoshi/home/Login/tologin
INFO: [ app_init ] --START--
INFO: Run Behavior\BuildLiteBehavior [ RunTime:0.000030s ]
INFO: [ app_init ] --END-- [ RunTime:0.000928s ]

[ 2015-08-14T17:07:26+08:00 ] 127.0.0.1 /xiaoshi/home/Login/tologin
INFO: [ app_init ] --START--
INFO: Run Behavior\BuildLiteBehavior [ RunTime:0.000018s ]
INFO: [ app_init ] --END-- [ RunTime:0.000660s ]

[ 2015-08-14T17:07:41+08:00 ] 127.0.0.1 /xiaoshi/home/Login/tologin
INFO: [ app_init ] --START--
INFO: Run Behavior\BuildLiteBehavior [ RunTime:0.000040s ]
INFO: [ app_init ] --END-- [ RunTime:0.001101s ]

[ 2015-08-14T17:12:14+08:00 ] 127.0.0.1 /xiaoshi/Home/Check/index
INFO: [ app_init ] --START--
INFO: Run Behavior\BuildLiteBehavior [ RunTime:0.000029s ]
INFO: [ app_init ] --END-- [ RunTime:0.000987s ]

[ 2015-08-14T17:12:15+08:00 ] 127.0.0.1 /xiaoshi/index.php/Home/Check/toCheck
INFO: [ app_init ] --START--
INFO: Run Behavior\BuildLiteBehavior [ RunTime:0.000018s ]
INFO: [ app_init ] --END-- [ RunTime:0.000850s ]

[ 2015-08-14T17:12:20+08:00 ] 127.0.0.1 /xiaoshi/index.php/Home/Login/toLogin
INFO: [ app_init ] --START--
INFO: Run Behavior\BuildLiteBehavior [ RunTime:0.000018s ]
INFO: [ app_init ] --END-- [ RunTime:0.000614s ]

[ 2015-08-14T17:12:41+08:00 ] 127.0.0.1 /xiaoshi/index.php/Home/Login/toLogin
INFO: [ app_init ] --START--
INFO: Run Behavior\BuildLiteBehavior [ RunTime:0.000023s ]
INFO: [ app_init ] --END-- [ RunTime:0.000835s ]

[ 2015-08-14T17:12:52+08:00 ] 127.0.0.1 /xiaoshi/index.php/Home/Login/toLogin
INFO: [ app_init ] --START--
INFO: Run Behavior\BuildLiteBehavior [ RunTime:0.000025s ]
INFO: [ app_init ] --END-- [ RunTime:0.000845s ]

[ 2015-08-14T17:12:53+08:00 ] 127.0.0.1 /xiaoshi/Home/Check/index
INFO: [ app_init ] --START--
INFO: Run Behavior\BuildLiteBehavior [ RunTime:0.000026s ]
INFO: [ app_init ] --END-- [ RunTime:0.000910s ]

[ 2015-08-14T17:12:54+08:00 ] 127.0.0.1 /xiaoshi/index.php/Home/Check/toCheck
INFO: [ app_init ] --START--
INFO: Run Behavior\BuildLiteBehavior [ RunTime:0.000018s ]
INFO: [ app_init ] --END-- [ RunTime:0.000612s ]

[ 2015-08-14T17:12:58+08:00 ] 127.0.0.1 /xiaoshi/index.php/Home/Login/toLogin
INFO: [ app_init ] --START--
INFO: Run Behavior\BuildLiteBehavior [ RunTime:0.000017s ]
INFO: [ app_init ] --END-- [ RunTime:0.000665s ]

[ 2015-08-14T17:13:18+08:00 ] 127.0.0.1 /xiaoshi/index.php/Home/Login/toLogin
INFO: [ app_init ] --START--
INFO: Run Behavior\BuildLiteBehavior [ RunTime:0.000016s ]
INFO: [ app_init ] --END-- [ RunTime:0.000642s ]

[ 2015-08-14T19:01:37+08:00 ] 127.0.0.1 /xiaoshi/Home/Check/index
INFO: [ app_init ] --START--
INFO: Run Behavior\BuildLiteBehavior [ RunTime:0.000024s ]
INFO: [ app_init ] --END-- [ RunTime:0.008851s ]

[ 2015-08-14T19:01:42+08:00 ] 127.0.0.1 /xiaoshi/index.php/Home/Check/toCheck
INFO: [ app_init ] --START--
INFO: Run Behavior\BuildLiteBehavior [ RunTime:0.000017s ]
INFO: [ app_init ] --END-- [ RunTime:0.000611s ]

[ 2015-08-14T19:14:05+08:00 ] 127.0.0.1 /xiaoshi/index.php/Home/Login/toLogin
INFO: [ app_init ] --START--
INFO: Run Behavior\BuildLiteBehavior [ RunTime:0.000018s ]
INFO: [ app_init ] --END-- [ RunTime:0.000756s ]

[ 2015-08-14T19:47:57+08:00 ] 127.0.0.1 /xiaoshi/Home/Question/toMemcache
INFO: [ app_init ] --START--
INFO: Run Behavior\BuildLiteBehavior [ RunTime:0.000019s ]
INFO: [ app_init ] --END-- [ RunTime:0.014044s ]

[ 2015-08-14T20:05:05+08:00 ] 127.0.0.1 /xiaoshi/Home/Check/index
INFO: [ app_init ] --START--
INFO: Run Behavior\BuildLiteBehavior [ RunTime:0.000022s ]
INFO: [ app_init ] --END-- [ RunTime:0.002481s ]

[ 2015-08-14T20:05:09+08:00 ] 127.0.0.1 /xiaoshi/index.php/Home/Check/toCheck
INFO: [ app_init ] --START--
INFO: Run Behavior\BuildLiteBehavior [ RunTime:0.000025s ]
INFO: [ app_init ] --END-- [ RunTime:0.000890s ]

[ 2015-08-14T20:05:14+08:00 ] 127.0.0.1 /xiaoshi/index.php/Home/Login/toLogin
INFO: [ app_init ] --START--
INFO: Run Behavior\BuildLiteBehavior [ RunTime:0.000017s ]
INFO: [ app_init ] --END-- [ RunTime:0.000623s ]

[ 2015-08-14T20:05:42+08:00 ] 127.0.0.1 /xiaoshi/index.php/Home/Login/toLogin
INFO: [ app_init ] --START--
INFO: Run Behavior\BuildLiteBehavior [ RunTime:0.000021s ]
INFO: [ app_init ] --END-- [ RunTime:0.000627s ]

[ 2015-08-14T20:05:44+08:00 ] 127.0.0.1 /xiaoshi/index.php/Home/Login/toLogin
INFO: [ app_init ] --START--
INFO: Run Behavior\BuildLiteBehavior [ RunTime:0.000024s ]
INFO: [ app_init ] --END-- [ RunTime:0.000734s ]

[ 2015-08-14T20:06:18+08:00 ] 127.0.0.1 /xiaoshi/index.php/Home/Login/toLogin
INFO: [ app_init ] --START--
INFO: Run Behavior\BuildLiteBehavior [ RunTime:0.000018s ]
INFO: [ app_init ] --END-- [ RunTime:0.000637s ]

[ 2015-08-14T20:06:31+08:00 ] 127.0.0.1 /xiaoshi/index.php/Home/Login/toLogin
INFO: [ app_init ] --START--
INFO: Run Behavior\BuildLiteBehavior [ RunTime:0.000023s ]
INFO: [ app_init ] --END-- [ RunTime:0.000662s ]

[ 2015-08-14T20:06:36+08:00 ] 127.0.0.1 /xiaoshi/index.php/Home/Login/toLogin
INFO: [ app_init ] --START--
INFO: Run Behavior\BuildLiteBehavior [ RunTime:0.000015s ]
INFO: [ app_init ] --END-- [ RunTime:0.000650s ]

[ 2015-08-14T20:07:00+08:00 ] 127.0.0.1 /xiaoshi/index.php/Home/Login/toLogin
INFO: [ app_init ] --START--
INFO: Run Behavior\BuildLiteBehavior [ RunTime:0.000017s ]
INFO: [ app_init ] --END-- [ RunTime:0.000690s ]

[ 2015-08-14T20:07:32+08:00 ] 127.0.0.1 /xiaoshi/index.php/Home/Login/toLogin
INFO: [ app_init ] --START--
INFO: Run Behavior\BuildLiteBehavior [ RunTime:0.000025s ]
INFO: [ app_init ] --END-- [ RunTime:0.000948s ]

[ 2015-08-14T20:08:55+08:00 ] 127.0.0.1 /xiaoshi/Home/Question/toMemcache
INFO: [ app_init ] --START--
INFO: Run Behavior\BuildLiteBehavior [ RunTime:0.000017s ]
INFO: [ app_init ] --END-- [ RunTime:0.000716s ]

[ 2015-08-14T20:09:09+08:00 ] 127.0.0.1 /xiaoshi/Home/Check/index
INFO: [ app_init ] --START--
INFO: Run Behavior\BuildLiteBehavior [ RunTime:0.000026s ]
INFO: [ app_init ] --END-- [ RunTime:0.000921s ]

[ 2015-08-14T20:09:11+08:00 ] 127.0.0.1 /xiaoshi/index.php/Home/Check/toCheck
INFO: [ app_init ] --START--
INFO: Run Behavior\BuildLiteBehavior [ RunTime:0.000023s ]
INFO: [ app_init ] --END-- [ RunTime:0.000814s ]

[ 2015-08-14T20:09:17+08:00 ] 127.0.0.1 /xiaoshi/index.php/Home/Login/toLogin
INFO: [ app_init ] --START--
INFO: Run Behavior\BuildLiteBehavior [ RunTime:0.000017s ]
INFO: [ app_init ] --END-- [ RunTime:0.000646s ]

[ 2015-08-14T20:09:45+08:00 ] 127.0.0.1 /xiaoshi/index.php/Home/Login/toLogin
INFO: [ app_init ] --START--
INFO: Run Behavior\BuildLiteBehavior [ RunTime:0.000017s ]
INFO: [ app_init ] --END-- [ RunTime:0.000637s ]

[ 2015-08-14T20:09:49+08:00 ] 127.0.0.1 /xiaoshi/index.php/Home/Login/toLogin
INFO: [ app_init ] --START--
INFO: Run Behavior\BuildLiteBehavior [ RunTime:0.000018s ]
INFO: [ app_init ] --END-- [ RunTime:0.000619s ]

[ 2015-08-14T20:09:53+08:00 ] 127.0.0.1 /xiaoshi/index.php/Home/Login/toLogin
INFO: [ app_init ] --START--
INFO: Run Behavior\BuildLiteBehavior [ RunTime:0.000017s ]
INFO: [ app_init ] --END-- [ RunTime:0.000553s ]

[ 2015-08-14T20:09:56+08:00 ] 127.0.0.1 /xiaoshi/index.php/Home/Login/toLogin
INFO: [ app_init ] --START--
INFO: Run Behavior\BuildLiteBehavior [ RunTime:0.000017s ]
INFO: [ app_init ] --END-- [ RunTime:0.000645s ]

[ 2015-08-14T20:11:32+08:00 ] 127.0.0.1 /xiaoshi/index.php/Home/Login/toLogin
INFO: [ app_init ] --START--
INFO: Run Behavior\BuildLiteBehavior [ RunTime:0.000018s ]
INFO: [ app_init ] --END-- [ RunTime:0.000606s ]

[ 2015-08-14T20:11:36+08:00 ] 127.0.0.1 /xiaoshi/index.php/Home/Login/toLogin
INFO: [ app_init ] --START--
INFO: Run Behavior\BuildLiteBehavior [ RunTime:0.000031s ]
INFO: [ app_init ] --END-- [ RunTime:0.001234s ]

[ 2015-08-14T20:11:41+08:00 ] 127.0.0.1 /xiaoshi/index.php/Home/Login/toLogin
INFO: [ app_init ] --START--
INFO: Run Behavior\BuildLiteBehavior [ RunTime:0.000018s ]
INFO: [ app_init ] --END-- [ RunTime:0.000562s ]

[ 2015-08-14T20:11:45+08:00 ] 127.0.0.1 /xiaoshi/index.php/Home/Login/toLogin
INFO: [ app_init ] --START--
INFO: Run Behavior\BuildLiteBehavior [ RunTime:0.000017s ]
INFO: [ app_init ] --END-- [ RunTime:0.000560s ]

[ 2015-08-14T20:11:49+08:00 ] 127.0.0.1 /xiaoshi/index.php/Home/Login/toLogin
INFO: [ app_init ] --START--
INFO: Run Behavior\BuildLiteBehavior [ RunTime:0.000017s ]
INFO: [ app_init ] --END-- [ RunTime:0.000540s ]

[ 2015-08-14T20:11:52+08:00 ] 127.0.0.1 /xiaoshi/index.php/Home/Login/toLogin
INFO: [ app_init ] --START--
INFO: Run Behavior\BuildLiteBehavior [ RunTime:0.000019s ]
INFO: [ app_init ] --END-- [ RunTime:0.000705s ]

[ 2015-08-14T20:14:12+08:00 ] 127.0.0.1 /xiaoshi/Home/Questioin/getQuestion
INFO: [ app_init ] --START--
INFO: Run Behavior\BuildLiteBehavior [ RunTime:0.000033s ]
INFO: [ app_init ] --END-- [ RunTime:0.002662s ]
ERR: 无法加载控制器:Questioin

[ 2015-08-14T20:14:21+08:00 ] 127.0.0.1 /xiaoshi/Home/Question/getQuestion
INFO: [ app_init ] --START--
INFO: Run Behavior\BuildLiteBehavior [ RunTime:0.000017s ]
INFO: [ app_init ] --END-- [ RunTime:0.000551s ]

[ 2015-08-14T20:15:13+08:00 ] 127.0.0.1 /xiaoshi/Home/Question/getQuestion
INFO: [ app_init ] --START--
INFO: Run Behavior\BuildLiteBehavior [ RunTime:0.000018s ]
INFO: [ app_init ] --END-- [ RunTime:0.000631s ]

[ 2015-08-14T21:01:34+08:00 ] 127.0.0.1 /xiaoshi/Home/Question/getQuestion
INFO: [ app_init ] --START--
INFO: Run Behavior\BuildLiteBehavior [ RunTime:0.000023s ]
INFO: [ app_init ] --END-- [ RunTime:0.010142s ]

[ 2015-08-14T21:04:49+08:00 ] 127.0.0.1 /xiaoshi/Home/Question/getQuestion
INFO: [ app_init ] --START--
INFO: Run Behavior\BuildLiteBehavior [ RunTime:0.000018s ]
INFO: [ app_init ] --END-- [ RunTime:0.000736s ]

[ 2015-08-14T21:07:53+08:00 ] 127.0.0.1 /xiaoshi/Home/Question/toRandom
INFO: [ app_init ] --START--
INFO: Run Behavior\BuildLiteBehavior [ RunTime:0.000018s ]
INFO: [ app_init ] --END-- [ RunTime:0.000666s ]
ERR: SQLSTATE[42S22]: Column not found: 1054 Unknown column 'bcadbdccbabacccbcddaabbababaababaababbaa' in 'where clause'

[ 2015-08-14T21:08:14+08:00 ] 127.0.0.1 /xiaoshi/Home/Question/toRandom
INFO: [ app_init ] --START--
INFO: Run Behavior\BuildLiteBehavior [ RunTime:0.000017s ]
INFO: [ app_init ] --END-- [ RunTime:0.000709s ]
ERR: SQLSTATE[42S22]: Column not found: 1054 Unknown column 'cbbccacdbcaddadbccabaabaababbbaaaabbaabb' in 'where clause'

[ 2015-08-14T21:09:21+08:00 ] 127.0.0.1 /xiaoshi/Home/Question/toRandom
INFO: [ app_init ] --START--
INFO: Run Behavior\BuildLiteBehavior [ RunTime:0.000023s ]
INFO: [ app_init ] --END-- [ RunTime:0.000829s ]

[ 2015-08-14T21:09:56+08:00 ] 127.0.0.1 /xiaoshi/Home/Question/getQuestion
INFO: [ app_init ] --START--
INFO: Run Behavior\BuildLiteBehavior [ RunTime:0.000018s ]
INFO: [ app_init ] --END-- [ RunTime:0.000922s ]

[ 2015-08-14T21:11:22+08:00 ] 127.0.0.1 /xiaoshi/Home/Question/getQuestion
INFO: [ app_init ] --START--
INFO: Run Behavior\BuildLiteBehavior [ RunTime:0.000021s ]
INFO: [ app_init ] --END-- [ RunTime:0.000666s ]

[ 2015-08-14T21:12:39+08:00 ] 127.0.0.1 /xiaoshi/Home/Question/toMemcache
INFO: [ app_init ] --START--
INFO: Run Behavior\BuildLiteBehavior [ RunTime:0.000023s ]
INFO: [ app_init ] --END-- [ RunTime:0.000636s ]

[ 2015-08-14T21:12:43+08:00 ] 127.0.0.1 /xiaoshi/Home/Question/getQuestion
INFO: [ app_init ] --START--
INFO: Run Behavior\BuildLiteBehavior [ RunTime:0.000022s ]
INFO: [ app_init ] --END-- [ RunTime:0.000886s ]

[ 2015-08-14T21:13:31+08:00 ] 127.0.0.1 /xiaoshi/Home/Question/getQuestion
INFO: [ app_init ] --START--
INFO: Run Behavior\BuildLiteBehavior [ RunTime:0.000017s ]
INFO: [ app_init ] --END-- [ RunTime:0.000779s ]

[ 2015-08-14T21:15:36+08:00 ] 127.0.0.1 /xiaoshi/Home/Check/index
INFO: [ app_init ] --START--
INFO: Run Behavior\BuildLiteBehavior [ RunTime:0.000016s ]
INFO: [ app_init ] --END-- [ RunTime:0.000628s ]

[ 2015-08-14T21:15:37+08:00 ] 127.0.0.1 /xiaoshi/index.php/Home/Check/toCheck
INFO: [ app_init ] --START--
INFO: Run Behavior\BuildLiteBehavior [ RunTime:0.000017s ]
INFO: [ app_init ] --END-- [ RunTime:0.000672s ]

[ 2015-08-14T21:15:42+08:00 ] 127.0.0.1 /xiaoshi/index.php/Home/Login/toLogin
INFO: [ app_init ] --START--
INFO: Run Behavior\BuildLiteBehavior [ RunTime:0.000015s ]
INFO: [ app_init ] --END-- [ RunTime:0.000735s ]

[ 2015-08-14T21:15:49+08:00 ] 127.0.0.1 /xiaoshi/index.php/Home/Login/toLogin
INFO: [ app_init ] --START--
INFO: Run Behavior\BuildLiteBehavior [ RunTime:0.000018s ]
INFO: [ app_init ] --END-- [ RunTime:0.000672s ]

[ 2015-08-14T21:20:46+08:00 ] 127.0.0.1 /xiaoshi/index.php/Home/Login/toLogin
INFO: [ app_init ] --START--
INFO: Run Behavior\BuildLiteBehavior [ RunTime:0.000023s ]
INFO: [ app_init ] --END-- [ RunTime:0.000717s ]

[ 2015-08-14T21:20:47+08:00 ] 127.0.0.1 /xiaoshi/index.php/Home/Login/toLogin
INFO: [ app_init ] --START--
INFO: Run Behavior\BuildLiteBehavior [ RunTime:0.000019s ]
INFO: [ app_init ] --END-- [ RunTime:0.000987s ]

[ 2015-08-14T21:20:57+08:00 ] 127.0.0.1 /xiaoshi/index.php/Home/Login/toLogin
INFO: [ app_init ] --START--
INFO: Run Behavior\BuildLiteBehavior [ RunTime:0.000030s ]
INFO: [ app_init ] --END-- [ RunTime:0.002001s ]

[ 2015-08-14T21:20:58+08:00 ] 127.0.0.1 /xiaoshi/index.php/Home/Login/toLogin
INFO: [ app_init ] --START--
INFO: Run Behavior\BuildLiteBehavior [ RunTime:0.000019s ]
INFO: [ app_init ] --END-- [ RunTime:0.000729s ]

[ 2015-08-14T21:21:09+08:00 ] 127.0.0.1 /xiaoshi/index.php/Home/Login/toLogin
INFO: [ app_init ] --START--
INFO: Run Behavior\BuildLiteBehavior [ RunTime:0.000019s ]
INFO: [ app_init ] --END-- [ RunTime:0.000645s ]

[ 2015-08-14T21:21:10+08:00 ] 127.0.0.1 /xiaoshi/index.php/Home/Login/toLogin
INFO: [ app_init ] --START--
INFO: Run Behavior\BuildLiteBehavior [ RunTime:0.000024s ]
INFO: [ app_init ] --END-- [ RunTime:0.000847s ]

[ 2015-08-14T21:21:11+08:00 ] 127.0.0.1 /xiaoshi/index.php/Home/Login/toLogin
INFO: [ app_init ] --START--
INFO: Run Behavior\BuildLiteBehavior [ RunTime:0.000022s ]
INFO: [ app_init ] --END-- [ RunTime:0.000707s ]

[ 2015-08-14T21:21:13+08:00 ] 127.0.0.1 /xiaoshi/Home/Check/index
INFO: [ app_init ] --START--
INFO: Run Behavior\BuildLiteBehavior [ RunTime:0.000087s ]
INFO: [ app_init ] --END-- [ RunTime:0.001547s ]

[ 2015-08-14T21:21:15+08:00 ] 127.0.0.1 /xiaoshi/index.php/Home/Check/toCheck
INFO: [ app_init ] --START--
INFO: Run Behavior\BuildLiteBehavior [ RunTime:0.000016s ]
INFO: [ app_init ] --END-- [ RunTime:0.000671s ]

[ 2015-08-14T21:21:19+08:00 ] 127.0.0.1 /xiaoshi/index.php/Home/Login/toLogin
INFO: [ app_init ] --START--
INFO: Run Behavior\BuildLiteBehavior [ RunTime:0.000056s ]
INFO: [ app_init ] --END-- [ RunTime:0.000843s ]

[ 2015-08-14T21:21:29+08:00 ] 127.0.0.1 /xiaoshi/index.php/Home/Login/toLogin
INFO: [ app_init ] --START--
INFO: Run Behavior\BuildLiteBehavior [ RunTime:0.000017s ]
INFO: [ app_init ] --END-- [ RunTime:0.000735s ]

[ 2015-08-14T21:21:31+08:00 ] 127.0.0.1 /xiaoshi/Home/Check/index
INFO: [ app_init ] --START--
INFO: Run Behavior\BuildLiteBehavior [ RunTime:0.000029s ]
INFO: [ app_init ] --END-- [ RunTime:0.000933s ]

[ 2015-08-14T21:21:32+08:00 ] 127.0.0.1 /xiaoshi/index.php/Home/Check/toCheck
INFO: [ app_init ] --START--
INFO: Run Behavior\BuildLiteBehavior [ RunTime:0.000023s ]
INFO: [ app_init ] --END-- [ RunTime:0.000701s ]

[ 2015-08-14T21:22:15+08:00 ] 127.0.0.1 /xiaoshi/index.php/Home/Login/toLogin
INFO: [ app_init ] --START--
INFO: Run Behavior\BuildLiteBehavior [ RunTime:0.000024s ]
INFO: [ app_init ] --END-- [ RunTime:0.000764s ]

[ 2015-08-14T21:23:07+08:00 ] 127.0.0.1 /xiaoshi/Home/Check/index
INFO: [ app_init ] --START--
INFO: Run Behavior\BuildLiteBehavior [ RunTime:0.000018s ]
INFO: [ app_init ] --END-- [ RunTime:0.000626s ]

[ 2015-08-14T21:23:08+08:00 ] 127.0.0.1 /xiaoshi/index.php/Home/Check/toCheck
INFO: [ app_init ] --START--
INFO: Run Behavior\BuildLiteBehavior [ RunTime:0.000016s ]
INFO: [ app_init ] --END-- [ RunTime:0.000596s ]

[ 2015-08-14T21:23:14+08:00 ] 127.0.0.1 /xiaoshi/index.php/Home/Login/toLogin
INFO: [ app_init ] --START--
INFO: Run Behavior\BuildLiteBehavior [ RunTime:0.000033s ]
INFO: [ app_init ] --END-- [ RunTime:0.001162s ]

[ 2015-08-14T21:26:12+08:00 ] 127.0.0.1 /xiaoshi/index.php/Home/Login/toLogin
INFO: [ app_init ] --START--
INFO: Run Behavior\BuildLiteBehavior [ RunTime:0.000018s ]
INFO: [ app_init ] --END-- [ RunTime:0.000766s ]

[ 2015-08-14T21:26:23+08:00 ] 127.0.0.1 /xiaoshi/Home/Check/index
INFO: [ app_init ] --START--
INFO: Run Behavior\BuildLiteBehavior [ RunTime:0.000026s ]
INFO: [ app_init ] --END-- [ RunTime:0.000993s ]

[ 2015-08-14T21:26:26+08:00 ] 127.0.0.1 /xiaoshi/index.php/Home/Check/toCheck
INFO: [ app_init ] --START--
INFO: Run Behavior\BuildLiteBehavior [ RunTime:0.000026s ]
INFO: [ app_init ] --END-- [ RunTime:0.001020s ]

[ 2015-08-14T21:26:31+08:00 ] 127.0.0.1 /xiaoshi/index.php/Home/Login/toLogin
INFO: [ app_init ] --START--
INFO: Run Behavior\BuildLiteBehavior [ RunTime:0.000016s ]
INFO: [ app_init ] --END-- [ RunTime:0.000615s ]

[ 2015-08-14T21:26:32+08:00 ] 127.0.0.1 /xiaoshi/index.php/Home/Login/toLogin
INFO: [ app_init ] --START--
INFO: Run Behavior\BuildLiteBehavior [ RunTime:0.000018s ]
INFO: [ app_init ] --END-- [ RunTime:0.000668s ]

[ 2015-08-14T21:27:02+08:00 ] 127.0.0.1 /xiaoshi/index.php/Home/Login/toLogin
INFO: [ app_init ] --START--
INFO: Run Behavior\BuildLiteBehavior [ RunTime:0.000029s ]
INFO: [ app_init ] --END-- [ RunTime:0.001039s ]

[ 2015-08-14T21:27:02+08:00 ] 127.0.0.1 /xiaoshi/index.php/Home/Login/toLogin
INFO: [ app_init ] --START--
INFO: Run Behavior\BuildLiteBehavior [ RunTime:0.000017s ]
INFO: [ app_init ] --END-- [ RunTime:0.000677s ]

[ 2015-08-14T21:27:37+08:00 ] 127.0.0.1 /xiaoshi/Home/Check/index
INFO: [ app_init ] --START--
INFO: Run Behavior\BuildLiteBehavior [ RunTime:0.000037s ]
INFO: [ app_init ] --END-- [ RunTime:0.001260s ]

[ 2015-08-14T21:27:41+08:00 ] 127.0.0.1 /xiaoshi/index.php/Home/Check/toCheck
INFO: [ app_init ] --START--
INFO: Run Behavior\BuildLiteBehavior [ RunTime:0.000018s ]
INFO: [ app_init ] --END-- [ RunTime:0.000620s ]

[ 2015-08-14T21:27:46+08:00 ] 127.0.0.1 /xiaoshi/index.php/Home/Login/toLogin
INFO: [ app_init ] --START--
INFO: Run Behavior\BuildLiteBehavior [ RunTime:0.000029s ]
INFO: [ app_init ] --END-- [ RunTime:0.000867s ]

[ 2015-08-14T21:28:46+08:00 ] 127.0.0.1 /xiaoshi/Home/Check/index
INFO: [ app_init ] --START--
INFO: Run Behavior\BuildLiteBehavior [ RunTime:0.000027s ]
INFO: [ app_init ] --END-- [ RunTime:0.000936s ]

[ 2015-08-14T21:28:50+08:00 ] 127.0.0.1 /xiaoshi/index.php/Home/Check/toCheck
INFO: [ app_init ] --START--
INFO: Run Behavior\BuildLiteBehavior [ RunTime:0.000023s ]
INFO: [ app_init ] --END-- [ RunTime:0.000609s ]

[ 2015-08-14T21:28:55+08:00 ] 127.0.0.1 /xiaoshi/index.php/Home/Login/toLogin
INFO: [ app_init ] --START--
INFO: Run Behavior\BuildLiteBehavior [ RunTime:0.000024s ]
INFO: [ app_init ] --END-- [ RunTime:0.000772s ]

[ 2015-08-14T21:40:26+08:00 ] 127.0.0.1 /xiaoshi/Home/Check/index
INFO: [ app_init ] --START--
INFO: Run Behavior\BuildLiteBehavior [ RunTime:0.000018s ]
INFO: [ app_init ] --END-- [ RunTime:0.000770s ]

[ 2015-08-14T21:40:27+08:00 ] 127.0.0.1 /xiaoshi/index.php/Home/Check/toCheck
INFO: [ app_init ] --START--
INFO: Run Behavior\BuildLiteBehavior [ RunTime:0.000032s ]
INFO: [ app_init ] --END-- [ RunTime:0.000642s ]

[ 2015-08-14T21:40:32+08:00 ] 127.0.0.1 /xiaoshi/index.php/Home/Login/toLogin
INFO: [ app_init ] --START--
INFO: Run Behavior\BuildLiteBehavior [ RunTime:0.000017s ]
INFO: [ app_init ] --END-- [ RunTime:0.000604s ]

[ 2015-08-14T21:40:43+08:00 ] 127.0.0.1 /xiaoshi/Home/Question/toMemcache
INFO: [ app_init ] --START--
INFO: Run Behavior\BuildLiteBehavior [ RunTime:0.000030s ]
INFO: [ app_init ] --END-- [ RunTime:0.001221s ]

[ 2015-08-14T21:41:00+08:00 ] 127.0.0.1 /xiaoshi/Home/Check/index
INFO: [ app_init ] --START--
INFO: Run Behavior\BuildLiteBehavior [ RunTime:0.000017s ]
INFO: [ app_init ] --END-- [ RunTime:0.000666s ]

[ 2015-08-14T21:41:04+08:00 ] 127.0.0.1 /xiaoshi/index.php/Home/Check/toCheck
INFO: [ app_init ] --START--
INFO: Run Behavior\BuildLiteBehavior [ RunTime:0.000016s ]
INFO: [ app_init ] --END-- [ RunTime:0.000555s ]

[ 2015-08-14T21:41:08+08:00 ] 127.0.0.1 /xiaoshi/index.php/Home/Login/toLogin
INFO: [ app_init ] --START--
INFO: Run Behavior\BuildLiteBehavior [ RunTime:0.000017s ]
INFO: [ app_init ] --END-- [ RunTime:0.000774s ]

[ 2015-08-14T21:53:28+08:00 ] 127.0.0.1 /xiaoshi/Home/Check/index
INFO: [ app_init ] --START--
INFO: Run Behavior\BuildLiteBehavior [ RunTime:0.000018s ]
INFO: [ app_init ] --END-- [ RunTime:0.001023s ]

[ 2015-08-14T21:53:29+08:00 ] 127.0.0.1 /xiaoshi/index.php/Home/Check/toCheck
INFO: [ app_init ] --START--
INFO: Run Behavior\BuildLiteBehavior [ RunTime:0.000030s ]
INFO: [ app_init ] --END-- [ RunTime:0.001177s ]

[ 2015-08-14T21:53:35+08:00 ] 127.0.0.1 /xiaoshi/index.php/Home/Login/toLogin
INFO: [ app_init ] --START--
INFO: Run Behavior\BuildLiteBehavior [ RunTime:0.000024s ]
INFO: [ app_init ] --END-- [ RunTime:0.000884s ]

[ 2015-08-14T21:59:14+08:00 ] 127.0.0.1 /xiaoshi/Home/Check/index
INFO: [ app_init ] --START--
INFO: Run Behavior\BuildLiteBehavior [ RunTime:0.000026s ]
INFO: [ app_init ] --END-- [ RunTime:0.001460s ]

[ 2015-08-14T21:59:16+08:00 ] 127.0.0.1 /xiaoshi/index.php/Home/Check/toCheck
INFO: [ app_init ] --START--
INFO: Run Behavior\BuildLiteBehavior [ RunTime:0.000019s ]
INFO: [ app_init ] --END-- [ RunTime:0.000746s ]

[ 2015-08-14T21:59:21+08:00 ] 127.0.0.1 /xiaoshi/index.php/Home/Login/toLogin
INFO: [ app_init ] --START--
INFO: Run Behavior\BuildLiteBehavior [ RunTime:0.000016s ]
INFO: [ app_init ] --END-- [ RunTime:0.000585s ]

[ 2015-08-14T22:01:06+08:00 ] 127.0.0.1 /xiaoshi/Home/Check/index
INFO: [ app_init ] --START--
INFO: Run Behavior\BuildLiteBehavior [ RunTime:0.000031s ]
INFO: [ app_init ] --END-- [ RunTime:0.000962s ]

[ 2015-08-14T22:01:07+08:00 ] 127.0.0.1 /xiaoshi/index.php/Home/Check/toCheck
INFO: [ app_init ] --START--
INFO: Run Behavior\BuildLiteBehavior [ RunTime:0.000026s ]
INFO: [ app_init ] --END-- [ RunTime:0.000930s ]

[ 2015-08-14T22:01:12+08:00 ] 127.0.0.1 /xiaoshi/index.php/Home/Login/toLogin
INFO: [ app_init ] --START--
INFO: Run Behavior\BuildLiteBehavior [ RunTime:0.000080s ]
INFO: [ app_init ] --END-- [ RunTime:0.000762s ]

[ 2015-08-14T22:01:33+08:00 ] 127.0.0.1 /xiaoshi/Home/Check/index
INFO: [ app_init ] --START--
INFO: Run Behavior\BuildLiteBehavior [ RunTime:0.000050s ]
INFO: [ app_init ] --END-- [ RunTime:0.008407s ]

[ 2015-08-14T22:03:00+08:00 ] 127.0.0.1 /xiaoshi/Home/Question/getQuestion
INFO: [ app_init ] --START--
INFO: Run Behavior\BuildLiteBehavior [ RunTime:0.000027s ]
INFO: [ app_init ] --END-- [ RunTime:0.001073s ]
ERR: 参数错误或者未定义:qQueue

[ 2015-08-14T22:03:06+08:00 ] 127.0.0.1 /xiaoshi/Home/Question/toMemcache
INFO: [ app_init ] --START--
INFO: Run Behavior\BuildLiteBehavior [ RunTime:0.000018s ]
INFO: [ app_init ] --END-- [ RunTime:0.000622s ]

[ 2015-08-14T22:03:11+08:00 ] 127.0.0.1 /xiaoshi/Home/Check/index
INFO: [ app_init ] --START--
INFO: Run Behavior\BuildLiteBehavior [ RunTime:0.000027s ]
INFO: [ app_init ] --END-- [ RunTime:0.000926s ]

[ 2015-08-14T22:03:13+08:00 ] 127.0.0.1 /xiaoshi/index.php/Home/Check/toCheck
INFO: [ app_init ] --START--
INFO: Run Behavior\BuildLiteBehavior [ RunTime:0.000018s ]
INFO: [ app_init ] --END-- [ RunTime:0.000604s ]

[ 2015-08-14T22:03:17+08:00 ] 127.0.0.1 /xiaoshi/index.php/Home/Login/toLogin
INFO: [ app_init ] --START--
INFO: Run Behavior\BuildLiteBehavior [ RunTime:0.000017s ]
INFO: [ app_init ] --END-- [ RunTime:0.000601s ]

[ 2015-08-14T22:05:15+08:00 ] 127.0.0.1 /xiaoshi/Home/Check/index
INFO: [ app_init ] --START--
INFO: Run Behavior\BuildLiteBehavior [ RunTime:0.000018s ]
INFO: [ app_init ] --END-- [ RunTime:0.000690s ]

[ 2015-08-14T22:05:26+08:00 ] 127.0.0.1 /xiaoshi/index.php/Home/Check/toCheck
INFO: [ app_init ] --START--
INFO: Run Behavior\BuildLiteBehavior [ RunTime:0.000017s ]
INFO: [ app_init ] --END-- [ RunTime:0.000684s ]

[ 2015-08-14T22:05:42+08:00 ] 127.0.0.1 /xiaoshi/index.php/Home/Login/toLogin
INFO: [ app_init ] --START--
INFO: Run Behavior\BuildLiteBehavior [ RunTime:0.000017s ]
INFO: [ app_init ] --END-- [ RunTime:0.000661s ]

[ 2015-08-14T22:07:27+08:00 ] 127.0.0.1 /xiaoshi/Home/Check/index
INFO: [ app_init ] --START--
INFO: Run Behavior\BuildLiteBehavior [ RunTime:0.000017s ]
INFO: [ app_init ] --END-- [ RunTime:0.000653s ]

[ 2015-08-14T22:07:31+08:00 ] 127.0.0.1 /xiaoshi/Home/Check/Check/toCheck
INFO: [ app_init ] --START--
INFO: Run Behavior\BuildLiteBehavior [ RunTime:0.000027s ]
INFO: [ app_init ] --END-- [ RunTime:0.000848s ]
ERR: 非法操作:Check

[ 2015-08-14T22:08:27+08:00 ] 127.0.0.1 /xiaoshi/Home/Check/index
INFO: [ app_init ] --START--
INFO: Run Behavior\BuildLiteBehavior [ RunTime:0.000027s ]
INFO: [ app_init ] --END-- [ RunTime:0.000997s ]

[ 2015-08-14T22:08:47+08:00 ] 127.0.0.1 /xiaoshi/Home/Check/Check/toCheck
INFO: [ app_init ] --START--
INFO: Run Behavior\BuildLiteBehavior [ RunTime:0.000017s ]
INFO: [ app_init ] --END-- [ RunTime:0.000631s ]
ERR: 非法操作:Check

[ 2015-08-14T22:10:07+08:00 ] 127.0.0.1 /xiaoshi/Home/Check/Check/toCheck
INFO: [ app_init ] --START--
INFO: Run Behavior\BuildLiteBehavior [ RunTime:0.000018s ]
INFO: [ app_init ] --END-- [ RunTime:0.000645s ]
ERR: 非法操作:Check

[ 2015-08-14T22:10:08+08:00 ] 127.0.0.1 /xiaoshi/Home/Check/Check/toCheck
INFO: [ app_init ] --START--
INFO: Run Behavior\BuildLiteBehavior [ RunTime:0.000018s ]
INFO: [ app_init ] --END-- [ RunTime:0.000581s ]
ERR: 非法操作:Check

[ 2015-08-14T22:20:38+08:00 ] 127.0.0.1 /xiaoshi/Home/Check/index
INFO: [ app_init ] --START--
INFO: Run Behavior\BuildLiteBehavior [ RunTime:0.000022s ]
INFO: [ app_init ] --END-- [ RunTime:0.009352s ]

[ 2015-08-14T22:22:40+08:00 ] 127.0.0.1 /xiaoshi/Home/Check/index
INFO: [ app_init ] --START--
INFO: Run Behavior\BuildLiteBehavior [ RunTime:0.000025s ]
INFO: [ app_init ] --END-- [ RunTime:0.001207s ]

[ 2015-08-14T22:22:44+08:00 ] 127.0.0.1 /xiaoshi/Home/Check/Check/toCheck
INFO: [ app_init ] --START--
INFO: Run Behavior\BuildLiteBehavior [ RunTime:0.000018s ]
INFO: [ app_init ] --END-- [ RunTime:0.000628s ]
ERR: 非法操作:Check

[ 2015-08-14T22:28:10+08:00 ] 127.0.0.1 /xiaoshi/Home/Check/index
INFO: [ app_init ] --START--
INFO: Run Behavior\BuildLiteBehavior [ RunTime:0.000020s ]
INFO: [ app_init ] --END-- [ RunTime:0.001259s ]

[ 2015-08-14T22:28:14+08:00 ] 127.0.0.1 /xiaoshi/Home/Check/Check/toCheck
INFO: [ app_init ] --START--
INFO: Run Behavior\BuildLiteBehavior [ RunTime:0.000053s ]
INFO: [ app_init ] --END-- [ RunTime:0.001287s ]
ERR: 非法操作:Check

[ 2015-08-14T22:29:00+08:00 ] 127.0.0.1 /xiaoshi/Home/Check/index
INFO: [ app_init ] --START--
INFO: Run Behavior\BuildLiteBehavior [ RunTime:0.000023s ]
INFO: [ app_init ] --END-- [ RunTime:0.000881s ]

[ 2015-08-14T22:29:04+08:00 ] 127.0.0.1 /xiaoshi/Home/Check/Check/toCheck
INFO: [ app_init ] --START--
INFO: Run Behavior\BuildLiteBehavior [ RunTime:0.000017s ]
INFO: [ app_init ] --END-- [ RunTime:0.000568s ]
ERR: 非法操作:Check

[ 2015-08-14T22:45:49+08:00 ] 127.0.0.1 /xiaoshi/Home/Check/index
INFO: [ app_init ] --START--
INFO: Run Behavior\BuildLiteBehavior [ RunTime:0.000017s ]
INFO: [ app_init ] --END-- [ RunTime:0.001024s ]

[ 2015-08-14T22:45:52+08:00 ] 127.0.0.1 /xiaoshi/Home/Check/Check/toCheck
INFO: [ app_init ] --START--
INFO: Run Behavior\BuildLiteBehavior [ RunTime:0.000017s ]
INFO: [ app_init ] --END-- [ RunTime:0.000648s ]
ERR: 非法操作:Check

[ 2015-08-14T22:45:56+08:00 ] 127.0.0.1 /xiaoshi/Home/Check/Check/toCheck
INFO: [ app_init ] --START--
INFO: Run Behavior\BuildLiteBehavior [ RunTime:0.000024s ]
INFO: [ app_init ] --END-- [ RunTime:0.001968s ]
ERR: 非法操作:Check

[ 2015-08-14T23:09:17+08:00 ] 127.0.0.1 /xiaoshi/Home/Check/index
INFO: [ app_init ] --START--
INFO: Run Behavior\BuildLiteBehavior [ RunTime:0.000131s ]
INFO: [ app_init ] --END-- [ RunTime:0.081157s ]

[ 2015-08-14T23:09:20+08:00 ] 127.0.0.1 /xiaoshi/Home/Check/Check/toCheck
INFO: [ app_init ] --START--
INFO: Run Behavior\BuildLiteBehavior [ RunTime:0.000125s ]
INFO: [ app_init ] --END-- [ RunTime:0.001901s ]
ERR: 非法操作:Check

[ 2015-08-14T23:09:23+08:00 ] 127.0.0.1 /xiaoshi/Home/Check/Check/toCheck
INFO: [ app_init ] --START--
INFO: Run Behavior\BuildLiteBehavior [ RunTime:0.000025s ]
INFO: [ app_init ] --END-- [ RunTime:0.000915s ]
ERR: 非法操作:Check

[ 2015-08-14T23:09:50+08:00 ] 127.0.0.1 /xiaoshi/Home/Check/index
INFO: [ app_init ] --START--
INFO: Run Behavior\BuildLiteBehavior [ RunTime:0.000018s ]
INFO: [ app_init ] --END-- [ RunTime:0.000862s ]

[ 2015-08-14T23:09:54+08:00 ] 127.0.0.1 /xiaoshi/Home/Check/Check/toCheck
INFO: [ app_init ] --START--
INFO: Run Behavior\BuildLiteBehavior [ RunTime:0.000018s ]
INFO: [ app_init ] --END-- [ RunTime:0.000616s ]
ERR: 非法操作:Check

[ 2015-08-14T23:12:48+08:00 ] 127.0.0.1 /xiaoshi/Home/Check/Check/toCheck
INFO: [ app_init ] --START--
INFO: Run Behavior\BuildLiteBehavior [ RunTime:0.000027s ]
INFO: [ app_init ] --END-- [ RunTime:0.001304s ]
ERR: 非法操作:Check

[ 2015-08-14T23:13:32+08:00 ] 127.0.0.1 /xiaoshi/Home/Check/Check/toCheck
INFO: [ app_init ] --START--
INFO: Run Behavior\BuildLiteBehavior [ RunTime:0.000016s ]
INFO: [ app_init ] --END-- [ RunTime:0.000567s ]
ERR: 非法操作:Check

[ 2015-08-14T23:18:23+08:00 ] 127.0.0.1 /xiaoshi/Home/Check/index
INFO: [ app_init ] --START--
INFO: Run Behavior\BuildLiteBehavior [ RunTime:0.000022s ]
INFO: [ app_init ] --END-- [ RunTime:0.000690s ]

[ 2015-08-14T23:18:25+08:00 ] 127.0.0.1 /xiaoshi/index.php/Home/Check/toCheck
INFO: [ app_init ] --START--
INFO: Run Behavior\BuildLiteBehavior [ RunTime:0.000023s ]
INFO: [ app_init ] --END-- [ RunTime:0.001467s ]

[ 2015-08-14T23:19:19+08:00 ] 127.0.0.1 /xiaoshi/Home/Check/index
INFO: [ app_init ] --START--
INFO: Run Behavior\BuildLiteBehavior [ RunTime:0.000018s ]
INFO: [ app_init ] --END-- [ RunTime:0.000711s ]

[ 2015-08-14T23:19:23+08:00 ] 127.0.0.1 /xiaoshi/index.php/Home/Check/toCheck
INFO: [ app_init ] --START--
INFO: Run Behavior\BuildLiteBehavior [ RunTime:0.000028s ]
INFO: [ app_init ] --END-- [ RunTime:0.000995s ]

[ 2015-08-14T23:19:37+08:00 ] 127.0.0.1 /xiaoshi/index.php/Home/Check/toCheck
INFO: [ app_init ] --START--
INFO: Run Behavior\BuildLiteBehavior [ RunTime:0.000017s ]
INFO: [ app_init ] --END-- [ RunTime:0.000579s ]

[ 2015-08-14T23:19:40+08:00 ] 127.0.0.1 /xiaoshi/index.php/Home/Check/toCheck
INFO: [ app_init ] --START--
INFO: Run Behavior\BuildLiteBehavior [ RunTime:0.000016s ]
INFO: [ app_init ] --END-- [ RunTime:0.000609s ]

[ 2015-08-14T23:19:42+08:00 ] 127.0.0.1 /xiaoshi/Home/Check/index
INFO: [ app_init ] --START--
INFO: Run Behavior\BuildLiteBehavior [ RunTime:0.000016s ]
INFO: [ app_init ] --END-- [ RunTime:0.000725s ]

[ 2015-08-14T23:19:43+08:00 ] 127.0.0.1 /xiaoshi/index.php/Home/Check/toCheck
INFO: [ app_init ] --START--
INFO: Run Behavior\BuildLiteBehavior [ RunTime:0.000024s ]
INFO: [ app_init ] --END-- [ RunTime:0.000890s ]

[ 2015-08-14T23:19:47+08:00 ] 127.0.0.1 /xiaoshi/index.php/Home/Check/toCheck
INFO: [ app_init ] --START--
INFO: Run Behavior\BuildLiteBehavior [ RunTime:0.000022s ]
INFO: [ app_init ] --END-- [ RunTime:0.000905s ]

[ 2015-08-14T23:19:50+08:00 ] 127.0.0.1 /xiaoshi/index.php/Home/Check/toCheck
INFO: [ app_init ] --START--
INFO: Run Behavior\BuildLiteBehavior [ RunTime:0.000024s ]
INFO: [ app_init ] --END-- [ RunTime:0.000810s ]

[ 2015-08-14T23:19:52+08:00 ] 127.0.0.1 /xiaoshi/index.php/Home/Check/toCheck
INFO: [ app_init ] --START--
INFO: Run Behavior\BuildLiteBehavior [ RunTime:0.000018s ]
INFO: [ app_init ] --END-- [ RunTime:0.000649s ]

[ 2015-08-14T23:19:54+08:00 ] 127.0.0.1 /xiaoshi/index.php/Home/Check/toCheck
INFO: [ app_init ] --START--
INFO: Run Behavior\BuildLiteBehavior [ RunTime:0.000017s ]
INFO: [ app_init ] --END-- [ RunTime:0.000623s ]

[ 2015-08-14T23:19:56+08:00 ] 127.0.0.1 /xiaoshi/index.php/Home/Check/toCheck
INFO: [ app_init ] --START--
INFO: Run Behavior\BuildLiteBehavior [ RunTime:0.000022s ]
INFO: [ app_init ] --END-- [ RunTime:0.000661s ]

[ 2015-08-14T23:20:03+08:00 ] 127.0.0.1 /xiaoshi/index.php/Home/Check/toCheck
INFO: [ app_init ] --START--
INFO: Run Behavior\BuildLiteBehavior [ RunTime:0.000017s ]
INFO: [ app_init ] --END-- [ RunTime:0.000578s ]

[ 2015-08-14T23:20:13+08:00 ] 127.0.0.1 /xiaoshi/Home/Check/index
INFO: [ app_init ] --START--
INFO: Run Behavior\BuildLiteBehavior [ RunTime:0.000025s ]
INFO: [ app_init ] --END-- [ RunTime:0.009791s ]

[ 2015-08-14T23:20:21+08:00 ] 127.0.0.1 /xiaoshi/index.php/Home/Check/toCheck
INFO: [ app_init ] --START--
INFO: Run Behavior\BuildLiteBehavior [ RunTime:0.000053s ]
INFO: [ app_init ] --END-- [ RunTime:0.000621s ]

[ 2015-08-14T23:21:08+08:00 ] 127.0.0.1 /xiaoshi/Home/Check/index
INFO: [ app_init ] --START--
INFO: Run Behavior\BuildLiteBehavior [ RunTime:0.000016s ]
INFO: [ app_init ] --END-- [ RunTime:0.000558s ]

[ 2015-08-14T23:21:11+08:00 ] 127.0.0.1 /xiaoshi/index.php/Home/Check/toCheck
INFO: [ app_init ] --START--
INFO: Run Behavior\BuildLiteBehavior [ RunTime:0.000019s ]
INFO: [ app_init ] --END-- [ RunTime:0.000851s ]

[ 2015-08-14T23:21:23+08:00 ] 127.0.0.1 /xiaoshi/index.php/Home/Check/toCheck
INFO: [ app_init ] --START--
INFO: Run Behavior\BuildLiteBehavior [ RunTime:0.000017s ]
INFO: [ app_init ] --END-- [ RunTime:0.000607s ]

[ 2015-08-14T23:21:24+08:00 ] 127.0.0.1 /xiaoshi/Home/Check/index
INFO: [ app_init ] --START--
INFO: Run Behavior\BuildLiteBehavior [ RunTime:0.000016s ]
INFO: [ app_init ] --END-- [ RunTime:0.000547s ]

[ 2015-08-14T23:21:28+08:00 ] 127.0.0.1 /xiaoshi/index.php/Home/Check/toCheck
INFO: [ app_init ] --START--
INFO: Run Behavior\BuildLiteBehavior [ RunTime:0.000016s ]
INFO: [ app_init ] --END-- [ RunTime:0.000637s ]

[ 2015-08-14T23:22:05+08:00 ] 127.0.0.1 /xiaoshi/Home/Check/index
INFO: [ app_init ] --START--
INFO: Run Behavior\BuildLiteBehavior [ RunTime:0.000021s ]
INFO: [ app_init ] --END-- [ RunTime:0.000642s ]

[ 2015-08-14T23:22:07+08:00 ] 127.0.0.1 /xiaoshi/index.php/Home/Check/toCheck
INFO: [ app_init ] --START--
INFO: Run Behavior\BuildLiteBehavior [ RunTime:0.000017s ]
INFO: [ app_init ] --END-- [ RunTime:0.000566s ]

[ 2015-08-14T23:22:23+08:00 ] 127.0.0.1 /xiaoshi/Home/Check/index
INFO: [ app_init ] --START--
INFO: Run Behavior\BuildLiteBehavior [ RunTime:0.000016s ]
INFO: [ app_init ] --END-- [ RunTime:0.000701s ]

[ 2015-08-14T23:22:25+08:00 ] 127.0.0.1 /xiaoshi/index.php/Home/Check/toCheck
INFO: [ app_init ] --START--
INFO: Run Behavior\BuildLiteBehavior [ RunTime:0.000024s ]
INFO: [ app_init ] --END-- [ RunTime:0.000810s ]

[ 2015-08-14T23:22:54+08:00 ] 127.0.0.1 /xiaoshi/Home/Check/index
INFO: [ app_init ] --START--
INFO: Run Behavior\BuildLiteBehavior [ RunTime:0.000023s ]
INFO: [ app_init ] --END-- [ RunTime:0.000798s ]

[ 2015-08-14T23:22:58+08:00 ] 127.0.0.1 /xiaoshi/index.php/Home/Check/toCheck
INFO: [ app_init ] --START--
INFO: Run Behavior\BuildLiteBehavior [ RunTime:0.000020s ]
INFO: [ app_init ] --END-- [ RunTime:0.000690s ]

[ 2015-08-14T23:23:03+08:00 ] 127.0.0.1 /xiaoshi/index.php/Home/Check/toCheck
INFO: [ app_init ] --START--
INFO: Run Behavior\BuildLiteBehavior [ RunTime:0.000015s ]
INFO: [ app_init ] --END-- [ RunTime:0.000599s ]

[ 2015-08-14T23:23:04+08:00 ] 127.0.0.1 /xiaoshi/Home/Check/index
INFO: [ app_init ] --START--
INFO: Run Behavior\BuildLiteBehavior [ RunTime:0.000017s ]
INFO: [ app_init ] --END-- [ RunTime:0.000604s ]

[ 2015-08-14T23:23:15+08:00 ] 127.0.0.1 /xiaoshi/index.php/Home/Check/toCheck
INFO: [ app_init ] --START--
INFO: Run Behavior\BuildLiteBehavior [ RunTime:0.000019s ]
INFO: [ app_init ] --END-- [ RunTime:0.000680s ]

[ 2015-08-14T23:23:16+08:00 ] 127.0.0.1 /xiaoshi/Home/Check/index
INFO: [ app_init ] --START--
INFO: Run Behavior\BuildLiteBehavior [ RunTime:0.000029s ]
INFO: [ app_init ] --END-- [ RunTime:0.000606s ]

[ 2015-08-14T23:23:22+08:00 ] 127.0.0.1 /xiaoshi/index.php/Home/Check/toCheck
INFO: [ app_init ] --START--
INFO: Run Behavior\BuildLiteBehavior [ RunTime:0.000020s ]
INFO: [ app_init ] --END-- [ RunTime:0.000627s ]

[ 2015-08-14T23:23:38+08:00 ] 127.0.0.1 /xiaoshi/Home/Check/index
INFO: [ app_init ] --START--
INFO: Run Behavior\BuildLiteBehavior [ RunTime:0.000017s ]
INFO: [ app_init ] --END-- [ RunTime:0.000614s ]

[ 2015-08-14T23:23:39+08:00 ] 127.0.0.1 /xiaoshi/Home/Check/index
INFO: [ app_init ] --START--
INFO: Run Behavior\BuildLiteBehavior [ RunTime:0.000021s ]
INFO: [ app_init ] --END-- [ RunTime:0.000588s ]

[ 2015-08-14T23:23:45+08:00 ] 127.0.0.1 /xiaoshi/index.php/Home/Check/toCheck
INFO: [ app_init ] --START--
INFO: Run Behavior\BuildLiteBehavior [ RunTime:0.000027s ]
INFO: [ app_init ] --END-- [ RunTime:0.000955s ]

[ 2015-08-14T23:23:51+08:00 ] 127.0.0.1 /xiaoshi/index.php/Home/Check/toCheck
INFO: [ app_init ] --START--
INFO: Run Behavior\BuildLiteBehavior [ RunTime:0.000021s ]
INFO: [ app_init ] --END-- [ RunTime:0.000643s ]

[ 2015-08-14T23:24:00+08:00 ] 127.0.0.1 /xiaoshi/index.php/Home/Check/toCheck
INFO: [ app_init ] --START--
INFO: Run Behavior\BuildLiteBehavior [ RunTime:0.000016s ]
INFO: [ app_init ] --END-- [ RunTime:0.000699s ]

[ 2015-08-14T23:24:08+08:00 ] 127.0.0.1 /xiaoshi/Home/Check/index
INFO: [ app_init ] --START--
INFO: Run Behavior\BuildLiteBehavior [ RunTime:0.000018s ]
INFO: [ app_init ] --END-- [ RunTime:0.000647s ]

[ 2015-08-14T23:24:24+08:00 ] 127.0.0.1 /xiaoshi/index.php/Home/Check/toCheck
INFO: [ app_init ] --START--
INFO: Run Behavior\BuildLiteBehavior [ RunTime:0.000026s ]
INFO: [ app_init ] --END-- [ RunTime:0.000912s ]

[ 2015-08-14T23:24:34+08:00 ] 127.0.0.1 /xiaoshi/index.php/Home/Check/toCheck
INFO: [ app_init ] --START--
INFO: Run Behavior\BuildLiteBehavior [ RunTime:0.000054s ]
INFO: [ app_init ] --END-- [ RunTime:0.001863s ]

[ 2015-08-14T23:24:35+08:00 ] 127.0.0.1 /xiaoshi/Home/Check/index
INFO: [ app_init ] --START--
INFO: Run Behavior\BuildLiteBehavior [ RunTime:0.000028s ]
INFO: [ app_init ] --END-- [ RunTime:0.000821s ]

[ 2015-08-14T23:25:20+08:00 ] 127.0.0.1 /xiaoshi/index.php/Home/Check/toCheck
INFO: [ app_init ] --START--
INFO: Run Behavior\BuildLiteBehavior [ RunTime:0.000017s ]
INFO: [ app_init ] --END-- [ RunTime:0.000565s ]

[ 2015-08-14T23:25:45+08:00 ] 127.0.0.1 /xiaoshi/Home/Check/index
INFO: [ app_init ] --START--
INFO: Run Behavior\BuildLiteBehavior [ RunTime:0.000023s ]
INFO: [ app_init ] --END-- [ RunTime:0.000661s ]

[ 2015-08-14T23:25:51+08:00 ] 127.0.0.1 /xiaoshi/index.php/Home/Check/toCheck
INFO: [ app_init ] --START--
INFO: Run Behavior\BuildLiteBehavior [ RunTime:0.000016s ]
INFO: [ app_init ] --END-- [ RunTime:0.000538s ]

[ 2015-08-14T23:25:58+08:00 ] 127.0.0.1 /xiaoshi/index.php/Home/Check/toCheck
INFO: [ app_init ] --START--
INFO: Run Behavior\BuildLiteBehavior [ RunTime:0.000017s ]
INFO: [ app_init ] --END-- [ RunTime:0.000571s ]

[ 2015-08-14T23:26:04+08:00 ] 127.0.0.1 /xiaoshi/index.php/Home/Check/toCheck
INFO: [ app_init ] --START--
INFO: Run Behavior\BuildLiteBehavior [ RunTime:0.000018s ]
INFO: [ app_init ] --END-- [ RunTime:0.000714s ]

[ 2015-08-14T23:26:08+08:00 ] 127.0.0.1 /xiaoshi/Home/Check/index
INFO: [ app_init ] --START--
INFO: Run Behavior\BuildLiteBehavior [ RunTime:0.000018s ]
INFO: [ app_init ] --END-- [ RunTime:0.000678s ]

[ 2015-08-14T23:26:13+08:00 ] 127.0.0.1 /xiaoshi/index.php/Home/Check/toCheck
INFO: [ app_init ] --START--
INFO: Run Behavior\BuildLiteBehavior [ RunTime:0.000023s ]
INFO: [ app_init ] --END-- [ RunTime:0.000660s ]

[ 2015-08-14T23:26:49+08:00 ] 127.0.0.1 /xiaoshi/index.php/Home/Check/toCheck
INFO: [ app_init ] --START--
INFO: Run Behavior\BuildLiteBehavior [ RunTime:0.000017s ]
INFO: [ app_init ] --END-- [ RunTime:0.000573s ]

[ 2015-08-14T23:26:51+08:00 ] 127.0.0.1 /xiaoshi/Home/Check/index
INFO: [ app_init ] --START--
INFO: Run Behavior\BuildLiteBehavior [ RunTime:0.000018s ]
INFO: [ app_init ] --END-- [ RunTime:0.000551s ]

[ 2015-08-14T23:26:55+08:00 ] 127.0.0.1 /xiaoshi/index.php/Home/Check/toCheck
INFO: [ app_init ] --START--
INFO: Run Behavior\BuildLiteBehavior [ RunTime:0.000018s ]
INFO: [ app_init ] --END-- [ RunTime:0.000571s ]

[ 2015-08-14T23:26:59+08:00 ] 127.0.0.1 /xiaoshi/index.php/Home/Check/toCheck
INFO: [ app_init ] --START--
INFO: Run Behavior\BuildLiteBehavior [ RunTime:0.000018s ]
INFO: [ app_init ] --END-- [ RunTime:0.000643s ]

[ 2015-08-14T23:27:04+08:00 ] 127.0.0.1 /xiaoshi/index.php/Home/Check/toCheck
INFO: [ app_init ] --START--
INFO: Run Behavior\BuildLiteBehavior [ RunTime:0.000089s ]
INFO: [ app_init ] --END-- [ RunTime:0.001312s ]

[ 2015-08-14T23:27:10+08:00 ] 127.0.0.1 /xiaoshi/index.php/Home/Check/toCheck
INFO: [ app_init ] --START--
INFO: Run Behavior\BuildLiteBehavior [ RunTime:0.000022s ]
INFO: [ app_init ] --END-- [ RunTime:0.000727s ]

[ 2015-08-14T23:28:33+08:00 ] 127.0.0.1 /xiaoshi/Home/Check/index
INFO: [ app_init ] --START--
INFO: Run Behavior\BuildLiteBehavior [ RunTime:0.000016s ]
INFO: [ app_init ] --END-- [ RunTime:0.000567s ]

[ 2015-08-14T23:28:34+08:00 ] 127.0.0.1 /xiaoshi/index.php/Home/Check/toCheck
INFO: [ app_init ] --START--
INFO: Run Behavior\BuildLiteBehavior [ RunTime:0.000026s ]
INFO: [ app_init ] --END-- [ RunTime:0.000946s ]

[ 2015-08-14T23:28:35+08:00 ] 127.0.0.1 /xiaoshi/Home/Check/index
INFO: [ app_init ] --START--
INFO: Run Behavior\BuildLiteBehavior [ RunTime:0.000022s ]
INFO: [ app_init ] --END-- [ RunTime:0.000858s ]

[ 2015-08-14T23:28:48+08:00 ] 127.0.0.1 /xiaoshi/Home/Check/index
INFO: [ app_init ] --START--
INFO: Run Behavior\BuildLiteBehavior [ RunTime:0.000048s ]
INFO: [ app_init ] --END-- [ RunTime:0.000932s ]

[ 2015-08-14T23:28:49+08:00 ] 127.0.0.1 /xiaoshi/index.php/Home/Check/toCheck
INFO: [ app_init ] --START--
INFO: Run Behavior\BuildLiteBehavior [ RunTime:0.000025s ]
INFO: [ app_init ] --END-- [ RunTime:0.000966s ]

[ 2015-08-14T23:28:50+08:00 ] 127.0.0.1 /xiaoshi/index.php/Home/Check/toCheck
INFO: [ app_init ] --START--
INFO: Run Behavior\BuildLiteBehavior [ RunTime:0.000017s ]
INFO: [ app_init ] --END-- [ RunTime:0.000596s ]

[ 2015-08-14T23:28:54+08:00 ] 127.0.0.1 /xiaoshi/index.php/Home/Check/toCheck
INFO: [ app_init ] --START--
INFO: Run Behavior\BuildLiteBehavior [ RunTime:0.000017s ]
INFO: [ app_init ] --END-- [ RunTime:0.000667s ]

[ 2015-08-14T23:28:55+08:00 ] 127.0.0.1 /xiaoshi/Home/Check/index
INFO: [ app_init ] --START--
INFO: Run Behavior\BuildLiteBehavior [ RunTime:0.000016s ]
INFO: [ app_init ] --END-- [ RunTime:0.000659s ]

[ 2015-08-14T23:29:31+08:00 ] 127.0.0.1 /xiaoshi/Home/Check/index
INFO: [ app_init ] --START--
INFO: Run Behavior\BuildLiteBehavior [ RunTime:0.000019s ]
INFO: [ app_init ] --END-- [ RunTime:0.000752s ]

[ 2015-08-14T23:29:32+08:00 ] 127.0.0.1 /xiaoshi/Home/Check/index
INFO: [ app_init ] --START--
INFO: Run Behavior\BuildLiteBehavior [ RunTime:0.000023s ]
INFO: [ app_init ] --END-- [ RunTime:0.000952s ]

[ 2015-08-14T23:29:33+08:00 ] 127.0.0.1 /xiaoshi/Home/Check/index
INFO: [ app_init ] --START--
INFO: Run Behavior\BuildLiteBehavior [ RunTime:0.000016s ]
INFO: [ app_init ] --END-- [ RunTime:0.000659s ]

[ 2015-08-14T23:30:09+08:00 ] 127.0.0.1 /xiaoshi/index.php/Home/Check/toCheck
INFO: [ app_init ] --START--
INFO: Run Behavior\BuildLiteBehavior [ RunTime:0.000025s ]
INFO: [ app_init ] --END-- [ RunTime:0.000917s ]

[ 2015-08-14T23:30:20+08:00 ] 127.0.0.1 /xiaoshi/index.php/Home/Check/toCheck
INFO: [ app_init ] --START--
INFO: Run Behavior\BuildLiteBehavior [ RunTime:0.000018s ]
INFO: [ app_init ] --END-- [ RunTime:0.000715s ]

[ 2015-08-14T23:30:30+08:00 ] 127.0.0.1 /xiaoshi/index.php/Home/Check/toCheck
INFO: [ app_init ] --START--
INFO: Run Behavior\BuildLiteBehavior [ RunTime:0.000025s ]
INFO: [ app_init ] --END-- [ RunTime:0.001534s ]

[ 2015-08-14T23:31:16+08:00 ] 127.0.0.1 /xiaoshi/index.php/Home/Check/toCheck
INFO: [ app_init ] --START--
INFO: Run Behavior\BuildLiteBehavior [ RunTime:0.000018s ]
INFO: [ app_init ] --END-- [ RunTime:0.000610s ]

[ 2015-08-14T23:31:29+08:00 ] 127.0.0.1 /xiaoshi/index.php/Home/Check/toCheck
INFO: [ app_init ] --START--
INFO: Run Behavior\BuildLiteBehavior [ RunTime:0.000017s ]
INFO: [ app_init ] --END-- [ RunTime:0.000623s ]

[ 2015-08-14T23:31:51+08:00 ] 127.0.0.1 /xiaoshi/index.php/Home/Check/toCheck
INFO: [ app_init ] --START--
INFO: Run Behavior\BuildLiteBehavior [ RunTime:0.000017s ]
INFO: [ app_init ] --END-- [ RunTime:0.000687s ]

[ 2015-08-14T23:35:27+08:00 ] 127.0.0.1 /xiaoshi/index.php/Home/Check/toCheck
INFO: [ app_init ] --START--
INFO: Run Behavior\BuildLiteBehavior [ RunTime:0.000018s ]
INFO: [ app_init ] --END-- [ RunTime:0.000627s ]

[ 2015-08-14T23:35:35+08:00 ] 127.0.0.1 /xiaoshi/Home/Check/index
INFO: [ app_init ] --START--
INFO: Run Behavior\BuildLiteBehavior [ RunTime:0.000017s ]
INFO: [ app_init ] --END-- [ RunTime:0.000558s ]

[ 2015-08-14T23:35:47+08:00 ] 127.0.0.1 /xiaoshi/index.php/Home/Check/toCheck
INFO: [ app_init ] --START--
INFO: Run Behavior\BuildLiteBehavior [ RunTime:0.000017s ]
INFO: [ app_init ] --END-- [ RunTime:0.000615s ]

[ 2015-08-14T23:36:12+08:00 ] 127.0.0.1 /xiaoshi/Home/Check/index
INFO: [ app_init ] --START--
INFO: Run Behavior\BuildLiteBehavior [ RunTime:0.000022s ]
INFO: [ app_init ] --END-- [ RunTime:0.000882s ]

[ 2015-08-14T23:36:22+08:00 ] 127.0.0.1 /xiaoshi/index.php/Home/Check/toCheck
INFO: [ app_init ] --START--
INFO: Run Behavior\BuildLiteBehavior [ RunTime:0.000015s ]
INFO: [ app_init ] --END-- [ RunTime:0.000571s ]

[ 2015-08-14T23:36:33+08:00 ] 127.0.0.1 /xiaoshi/index.php/Home/Check/toCheck
INFO: [ app_init ] --START--
INFO: Run Behavior\BuildLiteBehavior [ RunTime:0.000018s ]
INFO: [ app_init ] --END-- [ RunTime:0.000603s ]

[ 2015-08-14T23:36:40+08:00 ] 127.0.0.1 /xiaoshi/index.php/Home/Check/toCheck
INFO: [ app_init ] --START--
INFO: Run Behavior\BuildLiteBehavior [ RunTime:0.000018s ]
INFO: [ app_init ] --END-- [ RunTime:0.000546s ]

[ 2015-08-14T23:36:48+08:00 ] 127.0.0.1 /xiaoshi/index.php/Home/Check/toCheck
INFO: [ app_init ] --START--
INFO: Run Behavior\BuildLiteBehavior [ RunTime:0.000017s ]
INFO: [ app_init ] --END-- [ RunTime:0.000559s ]

[ 2015-08-14T23:37:06+08:00 ] 127.0.0.1 /xiaoshi/index.php/Home/Check/toCheck
INFO: [ app_init ] --START--
INFO: Run Behavior\BuildLiteBehavior [ RunTime:0.000024s ]
INFO: [ app_init ] --END-- [ RunTime:0.001299s ]

[ 2015-08-14T23:37:11+08:00 ] 127.0.0.1 /xiaoshi/index.php/Home/Check/toCheck
INFO: [ app_init ] --START--
INFO: Run Behavior\BuildLiteBehavior [ RunTime:0.000019s ]
INFO: [ app_init ] --END-- [ RunTime:0.000684s ]

[ 2015-08-14T23:37:16+08:00 ] 127.0.0.1 /xiaoshi/index.php/Home/Check/toCheck
INFO: [ app_init ] --START--
INFO: Run Behavior\BuildLiteBehavior [ RunTime:0.000016s ]
INFO: [ app_init ] --END-- [ RunTime:0.000531s ]

[ 2015-08-14T23:37:21+08:00 ] 127.0.0.1 /xiaoshi/index.php/Home/Check/toCheck
INFO: [ app_init ] --START--
INFO: Run Behavior\BuildLiteBehavior [ RunTime:0.000018s ]
INFO: [ app_init ] --END-- [ RunTime:0.000620s ]

[ 2015-08-14T23:37:27+08:00 ] 127.0.0.1 /xiaoshi/index.php/Home/Check/toCheck
INFO: [ app_init ] --START--
INFO: Run Behavior\BuildLiteBehavior [ RunTime:0.000017s ]
INFO: [ app_init ] --END-- [ RunTime:0.000626s ]

[ 2015-08-14T23:37:34+08:00 ] 127.0.0.1 /xiaoshi/index.php/Home/Check/toCheck
INFO: [ app_init ] --START--
INFO: Run Behavior\BuildLiteBehavior [ RunTime:0.000026s ]
INFO: [ app_init ] --END-- [ RunTime:0.000860s ]

[ 2015-08-14T23:37:47+08:00 ] 127.0.0.1 /xiaoshi/index.php/Home/Check/toCheck
INFO: [ app_init ] --START--
INFO: Run Behavior\BuildLiteBehavior [ RunTime:0.000019s ]
INFO: [ app_init ] --END-- [ RunTime:0.000645s ]

[ 2015-08-14T23:37:57+08:00 ] 127.0.0.1 /xiaoshi/index.php/Home/Check/toCheck
INFO: [ app_init ] --START--
INFO: Run Behavior\BuildLiteBehavior [ RunTime:0.000018s ]
INFO: [ app_init ] --END-- [ RunTime:0.000650s ]

[ 2015-08-14T23:39:25+08:00 ] 127.0.0.1 /xiaoshi/index.php/Home/Check/toCheck
INFO: [ app_init ] --START--
INFO: Run Behavior\BuildLiteBehavior [ RunTime:0.000033s ]
INFO: [ app_init ] --END-- [ RunTime:0.004511s ]

[ 2015-08-14T23:39:30+08:00 ] 127.0.0.1 /xiaoshi/index.php/Home/Check/toCheck
INFO: [ app_init ] --START--
INFO: Run Behavior\BuildLiteBehavior [ RunTime:0.000018s ]
INFO: [ app_init ] --END-- [ RunTime:0.000631s ]

[ 2015-08-14T23:39:40+08:00 ] 127.0.0.1 /xiaoshi/Home/Check/index
INFO: [ app_init ] --START--
INFO: Run Behavior\BuildLiteBehavior [ RunTime:0.000017s ]
INFO: [ app_init ] --END-- [ RunTime:0.000638s ]

[ 2015-08-14T23:39:46+08:00 ] 127.0.0.1 /xiaoshi/index.php/Home/Check/toCheck
INFO: [ app_init ] --START--
INFO: Run Behavior\BuildLiteBehavior [ RunTime:0.000018s ]
INFO: [ app_init ] --END-- [ RunTime:0.000683s ]

[ 2015-08-14T23:40:39+08:00 ] 127.0.0.1 /xiaoshi/Home/Check/index
INFO: [ app_init ] --START--
INFO: Run Behavior\BuildLiteBehavior [ RunTime:0.000017s ]
INFO: [ app_init ] --END-- [ RunTime:0.000638s ]

[ 2015-08-14T23:40:55+08:00 ] 127.0.0.1 /xiaoshi/Home/Check/index
INFO: [ app_init ] --START--
INFO: Run Behavior\BuildLiteBehavior [ RunTime:0.000072s ]
INFO: [ app_init ] --END-- [ RunTime:0.001143s ]

[ 2015-08-14T23:41:00+08:00 ] 127.0.0.1 /xiaoshi/index.php/Home/Check/toCheck
INFO: [ app_init ] --START--
INFO: Run Behavior\BuildLiteBehavior [ RunTime:0.000022s ]
INFO: [ app_init ] --END-- [ RunTime:0.000590s ]

[ 2015-08-14T23:41:27+08:00 ] 127.0.0.1 /xiaoshi/index.php/Home/Check/toCheck
INFO: [ app_init ] --START--
INFO: Run Behavior\BuildLiteBehavior [ RunTime:0.000019s ]
INFO: [ app_init ] --END-- [ RunTime:0.000620s ]

[ 2015-08-14T23:41:45+08:00 ] 127.0.0.1 /xiaoshi/Home/Check/index
INFO: [ app_init ] --START--
INFO: Run Behavior\BuildLiteBehavior [ RunTime:0.000017s ]
INFO: [ app_init ] --END-- [ RunTime:0.000613s ]

[ 2015-08-14T23:41:50+08:00 ] 127.0.0.1 /xiaoshi/index.php/Home/Check/toCheck
INFO: [ app_init ] --START--
INFO: Run Behavior\BuildLiteBehavior [ RunTime:0.000017s ]
INFO: [ app_init ] --END-- [ RunTime:0.000695s ]

[ 2015-08-14T23:47:53+08:00 ] 127.0.0.1 /xiaoshi/Home/Check/index
INFO: [ app_init ] --START--
INFO: Run Behavior\BuildLiteBehavior [ RunTime:0.000019s ]
INFO: [ app_init ] --END-- [ RunTime:0.002043s ]

[ 2015-08-14T23:48:00+08:00 ] 127.0.0.1 /xiaoshi/index.php/Home/Check/toCheck
INFO: [ app_init ] --START--
INFO: Run Behavior\BuildLiteBehavior [ RunTime:0.000040s ]
INFO: [ app_init ] --END-- [ RunTime:0.000958s ]

[ 2015-08-14T23:48:07+08:00 ] 127.0.0.1 /xiaoshi/Home/Check/index
INFO: [ app_init ] --START--
INFO: Run Behavior\BuildLiteBehavior [ RunTime:0.000026s ]
INFO: [ app_init ] --END-- [ RunTime:0.000946s ]

[ 2015-08-14T23:48:20+08:00 ] 127.0.0.1 /xiaoshi/index.php/Home/Check/toCheck
INFO: [ app_init ] --START--
INFO: Run Behavior\BuildLiteBehavior [ RunTime:0.000021s ]
INFO: [ app_init ] --END-- [ RunTime:0.000661s ]

[ 2015-08-14T23:59:44+08:00 ] 127.0.0.1 /xiaoshi/Home/Check/index
INFO: [ app_init ] --START--
INFO: Run Behavior\BuildLiteBehavior [ RunTime:0.000030s ]
INFO: [ app_init ] --END-- [ RunTime:0.008902s ]

