[ 2015-08-03T00:00:55+08:00 ] 127.0.0.1 /xiaoshi/index.php/Home/Index/search
INFO: [ app_init ] --START--
INFO: Run Behavior\BuildLiteBehavior [ RunTime:0.000015s ]
INFO: [ app_init ] --END-- [ RunTime:0.000496s ]

[ 2015-08-03T00:01:06+08:00 ] 127.0.0.1 /xiaoshi/
INFO: [ app_init ] --START--
INFO: Run Behavior\BuildLiteBehavior [ RunTime:0.000019s ]
INFO: [ app_init ] --END-- [ RunTime:0.000648s ]

[ 2015-08-03T00:01:08+08:00 ] 127.0.0.1 /xiaoshi/index.php/Home/Index/search
INFO: [ app_init ] --START--
INFO: Run Behavior\BuildLiteBehavior [ RunTime:0.000021s ]
INFO: [ app_init ] --END-- [ RunTime:0.000677s ]

[ 2015-08-03T00:10:08+08:00 ] 127.0.0.1 /xiaoshi/index.php/Home/Index/search
INFO: [ app_init ] --START--
INFO: Run Behavior\BuildLiteBehavior [ RunTime:0.000015s ]
INFO: [ app_init ] --END-- [ RunTime:0.000544s ]

[ 2015-08-03T00:10:20+08:00 ] 127.0.0.1 /xiaoshi/index.php/Home/Index/search
INFO: [ app_init ] --START--
INFO: Run Behavior\BuildLiteBehavior [ RunTime:0.000016s ]
INFO: [ app_init ] --END-- [ RunTime:0.000608s ]

[ 2015-08-03T00:10:54+08:00 ] 127.0.0.1 /xiaoshi/index.php/Home/Index/search
INFO: [ app_init ] --START--
INFO: Run Behavior\BuildLiteBehavior [ RunTime:0.000017s ]
INFO: [ app_init ] --END-- [ RunTime:0.000665s ]

[ 2015-08-03T00:11:02+08:00 ] 127.0.0.1 /xiaoshi/index.php/Home/Index/search
INFO: [ app_init ] --START--
INFO: Run Behavior\BuildLiteBehavior [ RunTime:0.000017s ]
INFO: [ app_init ] --END-- [ RunTime:0.000621s ]

[ 2015-08-03T00:12:28+08:00 ] 127.0.0.1 /xiaoshi/index.php/Home/Index/search
INFO: [ app_init ] --START--
INFO: Run Behavior\BuildLiteBehavior [ RunTime:0.000017s ]
INFO: [ app_init ] --END-- [ RunTime:0.000624s ]

[ 2015-08-03T00:12:31+08:00 ] 127.0.0.1 /xiaoshi/index.php/Home/Index/search
INFO: [ app_init ] --START--
INFO: Run Behavior\BuildLiteBehavior [ RunTime:0.000017s ]
INFO: [ app_init ] --END-- [ RunTime:0.000630s ]

[ 2015-08-03T00:12:34+08:00 ] 127.0.0.1 /xiaoshi/
INFO: [ app_init ] --START--
INFO: Run Behavior\BuildLiteBehavior [ RunTime:0.000016s ]
INFO: [ app_init ] --END-- [ RunTime:0.000622s ]

[ 2015-08-03T00:12:40+08:00 ] 127.0.0.1 /xiaoshi/index.php/Home/Index/search
INFO: [ app_init ] --START--
INFO: Run Behavior\BuildLiteBehavior [ RunTime:0.000015s ]
INFO: [ app_init ] --END-- [ RunTime:0.000543s ]

[ 2015-08-03T00:20:34+08:00 ] 127.0.0.1 /xiaoshi/
INFO: [ app_init ] --START--
INFO: Run Behavior\BuildLiteBehavior [ RunTime:0.000025s ]
INFO: [ app_init ] --END-- [ RunTime:0.000856s ]

[ 2015-08-03T00:20:38+08:00 ] 127.0.0.1 /xiaoshi/index.php/Home/Index/search
INFO: [ app_init ] --START--
INFO: Run Behavior\BuildLiteBehavior [ RunTime:0.000017s ]
INFO: [ app_init ] --END-- [ RunTime:0.000667s ]

[ 2015-08-03T00:21:37+08:00 ] 127.0.0.1 /xiaoshi/index.php/Home/Index/search
INFO: [ app_init ] --START--
INFO: Run Behavior\BuildLiteBehavior [ RunTime:0.000016s ]
INFO: [ app_init ] --END-- [ RunTime:0.000542s ]

[ 2015-08-03T00:21:39+08:00 ] 127.0.0.1 /xiaoshi/index.php/Home/Index/search
INFO: [ app_init ] --START--
INFO: Run Behavior\BuildLiteBehavior [ RunTime:0.000061s ]
INFO: [ app_init ] --END-- [ RunTime:0.001784s ]

[ 2015-08-03T00:21:46+08:00 ] 127.0.0.1 /xiaoshi/index.php/Home/Index/search
INFO: [ app_init ] --START--
INFO: Run Behavior\BuildLiteBehavior [ RunTime:0.000156s ]
INFO: [ app_init ] --END-- [ RunTime:0.002063s ]

[ 2015-08-03T00:21:48+08:00 ] 127.0.0.1 /xiaoshi/
INFO: [ app_init ] --START--
INFO: Run Behavior\BuildLiteBehavior [ RunTime:0.000016s ]
INFO: [ app_init ] --END-- [ RunTime:0.000624s ]

[ 2015-08-03T00:21:54+08:00 ] 127.0.0.1 /xiaoshi/index.php/Home/Index/search
INFO: [ app_init ] --START--
INFO: Run Behavior\BuildLiteBehavior [ RunTime:0.000024s ]
INFO: [ app_init ] --END-- [ RunTime:0.000688s ]

[ 2015-08-03T00:22:19+08:00 ] 127.0.0.1 /xiaoshi/index.php/Home/Index/search
INFO: [ app_init ] --START--
INFO: Run Behavior\BuildLiteBehavior [ RunTime:0.000116s ]
INFO: [ app_init ] --END-- [ RunTime:0.001258s ]

[ 2015-08-03T00:22:54+08:00 ] 127.0.0.1 /xiaoshi/index.php/Home/Index/search
INFO: [ app_init ] --START--
INFO: Run Behavior\BuildLiteBehavior [ RunTime:0.000016s ]
INFO: [ app_init ] --END-- [ RunTime:0.000607s ]

[ 2015-08-03T00:22:58+08:00 ] 127.0.0.1 /xiaoshi/
INFO: [ app_init ] --START--
INFO: Run Behavior\BuildLiteBehavior [ RunTime:0.000016s ]
INFO: [ app_init ] --END-- [ RunTime:0.000525s ]

[ 2015-08-03T00:23:02+08:00 ] 127.0.0.1 /xiaoshi/index.php/Home/Index/Index/search
INFO: [ app_init ] --START--
INFO: Run Behavior\BuildLiteBehavior [ RunTime:0.000015s ]
INFO: [ app_init ] --END-- [ RunTime:0.000568s ]

[ 2015-08-03T00:23:28+08:00 ] 127.0.0.1 /xiaoshi/index.php/Home/Index/Index/search
INFO: [ app_init ] --START--
INFO: Run Behavior\BuildLiteBehavior [ RunTime:0.000016s ]
INFO: [ app_init ] --END-- [ RunTime:0.000614s ]

[ 2015-08-03T00:23:31+08:00 ] 127.0.0.1 /xiaoshi/
INFO: [ app_init ] --START--
INFO: Run Behavior\BuildLiteBehavior [ RunTime:0.000016s ]
INFO: [ app_init ] --END-- [ RunTime:0.000628s ]

[ 2015-08-03T00:23:38+08:00 ] 127.0.0.1 /xiaoshi/index.php/Home/Index/search
INFO: [ app_init ] --START--
INFO: Run Behavior\BuildLiteBehavior [ RunTime:0.000017s ]
INFO: [ app_init ] --END-- [ RunTime:0.000684s ]

[ 2015-08-03T09:54:50+08:00 ] 127.0.0.1 /xiaoshi/index.php/
INFO: [ app_init ] --START--
INFO: Run Behavior\BuildLiteBehavior [ RunTime:0.000047s ]
INFO: [ app_init ] --END-- [ RunTime:0.002090s ]

[ 2015-08-03T09:54:57+08:00 ] 127.0.0.1 /xiaoshi/index.php/Home/Index/search
INFO: [ app_init ] --START--
INFO: Run Behavior\BuildLiteBehavior [ RunTime:0.000015s ]
INFO: [ app_init ] --END-- [ RunTime:0.000611s ]

[ 2015-08-03T09:57:29+08:00 ] 127.0.0.1 /xiaoshi/index.php/Home/Index/search
INFO: [ app_init ] --START--
INFO: Run Behavior\BuildLiteBehavior [ RunTime:0.000017s ]
INFO: [ app_init ] --END-- [ RunTime:0.000644s ]

[ 2015-08-03T09:57:50+08:00 ] 127.0.0.1 /xiaoshi/index.php/Home/Index/search
INFO: [ app_init ] --START--
INFO: Run Behavior\BuildLiteBehavior [ RunTime:0.000016s ]
INFO: [ app_init ] --END-- [ RunTime:0.000582s ]

[ 2015-08-03T09:57:56+08:00 ] 127.0.0.1 /xiaoshi/index.php/Home/Index/search
INFO: [ app_init ] --START--
INFO: Run Behavior\BuildLiteBehavior [ RunTime:0.000018s ]
INFO: [ app_init ] --END-- [ RunTime:0.000629s ]

[ 2015-08-03T09:58:25+08:00 ] 127.0.0.1 /xiaoshi/index.php/Home/Index/search
INFO: [ app_init ] --START--
INFO: Run Behavior\BuildLiteBehavior [ RunTime:0.000017s ]
INFO: [ app_init ] --END-- [ RunTime:0.000713s ]

[ 2015-08-03T09:58:36+08:00 ] 127.0.0.1 /xiaoshi/index.php/Home/Index/search
INFO: [ app_init ] --START--
INFO: Run Behavior\BuildLiteBehavior [ RunTime:0.000016s ]
INFO: [ app_init ] --END-- [ RunTime:0.000578s ]

[ 2015-08-03T10:00:28+08:00 ] 127.0.0.1 /xiaoshi/index.php/Home/Index/search
INFO: [ app_init ] --START--
INFO: Run Behavior\BuildLiteBehavior [ RunTime:0.000017s ]
INFO: [ app_init ] --END-- [ RunTime:0.000624s ]

[ 2015-08-03T10:00:49+08:00 ] 127.0.0.1 /xiaoshi/index.php/Home/Index/search
INFO: [ app_init ] --START--
INFO: Run Behavior\BuildLiteBehavior [ RunTime:0.000016s ]
INFO: [ app_init ] --END-- [ RunTime:0.000583s ]

[ 2015-08-03T10:01:28+08:00 ] 127.0.0.1 /xiaoshi/index.php/Home/Index/search
INFO: [ app_init ] --START--
INFO: Run Behavior\BuildLiteBehavior [ RunTime:0.000015s ]
INFO: [ app_init ] --END-- [ RunTime:0.000548s ]

[ 2015-08-03T10:03:28+08:00 ] 127.0.0.1 /xiaoshi/index.php/Home/Index/search
INFO: [ app_init ] --START--
INFO: Run Behavior\BuildLiteBehavior [ RunTime:0.000016s ]
INFO: [ app_init ] --END-- [ RunTime:0.000636s ]

[ 2015-08-03T10:04:07+08:00 ] 127.0.0.1 /xiaoshi/index.php/Home/Index/search
INFO: [ app_init ] --START--
INFO: Run Behavior\BuildLiteBehavior [ RunTime:0.000016s ]
INFO: [ app_init ] --END-- [ RunTime:0.000608s ]

[ 2015-08-03T10:04:54+08:00 ] 127.0.0.1 /xiaoshi/index.php/Home/Index/search
INFO: [ app_init ] --START--
INFO: Run Behavior\BuildLiteBehavior [ RunTime:0.000058s ]
INFO: [ app_init ] --END-- [ RunTime:0.001505s ]

[ 2015-08-03T10:05:33+08:00 ] 127.0.0.1 /xiaoshi/index.php/Home/Index/search
INFO: [ app_init ] --START--
INFO: Run Behavior\BuildLiteBehavior [ RunTime:0.000015s ]
INFO: [ app_init ] --END-- [ RunTime:0.000541s ]

[ 2015-08-03T10:05:40+08:00 ] 127.0.0.1 /xiaoshi/index.php/Home/Index/search
INFO: [ app_init ] --START--
INFO: Run Behavior\BuildLiteBehavior [ RunTime:0.000015s ]
INFO: [ app_init ] --END-- [ RunTime:0.000579s ]

[ 2015-08-03T10:06:19+08:00 ] 127.0.0.1 /xiaoshi/index.php/Home/Index/search
INFO: [ app_init ] --START--
INFO: Run Behavior\BuildLiteBehavior [ RunTime:0.000017s ]
INFO: [ app_init ] --END-- [ RunTime:0.000592s ]

[ 2015-08-03T10:06:34+08:00 ] 127.0.0.1 /xiaoshi/index.php/Home/Index/search
INFO: [ app_init ] --START--
INFO: Run Behavior\BuildLiteBehavior [ RunTime:0.000015s ]
INFO: [ app_init ] --END-- [ RunTime:0.000637s ]

[ 2015-08-03T10:06:44+08:00 ] 127.0.0.1 /xiaoshi/index.php/Home/Index/search
INFO: [ app_init ] --START--
INFO: Run Behavior\BuildLiteBehavior [ RunTime:0.000061s ]
INFO: [ app_init ] --END-- [ RunTime:0.001269s ]

[ 2015-08-03T23:26:14+08:00 ] 127.0.0.1 /xiaoshi/index.php/Home/Login
INFO: [ app_init ] --START--
INFO: Run Behavior\BuildLiteBehavior [ RunTime:0.000020s ]
INFO: [ app_init ] --END-- [ RunTime:0.001023s ]
ERR: 无法加载控制器:Login

[ 2015-08-03T23:26:28+08:00 ] 127.0.0.1 /xiaoshi/index.php/Home/
INFO: [ app_init ] --START--
INFO: Run Behavior\BuildLiteBehavior [ RunTime:0.000034s ]
INFO: [ app_init ] --END-- [ RunTime:0.001934s ]

[ 2015-08-03T23:29:51+08:00 ] 127.0.0.1 /xiaoshi/index.php/Home/Login/index.html
INFO: [ app_init ] --START--
INFO: Run Behavior\BuildLiteBehavior [ RunTime:0.000024s ]
INFO: [ app_init ] --END-- [ RunTime:0.001185s ]
ERR: 无法加载控制器:Login

[ 2015-08-03T23:30:33+08:00 ] 127.0.0.1 /xiaoshi/index.php/Home/Login/index.html
INFO: [ app_init ] --START--
INFO: Run Behavior\BuildLiteBehavior [ RunTime:0.000015s ]
INFO: [ app_init ] --END-- [ RunTime:0.000580s ]

[ 2015-08-03T23:30:43+08:00 ] 127.0.0.1 /xiaoshi/index.php/Home/Login/index.html
INFO: [ app_init ] --START--
INFO: Run Behavior\BuildLiteBehavior [ RunTime:0.000016s ]
INFO: [ app_init ] --END-- [ RunTime:0.000580s ]

[ 2015-08-03T23:30:47+08:00 ] 127.0.0.1 /xiaoshi/index.php/Home/Login/search
INFO: [ app_init ] --START--
INFO: Run Behavior\BuildLiteBehavior [ RunTime:0.000032s ]
INFO: [ app_init ] --END-- [ RunTime:0.001463s ]
ERR: 非法操作:search

[ 2015-08-03T23:43:45+08:00 ] 127.0.0.1 /xiaoshi/index.php/Home/Login
INFO: [ app_init ] --START--
INFO: Run Behavior\BuildLiteBehavior [ RunTime:0.000016s ]
INFO: [ app_init ] --END-- [ RunTime:0.000503s ]

[ 2015-08-03T23:43:45+08:00 ] 127.0.0.1 /xiaoshi/index.php/Home/Login/Public/index
INFO: [ app_init ] --START--
INFO: Run Behavior\BuildLiteBehavior [ RunTime:0.000015s ]
INFO: [ app_init ] --END-- [ RunTime:0.000513s ]
ERR: 非法操作:Public

[ 2015-08-03T23:43:59+08:00 ] 127.0.0.1 /xiaoshi/index.php/Home/Login
INFO: [ app_init ] --START--
INFO: Run Behavior\BuildLiteBehavior [ RunTime:0.000016s ]
INFO: [ app_init ] --END-- [ RunTime:0.000639s ]

[ 2015-08-03T23:43:59+08:00 ] 127.0.0.1 /xiaoshi/index.php/Home/Login/Public/index
INFO: [ app_init ] --START--
INFO: Run Behavior\BuildLiteBehavior [ RunTime:0.000020s ]
INFO: [ app_init ] --END-- [ RunTime:0.000685s ]
ERR: 非法操作:Public

[ 2015-08-03T23:44:17+08:00 ] 127.0.0.1 /xiaoshi/index.php/Home/Login
INFO: [ app_init ] --START--
INFO: Run Behavior\BuildLiteBehavior [ RunTime:0.000016s ]
INFO: [ app_init ] --END-- [ RunTime:0.000547s ]

[ 2015-08-03T23:44:22+08:00 ] 127.0.0.1 /xiaoshi/index.php/Home/Login
INFO: [ app_init ] --START--
INFO: Run Behavior\BuildLiteBehavior [ RunTime:0.000016s ]
INFO: [ app_init ] --END-- [ RunTime:0.000585s ]

[ 2015-08-03T23:44:23+08:00 ] 127.0.0.1 /xiaoshi/index.php/Home/Login
INFO: [ app_init ] --START--
INFO: Run Behavior\BuildLiteBehavior [ RunTime:0.000017s ]
INFO: [ app_init ] --END-- [ RunTime:0.000598s ]

[ 2015-08-03T23:47:25+08:00 ] 127.0.0.1 /xiaoshi/index.php/Home/Login
INFO: [ app_init ] --START--
INFO: Run Behavior\BuildLiteBehavior [ RunTime:0.000016s ]
INFO: [ app_init ] --END-- [ RunTime:0.000581s ]

[ 2015-08-03T23:47:25+08:00 ] 127.0.0.1 /xiaoshi/index.php/Home/Login
INFO: [ app_init ] --START--
INFO: Run Behavior\BuildLiteBehavior [ RunTime:0.000023s ]
INFO: [ app_init ] --END-- [ RunTime:0.000785s ]

[ 2015-08-03T23:47:25+08:00 ] 127.0.0.1 /xiaoshi/index.php/Home/Login
INFO: [ app_init ] --START--
INFO: Run Behavior\BuildLiteBehavior [ RunTime:0.000023s ]
INFO: [ app_init ] --END-- [ RunTime:0.000565s ]

[ 2015-08-03T23:47:26+08:00 ] 127.0.0.1 /xiaoshi/index.php/Home/Login
INFO: [ app_init ] --START--
INFO: Run Behavior\BuildLiteBehavior [ RunTime:0.000019s ]
INFO: [ app_init ] --END-- [ RunTime:0.000540s ]

[ 2015-08-03T23:48:24+08:00 ] 127.0.0.1 /xiaoshi/index.php/Home
INFO: [ app_init ] --START--
INFO: Run Behavior\BuildLiteBehavior [ RunTime:0.000016s ]
INFO: [ app_init ] --END-- [ RunTime:0.000538s ]

[ 2015-08-03T23:48:34+08:00 ] 127.0.0.1 /xiaoshi/index.php/Home/Public
INFO: [ app_init ] --START--
INFO: Run Behavior\BuildLiteBehavior [ RunTime:0.000046s ]
INFO: [ app_init ] --END-- [ RunTime:0.001482s ]

[ 2015-08-03T23:49:27+08:00 ] 127.0.0.1 /xiaoshi/index.php/Home/Public
INFO: [ app_init ] --START--
INFO: Run Behavior\BuildLiteBehavior [ RunTime:0.000026s ]
INFO: [ app_init ] --END-- [ RunTime:0.001493s ]

[ 2015-08-03T23:49:41+08:00 ] 127.0.0.1 /xiaoshi/index.php/Home/Login
INFO: [ app_init ] --START--
INFO: Run Behavior\BuildLiteBehavior [ RunTime:0.000015s ]
INFO: [ app_init ] --END-- [ RunTime:0.000530s ]

[ 2015-08-03T23:49:41+08:00 ] 127.0.0.1 /xiaoshi/index.php/Home/Public/index
INFO: [ app_init ] --START--
INFO: Run Behavior\BuildLiteBehavior [ RunTime:0.000024s ]
INFO: [ app_init ] --END-- [ RunTime:0.000780s ]

