[ 2015-08-18T19:21:26+08:00 ] 127.0.0.1 /xiaoshi/Home/Question/toMemcache
INFO: [ app_init ] --START--
INFO: Run Behavior\BuildLiteBehavior [ RunTime:0.000024s ]
INFO: [ app_init ] --END-- [ RunTime:0.009279s ]
INFO: [ app_begin ] --START--
INFO: Run Behavior\ReadHtmlCacheBehavior [ RunTime:0.013660s ]
INFO: [ app_begin ] --END-- [ RunTime:0.013742s ]
SQL: SHOW COLUMNS FROM `xs_questions` [ RunTime:0.1930s ]
SQL: SELECT * FROM `xs_questions`  [ RunTime:0.0013s ]
INFO: [ app_end ] --START--
INFO: Run Behavior\ShowPageTraceBehavior [ RunTime:0.015569s ]
INFO: [ app_end ] --END-- [ RunTime:0.015671s ]

[ 2015-08-18T19:21:34+08:00 ] 127.0.0.1 /xiaoshi/Home/Check/index
INFO: [ app_init ] --START--
INFO: Run Behavior\BuildLiteBehavior [ RunTime:0.000016s ]
INFO: [ app_init ] --END-- [ RunTime:0.000611s ]
INFO: [ app_begin ] --START--
INFO: Run Behavior\ReadHtmlCacheBehavior [ RunTime:0.001840s ]
INFO: [ app_begin ] --END-- [ RunTime:0.001930s ]
INFO: [ view_parse ] --START--
INFO: [ template_filter ] --START--
INFO: Run Behavior\ContentReplaceBehavior [ RunTime:0.000160s ]
INFO: [ template_filter ] --END-- [ RunTime:0.000225s ]
INFO: Run Behavior\ParseTemplateBehavior [ RunTime:0.111143s ]
INFO: [ view_parse ] --END-- [ RunTime:0.111247s ]
INFO: [ view_filter ] --START--
INFO: Run Behavior\WriteHtmlCacheBehavior [ RunTime:0.028565s ]
INFO: [ view_filter ] --END-- [ RunTime:0.028638s ]
INFO: [ app_end ] --START--
INFO: Run Behavior\ShowPageTraceBehavior [ RunTime:0.002751s ]
INFO: [ app_end ] --END-- [ RunTime:0.002918s ]

[ 2015-08-18T19:21:38+08:00 ] 127.0.0.1 /xiaoshi/index.php/Home/Check/toCheck
INFO: [ app_init ] --START--
INFO: Run Behavior\BuildLiteBehavior [ RunTime:0.000026s ]
INFO: [ app_init ] --END-- [ RunTime:0.002224s ]
INFO: [ app_begin ] --START--
INFO: Run Behavior\ReadHtmlCacheBehavior [ RunTime:0.002554s ]
INFO: [ app_begin ] --END-- [ RunTime:0.002648s ]

[ 2015-08-18T19:21:49+08:00 ] 127.0.0.1 /xiaoshi/index.php/Home/Check/toCheck
INFO: [ app_init ] --START--
INFO: Run Behavior\BuildLiteBehavior [ RunTime:0.000032s ]
INFO: [ app_init ] --END-- [ RunTime:0.000817s ]
INFO: [ app_begin ] --START--
INFO: Run Behavior\ReadHtmlCacheBehavior [ RunTime:0.001304s ]
INFO: [ app_begin ] --END-- [ RunTime:0.001840s ]

[ 2015-08-18T19:21:55+08:00 ] 127.0.0.1 /xiaoshi/index.php/Home/Login/toLogin
INFO: [ app_init ] --START--
INFO: Run Behavior\BuildLiteBehavior [ RunTime:0.000024s ]
INFO: [ app_init ] --END-- [ RunTime:0.000671s ]
INFO: [ app_begin ] --START--
INFO: Run Behavior\ReadHtmlCacheBehavior [ RunTime:0.000693s ]
INFO: [ app_begin ] --END-- [ RunTime:0.000758s ]
SQL: SHOW COLUMNS FROM `xs_user` [ RunTime:0.1900s ]
SQL: SELECT `stuid`,`time`,`mark`,`qqueue`,`aqueue` FROM `xs_user` WHERE `xuehao` = '71114223' AND `yikatong` = 223 LIMIT 1   [ RunTime:0.0044s ]

[ 2015-08-18T19:22:00+08:00 ] 127.0.0.1 /xiaoshi/index.php/Home/Login/toLogin
INFO: [ app_init ] --START--
INFO: Run Behavior\BuildLiteBehavior [ RunTime:0.000017s ]
INFO: [ app_init ] --END-- [ RunTime:0.000589s ]
INFO: [ app_begin ] --START--
INFO: Run Behavior\ReadHtmlCacheBehavior [ RunTime:0.000668s ]
INFO: [ app_begin ] --END-- [ RunTime:0.000730s ]
SQL: SHOW COLUMNS FROM `xs_user` [ RunTime:0.0323s ]
SQL: SELECT `stuid`,`time`,`mark`,`qqueue`,`aqueue` FROM `xs_user` WHERE `xuehao` = '71114224' AND `yikatong` = 224 LIMIT 1   [ RunTime:0.0004s ]

[ 2015-08-18T19:22:05+08:00 ] 127.0.0.1 /xiaoshi/index.php/Home/Login/toLogin
INFO: [ app_init ] --START--
INFO: Run Behavior\BuildLiteBehavior [ RunTime:0.000017s ]
INFO: [ app_init ] --END-- [ RunTime:0.000594s ]
INFO: [ app_begin ] --START--
INFO: Run Behavior\ReadHtmlCacheBehavior [ RunTime:0.000605s ]
INFO: [ app_begin ] --END-- [ RunTime:0.000669s ]
SQL: SHOW COLUMNS FROM `xs_user` [ RunTime:0.0098s ]
SQL: SELECT `stuid`,`time`,`mark`,`qqueue`,`aqueue` FROM `xs_user` WHERE `xuehao` = '71114225' AND `yikatong` = 225 LIMIT 1   [ RunTime:0.0004s ]

[ 2015-08-18T19:22:48+08:00 ] 127.0.0.1 /xiaoshi/Home/Check/index
INFO: [ app_init ] --START--
INFO: Run Behavior\BuildLiteBehavior [ RunTime:0.000025s ]
INFO: [ app_init ] --END-- [ RunTime:0.001063s ]
INFO: [ app_begin ] --START--
INFO: Run Behavior\ReadHtmlCacheBehavior [ RunTime:0.002107s ]
INFO: [ app_begin ] --END-- [ RunTime:0.002216s ]
INFO: [ view_parse ] --START--
INFO: [ template_filter ] --START--
INFO: Run Behavior\ContentReplaceBehavior [ RunTime:0.000159s ]
INFO: [ template_filter ] --END-- [ RunTime:0.000222s ]
INFO: Run Behavior\ParseTemplateBehavior [ RunTime:0.047406s ]
INFO: [ view_parse ] --END-- [ RunTime:0.047485s ]
INFO: [ view_filter ] --START--
INFO: Run Behavior\WriteHtmlCacheBehavior [ RunTime:0.001539s ]
INFO: [ view_filter ] --END-- [ RunTime:0.001599s ]
INFO: [ app_end ] --START--
INFO: Run Behavior\ShowPageTraceBehavior [ RunTime:0.004037s ]
INFO: [ app_end ] --END-- [ RunTime:0.004173s ]

[ 2015-08-18T19:22:51+08:00 ] 127.0.0.1 /xiaoshi/index.php/Home/Check/toCheck
INFO: [ app_init ] --START--
INFO: Run Behavior\BuildLiteBehavior [ RunTime:0.000028s ]
INFO: [ app_init ] --END-- [ RunTime:0.001188s ]
INFO: [ app_begin ] --START--
INFO: Run Behavior\ReadHtmlCacheBehavior [ RunTime:0.003590s ]
INFO: [ app_begin ] --END-- [ RunTime:0.003799s ]

[ 2015-08-18T19:22:55+08:00 ] 127.0.0.1 /xiaoshi/index.php/Home/Check/toCheck
INFO: [ app_init ] --START--
INFO: Run Behavior\BuildLiteBehavior [ RunTime:0.000017s ]
INFO: [ app_init ] --END-- [ RunTime:0.000845s ]
INFO: [ app_begin ] --START--
INFO: Run Behavior\ReadHtmlCacheBehavior [ RunTime:0.003087s ]
INFO: [ app_begin ] --END-- [ RunTime:0.003184s ]

[ 2015-08-18T19:23:00+08:00 ] 127.0.0.1 /xiaoshi/index.php/Home/Check/toCheck
INFO: [ app_init ] --START--
INFO: Run Behavior\BuildLiteBehavior [ RunTime:0.000023s ]
INFO: [ app_init ] --END-- [ RunTime:0.000819s ]
INFO: [ app_begin ] --START--
INFO: Run Behavior\ReadHtmlCacheBehavior [ RunTime:0.002322s ]
INFO: [ app_begin ] --END-- [ RunTime:0.002424s ]

[ 2015-08-18T19:23:05+08:00 ] 127.0.0.1 /xiaoshi/index.php/Home/Login/toLogin
INFO: [ app_init ] --START--
INFO: Run Behavior\BuildLiteBehavior [ RunTime:0.000017s ]
INFO: [ app_init ] --END-- [ RunTime:0.000837s ]
INFO: [ app_begin ] --START--
INFO: Run Behavior\ReadHtmlCacheBehavior [ RunTime:0.001498s ]
INFO: [ app_begin ] --END-- [ RunTime:0.001561s ]
SQL: SHOW COLUMNS FROM `xs_user` [ RunTime:0.0107s ]
SQL: SELECT `stuid`,`time`,`mark`,`qqueue`,`aqueue` FROM `xs_user` WHERE `xuehao` = '71114223' AND `yikatong` = 223 LIMIT 1   [ RunTime:0.0004s ]
SQL: UPDATE `xs_user` SET `time`='1439896985' WHERE `stuID` = 1 [ RunTime:0.0157s ]

[ 2015-08-18T19:23:06+08:00 ] 127.0.0.1 /xiaoshi/index.php/Home/Time/toSubmit
INFO: [ app_init ] --START--
INFO: Run Behavior\BuildLiteBehavior [ RunTime:0.000039s ]
INFO: [ app_init ] --END-- [ RunTime:0.002565s ]
INFO: [ app_begin ] --START--
INFO: Run Behavior\ReadHtmlCacheBehavior [ RunTime:0.003676s ]
INFO: [ app_begin ] --END-- [ RunTime:0.003798s ]
ERR: 无法加载控制器:Time

[ 2015-08-18T19:23:25+08:00 ] 127.0.0.1 /xiaoshi/Home/Check/index
INFO: [ app_init ] --START--
INFO: Run Behavior\BuildLiteBehavior [ RunTime:0.000019s ]
INFO: [ app_init ] --END-- [ RunTime:0.000829s ]
INFO: [ app_begin ] --START--
INFO: Run Behavior\ReadHtmlCacheBehavior [ RunTime:0.001474s ]
INFO: [ app_begin ] --END-- [ RunTime:0.001546s ]
INFO: [ view_parse ] --START--
INFO: [ template_filter ] --START--
INFO: Run Behavior\ContentReplaceBehavior [ RunTime:0.000175s ]
INFO: [ template_filter ] --END-- [ RunTime:0.000245s ]
INFO: Run Behavior\ParseTemplateBehavior [ RunTime:0.052468s ]
INFO: [ view_parse ] --END-- [ RunTime:0.052570s ]
INFO: [ view_filter ] --START--
INFO: Run Behavior\WriteHtmlCacheBehavior [ RunTime:0.001387s ]
INFO: [ view_filter ] --END-- [ RunTime:0.001451s ]
INFO: [ app_end ] --START--
INFO: Run Behavior\ShowPageTraceBehavior [ RunTime:0.004566s ]
INFO: [ app_end ] --END-- [ RunTime:0.004683s ]

[ 2015-08-18T19:23:29+08:00 ] 127.0.0.1 /xiaoshi/index.php/Home/Check/toCheck
INFO: [ app_init ] --START--
INFO: Run Behavior\BuildLiteBehavior [ RunTime:0.000019s ]
INFO: [ app_init ] --END-- [ RunTime:0.000816s ]
INFO: [ app_begin ] --START--
INFO: Run Behavior\ReadHtmlCacheBehavior [ RunTime:0.001392s ]
INFO: [ app_begin ] --END-- [ RunTime:0.001461s ]

[ 2015-08-18T19:23:35+08:00 ] 127.0.0.1 /xiaoshi/index.php/Home/Check/toCheck
INFO: [ app_init ] --START--
INFO: Run Behavior\BuildLiteBehavior [ RunTime:0.000018s ]
INFO: [ app_init ] --END-- [ RunTime:0.000845s ]
INFO: [ app_begin ] --START--
INFO: Run Behavior\ReadHtmlCacheBehavior [ RunTime:0.000970s ]
INFO: [ app_begin ] --END-- [ RunTime:0.001580s ]

[ 2015-08-18T19:23:41+08:00 ] 127.0.0.1 /xiaoshi/index.php/Home/Login/toLogin
INFO: [ app_init ] --START--
INFO: Run Behavior\BuildLiteBehavior [ RunTime:0.000017s ]
INFO: [ app_init ] --END-- [ RunTime:0.000646s ]
INFO: [ app_begin ] --START--
INFO: Run Behavior\ReadHtmlCacheBehavior [ RunTime:0.000985s ]
INFO: [ app_begin ] --END-- [ RunTime:0.001057s ]
SQL: SHOW COLUMNS FROM `xs_user` [ RunTime:0.0303s ]
SQL: SELECT `stuid`,`time`,`mark`,`qqueue`,`aqueue` FROM `xs_user` WHERE `xuehao` = '71114223' AND `yikatong` = 223 LIMIT 1   [ RunTime:0.0009s ]
SQL: UPDATE `xs_user` SET `time`='1439897021' WHERE `stuID` = 1 [ RunTime:0.0222s ]

[ 2015-08-18T19:23:41+08:00 ] 127.0.0.1 /xiaoshi/index.php/Home/Time/toSubmit
INFO: [ app_init ] --START--
INFO: Run Behavior\BuildLiteBehavior [ RunTime:0.000016s ]
INFO: [ app_init ] --END-- [ RunTime:0.000587s ]
INFO: [ app_begin ] --START--
INFO: Run Behavior\ReadHtmlCacheBehavior [ RunTime:0.001034s ]
INFO: [ app_begin ] --END-- [ RunTime:0.001128s ]
ERR: 无法加载控制器:Time

[ 2015-08-18T19:24:22+08:00 ] 127.0.0.1 /xiaoshi/Home/Check/index
INFO: [ app_init ] --START--
INFO: Run Behavior\BuildLiteBehavior [ RunTime:0.000020s ]
INFO: [ app_init ] --END-- [ RunTime:0.002103s ]
INFO: [ app_begin ] --START--
INFO: Run Behavior\ReadHtmlCacheBehavior [ RunTime:0.001924s ]
INFO: [ app_begin ] --END-- [ RunTime:0.002021s ]
INFO: [ view_parse ] --START--
INFO: [ template_filter ] --START--
INFO: Run Behavior\ContentReplaceBehavior [ RunTime:0.000191s ]
INFO: [ template_filter ] --END-- [ RunTime:0.000278s ]
INFO: Run Behavior\ParseTemplateBehavior [ RunTime:0.054795s ]
INFO: [ view_parse ] --END-- [ RunTime:0.054891s ]
INFO: [ view_filter ] --START--
INFO: Run Behavior\WriteHtmlCacheBehavior [ RunTime:0.001435s ]
INFO: [ view_filter ] --END-- [ RunTime:0.001509s ]
INFO: [ app_end ] --START--
INFO: Run Behavior\ShowPageTraceBehavior [ RunTime:0.003423s ]
INFO: [ app_end ] --END-- [ RunTime:0.003703s ]

[ 2015-08-18T19:24:26+08:00 ] 127.0.0.1 /xiaoshi/index.php/Home/Check/toCheck
INFO: [ app_init ] --START--
INFO: Run Behavior\BuildLiteBehavior [ RunTime:0.000018s ]
INFO: [ app_init ] --END-- [ RunTime:0.000660s ]
INFO: [ app_begin ] --START--
INFO: Run Behavior\ReadHtmlCacheBehavior [ RunTime:0.000954s ]
INFO: [ app_begin ] --END-- [ RunTime:0.001031s ]

[ 2015-08-18T19:24:34+08:00 ] 127.0.0.1 /xiaoshi/index.php/Home/Login/toLogin
INFO: [ app_init ] --START--
INFO: Run Behavior\BuildLiteBehavior [ RunTime:0.000017s ]
INFO: [ app_init ] --END-- [ RunTime:0.000640s ]
INFO: [ app_begin ] --START--
INFO: Run Behavior\ReadHtmlCacheBehavior [ RunTime:0.000921s ]
INFO: [ app_begin ] --END-- [ RunTime:0.000987s ]
SQL: SHOW COLUMNS FROM `xs_user` [ RunTime:0.0104s ]
SQL: SELECT `stuid`,`time`,`mark`,`qqueue`,`aqueue` FROM `xs_user` WHERE `xuehao` = '71114223' AND `yikatong` = 223 LIMIT 1   [ RunTime:0.0005s ]

[ 2015-08-18T19:24:55+08:00 ] 127.0.0.1 /xiaoshi/index.php/Home/Login/toLogin
INFO: [ app_init ] --START--
INFO: Run Behavior\BuildLiteBehavior [ RunTime:0.000018s ]
INFO: [ app_init ] --END-- [ RunTime:0.000608s ]
INFO: [ app_begin ] --START--
INFO: Run Behavior\ReadHtmlCacheBehavior [ RunTime:0.000969s ]
INFO: [ app_begin ] --END-- [ RunTime:0.001034s ]
SQL: SHOW COLUMNS FROM `xs_user` [ RunTime:0.0138s ]
SQL: SELECT `stuid`,`time`,`mark`,`qqueue`,`aqueue` FROM `xs_user` WHERE `xuehao` = '71114223' AND `yikatong` = 223 LIMIT 1   [ RunTime:0.0005s ]

[ 2015-08-18T19:24:55+08:00 ] 127.0.0.1 /xiaoshi/index.php/Home/Time/toSubmit
INFO: [ app_init ] --START--
INFO: Run Behavior\BuildLiteBehavior [ RunTime:0.000016s ]
INFO: [ app_init ] --END-- [ RunTime:0.000637s ]
INFO: [ app_begin ] --START--
INFO: Run Behavior\ReadHtmlCacheBehavior [ RunTime:0.000969s ]
INFO: [ app_begin ] --END-- [ RunTime:0.001044s ]
ERR: 无法加载控制器:Time

[ 2015-08-18T19:44:56+08:00 ] 127.0.0.1 /xiaoshi/Home/Check/index
INFO: [ app_init ] --START--
INFO: Run Behavior\BuildLiteBehavior [ RunTime:0.000017s ]
INFO: [ app_init ] --END-- [ RunTime:0.000621s ]
INFO: [ app_begin ] --START--
INFO: Run Behavior\ReadHtmlCacheBehavior [ RunTime:0.000939s ]
INFO: [ app_begin ] --END-- [ RunTime:0.001000s ]
INFO: [ view_parse ] --START--
INFO: [ template_filter ] --START--
INFO: Run Behavior\ContentReplaceBehavior [ RunTime:0.000166s ]
INFO: [ template_filter ] --END-- [ RunTime:0.000228s ]
INFO: Run Behavior\ParseTemplateBehavior [ RunTime:0.041607s ]
INFO: [ view_parse ] --END-- [ RunTime:0.041689s ]
INFO: [ view_filter ] --START--
INFO: Run Behavior\WriteHtmlCacheBehavior [ RunTime:0.000696s ]
INFO: [ view_filter ] --END-- [ RunTime:0.000744s ]
INFO: [ app_end ] --START--
INFO: Run Behavior\ShowPageTraceBehavior [ RunTime:0.002365s ]
INFO: [ app_end ] --END-- [ RunTime:0.002471s ]

[ 2015-08-18T19:44:59+08:00 ] 127.0.0.1 /xiaoshi/index.php/Home/Check/toCheck
INFO: [ app_init ] --START--
INFO: Run Behavior\BuildLiteBehavior [ RunTime:0.000021s ]
INFO: [ app_init ] --END-- [ RunTime:0.000615s ]
INFO: [ app_begin ] --START--
INFO: Run Behavior\ReadHtmlCacheBehavior [ RunTime:0.000869s ]
INFO: [ app_begin ] --END-- [ RunTime:0.000938s ]

[ 2015-08-18T19:45:04+08:00 ] 127.0.0.1 /xiaoshi/index.php/Home/Check/toCheck
INFO: [ app_init ] --START--
INFO: Run Behavior\BuildLiteBehavior [ RunTime:0.000029s ]
INFO: [ app_init ] --END-- [ RunTime:0.000897s ]
INFO: [ app_begin ] --START--
INFO: Run Behavior\ReadHtmlCacheBehavior [ RunTime:0.001462s ]
INFO: [ app_begin ] --END-- [ RunTime:0.001609s ]

[ 2015-08-18T19:45:09+08:00 ] 127.0.0.1 /xiaoshi/index.php/Home/Login/toLogin
INFO: [ app_init ] --START--
INFO: Run Behavior\BuildLiteBehavior [ RunTime:0.000016s ]
INFO: [ app_init ] --END-- [ RunTime:0.000601s ]
INFO: [ app_begin ] --START--
INFO: Run Behavior\ReadHtmlCacheBehavior [ RunTime:0.000761s ]
INFO: [ app_begin ] --END-- [ RunTime:0.000835s ]
SQL: SHOW COLUMNS FROM `xs_user` [ RunTime:0.0167s ]
SQL: SELECT `stuid`,`time`,`mark`,`qqueue`,`aqueue` FROM `xs_user` WHERE `xuehao` = '71114223' AND `yikatong` = 223 LIMIT 1   [ RunTime:0.0008s ]

[ 2015-08-18T19:45:09+08:00 ] 127.0.0.1 /xiaoshi/index.php/Home/Time/toSubmit
INFO: [ app_init ] --START--
INFO: Run Behavior\BuildLiteBehavior [ RunTime:0.000018s ]
INFO: [ app_init ] --END-- [ RunTime:0.000636s ]
INFO: [ app_begin ] --START--
INFO: Run Behavior\ReadHtmlCacheBehavior [ RunTime:0.000898s ]
INFO: [ app_begin ] --END-- [ RunTime:0.000970s ]
INFO: [ app_end ] --START--
INFO: Run Behavior\ShowPageTraceBehavior [ RunTime:0.000971s ]
INFO: [ app_end ] --END-- [ RunTime:0.001034s ]

[ 2015-08-18T19:46:04+08:00 ] 127.0.0.1 /xiaoshi/Home/Check/index
INFO: [ app_init ] --START--
INFO: Run Behavior\BuildLiteBehavior [ RunTime:0.000018s ]
INFO: [ app_init ] --END-- [ RunTime:0.000560s ]
INFO: [ app_begin ] --START--
INFO: Run Behavior\ReadHtmlCacheBehavior [ RunTime:0.000877s ]
INFO: [ app_begin ] --END-- [ RunTime:0.000944s ]
INFO: [ view_parse ] --START--
INFO: [ template_filter ] --START--
INFO: Run Behavior\ContentReplaceBehavior [ RunTime:0.000349s ]
INFO: [ template_filter ] --END-- [ RunTime:0.000727s ]
INFO: Run Behavior\ParseTemplateBehavior [ RunTime:0.046167s ]
INFO: [ view_parse ] --END-- [ RunTime:0.046261s ]
INFO: [ view_filter ] --START--
INFO: Run Behavior\WriteHtmlCacheBehavior [ RunTime:0.000540s ]
INFO: [ view_filter ] --END-- [ RunTime:0.000587s ]
INFO: [ app_end ] --START--
INFO: Run Behavior\ShowPageTraceBehavior [ RunTime:0.001695s ]
INFO: [ app_end ] --END-- [ RunTime:0.001868s ]

[ 2015-08-18T19:46:09+08:00 ] 127.0.0.1 /xiaoshi/index.php/Home/Check/toCheck
INFO: [ app_init ] --START--
INFO: Run Behavior\BuildLiteBehavior [ RunTime:0.000024s ]
INFO: [ app_init ] --END-- [ RunTime:0.000759s ]
INFO: [ app_begin ] --START--
INFO: Run Behavior\ReadHtmlCacheBehavior [ RunTime:0.000929s ]
INFO: [ app_begin ] --END-- [ RunTime:0.001021s ]

[ 2015-08-18T19:46:15+08:00 ] 127.0.0.1 /xiaoshi/index.php/Home/Login/toLogin
INFO: [ app_init ] --START--
INFO: Run Behavior\BuildLiteBehavior [ RunTime:0.000016s ]
INFO: [ app_init ] --END-- [ RunTime:0.000559s ]
INFO: [ app_begin ] --START--
INFO: Run Behavior\ReadHtmlCacheBehavior [ RunTime:0.000771s ]
INFO: [ app_begin ] --END-- [ RunTime:0.000834s ]
SQL: SHOW COLUMNS FROM `xs_user` [ RunTime:0.0098s ]
SQL: SELECT `stuid`,`time`,`mark`,`qqueue`,`aqueue` FROM `xs_user` WHERE `xuehao` = '71114223' AND `yikatong` = 223 LIMIT 1   [ RunTime:0.0005s ]

[ 2015-08-18T19:46:15+08:00 ] 127.0.0.1 /xiaoshi/index.php/Home/Time/toSubmit
INFO: [ app_init ] --START--
INFO: Run Behavior\BuildLiteBehavior [ RunTime:0.000019s ]
INFO: [ app_init ] --END-- [ RunTime:0.000763s ]
INFO: [ app_begin ] --START--
INFO: Run Behavior\ReadHtmlCacheBehavior [ RunTime:0.000824s ]
INFO: [ app_begin ] --END-- [ RunTime:0.000892s ]
INFO: [ app_end ] --START--
INFO: Run Behavior\ShowPageTraceBehavior [ RunTime:0.000920s ]
INFO: [ app_end ] --END-- [ RunTime:0.000980s ]

[ 2015-08-18T19:49:41+08:00 ] 127.0.0.1 /xiaoshi/Home/Check/index
INFO: [ app_init ] --START--
INFO: Run Behavior\BuildLiteBehavior [ RunTime:0.000016s ]
INFO: [ app_init ] --END-- [ RunTime:0.000617s ]
INFO: [ app_begin ] --START--
INFO: Run Behavior\ReadHtmlCacheBehavior [ RunTime:0.000835s ]
INFO: [ app_begin ] --END-- [ RunTime:0.000898s ]
INFO: [ view_parse ] --START--
INFO: [ template_filter ] --START--
INFO: Run Behavior\ContentReplaceBehavior [ RunTime:0.000273s ]
INFO: [ template_filter ] --END-- [ RunTime:0.000358s ]
INFO: Run Behavior\ParseTemplateBehavior [ RunTime:0.045012s ]
INFO: [ view_parse ] --END-- [ RunTime:0.045092s ]
INFO: [ view_filter ] --START--
INFO: Run Behavior\WriteHtmlCacheBehavior [ RunTime:0.002627s ]
INFO: [ view_filter ] --END-- [ RunTime:0.002705s ]
INFO: [ app_end ] --START--
INFO: Run Behavior\ShowPageTraceBehavior [ RunTime:0.001089s ]
INFO: [ app_end ] --END-- [ RunTime:0.001193s ]

[ 2015-08-18T19:49:45+08:00 ] 127.0.0.1 /xiaoshi/index.php/Home/Check/toCheck
INFO: [ app_init ] --START--
INFO: Run Behavior\BuildLiteBehavior [ RunTime:0.000031s ]
INFO: [ app_init ] --END-- [ RunTime:0.000997s ]
INFO: [ app_begin ] --START--
INFO: Run Behavior\ReadHtmlCacheBehavior [ RunTime:0.002744s ]
INFO: [ app_begin ] --END-- [ RunTime:0.002932s ]

[ 2015-08-18T19:49:51+08:00 ] 127.0.0.1 /xiaoshi/index.php/Home/Check/toCheck
INFO: [ app_init ] --START--
INFO: Run Behavior\BuildLiteBehavior [ RunTime:0.000016s ]
INFO: [ app_init ] --END-- [ RunTime:0.000572s ]
INFO: [ app_begin ] --START--
INFO: Run Behavior\ReadHtmlCacheBehavior [ RunTime:0.001778s ]
INFO: [ app_begin ] --END-- [ RunTime:0.001899s ]

[ 2015-08-18T19:49:56+08:00 ] 127.0.0.1 /xiaoshi/index.php/Home/Login/toLogin
INFO: [ app_init ] --START--
INFO: Run Behavior\BuildLiteBehavior [ RunTime:0.000018s ]
INFO: [ app_init ] --END-- [ RunTime:0.000624s ]
INFO: [ app_begin ] --START--
INFO: Run Behavior\ReadHtmlCacheBehavior [ RunTime:0.000811s ]
INFO: [ app_begin ] --END-- [ RunTime:0.000874s ]
SQL: SHOW COLUMNS FROM `xs_user` [ RunTime:0.0110s ]
SQL: SELECT `stuid`,`time`,`mark`,`qqueue`,`aqueue` FROM `xs_user` WHERE `xuehao` = '71114223' AND `yikatong` = 223 LIMIT 1   [ RunTime:0.0004s ]

[ 2015-08-18T19:53:13+08:00 ] ::1 /xiaoshi/
INFO: [ app_init ] --START--
INFO: Run Behavior\BuildLiteBehavior [ RunTime:0.000024s ]
INFO: [ app_init ] --END-- [ RunTime:0.000778s ]
INFO: [ app_begin ] --START--
INFO: Run Behavior\ReadHtmlCacheBehavior [ RunTime:0.000743s ]
INFO: [ app_begin ] --END-- [ RunTime:0.000813s ]
INFO: [ view_parse ] --START--
INFO: [ template_filter ] --START--
INFO: Run Behavior\ContentReplaceBehavior [ RunTime:0.000162s ]
INFO: [ template_filter ] --END-- [ RunTime:0.000228s ]
NOTIC: [8] Undefined variable: cutURL E:\xampp\htdocs\xiaoshi\Application\Runtime\Cache\Home\2a94b8bda04ff446dcedd42276fc99ee.php 第 632 行.
NOTIC: [8] Undefined variable: coverURL E:\xampp\htdocs\xiaoshi\Application\Runtime\Cache\Home\2a94b8bda04ff446dcedd42276fc99ee.php 第 636 行.
INFO: Run Behavior\ParseTemplateBehavior [ RunTime:0.044045s ]
INFO: [ view_parse ] --END-- [ RunTime:0.044121s ]
INFO: [ view_filter ] --START--
INFO: Run Behavior\WriteHtmlCacheBehavior [ RunTime:0.000513s ]
INFO: [ view_filter ] --END-- [ RunTime:0.000574s ]
INFO: [ app_end ] --START--
INFO: Run Behavior\ShowPageTraceBehavior [ RunTime:0.003185s ]
INFO: [ app_end ] --END-- [ RunTime:0.003332s ]

[ 2015-08-18T19:53:19+08:00 ] ::1 /xiaoshi/Home
INFO: [ app_init ] --START--
INFO: Run Behavior\BuildLiteBehavior [ RunTime:0.000037s ]
INFO: [ app_init ] --END-- [ RunTime:0.001865s ]
INFO: [ app_begin ] --START--
INFO: Run Behavior\ReadHtmlCacheBehavior [ RunTime:0.000652s ]
INFO: [ app_begin ] --END-- [ RunTime:0.000724s ]
INFO: [ view_parse ] --START--
INFO: [ template_filter ] --START--
INFO: Run Behavior\ContentReplaceBehavior [ RunTime:0.000161s ]
INFO: [ template_filter ] --END-- [ RunTime:0.000222s ]
NOTIC: [8] Undefined variable: cutURL E:\xampp\htdocs\xiaoshi\Application\Runtime\Cache\Home\2a94b8bda04ff446dcedd42276fc99ee.php 第 632 行.
NOTIC: [8] Undefined variable: coverURL E:\xampp\htdocs\xiaoshi\Application\Runtime\Cache\Home\2a94b8bda04ff446dcedd42276fc99ee.php 第 636 行.
INFO: Run Behavior\ParseTemplateBehavior [ RunTime:0.042787s ]
INFO: [ view_parse ] --END-- [ RunTime:0.042849s ]
INFO: [ view_filter ] --START--
INFO: Run Behavior\WriteHtmlCacheBehavior [ RunTime:0.000487s ]
INFO: [ view_filter ] --END-- [ RunTime:0.000544s ]
INFO: [ app_end ] --START--
INFO: Run Behavior\ShowPageTraceBehavior [ RunTime:0.004169s ]
INFO: [ app_end ] --END-- [ RunTime:0.004286s ]

[ 2015-08-18T19:53:28+08:00 ] ::1 /xiaoshi/Home/Check
INFO: [ app_init ] --START--
INFO: Run Behavior\BuildLiteBehavior [ RunTime:0.000016s ]
INFO: [ app_init ] --END-- [ RunTime:0.000533s ]
INFO: [ app_begin ] --START--
INFO: Run Behavior\ReadHtmlCacheBehavior [ RunTime:0.001275s ]
INFO: [ app_begin ] --END-- [ RunTime:0.001418s ]
INFO: [ view_parse ] --START--
INFO: [ template_filter ] --START--
INFO: Run Behavior\ContentReplaceBehavior [ RunTime:0.000170s ]
INFO: [ template_filter ] --END-- [ RunTime:0.000232s ]
INFO: Run Behavior\ParseTemplateBehavior [ RunTime:0.039044s ]
INFO: [ view_parse ] --END-- [ RunTime:0.039136s ]
INFO: [ view_filter ] --START--
INFO: Run Behavior\WriteHtmlCacheBehavior [ RunTime:0.001376s ]
INFO: [ view_filter ] --END-- [ RunTime:0.001466s ]
INFO: [ app_end ] --START--
INFO: Run Behavior\ShowPageTraceBehavior [ RunTime:0.001401s ]
INFO: [ app_end ] --END-- [ RunTime:0.001523s ]

[ 2015-08-18T19:53:32+08:00 ] ::1 /xiaoshi/index.php/Home/Check/toCheck
INFO: [ app_init ] --START--
INFO: Run Behavior\BuildLiteBehavior [ RunTime:0.000016s ]
INFO: [ app_init ] --END-- [ RunTime:0.000557s ]
INFO: [ app_begin ] --START--
INFO: Run Behavior\ReadHtmlCacheBehavior [ RunTime:0.000873s ]
INFO: [ app_begin ] --END-- [ RunTime:0.000958s ]

[ 2015-08-18T19:53:43+08:00 ] ::1 /xiaoshi/Home/Check
INFO: [ app_init ] --START--
INFO: Run Behavior\BuildLiteBehavior [ RunTime:0.000016s ]
INFO: [ app_init ] --END-- [ RunTime:0.000484s ]
INFO: [ app_begin ] --START--
INFO: Run Behavior\ReadHtmlCacheBehavior [ RunTime:0.000671s ]
INFO: [ app_begin ] --END-- [ RunTime:0.000732s ]
INFO: [ view_parse ] --START--
INFO: [ template_filter ] --START--
INFO: Run Behavior\ContentReplaceBehavior [ RunTime:0.000169s ]
INFO: [ template_filter ] --END-- [ RunTime:0.000234s ]
INFO: Run Behavior\ParseTemplateBehavior [ RunTime:0.037506s ]
INFO: [ view_parse ] --END-- [ RunTime:0.037577s ]
INFO: [ view_filter ] --START--
INFO: Run Behavior\WriteHtmlCacheBehavior [ RunTime:0.000560s ]
INFO: [ view_filter ] --END-- [ RunTime:0.000607s ]
INFO: [ app_end ] --START--
INFO: Run Behavior\ShowPageTraceBehavior [ RunTime:0.002056s ]
INFO: [ app_end ] --END-- [ RunTime:0.002146s ]

[ 2015-08-18T19:53:45+08:00 ] ::1 /xiaoshi/index.php/Home/Check/toCheck
INFO: [ app_init ] --START--
INFO: Run Behavior\BuildLiteBehavior [ RunTime:0.000027s ]
INFO: [ app_init ] --END-- [ RunTime:0.000891s ]
INFO: [ app_begin ] --START--
INFO: Run Behavior\ReadHtmlCacheBehavior [ RunTime:0.002418s ]
INFO: [ app_begin ] --END-- [ RunTime:0.002686s ]

[ 2015-08-18T19:53:50+08:00 ] ::1 /xiaoshi/index.php/Home/Check/toCheck
INFO: [ app_init ] --START--
INFO: Run Behavior\BuildLiteBehavior [ RunTime:0.000054s ]
INFO: [ app_init ] --END-- [ RunTime:0.001392s ]
INFO: [ app_begin ] --START--
INFO: Run Behavior\ReadHtmlCacheBehavior [ RunTime:0.001337s ]
INFO: [ app_begin ] --END-- [ RunTime:0.001481s ]

[ 2015-08-18T19:53:56+08:00 ] ::1 /xiaoshi/index.php/Home/Login/toLogin
INFO: [ app_init ] --START--
INFO: Run Behavior\BuildLiteBehavior [ RunTime:0.000016s ]
INFO: [ app_init ] --END-- [ RunTime:0.000565s ]
INFO: [ app_begin ] --START--
INFO: Run Behavior\ReadHtmlCacheBehavior [ RunTime:0.000589s ]
INFO: [ app_begin ] --END-- [ RunTime:0.000655s ]
SQL: SHOW COLUMNS FROM `xs_user` [ RunTime:0.0103s ]
SQL: SELECT `stuid`,`time`,`mark`,`qqueue`,`aqueue` FROM `xs_user` WHERE `xuehao` = '71114223' AND `yikatong` = 223 LIMIT 1   [ RunTime:0.0004s ]

[ 2015-08-18T20:03:54+08:00 ] 127.0.0.1 /xiaoshi/
INFO: [ app_init ] --START--
INFO: Run Behavior\BuildLiteBehavior [ RunTime:0.000022s ]
INFO: [ app_init ] --END-- [ RunTime:0.000693s ]
INFO: [ app_begin ] --START--
INFO: Run Behavior\ReadHtmlCacheBehavior [ RunTime:0.000828s ]
INFO: [ app_begin ] --END-- [ RunTime:0.000894s ]
INFO: [ view_parse ] --START--
INFO: [ template_filter ] --START--
INFO: Run Behavior\ContentReplaceBehavior [ RunTime:0.000166s ]
INFO: [ template_filter ] --END-- [ RunTime:0.000235s ]
NOTIC: [8] Undefined variable: cutURL E:\xampp\htdocs\xiaoshi\Application\Runtime\Cache\Home\2a94b8bda04ff446dcedd42276fc99ee.php 第 632 行.
NOTIC: [8] Undefined variable: coverURL E:\xampp\htdocs\xiaoshi\Application\Runtime\Cache\Home\2a94b8bda04ff446dcedd42276fc99ee.php 第 636 行.
INFO: Run Behavior\ParseTemplateBehavior [ RunTime:0.070410s ]
INFO: [ view_parse ] --END-- [ RunTime:0.070478s ]
INFO: [ view_filter ] --START--
INFO: Run Behavior\WriteHtmlCacheBehavior [ RunTime:0.000571s ]
INFO: [ view_filter ] --END-- [ RunTime:0.000631s ]
INFO: [ app_end ] --START--
INFO: Run Behavior\ShowPageTraceBehavior [ RunTime:0.002431s ]
INFO: [ app_end ] --END-- [ RunTime:0.002575s ]

[ 2015-08-18T20:04:11+08:00 ] 127.0.0.1 /xiaoshi/Home/Check/index
INFO: [ app_init ] --START--
INFO: Run Behavior\BuildLiteBehavior [ RunTime:0.000016s ]
INFO: [ app_init ] --END-- [ RunTime:0.000583s ]
INFO: [ app_begin ] --START--
INFO: Run Behavior\ReadHtmlCacheBehavior [ RunTime:0.000864s ]
INFO: [ app_begin ] --END-- [ RunTime:0.000935s ]
INFO: [ view_parse ] --START--
INFO: [ template_filter ] --START--
INFO: Run Behavior\ContentReplaceBehavior [ RunTime:0.000193s ]
INFO: [ template_filter ] --END-- [ RunTime:0.000264s ]
INFO: Run Behavior\ParseTemplateBehavior [ RunTime:0.042203s ]
INFO: [ view_parse ] --END-- [ RunTime:0.042282s ]
INFO: [ view_filter ] --START--
INFO: Run Behavior\WriteHtmlCacheBehavior [ RunTime:0.000579s ]
INFO: [ view_filter ] --END-- [ RunTime:0.000634s ]
INFO: [ app_end ] --START--
INFO: Run Behavior\ShowPageTraceBehavior [ RunTime:0.001795s ]
INFO: [ app_end ] --END-- [ RunTime:0.002520s ]

[ 2015-08-18T20:04:16+08:00 ] 127.0.0.1 /xiaoshi/index.php/Home/Check/toCheck
INFO: [ app_init ] --START--
INFO: Run Behavior\BuildLiteBehavior [ RunTime:0.000023s ]
INFO: [ app_init ] --END-- [ RunTime:0.001144s ]
INFO: [ app_begin ] --START--
INFO: Run Behavior\ReadHtmlCacheBehavior [ RunTime:0.001381s ]
INFO: [ app_begin ] --END-- [ RunTime:0.001498s ]

[ 2015-08-18T20:04:21+08:00 ] 127.0.0.1 /xiaoshi/index.php/Home/Check/toCheck
INFO: [ app_init ] --START--
INFO: Run Behavior\BuildLiteBehavior [ RunTime:0.000025s ]
INFO: [ app_init ] --END-- [ RunTime:0.000743s ]
INFO: [ app_begin ] --START--
INFO: Run Behavior\ReadHtmlCacheBehavior [ RunTime:0.000691s ]
INFO: [ app_begin ] --END-- [ RunTime:0.000773s ]

[ 2015-08-18T20:04:26+08:00 ] 127.0.0.1 /xiaoshi/index.php/Home/Login/toLogin
INFO: [ app_init ] --START--
INFO: Run Behavior\BuildLiteBehavior [ RunTime:0.000018s ]
INFO: [ app_init ] --END-- [ RunTime:0.000535s ]
INFO: [ app_begin ] --START--
INFO: Run Behavior\ReadHtmlCacheBehavior [ RunTime:0.000614s ]
INFO: [ app_begin ] --END-- [ RunTime:0.000682s ]
SQL: SHOW COLUMNS FROM `xs_user` [ RunTime:0.0169s ]
SQL: SELECT `stuid`,`time`,`mark`,`qqueue`,`aqueue` FROM `xs_user` WHERE `xuehao` = '71114223' AND `yikatong` = 223 LIMIT 1   [ RunTime:0.0009s ]

[ 2015-08-18T20:04:29+08:00 ] 127.0.0.1 /xiaoshi/Home/Check/index
INFO: [ app_init ] --START--
INFO: Run Behavior\BuildLiteBehavior [ RunTime:0.000019s ]
INFO: [ app_init ] --END-- [ RunTime:0.000579s ]
INFO: [ app_begin ] --START--
INFO: Run Behavior\ReadHtmlCacheBehavior [ RunTime:0.000672s ]
INFO: [ app_begin ] --END-- [ RunTime:0.000743s ]
INFO: [ view_parse ] --START--
INFO: [ template_filter ] --START--
INFO: Run Behavior\ContentReplaceBehavior [ RunTime:0.000289s ]
INFO: [ template_filter ] --END-- [ RunTime:0.000392s ]
INFO: Run Behavior\ParseTemplateBehavior [ RunTime:0.053255s ]
INFO: [ view_parse ] --END-- [ RunTime:0.053386s ]
INFO: [ view_filter ] --START--
INFO: Run Behavior\WriteHtmlCacheBehavior [ RunTime:0.000688s ]
INFO: [ view_filter ] --END-- [ RunTime:0.000759s ]
INFO: [ app_end ] --START--
INFO: Run Behavior\ShowPageTraceBehavior [ RunTime:0.002050s ]
INFO: [ app_end ] --END-- [ RunTime:0.002185s ]

[ 2015-08-18T20:04:30+08:00 ] 127.0.0.1 /xiaoshi/Home/Check/index
INFO: [ app_init ] --START--
INFO: Run Behavior\BuildLiteBehavior [ RunTime:0.000018s ]
INFO: [ app_init ] --END-- [ RunTime:0.000597s ]
INFO: [ app_begin ] --START--
INFO: Run Behavior\ReadHtmlCacheBehavior [ RunTime:0.000689s ]
INFO: [ app_begin ] --END-- [ RunTime:0.000753s ]
INFO: [ view_parse ] --START--
INFO: [ template_filter ] --START--
INFO: Run Behavior\ContentReplaceBehavior [ RunTime:0.000169s ]
INFO: [ template_filter ] --END-- [ RunTime:0.000237s ]
INFO: Run Behavior\ParseTemplateBehavior [ RunTime:0.040961s ]
INFO: [ view_parse ] --END-- [ RunTime:0.041038s ]
INFO: [ view_filter ] --START--
INFO: Run Behavior\WriteHtmlCacheBehavior [ RunTime:0.000510s ]
INFO: [ view_filter ] --END-- [ RunTime:0.000565s ]
INFO: [ app_end ] --START--
INFO: Run Behavior\ShowPageTraceBehavior [ RunTime:0.001080s ]
INFO: [ app_end ] --END-- [ RunTime:0.001196s ]

[ 2015-08-18T20:04:44+08:00 ] 127.0.0.1 /xiaoshi/Home/Check/index
INFO: [ app_init ] --START--
INFO: Run Behavior\BuildLiteBehavior [ RunTime:0.000024s ]
INFO: [ app_init ] --END-- [ RunTime:0.000691s ]
INFO: [ app_begin ] --START--
INFO: Run Behavior\ReadHtmlCacheBehavior [ RunTime:0.001129s ]
INFO: [ app_begin ] --END-- [ RunTime:0.001298s ]
INFO: [ view_parse ] --START--
INFO: [ template_filter ] --START--
INFO: Run Behavior\ContentReplaceBehavior [ RunTime:0.000307s ]
INFO: [ template_filter ] --END-- [ RunTime:0.000429s ]
INFO: Run Behavior\ParseTemplateBehavior [ RunTime:0.044105s ]
INFO: [ view_parse ] --END-- [ RunTime:0.044206s ]
INFO: [ view_filter ] --START--
INFO: Run Behavior\WriteHtmlCacheBehavior [ RunTime:0.000504s ]
INFO: [ view_filter ] --END-- [ RunTime:0.000553s ]
INFO: [ app_end ] --START--
INFO: Run Behavior\ShowPageTraceBehavior [ RunTime:0.001049s ]
INFO: [ app_end ] --END-- [ RunTime:0.001160s ]

[ 2015-08-18T20:05:08+08:00 ] 127.0.0.1 /xiaoshi/Home/Check/index
INFO: [ app_init ] --START--
INFO: Run Behavior\BuildLiteBehavior [ RunTime:0.000017s ]
INFO: [ app_init ] --END-- [ RunTime:0.000511s ]
INFO: [ app_begin ] --START--
INFO: Run Behavior\ReadHtmlCacheBehavior [ RunTime:0.000666s ]
INFO: [ app_begin ] --END-- [ RunTime:0.000729s ]
INFO: [ view_parse ] --START--
INFO: [ template_filter ] --START--
INFO: Run Behavior\ContentReplaceBehavior [ RunTime:0.000197s ]
INFO: [ template_filter ] --END-- [ RunTime:0.000280s ]
INFO: Run Behavior\ParseTemplateBehavior [ RunTime:0.042536s ]
INFO: [ view_parse ] --END-- [ RunTime:0.042610s ]
INFO: [ view_filter ] --START--
INFO: Run Behavior\WriteHtmlCacheBehavior [ RunTime:0.000374s ]
INFO: [ view_filter ] --END-- [ RunTime:0.000422s ]
INFO: [ app_end ] --START--
INFO: Run Behavior\ShowPageTraceBehavior [ RunTime:0.001854s ]
INFO: [ app_end ] --END-- [ RunTime:0.001987s ]

[ 2015-08-18T20:05:11+08:00 ] 127.0.0.1 /xiaoshi/index.php/Home/Check/toCheck
INFO: [ app_init ] --START--
INFO: Run Behavior\BuildLiteBehavior [ RunTime:0.000024s ]
INFO: [ app_init ] --END-- [ RunTime:0.000875s ]
INFO: [ app_begin ] --START--
INFO: Run Behavior\ReadHtmlCacheBehavior [ RunTime:0.000660s ]
INFO: [ app_begin ] --END-- [ RunTime:0.000739s ]

[ 2015-08-18T20:05:16+08:00 ] 127.0.0.1 /xiaoshi/index.php/Home/Check/toCheck
INFO: [ app_init ] --START--
INFO: Run Behavior\BuildLiteBehavior [ RunTime:0.000017s ]
INFO: [ app_init ] --END-- [ RunTime:0.000497s ]
INFO: [ app_begin ] --START--
INFO: Run Behavior\ReadHtmlCacheBehavior [ RunTime:0.001243s ]
INFO: [ app_begin ] --END-- [ RunTime:0.001402s ]

[ 2015-08-18T20:05:20+08:00 ] 127.0.0.1 /xiaoshi/index.php/Home/Login/toLogin
INFO: [ app_init ] --START--
INFO: Run Behavior\BuildLiteBehavior [ RunTime:0.000017s ]
INFO: [ app_init ] --END-- [ RunTime:0.000520s ]
INFO: [ app_begin ] --START--
INFO: Run Behavior\ReadHtmlCacheBehavior [ RunTime:0.000659s ]
INFO: [ app_begin ] --END-- [ RunTime:0.000725s ]
SQL: SHOW COLUMNS FROM `xs_user` [ RunTime:0.0101s ]
SQL: SELECT `stuid`,`time`,`mark`,`qqueue`,`aqueue` FROM `xs_user` WHERE `xuehao` = '71114223' AND `yikatong` = 223 LIMIT 1   [ RunTime:0.0007s ]

[ 2015-08-18T20:05:25+08:00 ] 127.0.0.1 /xiaoshi/index.php/Home/Time/toSubmit
INFO: [ app_init ] --START--
INFO: Run Behavior\BuildLiteBehavior [ RunTime:0.000021s ]
INFO: [ app_init ] --END-- [ RunTime:0.000665s ]
INFO: [ app_begin ] --START--
INFO: Run Behavior\ReadHtmlCacheBehavior [ RunTime:0.000973s ]
INFO: [ app_begin ] --END-- [ RunTime:0.001107s ]

[ 2015-08-18T20:05:48+08:00 ] 127.0.0.1 /xiaoshi/Home/Check/index
INFO: [ app_init ] --START--
INFO: Run Behavior\BuildLiteBehavior [ RunTime:0.000064s ]
INFO: [ app_init ] --END-- [ RunTime:0.002225s ]
INFO: [ app_begin ] --START--
INFO: Run Behavior\ReadHtmlCacheBehavior [ RunTime:0.000677s ]
INFO: [ app_begin ] --END-- [ RunTime:0.000749s ]
INFO: [ view_parse ] --START--
INFO: [ template_filter ] --START--
INFO: Run Behavior\ContentReplaceBehavior [ RunTime:0.000172s ]
INFO: [ template_filter ] --END-- [ RunTime:0.000239s ]
INFO: Run Behavior\ParseTemplateBehavior [ RunTime:0.037526s ]
INFO: [ view_parse ] --END-- [ RunTime:0.037603s ]
INFO: [ view_filter ] --START--
INFO: Run Behavior\WriteHtmlCacheBehavior [ RunTime:0.000396s ]
INFO: [ view_filter ] --END-- [ RunTime:0.000445s ]
INFO: [ app_end ] --START--
INFO: Run Behavior\ShowPageTraceBehavior [ RunTime:0.001615s ]
INFO: [ app_end ] --END-- [ RunTime:0.001758s ]

[ 2015-08-18T20:05:51+08:00 ] 127.0.0.1 /xiaoshi/index.php/Home/Check/toCheck
INFO: [ app_init ] --START--
INFO: Run Behavior\BuildLiteBehavior [ RunTime:0.000021s ]
INFO: [ app_init ] --END-- [ RunTime:0.000757s ]
INFO: [ app_begin ] --START--
INFO: Run Behavior\ReadHtmlCacheBehavior [ RunTime:0.001932s ]
INFO: [ app_begin ] --END-- [ RunTime:0.002106s ]

[ 2015-08-18T20:05:55+08:00 ] 127.0.0.1 /xiaoshi/index.php/Home/Check/toCheck
INFO: [ app_init ] --START--
INFO: Run Behavior\BuildLiteBehavior [ RunTime:0.000138s ]
INFO: [ app_init ] --END-- [ RunTime:0.002387s ]
INFO: [ app_begin ] --START--
INFO: Run Behavior\ReadHtmlCacheBehavior [ RunTime:0.001309s ]
INFO: [ app_begin ] --END-- [ RunTime:0.001582s ]

[ 2015-08-18T20:06:01+08:00 ] 127.0.0.1 /xiaoshi/index.php/Home/Login/toLogin
INFO: [ app_init ] --START--
INFO: Run Behavior\BuildLiteBehavior [ RunTime:0.000016s ]
INFO: [ app_init ] --END-- [ RunTime:0.000560s ]
INFO: [ app_begin ] --START--
INFO: Run Behavior\ReadHtmlCacheBehavior [ RunTime:0.000735s ]
INFO: [ app_begin ] --END-- [ RunTime:0.000824s ]
SQL: SHOW COLUMNS FROM `xs_user` [ RunTime:0.0121s ]
SQL: SELECT `stuid`,`time`,`mark`,`qqueue`,`aqueue` FROM `xs_user` WHERE `xuehao` = '71114223' AND `yikatong` = 223 LIMIT 1   [ RunTime:0.0005s ]

[ 2015-08-18T20:23:42+08:00 ] 127.0.0.1 /xiaoshi/index.php/Home/Time/toSubmit
INFO: [ app_init ] --START--
INFO: Run Behavior\BuildLiteBehavior [ RunTime:0.000031s ]
INFO: [ app_init ] --END-- [ RunTime:0.001127s ]
INFO: [ app_begin ] --START--
INFO: Run Behavior\ReadHtmlCacheBehavior [ RunTime:0.000993s ]
INFO: [ app_begin ] --END-- [ RunTime:0.001131s ]

[ 2015-08-18T23:28:47+08:00 ] 127.0.0.1 /xiaoshi/Home/Check/index
INFO: [ app_init ] --START--
INFO: Run Behavior\BuildLiteBehavior [ RunTime:0.000020s ]
INFO: [ app_init ] --END-- [ RunTime:0.012697s ]
INFO: [ app_begin ] --START--
INFO: Run Behavior\ReadHtmlCacheBehavior [ RunTime:0.016460s ]
INFO: [ app_begin ] --END-- [ RunTime:0.016546s ]
INFO: [ view_parse ] --START--
INFO: [ template_filter ] --START--
INFO: Run Behavior\ContentReplaceBehavior [ RunTime:0.000171s ]
INFO: [ template_filter ] --END-- [ RunTime:0.000239s ]
INFO: Run Behavior\ParseTemplateBehavior [ RunTime:0.226225s ]
INFO: [ view_parse ] --END-- [ RunTime:0.226352s ]
INFO: [ view_filter ] --START--
INFO: Run Behavior\WriteHtmlCacheBehavior [ RunTime:0.015578s ]
INFO: [ view_filter ] --END-- [ RunTime:0.015659s ]
INFO: [ app_end ] --START--
INFO: Run Behavior\ShowPageTraceBehavior [ RunTime:0.024120s ]
INFO: [ app_end ] --END-- [ RunTime:0.024227s ]

[ 2015-08-18T23:28:49+08:00 ] 127.0.0.1 /xiaoshi/Home/Check/index
INFO: [ app_init ] --START--
INFO: Run Behavior\BuildLiteBehavior [ RunTime:0.000019s ]
INFO: [ app_init ] --END-- [ RunTime:0.000613s ]
INFO: [ app_begin ] --START--
INFO: Run Behavior\ReadHtmlCacheBehavior [ RunTime:0.002457s ]
INFO: [ app_begin ] --END-- [ RunTime:0.002554s ]
INFO: [ view_parse ] --START--
INFO: [ template_filter ] --START--
INFO: Run Behavior\ContentReplaceBehavior [ RunTime:0.000307s ]
INFO: [ template_filter ] --END-- [ RunTime:0.000407s ]
INFO: Run Behavior\ParseTemplateBehavior [ RunTime:0.054674s ]
INFO: [ view_parse ] --END-- [ RunTime:0.054781s ]
INFO: [ view_filter ] --START--
INFO: Run Behavior\WriteHtmlCacheBehavior [ RunTime:0.001919s ]
INFO: [ view_filter ] --END-- [ RunTime:0.002171s ]
INFO: [ app_end ] --START--
INFO: Run Behavior\ShowPageTraceBehavior [ RunTime:0.008146s ]
INFO: [ app_end ] --END-- [ RunTime:0.008353s ]

[ 2015-08-18T23:29:01+08:00 ] 127.0.0.1 /xiaoshi/Home/Check/index
INFO: [ app_init ] --START--
INFO: Run Behavior\BuildLiteBehavior [ RunTime:0.000026s ]
INFO: [ app_init ] --END-- [ RunTime:0.000942s ]
INFO: [ app_begin ] --START--
INFO: Run Behavior\ReadHtmlCacheBehavior [ RunTime:0.002114s ]
INFO: [ app_begin ] --END-- [ RunTime:0.002233s ]
INFO: [ view_parse ] --START--
INFO: [ template_filter ] --START--
INFO: Run Behavior\ContentReplaceBehavior [ RunTime:0.001322s ]
INFO: [ template_filter ] --END-- [ RunTime:0.001474s ]
INFO: Run Behavior\ParseTemplateBehavior [ RunTime:0.073678s ]
INFO: [ view_parse ] --END-- [ RunTime:0.073799s ]
INFO: [ view_filter ] --START--
INFO: Run Behavior\WriteHtmlCacheBehavior [ RunTime:0.001421s ]
INFO: [ view_filter ] --END-- [ RunTime:0.001516s ]
INFO: [ app_end ] --START--
INFO: Run Behavior\ShowPageTraceBehavior [ RunTime:0.002332s ]
INFO: [ app_end ] --END-- [ RunTime:0.002445s ]

[ 2015-08-18T23:29:04+08:00 ] 127.0.0.1 /xiaoshi/index.php/Home/Check/toCheck
INFO: [ app_init ] --START--
INFO: Run Behavior\BuildLiteBehavior [ RunTime:0.000016s ]
INFO: [ app_init ] --END-- [ RunTime:0.000621s ]
INFO: [ app_begin ] --START--
INFO: Run Behavior\ReadHtmlCacheBehavior [ RunTime:0.001099s ]
INFO: [ app_begin ] --END-- [ RunTime:0.001167s ]

[ 2015-08-18T23:29:08+08:00 ] 127.0.0.1 /xiaoshi/index.php/Home/Login/toLogin
INFO: [ app_init ] --START--
INFO: Run Behavior\BuildLiteBehavior [ RunTime:0.000017s ]
INFO: [ app_init ] --END-- [ RunTime:0.000607s ]
INFO: [ app_begin ] --START--
INFO: Run Behavior\ReadHtmlCacheBehavior [ RunTime:0.001492s ]
INFO: [ app_begin ] --END-- [ RunTime:0.001599s ]
SQL: SHOW COLUMNS FROM `xs_user` [ RunTime:0.0155s ]
SQL: SELECT `stuid`,`time`,`mark`,`qqueue`,`aqueue` FROM `xs_user` WHERE `xuehao` = '71114223' AND `yikatong` = 223 LIMIT 1   [ RunTime:0.0007s ]
SQL: UPDATE `xs_user` SET `time`='1439911748' WHERE `stuID` = 1 [ RunTime:0.0351s ]

[ 2015-08-18T23:29:12+08:00 ] 127.0.0.1 /xiaoshi/index.php/Home/Login/toLogin
INFO: [ app_init ] --START--
INFO: Run Behavior\BuildLiteBehavior [ RunTime:0.000024s ]
INFO: [ app_init ] --END-- [ RunTime:0.000916s ]
INFO: [ app_begin ] --START--
INFO: Run Behavior\ReadHtmlCacheBehavior [ RunTime:0.001074s ]
INFO: [ app_begin ] --END-- [ RunTime:0.001168s ]
SQL: SHOW COLUMNS FROM `xs_user` [ RunTime:0.0147s ]
SQL: SELECT `stuid`,`time`,`mark`,`qqueue`,`aqueue` FROM `xs_user` WHERE `xuehao` = '71114223' AND `yikatong` = 223 LIMIT 1   [ RunTime:0.0006s ]
SQL: UPDATE `xs_user` SET `time`='1439911752' WHERE `stuID` = 1 [ RunTime:0.0408s ]

[ 2015-08-18T23:30:27+08:00 ] 127.0.0.1 /xiaoshi/Home/Check/index
INFO: [ app_init ] --START--
INFO: Run Behavior\BuildLiteBehavior [ RunTime:0.000026s ]
INFO: [ app_init ] --END-- [ RunTime:0.000888s ]
INFO: [ app_begin ] --START--
INFO: Run Behavior\ReadHtmlCacheBehavior [ RunTime:0.002298s ]
INFO: [ app_begin ] --END-- [ RunTime:0.002604s ]
INFO: [ view_parse ] --START--
INFO: [ template_filter ] --START--
INFO: Run Behavior\ContentReplaceBehavior [ RunTime:0.000290s ]
INFO: [ template_filter ] --END-- [ RunTime:0.000396s ]
INFO: Run Behavior\ParseTemplateBehavior [ RunTime:0.071709s ]
INFO: [ view_parse ] --END-- [ RunTime:0.071819s ]
INFO: [ view_filter ] --START--
INFO: Run Behavior\WriteHtmlCacheBehavior [ RunTime:0.003541s ]
INFO: [ view_filter ] --END-- [ RunTime:0.003632s ]
INFO: [ app_end ] --START--
INFO: Run Behavior\ShowPageTraceBehavior [ RunTime:0.008215s ]
INFO: [ app_end ] --END-- [ RunTime:0.008677s ]

[ 2015-08-18T23:30:30+08:00 ] 127.0.0.1 /xiaoshi/index.php/Home/Check/toCheck
INFO: [ app_init ] --START--
INFO: Run Behavior\BuildLiteBehavior [ RunTime:0.000020s ]
INFO: [ app_init ] --END-- [ RunTime:0.000821s ]
INFO: [ app_begin ] --START--
INFO: Run Behavior\ReadHtmlCacheBehavior [ RunTime:0.001540s ]
INFO: [ app_begin ] --END-- [ RunTime:0.001620s ]

[ 2015-08-18T23:30:32+08:00 ] 127.0.0.1 /xiaoshi/index.php/Home/Check/toCheck
INFO: [ app_init ] --START--
INFO: Run Behavior\BuildLiteBehavior [ RunTime:0.000017s ]
INFO: [ app_init ] --END-- [ RunTime:0.000771s ]
INFO: [ app_begin ] --START--
INFO: Run Behavior\ReadHtmlCacheBehavior [ RunTime:0.001454s ]
INFO: [ app_begin ] --END-- [ RunTime:0.001519s ]

[ 2015-08-18T23:30:38+08:00 ] 127.0.0.1 /xiaoshi/Home/Check/index
INFO: [ app_init ] --START--
INFO: Run Behavior\BuildLiteBehavior [ RunTime:0.000018s ]
INFO: [ app_init ] --END-- [ RunTime:0.000780s ]
INFO: [ app_begin ] --START--
INFO: Run Behavior\ReadHtmlCacheBehavior [ RunTime:0.001779s ]
INFO: [ app_begin ] --END-- [ RunTime:0.001869s ]
INFO: [ view_parse ] --START--
INFO: [ template_filter ] --START--
INFO: Run Behavior\ContentReplaceBehavior [ RunTime:0.000175s ]
INFO: [ template_filter ] --END-- [ RunTime:0.000249s ]
INFO: Run Behavior\ParseTemplateBehavior [ RunTime:0.051071s ]
INFO: [ view_parse ] --END-- [ RunTime:0.051161s ]
INFO: [ view_filter ] --START--
INFO: Run Behavior\WriteHtmlCacheBehavior [ RunTime:0.001185s ]
INFO: [ view_filter ] --END-- [ RunTime:0.001233s ]
INFO: [ app_end ] --START--
INFO: Run Behavior\ShowPageTraceBehavior [ RunTime:0.004230s ]
INFO: [ app_end ] --END-- [ RunTime:0.004317s ]

[ 2015-08-18T23:30:46+08:00 ] 127.0.0.1 /xiaoshi/index.php/Home/Check/toCheck
INFO: [ app_init ] --START--
INFO: Run Behavior\BuildLiteBehavior [ RunTime:0.000024s ]
INFO: [ app_init ] --END-- [ RunTime:0.001018s ]
INFO: [ app_begin ] --START--
INFO: Run Behavior\ReadHtmlCacheBehavior [ RunTime:0.001929s ]
INFO: [ app_begin ] --END-- [ RunTime:0.002004s ]

[ 2015-08-18T23:30:51+08:00 ] 127.0.0.1 /xiaoshi/index.php/Home/Login/toLogin
INFO: [ app_init ] --START--
INFO: Run Behavior\BuildLiteBehavior [ RunTime:0.000057s ]
INFO: [ app_init ] --END-- [ RunTime:0.000831s ]
INFO: [ app_begin ] --START--
INFO: Run Behavior\ReadHtmlCacheBehavior [ RunTime:0.001432s ]
INFO: [ app_begin ] --END-- [ RunTime:0.001503s ]
SQL: SHOW COLUMNS FROM `xs_user` [ RunTime:0.0112s ]
SQL: SELECT `stuid`,`time`,`mark`,`qqueue`,`aqueue` FROM `xs_user` WHERE `xuehao` = '71114223' AND `yikatong` = 223 LIMIT 1   [ RunTime:0.0005s ]
SQL: UPDATE `xs_user` SET `time`='1439911851' WHERE `stuID` = 1 [ RunTime:0.0299s ]

[ 2015-08-18T23:32:00+08:00 ] 127.0.0.1 /xiaoshi/Home/Check/index
INFO: [ app_init ] --START--
INFO: Run Behavior\BuildLiteBehavior [ RunTime:0.000018s ]
INFO: [ app_init ] --END-- [ RunTime:0.000801s ]
INFO: [ app_begin ] --START--
INFO: Run Behavior\ReadHtmlCacheBehavior [ RunTime:0.001739s ]
INFO: [ app_begin ] --END-- [ RunTime:0.001853s ]
INFO: [ view_parse ] --START--
INFO: [ template_filter ] --START--
INFO: Run Behavior\ContentReplaceBehavior [ RunTime:0.000174s ]
INFO: [ template_filter ] --END-- [ RunTime:0.000244s ]
INFO: Run Behavior\ParseTemplateBehavior [ RunTime:0.045886s ]
INFO: [ view_parse ] --END-- [ RunTime:0.045982s ]
INFO: [ view_filter ] --START--
INFO: Run Behavior\WriteHtmlCacheBehavior [ RunTime:0.004038s ]
INFO: [ view_filter ] --END-- [ RunTime:0.004151s ]
INFO: [ app_end ] --START--
INFO: Run Behavior\ShowPageTraceBehavior [ RunTime:0.004997s ]
INFO: [ app_end ] --END-- [ RunTime:0.005114s ]

[ 2015-08-18T23:32:05+08:00 ] 127.0.0.1 /xiaoshi/index.php/Home/Check/toCheck
INFO: [ app_init ] --START--
INFO: Run Behavior\BuildLiteBehavior [ RunTime:0.000017s ]
INFO: [ app_init ] --END-- [ RunTime:0.000795s ]
INFO: [ app_begin ] --START--
INFO: Run Behavior\ReadHtmlCacheBehavior [ RunTime:0.001390s ]
INFO: [ app_begin ] --END-- [ RunTime:0.001455s ]

[ 2015-08-18T23:32:09+08:00 ] 127.0.0.1 /xiaoshi/index.php/Home/Login/toLogin
INFO: [ app_init ] --START--
INFO: Run Behavior\BuildLiteBehavior [ RunTime:0.000017s ]
INFO: [ app_init ] --END-- [ RunTime:0.000779s ]
INFO: [ app_begin ] --START--
INFO: Run Behavior\ReadHtmlCacheBehavior [ RunTime:0.001536s ]
INFO: [ app_begin ] --END-- [ RunTime:0.001609s ]
SQL: SHOW COLUMNS FROM `xs_user` [ RunTime:0.0112s ]
SQL: SELECT `stuid`,`time`,`mark`,`qqueue`,`aqueue` FROM `xs_user` WHERE `xuehao` = '71114223' AND `yikatong` = 223 LIMIT 1   [ RunTime:0.0005s ]
SQL: UPDATE `xs_user` SET `time`='1439911929' WHERE `stuID` = 1 [ RunTime:0.0319s ]

[ 2015-08-18T23:34:47+08:00 ] 127.0.0.1 /xiaoshi/index.php/Home/Login/toLogin
INFO: [ app_init ] --START--
INFO: Run Behavior\BuildLiteBehavior [ RunTime:0.000017s ]
INFO: [ app_init ] --END-- [ RunTime:0.000686s ]
INFO: [ app_begin ] --START--
INFO: Run Behavior\ReadHtmlCacheBehavior [ RunTime:0.000947s ]
INFO: [ app_begin ] --END-- [ RunTime:0.001010s ]
SQL: SHOW COLUMNS FROM `xs_user` [ RunTime:0.0142s ]
SQL: SELECT `stuid`,`time`,`mark`,`qqueue`,`aqueue` FROM `xs_user` WHERE `xuehao` = '71114223' AND `yikatong` = 223 LIMIT 1   [ RunTime:0.0004s ]
SQL: UPDATE `xs_user` SET `time`='1439912087' WHERE `stuID` = 1 [ RunTime:0.0473s ]

[ 2015-08-18T23:34:47+08:00 ] 127.0.0.1 /xiaoshi/index.php/Home/Login/toLogin
INFO: [ app_init ] --START--
INFO: Run Behavior\BuildLiteBehavior [ RunTime:0.000017s ]
INFO: [ app_init ] --END-- [ RunTime:0.000646s ]
INFO: [ app_begin ] --START--
INFO: Run Behavior\ReadHtmlCacheBehavior [ RunTime:0.000921s ]
INFO: [ app_begin ] --END-- [ RunTime:0.000986s ]
SQL: SHOW COLUMNS FROM `xs_user` [ RunTime:0.0111s ]
SQL: SELECT `stuid`,`time`,`mark`,`qqueue`,`aqueue` FROM `xs_user` WHERE `xuehao` = '71114223' AND `yikatong` = 223 LIMIT 1   [ RunTime:0.0005s ]
SQL: UPDATE `xs_user` SET `time`='1439912087' WHERE `stuID` = 1 [ RunTime:0.0256s ]

[ 2015-08-18T23:34:53+08:00 ] 127.0.0.1 /xiaoshi/index.php/Home/Login/toLogin
INFO: [ app_init ] --START--
INFO: Run Behavior\BuildLiteBehavior [ RunTime:0.000026s ]
INFO: [ app_init ] --END-- [ RunTime:0.000913s ]
INFO: [ app_begin ] --START--
INFO: Run Behavior\ReadHtmlCacheBehavior [ RunTime:0.001429s ]
INFO: [ app_begin ] --END-- [ RunTime:0.001533s ]
SQL: SHOW COLUMNS FROM `xs_user` [ RunTime:0.0136s ]
SQL: SELECT `stuid`,`time`,`mark`,`qqueue`,`aqueue` FROM `xs_user` WHERE `xuehao` = '71114223' AND `yikatong` = 223 LIMIT 1   [ RunTime:0.0006s ]
SQL: UPDATE `xs_user` SET `time`='1439912093' WHERE `stuID` = 1 [ RunTime:0.0225s ]

[ 2015-08-18T23:34:55+08:00 ] 127.0.0.1 /xiaoshi/index.php/Home/Login/toLogin
INFO: [ app_init ] --START--
INFO: Run Behavior\BuildLiteBehavior [ RunTime:0.000016s ]
INFO: [ app_init ] --END-- [ RunTime:0.000563s ]
INFO: [ app_begin ] --START--
INFO: Run Behavior\ReadHtmlCacheBehavior [ RunTime:0.000865s ]
INFO: [ app_begin ] --END-- [ RunTime:0.000933s ]
SQL: SHOW COLUMNS FROM `xs_user` [ RunTime:0.0131s ]
SQL: SELECT `stuid`,`time`,`mark`,`qqueue`,`aqueue` FROM `xs_user` WHERE `xuehao` = '71114223' AND `yikatong` = 223 LIMIT 1   [ RunTime:0.0004s ]
SQL: UPDATE `xs_user` SET `time`='1439912095' WHERE `stuID` = 1 [ RunTime:0.0269s ]

[ 2015-08-18T23:35:31+08:00 ] 127.0.0.1 /xiaoshi/index.php/Home/Login/toLogin
INFO: [ app_init ] --START--
INFO: Run Behavior\BuildLiteBehavior [ RunTime:0.000018s ]
INFO: [ app_init ] --END-- [ RunTime:0.000656s ]
INFO: [ app_begin ] --START--
INFO: Run Behavior\ReadHtmlCacheBehavior [ RunTime:0.000933s ]
INFO: [ app_begin ] --END-- [ RunTime:0.000999s ]
SQL: SHOW COLUMNS FROM `xs_user` [ RunTime:0.0112s ]
SQL: SELECT `stuid`,`time`,`mark`,`qqueue`,`aqueue` FROM `xs_user` WHERE `xuehao` = '71114223' AND `yikatong` = 223 LIMIT 1   [ RunTime:0.0004s ]
SQL: UPDATE `xs_user` SET `time`='1439912131' WHERE `stuID` = 1 [ RunTime:0.0771s ]

[ 2015-08-18T23:35:36+08:00 ] 127.0.0.1 /xiaoshi/index.php/Home/Login/toLogin
INFO: [ app_init ] --START--
INFO: Run Behavior\BuildLiteBehavior [ RunTime:0.000023s ]
INFO: [ app_init ] --END-- [ RunTime:0.000688s ]
INFO: [ app_begin ] --START--
INFO: Run Behavior\ReadHtmlCacheBehavior [ RunTime:0.000955s ]
INFO: [ app_begin ] --END-- [ RunTime:0.001049s ]
SQL: SHOW COLUMNS FROM `xs_user` [ RunTime:0.0110s ]
SQL: SELECT `stuid`,`time`,`mark`,`qqueue`,`aqueue` FROM `xs_user` WHERE `xuehao` = '71114223' AND `yikatong` = 223 LIMIT 1   [ RunTime:0.0004s ]
SQL: UPDATE `xs_user` SET `time`='1439912136' WHERE `stuID` = 1 [ RunTime:0.0082s ]

[ 2015-08-18T23:36:11+08:00 ] 127.0.0.1 /xiaoshi/Home/Check/index
INFO: [ app_init ] --START--
INFO: Run Behavior\BuildLiteBehavior [ RunTime:0.000026s ]
INFO: [ app_init ] --END-- [ RunTime:0.002198s ]
INFO: [ app_begin ] --START--
INFO: Run Behavior\ReadHtmlCacheBehavior [ RunTime:0.001823s ]
INFO: [ app_begin ] --END-- [ RunTime:0.002010s ]
INFO: [ view_parse ] --START--
INFO: [ template_filter ] --START--
INFO: Run Behavior\ContentReplaceBehavior [ RunTime:0.000263s ]
INFO: [ template_filter ] --END-- [ RunTime:0.000350s ]
INFO: Run Behavior\ParseTemplateBehavior [ RunTime:0.054133s ]
INFO: [ view_parse ] --END-- [ RunTime:0.054209s ]
INFO: [ view_filter ] --START--
INFO: Run Behavior\WriteHtmlCacheBehavior [ RunTime:0.000668s ]
INFO: [ view_filter ] --END-- [ RunTime:0.000718s ]
INFO: [ app_end ] --START--
INFO: Run Behavior\ShowPageTraceBehavior [ RunTime:0.003590s ]
INFO: [ app_end ] --END-- [ RunTime:0.003704s ]

[ 2015-08-18T23:36:14+08:00 ] 127.0.0.1 /xiaoshi/index.php/Home/Check/toCheck
INFO: [ app_init ] --START--
INFO: Run Behavior\BuildLiteBehavior [ RunTime:0.000017s ]
INFO: [ app_init ] --END-- [ RunTime:0.000686s ]
INFO: [ app_begin ] --START--
INFO: Run Behavior\ReadHtmlCacheBehavior [ RunTime:0.000984s ]
INFO: [ app_begin ] --END-- [ RunTime:0.001047s ]

[ 2015-08-18T23:36:20+08:00 ] 127.0.0.1 /xiaoshi/index.php/Home/Login/toLogin
INFO: [ app_init ] --START--
INFO: Run Behavior\BuildLiteBehavior [ RunTime:0.000020s ]
INFO: [ app_init ] --END-- [ RunTime:0.000904s ]
INFO: [ app_begin ] --START--
INFO: Run Behavior\ReadHtmlCacheBehavior [ RunTime:0.001072s ]
INFO: [ app_begin ] --END-- [ RunTime:0.001158s ]
SQL: SHOW COLUMNS FROM `xs_user` [ RunTime:0.0190s ]
SQL: SELECT `stuid`,`time`,`mark`,`qqueue`,`aqueue` FROM `xs_user` WHERE `xuehao` = '71114223' AND `yikatong` = 223 LIMIT 1   [ RunTime:0.0026s ]
SQL: UPDATE `xs_user` SET `time`='1439912180' WHERE `stuID` = 1 [ RunTime:0.0315s ]

[ 2015-08-18T23:36:21+08:00 ] 127.0.0.1 /xiaoshi/index.php/Home/Login/toLogin
INFO: [ app_init ] --START--
INFO: Run Behavior\BuildLiteBehavior [ RunTime:0.000024s ]
INFO: [ app_init ] --END-- [ RunTime:0.000913s ]
INFO: [ app_begin ] --START--
INFO: Run Behavior\ReadHtmlCacheBehavior [ RunTime:0.001599s ]
INFO: [ app_begin ] --END-- [ RunTime:0.001711s ]
SQL: SHOW COLUMNS FROM `xs_user` [ RunTime:0.0142s ]
SQL: SELECT `stuid`,`time`,`mark`,`qqueue`,`aqueue` FROM `xs_user` WHERE `xuehao` = '71114223' AND `yikatong` = 223 LIMIT 1   [ RunTime:0.0005s ]
SQL: UPDATE `xs_user` SET `time`='1439912181' WHERE `stuID` = 1 [ RunTime:0.0191s ]

[ 2015-08-18T23:36:22+08:00 ] 127.0.0.1 /xiaoshi/index.php/Home/Login/toLogin
INFO: [ app_init ] --START--
INFO: Run Behavior\BuildLiteBehavior [ RunTime:0.000017s ]
INFO: [ app_init ] --END-- [ RunTime:0.000691s ]
INFO: [ app_begin ] --START--
INFO: Run Behavior\ReadHtmlCacheBehavior [ RunTime:0.000993s ]
INFO: [ app_begin ] --END-- [ RunTime:0.001057s ]
SQL: SHOW COLUMNS FROM `xs_user` [ RunTime:0.0109s ]
SQL: SELECT `stuid`,`time`,`mark`,`qqueue`,`aqueue` FROM `xs_user` WHERE `xuehao` = '71114223' AND `yikatong` = 223 LIMIT 1   [ RunTime:0.0004s ]
SQL: UPDATE `xs_user` SET `time`='1439912182' WHERE `stuID` = 1 [ RunTime:0.0054s ]

[ 2015-08-18T23:36:23+08:00 ] 127.0.0.1 /xiaoshi/index.php/Home/Login/toLogin
INFO: [ app_init ] --START--
INFO: Run Behavior\BuildLiteBehavior [ RunTime:0.000016s ]
INFO: [ app_init ] --END-- [ RunTime:0.000598s ]
INFO: [ app_begin ] --START--
INFO: Run Behavior\ReadHtmlCacheBehavior [ RunTime:0.001079s ]
INFO: [ app_begin ] --END-- [ RunTime:0.001149s ]
SQL: SHOW COLUMNS FROM `xs_user` [ RunTime:0.0269s ]
SQL: SELECT `stuid`,`time`,`mark`,`qqueue`,`aqueue` FROM `xs_user` WHERE `xuehao` = '71114223' AND `yikatong` = 223 LIMIT 1   [ RunTime:0.0004s ]
SQL: UPDATE `xs_user` SET `time`='1439912183' WHERE `stuID` = 1 [ RunTime:0.0048s ]

[ 2015-08-18T23:36:32+08:00 ] 127.0.0.1 /xiaoshi/index.php/Home/Login/toLogin
INFO: [ app_init ] --START--
INFO: Run Behavior\BuildLiteBehavior [ RunTime:0.000016s ]
INFO: [ app_init ] --END-- [ RunTime:0.000610s ]
INFO: [ app_begin ] --START--
INFO: Run Behavior\ReadHtmlCacheBehavior [ RunTime:0.001008s ]
INFO: [ app_begin ] --END-- [ RunTime:0.001076s ]
SQL: SHOW COLUMNS FROM `xs_user` [ RunTime:0.0125s ]
SQL: SELECT `stuid`,`time`,`mark`,`qqueue`,`aqueue` FROM `xs_user` WHERE `xuehao` = '71114223' AND `yikatong` = 223 LIMIT 1   [ RunTime:0.0004s ]
SQL: UPDATE `xs_user` SET `time`='1439912192' WHERE `stuID` = 1 [ RunTime:0.0036s ]

[ 2015-08-18T23:36:38+08:00 ] 127.0.0.1 /xiaoshi/index.php/Home/Login/toLogin
INFO: [ app_init ] --START--
INFO: Run Behavior\BuildLiteBehavior [ RunTime:0.000018s ]
INFO: [ app_init ] --END-- [ RunTime:0.000674s ]
INFO: [ app_begin ] --START--
INFO: Run Behavior\ReadHtmlCacheBehavior [ RunTime:0.001554s ]
INFO: [ app_begin ] --END-- [ RunTime:0.001657s ]
SQL: SHOW COLUMNS FROM `xs_user` [ RunTime:0.0122s ]
SQL: SELECT `stuid`,`time`,`mark`,`qqueue`,`aqueue` FROM `xs_user` WHERE `xuehao` = '71114223' AND `yikatong` = 223 LIMIT 1   [ RunTime:0.0005s ]
SQL: UPDATE `xs_user` SET `time`='1439912198' WHERE `stuID` = 1 [ RunTime:0.0058s ]

[ 2015-08-18T23:36:39+08:00 ] 127.0.0.1 /xiaoshi/index.php/Home/Login/toLogin
INFO: [ app_init ] --START--
INFO: Run Behavior\BuildLiteBehavior [ RunTime:0.000017s ]
INFO: [ app_init ] --END-- [ RunTime:0.000704s ]
INFO: [ app_begin ] --START--
INFO: Run Behavior\ReadHtmlCacheBehavior [ RunTime:0.001139s ]
INFO: [ app_begin ] --END-- [ RunTime:0.001220s ]
SQL: SHOW COLUMNS FROM `xs_user` [ RunTime:0.0121s ]
SQL: SELECT `stuid`,`time`,`mark`,`qqueue`,`aqueue` FROM `xs_user` WHERE `xuehao` = '71114223' AND `yikatong` = 223 LIMIT 1   [ RunTime:0.0005s ]
SQL: UPDATE `xs_user` SET `time`='1439912199' WHERE `stuID` = 1 [ RunTime:0.0291s ]

[ 2015-08-18T23:38:05+08:00 ] 127.0.0.1 /xiaoshi/index.php/Home/Login/toLogin
INFO: [ app_init ] --START--
INFO: Run Behavior\BuildLiteBehavior [ RunTime:0.000018s ]
INFO: [ app_init ] --END-- [ RunTime:0.000642s ]
INFO: [ app_begin ] --START--
INFO: Run Behavior\ReadHtmlCacheBehavior [ RunTime:0.001259s ]
INFO: [ app_begin ] --END-- [ RunTime:0.001352s ]
SQL: SHOW COLUMNS FROM `xs_user` [ RunTime:0.0216s ]
SQL: SELECT `stuid`,`time`,`mark`,`qqueue`,`aqueue` FROM `xs_user` WHERE `xuehao` = '71114223' AND `yikatong` = 223 LIMIT 1   [ RunTime:0.0007s ]
SQL: UPDATE `xs_user` SET `time`='1439912285' WHERE `stuID` = 1 [ RunTime:0.1036s ]

[ 2015-08-18T23:38:08+08:00 ] 127.0.0.1 /xiaoshi/Home/Check/index
INFO: [ app_init ] --START--
INFO: Run Behavior\BuildLiteBehavior [ RunTime:0.000031s ]
INFO: [ app_init ] --END-- [ RunTime:0.001003s ]
INFO: [ app_begin ] --START--
INFO: Run Behavior\ReadHtmlCacheBehavior [ RunTime:0.002370s ]
INFO: [ app_begin ] --END-- [ RunTime:0.003279s ]
INFO: [ view_parse ] --START--
INFO: [ template_filter ] --START--
INFO: Run Behavior\ContentReplaceBehavior [ RunTime:0.000307s ]
INFO: [ template_filter ] --END-- [ RunTime:0.000406s ]
INFO: Run Behavior\ParseTemplateBehavior [ RunTime:0.099133s ]
INFO: [ view_parse ] --END-- [ RunTime:0.099231s ]
INFO: [ view_filter ] --START--
INFO: Run Behavior\WriteHtmlCacheBehavior [ RunTime:0.000876s ]
INFO: [ view_filter ] --END-- [ RunTime:0.000925s ]
INFO: [ app_end ] --START--
INFO: Run Behavior\ShowPageTraceBehavior [ RunTime:0.002270s ]
INFO: [ app_end ] --END-- [ RunTime:0.002380s ]

[ 2015-08-18T23:38:12+08:00 ] 127.0.0.1 /xiaoshi/index.php/Home/Check/toCheck
INFO: [ app_init ] --START--
INFO: Run Behavior\BuildLiteBehavior [ RunTime:0.000017s ]
INFO: [ app_init ] --END-- [ RunTime:0.000663s ]
INFO: [ app_begin ] --START--
INFO: Run Behavior\ReadHtmlCacheBehavior [ RunTime:0.000951s ]
INFO: [ app_begin ] --END-- [ RunTime:0.001028s ]

[ 2015-08-18T23:38:19+08:00 ] 127.0.0.1 /xiaoshi/index.php/Home/Login/toLogin
INFO: [ app_init ] --START--
INFO: Run Behavior\BuildLiteBehavior [ RunTime:0.000017s ]
INFO: [ app_init ] --END-- [ RunTime:0.000561s ]
INFO: [ app_begin ] --START--
INFO: Run Behavior\ReadHtmlCacheBehavior [ RunTime:0.000861s ]
INFO: [ app_begin ] --END-- [ RunTime:0.000927s ]
SQL: SHOW COLUMNS FROM `xs_user` [ RunTime:0.0128s ]
SQL: SELECT `stuid`,`time`,`mark`,`qqueue`,`aqueue` FROM `xs_user` WHERE `xuehao` = '71114223' AND `yikatong` = 223 LIMIT 1   [ RunTime:0.0005s ]
SQL: UPDATE `xs_user` SET `time`='1439912297' WHERE `stuID` = 1 [ RunTime:0.0299s ]

[ 2015-08-18T23:38:19+08:00 ] 127.0.0.1 /xiaoshi/index.php/Home/Login/toLogin
INFO: [ app_init ] --START--
INFO: Run Behavior\BuildLiteBehavior [ RunTime:0.000017s ]
INFO: [ app_init ] --END-- [ RunTime:0.000650s ]
INFO: [ app_begin ] --START--
INFO: Run Behavior\ReadHtmlCacheBehavior [ RunTime:0.000940s ]
INFO: [ app_begin ] --END-- [ RunTime:0.001004s ]
SQL: SHOW COLUMNS FROM `xs_user` [ RunTime:0.0143s ]
SQL: SELECT `stuid`,`time`,`mark`,`qqueue`,`aqueue` FROM `xs_user` WHERE `xuehao` = '71114223' AND `yikatong` = 223 LIMIT 1   [ RunTime:0.0004s ]
SQL: UPDATE `xs_user` SET `time`='1439912299' WHERE `stuID` = 1 [ RunTime:0.0054s ]

[ 2015-08-18T23:38:19+08:00 ] 127.0.0.1 /xiaoshi/index.php/Home/Login/toLogin
INFO: [ app_init ] --START--
INFO: Run Behavior\BuildLiteBehavior [ RunTime:0.000018s ]
INFO: [ app_init ] --END-- [ RunTime:0.000640s ]
INFO: [ app_begin ] --START--
INFO: Run Behavior\ReadHtmlCacheBehavior [ RunTime:0.000786s ]
INFO: [ app_begin ] --END-- [ RunTime:0.000852s ]
SQL: SHOW COLUMNS FROM `xs_user` [ RunTime:0.0061s ]
SQL: SELECT `stuid`,`time`,`mark`,`qqueue`,`aqueue` FROM `xs_user` WHERE `xuehao` = '71114223' AND `yikatong` = 223 LIMIT 1   [ RunTime:0.0005s ]
SQL: UPDATE `xs_user` SET `time`='1439912299' WHERE `stuID` = 1 [ RunTime:0.0177s ]

[ 2015-08-18T23:38:27+08:00 ] 127.0.0.1 /xiaoshi/Home/Check/index
INFO: [ app_init ] --START--
INFO: Run Behavior\BuildLiteBehavior [ RunTime:0.000021s ]
INFO: [ app_init ] --END-- [ RunTime:0.000679s ]
INFO: [ app_begin ] --START--
INFO: Run Behavior\ReadHtmlCacheBehavior [ RunTime:0.002419s ]
INFO: [ app_begin ] --END-- [ RunTime:0.002580s ]
INFO: [ view_parse ] --START--
INFO: [ template_filter ] --START--
INFO: Run Behavior\ContentReplaceBehavior [ RunTime:0.000170s ]
INFO: [ template_filter ] --END-- [ RunTime:0.000234s ]
INFO: Run Behavior\ParseTemplateBehavior [ RunTime:0.045233s ]
INFO: [ view_parse ] --END-- [ RunTime:0.045329s ]
INFO: [ view_filter ] --START--
INFO: Run Behavior\WriteHtmlCacheBehavior [ RunTime:0.000896s ]
INFO: [ view_filter ] --END-- [ RunTime:0.000945s ]
INFO: [ app_end ] --START--
INFO: Run Behavior\ShowPageTraceBehavior [ RunTime:0.001911s ]
INFO: [ app_end ] --END-- [ RunTime:0.002017s ]

[ 2015-08-18T23:38:29+08:00 ] 127.0.0.1 /xiaoshi/index.php/Home/Check/toCheck
INFO: [ app_init ] --START--
INFO: Run Behavior\BuildLiteBehavior [ RunTime:0.000016s ]
INFO: [ app_init ] --END-- [ RunTime:0.000631s ]
INFO: [ app_begin ] --START--
INFO: Run Behavior\ReadHtmlCacheBehavior [ RunTime:0.000924s ]
INFO: [ app_begin ] --END-- [ RunTime:0.000989s ]

[ 2015-08-18T23:38:35+08:00 ] 127.0.0.1 /xiaoshi/index.php/Home/Login/toLogin
INFO: [ app_init ] --START--
INFO: Run Behavior\BuildLiteBehavior [ RunTime:0.000016s ]
INFO: [ app_init ] --END-- [ RunTime:0.000647s ]
INFO: [ app_begin ] --START--
INFO: Run Behavior\ReadHtmlCacheBehavior [ RunTime:0.000868s ]
INFO: [ app_begin ] --END-- [ RunTime:0.000931s ]
SQL: SHOW COLUMNS FROM `xs_user` [ RunTime:0.0122s ]

[ 2015-08-18T23:39:12+08:00 ] 127.0.0.1 /xiaoshi/index.php/Home/Login/toLogin
INFO: [ app_init ] --START--
INFO: Run Behavior\BuildLiteBehavior [ RunTime:0.000016s ]
INFO: [ app_init ] --END-- [ RunTime:0.000561s ]
INFO: [ app_begin ] --START--
INFO: Run Behavior\ReadHtmlCacheBehavior [ RunTime:0.000991s ]
INFO: [ app_begin ] --END-- [ RunTime:0.001091s ]
SQL: SHOW COLUMNS FROM `xs_user` [ RunTime:0.0115s ]
SQL: SELECT `stuid`,`time`,`mark`,`qqueue`,`aqueue` FROM `xs_user` WHERE `xuehao` = '71114223' AND `yikatong` = 223 LIMIT 1   [ RunTime:0.0005s ]
SQL: UPDATE `xs_user` SET `time`='1439912350' WHERE `stuID` = 1 [ RunTime:0.0322s ]

[ 2015-08-18T23:39:30+08:00 ] 127.0.0.1 /xiaoshi/index.php/Home/Login/toLogin
INFO: [ app_init ] --START--
INFO: Run Behavior\BuildLiteBehavior [ RunTime:0.000017s ]
INFO: [ app_init ] --END-- [ RunTime:0.000649s ]
INFO: [ app_begin ] --START--
INFO: Run Behavior\ReadHtmlCacheBehavior [ RunTime:0.000857s ]
INFO: [ app_begin ] --END-- [ RunTime:0.000924s ]
SQL: SHOW COLUMNS FROM `xs_user` [ RunTime:0.0144s ]
SQL: SELECT `stuid`,`time`,`mark`,`qqueue`,`aqueue` FROM `xs_user` WHERE `xuehao` = '71114223' AND `yikatong` = 223 LIMIT 1   [ RunTime:0.0786s ]
SQL: UPDATE `xs_user` SET `time`='1439912370' WHERE `stuID` = 1 [ RunTime:0.0177s ]

[ 2015-08-18T23:39:32+08:00 ] 127.0.0.1 /xiaoshi/index.php/Home/Login/toLogin
INFO: [ app_init ] --START--
INFO: Run Behavior\BuildLiteBehavior [ RunTime:0.000015s ]
INFO: [ app_init ] --END-- [ RunTime:0.000659s ]
INFO: [ app_begin ] --START--
INFO: Run Behavior\ReadHtmlCacheBehavior [ RunTime:0.000942s ]
INFO: [ app_begin ] --END-- [ RunTime:0.001025s ]
SQL: SHOW COLUMNS FROM `xs_user` [ RunTime:0.0113s ]
SQL: SELECT `stuid`,`time`,`mark`,`qqueue`,`aqueue` FROM `xs_user` WHERE `xuehao` = '71114223' AND `yikatong` = 223 LIMIT 1   [ RunTime:0.0005s ]
SQL: UPDATE `xs_user` SET `time`='1439912372' WHERE `stuID` = 1 [ RunTime:0.0044s ]

[ 2015-08-18T23:39:33+08:00 ] 127.0.0.1 /xiaoshi/index.php/Home/Login/toLogin
INFO: [ app_init ] --START--
INFO: Run Behavior\BuildLiteBehavior [ RunTime:0.000018s ]
INFO: [ app_init ] --END-- [ RunTime:0.000655s ]
INFO: [ app_begin ] --START--
INFO: Run Behavior\ReadHtmlCacheBehavior [ RunTime:0.000909s ]
INFO: [ app_begin ] --END-- [ RunTime:0.000972s ]
SQL: SHOW COLUMNS FROM `xs_user` [ RunTime:0.0120s ]
SQL: SELECT `stuid`,`time`,`mark`,`qqueue`,`aqueue` FROM `xs_user` WHERE `xuehao` = '71114223' AND `yikatong` = 223 LIMIT 1   [ RunTime:0.0005s ]
SQL: UPDATE `xs_user` SET `time`='1439912373' WHERE `stuID` = 1 [ RunTime:0.0263s ]

[ 2015-08-18T23:39:34+08:00 ] 127.0.0.1 /xiaoshi/index.php/Home/Login/toLogin
INFO: [ app_init ] --START--
INFO: Run Behavior\BuildLiteBehavior [ RunTime:0.000026s ]
INFO: [ app_init ] --END-- [ RunTime:0.000800s ]
INFO: [ app_begin ] --START--
INFO: Run Behavior\ReadHtmlCacheBehavior [ RunTime:0.000933s ]
INFO: [ app_begin ] --END-- [ RunTime:0.001002s ]
SQL: SHOW COLUMNS FROM `xs_user` [ RunTime:0.0106s ]
SQL: SELECT `stuid`,`time`,`mark`,`qqueue`,`aqueue` FROM `xs_user` WHERE `xuehao` = '71114223' AND `yikatong` = 223 LIMIT 1   [ RunTime:0.0004s ]
SQL: UPDATE `xs_user` SET `time`='1439912374' WHERE `stuID` = 1 [ RunTime:0.0043s ]

[ 2015-08-18T23:39:35+08:00 ] 127.0.0.1 /xiaoshi/index.php/Home/Login/toLogin
INFO: [ app_init ] --START--
INFO: Run Behavior\BuildLiteBehavior [ RunTime:0.000016s ]
INFO: [ app_init ] --END-- [ RunTime:0.000616s ]
INFO: [ app_begin ] --START--
INFO: Run Behavior\ReadHtmlCacheBehavior [ RunTime:0.000899s ]
INFO: [ app_begin ] --END-- [ RunTime:0.000965s ]
SQL: SHOW COLUMNS FROM `xs_user` [ RunTime:0.0109s ]
SQL: SELECT `stuid`,`time`,`mark`,`qqueue`,`aqueue` FROM `xs_user` WHERE `xuehao` = '71114223' AND `yikatong` = 223 LIMIT 1   [ RunTime:0.0004s ]
SQL: UPDATE `xs_user` SET `time`='1439912375' WHERE `stuID` = 1 [ RunTime:0.0097s ]

[ 2015-08-18T23:39:36+08:00 ] 127.0.0.1 /xiaoshi/index.php/Home/Login/toLogin
INFO: [ app_init ] --START--
INFO: Run Behavior\BuildLiteBehavior [ RunTime:0.000023s ]
INFO: [ app_init ] --END-- [ RunTime:0.000652s ]
INFO: [ app_begin ] --START--
INFO: Run Behavior\ReadHtmlCacheBehavior [ RunTime:0.000930s ]
INFO: [ app_begin ] --END-- [ RunTime:0.000994s ]
SQL: SHOW COLUMNS FROM `xs_user` [ RunTime:0.0368s ]
SQL: SELECT `stuid`,`time`,`mark`,`qqueue`,`aqueue` FROM `xs_user` WHERE `xuehao` = '71114223' AND `yikatong` = 223 LIMIT 1   [ RunTime:0.0005s ]
SQL: UPDATE `xs_user` SET `time`='1439912376' WHERE `stuID` = 1 [ RunTime:0.0063s ]

[ 2015-08-18T23:39:36+08:00 ] 127.0.0.1 /xiaoshi/index.php/Home/Login/toLogin
INFO: [ app_init ] --START--
INFO: Run Behavior\BuildLiteBehavior [ RunTime:0.000016s ]
INFO: [ app_init ] --END-- [ RunTime:0.000576s ]
INFO: [ app_begin ] --START--
INFO: Run Behavior\ReadHtmlCacheBehavior [ RunTime:0.000905s ]
INFO: [ app_begin ] --END-- [ RunTime:0.000990s ]
SQL: SHOW COLUMNS FROM `xs_user` [ RunTime:0.0075s ]
SQL: SELECT `stuid`,`time`,`mark`,`qqueue`,`aqueue` FROM `xs_user` WHERE `xuehao` = '71114223' AND `yikatong` = 223 LIMIT 1   [ RunTime:0.0005s ]
SQL: UPDATE `xs_user` SET `time`='1439912376' WHERE `stuID` = 1 [ RunTime:0.0047s ]

[ 2015-08-18T23:39:37+08:00 ] 127.0.0.1 /xiaoshi/index.php/Home/Login/toLogin
INFO: [ app_init ] --START--
INFO: Run Behavior\BuildLiteBehavior [ RunTime:0.000017s ]
INFO: [ app_init ] --END-- [ RunTime:0.000650s ]
INFO: [ app_begin ] --START--
INFO: Run Behavior\ReadHtmlCacheBehavior [ RunTime:0.000939s ]
INFO: [ app_begin ] --END-- [ RunTime:0.001007s ]
SQL: SHOW COLUMNS FROM `xs_user` [ RunTime:0.0117s ]
SQL: SELECT `stuid`,`time`,`mark`,`qqueue`,`aqueue` FROM `xs_user` WHERE `xuehao` = '71114223' AND `yikatong` = 223 LIMIT 1   [ RunTime:0.0004s ]
SQL: UPDATE `xs_user` SET `time`='1439912377' WHERE `stuID` = 1 [ RunTime:0.0050s ]

[ 2015-08-18T23:39:37+08:00 ] 127.0.0.1 /xiaoshi/index.php/Home/Login/toLogin
INFO: [ app_init ] --START--
INFO: Run Behavior\BuildLiteBehavior [ RunTime:0.000024s ]
INFO: [ app_init ] --END-- [ RunTime:0.000688s ]
INFO: [ app_begin ] --START--
INFO: Run Behavior\ReadHtmlCacheBehavior [ RunTime:0.001259s ]
INFO: [ app_begin ] --END-- [ RunTime:0.001371s ]
SQL: SHOW COLUMNS FROM `xs_user` [ RunTime:0.0087s ]
SQL: SELECT `stuid`,`time`,`mark`,`qqueue`,`aqueue` FROM `xs_user` WHERE `xuehao` = '71114223' AND `yikatong` = 223 LIMIT 1   [ RunTime:0.0005s ]
SQL: UPDATE `xs_user` SET `time`='1439912377' WHERE `stuID` = 1 [ RunTime:0.0162s ]

[ 2015-08-18T23:39:38+08:00 ] 127.0.0.1 /xiaoshi/index.php/Home/Login/toLogin
INFO: [ app_init ] --START--
INFO: Run Behavior\BuildLiteBehavior [ RunTime:0.000018s ]
INFO: [ app_init ] --END-- [ RunTime:0.000637s ]
INFO: [ app_begin ] --START--
INFO: Run Behavior\ReadHtmlCacheBehavior [ RunTime:0.000911s ]
INFO: [ app_begin ] --END-- [ RunTime:0.000974s ]
SQL: SHOW COLUMNS FROM `xs_user` [ RunTime:0.0123s ]
SQL: SELECT `stuid`,`time`,`mark`,`qqueue`,`aqueue` FROM `xs_user` WHERE `xuehao` = '71114223' AND `yikatong` = 223 LIMIT 1   [ RunTime:0.0004s ]
SQL: UPDATE `xs_user` SET `time`='1439912378' WHERE `stuID` = 1 [ RunTime:0.0037s ]

[ 2015-08-18T23:39:38+08:00 ] 127.0.0.1 /xiaoshi/index.php/Home/Login/toLogin
INFO: [ app_init ] --START--
INFO: Run Behavior\BuildLiteBehavior [ RunTime:0.000016s ]
INFO: [ app_init ] --END-- [ RunTime:0.000583s ]
INFO: [ app_begin ] --START--
INFO: Run Behavior\ReadHtmlCacheBehavior [ RunTime:0.000917s ]
INFO: [ app_begin ] --END-- [ RunTime:0.000980s ]
SQL: SHOW COLUMNS FROM `xs_user` [ RunTime:0.0081s ]
SQL: SELECT `stuid`,`time`,`mark`,`qqueue`,`aqueue` FROM `xs_user` WHERE `xuehao` = '71114223' AND `yikatong` = 223 LIMIT 1   [ RunTime:0.0004s ]
SQL: UPDATE `xs_user` SET `time`='1439912378' WHERE `stuID` = 1 [ RunTime:0.0226s ]

[ 2015-08-18T23:39:39+08:00 ] 127.0.0.1 /xiaoshi/index.php/Home/Login/toLogin
INFO: [ app_init ] --START--
INFO: Run Behavior\BuildLiteBehavior [ RunTime:0.000017s ]
INFO: [ app_init ] --END-- [ RunTime:0.000586s ]
INFO: [ app_begin ] --START--
INFO: Run Behavior\ReadHtmlCacheBehavior [ RunTime:0.000858s ]
INFO: [ app_begin ] --END-- [ RunTime:0.000921s ]
SQL: SHOW COLUMNS FROM `xs_user` [ RunTime:0.0106s ]
SQL: SELECT `stuid`,`time`,`mark`,`qqueue`,`aqueue` FROM `xs_user` WHERE `xuehao` = '71114223' AND `yikatong` = 223 LIMIT 1   [ RunTime:0.0004s ]
SQL: UPDATE `xs_user` SET `time`='1439912379' WHERE `stuID` = 1 [ RunTime:0.0238s ]

[ 2015-08-18T23:39:39+08:00 ] 127.0.0.1 /xiaoshi/index.php/Home/Login/toLogin
INFO: [ app_init ] --START--
INFO: Run Behavior\BuildLiteBehavior [ RunTime:0.000025s ]
INFO: [ app_init ] --END-- [ RunTime:0.000891s ]
INFO: [ app_begin ] --START--
INFO: Run Behavior\ReadHtmlCacheBehavior [ RunTime:0.000885s ]
INFO: [ app_begin ] --END-- [ RunTime:0.000967s ]
SQL: SHOW COLUMNS FROM `xs_user` [ RunTime:0.0082s ]
SQL: SELECT `stuid`,`time`,`mark`,`qqueue`,`aqueue` FROM `xs_user` WHERE `xuehao` = '71114223' AND `yikatong` = 223 LIMIT 1   [ RunTime:0.0004s ]
SQL: UPDATE `xs_user` SET `time`='1439912379' WHERE `stuID` = 1 [ RunTime:0.0038s ]

[ 2015-08-18T23:39:40+08:00 ] 127.0.0.1 /xiaoshi/index.php/Home/Login/toLogin
INFO: [ app_init ] --START--
INFO: Run Behavior\BuildLiteBehavior [ RunTime:0.000016s ]
INFO: [ app_init ] --END-- [ RunTime:0.000646s ]
INFO: [ app_begin ] --START--
INFO: Run Behavior\ReadHtmlCacheBehavior [ RunTime:0.000906s ]
INFO: [ app_begin ] --END-- [ RunTime:0.000970s ]
SQL: SHOW COLUMNS FROM `xs_user` [ RunTime:0.0118s ]
SQL: SELECT `stuid`,`time`,`mark`,`qqueue`,`aqueue` FROM `xs_user` WHERE `xuehao` = '71114223' AND `yikatong` = 223 LIMIT 1   [ RunTime:0.0005s ]
SQL: UPDATE `xs_user` SET `time`='1439912380' WHERE `stuID` = 1 [ RunTime:0.0054s ]

[ 2015-08-18T23:39:41+08:00 ] 127.0.0.1 /xiaoshi/index.php/Home/Login/toLogin
INFO: [ app_init ] --START--
INFO: Run Behavior\BuildLiteBehavior [ RunTime:0.000026s ]
INFO: [ app_init ] --END-- [ RunTime:0.000855s ]
INFO: [ app_begin ] --START--
INFO: Run Behavior\ReadHtmlCacheBehavior [ RunTime:0.000879s ]
INFO: [ app_begin ] --END-- [ RunTime:0.000955s ]
SQL: SHOW COLUMNS FROM `xs_user` [ RunTime:0.0123s ]
SQL: SELECT `stuid`,`time`,`mark`,`qqueue`,`aqueue` FROM `xs_user` WHERE `xuehao` = '71114223' AND `yikatong` = 223 LIMIT 1   [ RunTime:0.0005s ]
SQL: UPDATE `xs_user` SET `time`='1439912381' WHERE `stuID` = 1 [ RunTime:0.0110s ]

[ 2015-08-18T23:39:42+08:00 ] 127.0.0.1 /xiaoshi/index.php/Home/Login/toLogin
INFO: [ app_init ] --START--
INFO: Run Behavior\BuildLiteBehavior [ RunTime:0.000016s ]
INFO: [ app_init ] --END-- [ RunTime:0.000566s ]
INFO: [ app_begin ] --START--
INFO: Run Behavior\ReadHtmlCacheBehavior [ RunTime:0.000948s ]
INFO: [ app_begin ] --END-- [ RunTime:0.001040s ]
SQL: SHOW COLUMNS FROM `xs_user` [ RunTime:0.0342s ]
SQL: SELECT `stuid`,`time`,`mark`,`qqueue`,`aqueue` FROM `xs_user` WHERE `xuehao` = '71114223' AND `yikatong` = 223 LIMIT 1   [ RunTime:0.0005s ]
SQL: UPDATE `xs_user` SET `time`='1439912382' WHERE `stuID` = 1 [ RunTime:0.0052s ]

[ 2015-08-18T23:39:42+08:00 ] 127.0.0.1 /xiaoshi/index.php/Home/Login/toLogin
INFO: [ app_init ] --START--
INFO: Run Behavior\BuildLiteBehavior [ RunTime:0.000015s ]
INFO: [ app_init ] --END-- [ RunTime:0.000600s ]
INFO: [ app_begin ] --START--
INFO: Run Behavior\ReadHtmlCacheBehavior [ RunTime:0.001024s ]
INFO: [ app_begin ] --END-- [ RunTime:0.001105s ]
SQL: SHOW COLUMNS FROM `xs_user` [ RunTime:0.0061s ]
SQL: SELECT `stuid`,`time`,`mark`,`qqueue`,`aqueue` FROM `xs_user` WHERE `xuehao` = '71114223' AND `yikatong` = 223 LIMIT 1   [ RunTime:0.0004s ]
SQL: UPDATE `xs_user` SET `time`='1439912382' WHERE `stuID` = 1 [ RunTime:0.0334s ]

[ 2015-08-18T23:40:32+08:00 ] 127.0.0.1 /xiaoshi/Home/Check/index
INFO: [ app_init ] --START--
INFO: Run Behavior\BuildLiteBehavior [ RunTime:0.000025s ]
INFO: [ app_init ] --END-- [ RunTime:0.000886s ]
INFO: [ app_begin ] --START--
INFO: Run Behavior\ReadHtmlCacheBehavior [ RunTime:0.002066s ]
INFO: [ app_begin ] --END-- [ RunTime:0.002182s ]
INFO: [ view_parse ] --START--
INFO: [ template_filter ] --START--
INFO: Run Behavior\ContentReplaceBehavior [ RunTime:0.000329s ]
INFO: [ template_filter ] --END-- [ RunTime:0.000518s ]
INFO: Run Behavior\ParseTemplateBehavior [ RunTime:0.066290s ]
INFO: [ view_parse ] --END-- [ RunTime:0.066385s ]
INFO: [ view_filter ] --START--
INFO: Run Behavior\WriteHtmlCacheBehavior [ RunTime:0.000712s ]
INFO: [ view_filter ] --END-- [ RunTime:0.000762s ]
INFO: [ app_end ] --START--
INFO: Run Behavior\ShowPageTraceBehavior [ RunTime:0.001297s ]
INFO: [ app_end ] --END-- [ RunTime:0.001460s ]

[ 2015-08-18T23:40:36+08:00 ] 127.0.0.1 /xiaoshi/index.php/Home/Check/toCheck
INFO: [ app_init ] --START--
INFO: Run Behavior\BuildLiteBehavior [ RunTime:0.000026s ]
INFO: [ app_init ] --END-- [ RunTime:0.000851s ]
INFO: [ app_begin ] --START--
INFO: Run Behavior\ReadHtmlCacheBehavior [ RunTime:0.001501s ]
INFO: [ app_begin ] --END-- [ RunTime:0.001596s ]

[ 2015-08-18T23:40:42+08:00 ] 127.0.0.1 /xiaoshi/index.php/Home/Login/toLogin
INFO: [ app_init ] --START--
INFO: Run Behavior\BuildLiteBehavior [ RunTime:0.000016s ]
INFO: [ app_init ] --END-- [ RunTime:0.000605s ]
INFO: [ app_begin ] --START--
INFO: Run Behavior\ReadHtmlCacheBehavior [ RunTime:0.001173s ]
INFO: [ app_begin ] --END-- [ RunTime:0.001249s ]
SQL: SHOW COLUMNS FROM `xs_user` [ RunTime:0.0141s ]
SQL: SELECT `stuid`,`time`,`mark`,`qqueue`,`aqueue` FROM `xs_user` WHERE `xuehao` = '71114223' AND `yikatong` = 223 LIMIT 1   [ RunTime:0.0020s ]
SQL: UPDATE `xs_user` SET `time`='1439912440' WHERE `stuID` = 1 [ RunTime:0.0023s ]

[ 2015-08-18T23:40:47+08:00 ] 127.0.0.1 /xiaoshi/index.php/Home/Login/toLogin
INFO: [ app_init ] --START--
INFO: Run Behavior\BuildLiteBehavior [ RunTime:0.000023s ]
INFO: [ app_init ] --END-- [ RunTime:0.000938s ]
INFO: [ app_begin ] --START--
INFO: Run Behavior\ReadHtmlCacheBehavior [ RunTime:0.001589s ]
INFO: [ app_begin ] --END-- [ RunTime:0.001688s ]
SQL: SHOW COLUMNS FROM `xs_user` [ RunTime:0.0149s ]
SQL: SELECT `stuid`,`time`,`mark`,`qqueue`,`aqueue` FROM `xs_user` WHERE `xuehao` = '71114223' AND `yikatong` = 223 LIMIT 1   [ RunTime:0.0004s ]
SQL: UPDATE `xs_user` SET `time`='1439912447' WHERE `stuID` = 1 [ RunTime:0.0225s ]

[ 2015-08-18T23:40:48+08:00 ] 127.0.0.1 /xiaoshi/index.php/Home/Login/toLogin
INFO: [ app_init ] --START--
INFO: Run Behavior\BuildLiteBehavior [ RunTime:0.000016s ]
INFO: [ app_init ] --END-- [ RunTime:0.000616s ]
INFO: [ app_begin ] --START--
INFO: Run Behavior\ReadHtmlCacheBehavior [ RunTime:0.001311s ]
INFO: [ app_begin ] --END-- [ RunTime:0.001399s ]
SQL: SHOW COLUMNS FROM `xs_user` [ RunTime:0.0180s ]
SQL: SELECT `stuid`,`time`,`mark`,`qqueue`,`aqueue` FROM `xs_user` WHERE `xuehao` = '71114223' AND `yikatong` = 223 LIMIT 1   [ RunTime:0.0005s ]
SQL: UPDATE `xs_user` SET `time`='1439912448' WHERE `stuID` = 1 [ RunTime:0.0163s ]

[ 2015-08-18T23:41:02+08:00 ] 127.0.0.1 /xiaoshi/Home/Check/index
INFO: [ app_init ] --START--
INFO: Run Behavior\BuildLiteBehavior [ RunTime:0.000025s ]
INFO: [ app_init ] --END-- [ RunTime:0.001716s ]
INFO: [ app_begin ] --START--
INFO: Run Behavior\ReadHtmlCacheBehavior [ RunTime:0.002673s ]
INFO: [ app_begin ] --END-- [ RunTime:0.002791s ]
INFO: [ view_parse ] --START--
INFO: [ template_filter ] --START--
INFO: Run Behavior\ContentReplaceBehavior [ RunTime:0.000538s ]
INFO: [ template_filter ] --END-- [ RunTime:0.000949s ]
INFO: Run Behavior\ParseTemplateBehavior [ RunTime:0.053281s ]
INFO: [ view_parse ] --END-- [ RunTime:0.053368s ]
INFO: [ view_filter ] --START--
INFO: Run Behavior\WriteHtmlCacheBehavior [ RunTime:0.001299s ]
INFO: [ view_filter ] --END-- [ RunTime:0.001380s ]
INFO: [ app_end ] --START--
INFO: Run Behavior\ShowPageTraceBehavior [ RunTime:0.004012s ]
INFO: [ app_end ] --END-- [ RunTime:0.005013s ]

[ 2015-08-18T23:41:05+08:00 ] 127.0.0.1 /xiaoshi/index.php/Home/Check/toCheck
INFO: [ app_init ] --START--
INFO: Run Behavior\BuildLiteBehavior [ RunTime:0.000025s ]
INFO: [ app_init ] --END-- [ RunTime:0.000869s ]
INFO: [ app_begin ] --START--
INFO: Run Behavior\ReadHtmlCacheBehavior [ RunTime:0.001659s ]
INFO: [ app_begin ] --END-- [ RunTime:0.001768s ]

[ 2015-08-18T23:41:18+08:00 ] 127.0.0.1 /xiaoshi/index.php/Home/Login/toLogin
INFO: [ app_init ] --START--
INFO: Run Behavior\BuildLiteBehavior [ RunTime:0.000017s ]
INFO: [ app_init ] --END-- [ RunTime:0.000632s ]
INFO: [ app_begin ] --START--
INFO: Run Behavior\ReadHtmlCacheBehavior [ RunTime:0.001366s ]
INFO: [ app_begin ] --END-- [ RunTime:0.001461s ]
SQL: SHOW COLUMNS FROM `xs_user` [ RunTime:0.0114s ]
SQL: SELECT `stuid`,`time`,`mark`,`qqueue`,`aqueue` FROM `xs_user` WHERE `xuehao` = '71114223' AND `yikatong` = 223 LIMIT 1   [ RunTime:0.0006s ]
SQL: UPDATE `xs_user` SET `time`='1439912478' WHERE `stuID` = 1 [ RunTime:0.0045s ]

[ 2015-08-18T23:41:21+08:00 ] 127.0.0.1 /xiaoshi/index.php/Home/Login/toLogin
INFO: [ app_init ] --START--
INFO: Run Behavior\BuildLiteBehavior [ RunTime:0.000016s ]
INFO: [ app_init ] --END-- [ RunTime:0.000672s ]
INFO: [ app_begin ] --START--
INFO: Run Behavior\ReadHtmlCacheBehavior [ RunTime:0.001085s ]
INFO: [ app_begin ] --END-- [ RunTime:0.001151s ]
SQL: SHOW COLUMNS FROM `xs_user` [ RunTime:0.0110s ]
SQL: SELECT `stuid`,`time`,`mark`,`qqueue`,`aqueue` FROM `xs_user` WHERE `xuehao` = '71114223' AND `yikatong` = 223 LIMIT 1   [ RunTime:0.0004s ]
SQL: UPDATE `xs_user` SET `time`='1439912481' WHERE `stuID` = 1 [ RunTime:0.0036s ]

[ 2015-08-18T23:42:23+08:00 ] 127.0.0.1 /xiaoshi/Home/Check/index
INFO: [ app_init ] --START--
INFO: Run Behavior\BuildLiteBehavior [ RunTime:0.000026s ]
INFO: [ app_init ] --END-- [ RunTime:0.000930s ]
INFO: [ app_begin ] --START--
INFO: Run Behavior\ReadHtmlCacheBehavior [ RunTime:0.001489s ]
INFO: [ app_begin ] --END-- [ RunTime:0.001587s ]
INFO: [ view_parse ] --START--
INFO: [ template_filter ] --START--
INFO: Run Behavior\ContentReplaceBehavior [ RunTime:0.000287s ]
INFO: [ template_filter ] --END-- [ RunTime:0.000385s ]

[ 2015-08-18T23:42:33+08:00 ] 127.0.0.1 /xiaoshi/Home/Check/index
INFO: [ app_init ] --START--
INFO: Run Behavior\BuildLiteBehavior [ RunTime:0.000037s ]
INFO: [ app_init ] --END-- [ RunTime:0.000968s ]
INFO: [ app_begin ] --START--
INFO: Run Behavior\ReadHtmlCacheBehavior [ RunTime:0.000966s ]
INFO: [ app_begin ] --END-- [ RunTime:0.001046s ]
INFO: [ view_parse ] --START--
INFO: [ template_filter ] --START--
INFO: Run Behavior\ContentReplaceBehavior [ RunTime:0.000182s ]
INFO: [ template_filter ] --END-- [ RunTime:0.000253s ]

[ 2015-08-18T23:42:50+08:00 ] 127.0.0.1 /xiaoshi/Home/Check/index
INFO: [ app_init ] --START--
INFO: Run Behavior\BuildLiteBehavior [ RunTime:0.000024s ]
INFO: [ app_init ] --END-- [ RunTime:0.000868s ]
INFO: [ app_begin ] --START--
INFO: Run Behavior\ReadHtmlCacheBehavior [ RunTime:0.002795s ]
INFO: [ app_begin ] --END-- [ RunTime:0.002947s ]
INFO: [ view_parse ] --START--
INFO: [ template_filter ] --START--
INFO: Run Behavior\ContentReplaceBehavior [ RunTime:0.000298s ]
INFO: [ template_filter ] --END-- [ RunTime:0.000389s ]

[ 2015-08-18T23:42:51+08:00 ] 127.0.0.1 /xiaoshi/Home/Check/index
INFO: [ app_init ] --START--
INFO: Run Behavior\BuildLiteBehavior [ RunTime:0.000017s ]
INFO: [ app_init ] --END-- [ RunTime:0.000637s ]
INFO: [ app_begin ] --START--
INFO: Run Behavior\ReadHtmlCacheBehavior [ RunTime:0.001193s ]
INFO: [ app_begin ] --END-- [ RunTime:0.001351s ]
INFO: [ view_parse ] --START--
INFO: [ template_filter ] --START--
INFO: Run Behavior\ContentReplaceBehavior [ RunTime:0.000177s ]
INFO: [ template_filter ] --END-- [ RunTime:0.000242s ]

[ 2015-08-18T23:43:28+08:00 ] 127.0.0.1 /xiaoshi/Home/Check/index
INFO: [ app_init ] --START--
INFO: Run Behavior\BuildLiteBehavior [ RunTime:0.000020s ]
INFO: [ app_init ] --END-- [ RunTime:0.000620s ]
INFO: [ app_begin ] --START--
INFO: Run Behavior\ReadHtmlCacheBehavior [ RunTime:0.000958s ]
INFO: [ app_begin ] --END-- [ RunTime:0.001022s ]
INFO: [ view_parse ] --START--
INFO: [ template_filter ] --START--
INFO: Run Behavior\ContentReplaceBehavior [ RunTime:0.000170s ]
INFO: [ template_filter ] --END-- [ RunTime:0.000234s ]

[ 2015-08-18T23:43:29+08:00 ] 127.0.0.1 /xiaoshi/Home/Check/index
INFO: [ app_init ] --START--
INFO: Run Behavior\BuildLiteBehavior [ RunTime:0.000018s ]
INFO: [ app_init ] --END-- [ RunTime:0.000802s ]
INFO: [ app_begin ] --START--
INFO: Run Behavior\ReadHtmlCacheBehavior [ RunTime:0.001479s ]
INFO: [ app_begin ] --END-- [ RunTime:0.001594s ]
INFO: [ view_parse ] --START--
INFO: [ template_filter ] --START--
INFO: Run Behavior\ContentReplaceBehavior [ RunTime:0.000226s ]
INFO: [ template_filter ] --END-- [ RunTime:0.000328s ]

[ 2015-08-18T23:43:29+08:00 ] 127.0.0.1 /xiaoshi/Home/Check/index
INFO: [ app_init ] --START--
INFO: Run Behavior\BuildLiteBehavior [ RunTime:0.000025s ]
INFO: [ app_init ] --END-- [ RunTime:0.000941s ]
INFO: [ app_begin ] --START--
INFO: Run Behavior\ReadHtmlCacheBehavior [ RunTime:0.001394s ]
INFO: [ app_begin ] --END-- [ RunTime:0.001498s ]
INFO: [ view_parse ] --START--
INFO: [ template_filter ] --START--
INFO: Run Behavior\ContentReplaceBehavior [ RunTime:0.000321s ]
INFO: [ template_filter ] --END-- [ RunTime:0.000456s ]

[ 2015-08-18T23:43:30+08:00 ] 127.0.0.1 /xiaoshi/Home/Check/index
INFO: [ app_init ] --START--
INFO: Run Behavior\BuildLiteBehavior [ RunTime:0.000018s ]
INFO: [ app_init ] --END-- [ RunTime:0.000696s ]
INFO: [ app_begin ] --START--
INFO: Run Behavior\ReadHtmlCacheBehavior [ RunTime:0.001661s ]
INFO: [ app_begin ] --END-- [ RunTime:0.001804s ]
INFO: [ view_parse ] --START--
INFO: [ template_filter ] --START--
INFO: Run Behavior\ContentReplaceBehavior [ RunTime:0.000173s ]
INFO: [ template_filter ] --END-- [ RunTime:0.000246s ]

[ 2015-08-18T23:48:15+08:00 ] 127.0.0.1 /xiaoshi/Home/Check/index
INFO: [ app_init ] --START--
INFO: Run Behavior\BuildLiteBehavior [ RunTime:0.000017s ]
INFO: [ app_init ] --END-- [ RunTime:0.000647s ]
INFO: [ app_begin ] --START--
INFO: Run Behavior\ReadHtmlCacheBehavior [ RunTime:0.001503s ]
INFO: [ app_begin ] --END-- [ RunTime:0.001592s ]
INFO: [ view_parse ] --START--
INFO: [ template_filter ] --START--
INFO: Run Behavior\ContentReplaceBehavior [ RunTime:0.000284s ]
INFO: [ template_filter ] --END-- [ RunTime:0.000368s ]
INFO: Run Behavior\ParseTemplateBehavior [ RunTime:0.059248s ]
INFO: [ view_parse ] --END-- [ RunTime:0.059331s ]
INFO: [ view_filter ] --START--
INFO: Run Behavior\WriteHtmlCacheBehavior [ RunTime:0.000854s ]
INFO: [ view_filter ] --END-- [ RunTime:0.000904s ]
INFO: [ app_end ] --START--
INFO: Run Behavior\ShowPageTraceBehavior [ RunTime:0.002204s ]
INFO: [ app_end ] --END-- [ RunTime:0.002309s ]

[ 2015-08-18T23:48:18+08:00 ] 127.0.0.1 /xiaoshi/index.php/Home/Check/toCheck
INFO: [ app_init ] --START--
INFO: Run Behavior\BuildLiteBehavior [ RunTime:0.000020s ]
INFO: [ app_init ] --END-- [ RunTime:0.000587s ]
INFO: [ app_begin ] --START--
INFO: Run Behavior\ReadHtmlCacheBehavior [ RunTime:0.000884s ]
INFO: [ app_begin ] --END-- [ RunTime:0.000947s ]

[ 2015-08-18T23:48:21+08:00 ] 127.0.0.1 /xiaoshi/index.php/Home/Check/toCheck
INFO: [ app_init ] --START--
INFO: Run Behavior\BuildLiteBehavior [ RunTime:0.000016s ]
INFO: [ app_init ] --END-- [ RunTime:0.000577s ]
INFO: [ app_begin ] --START--
INFO: Run Behavior\ReadHtmlCacheBehavior [ RunTime:0.000918s ]
INFO: [ app_begin ] --END-- [ RunTime:0.000984s ]

[ 2015-08-18T23:48:24+08:00 ] 127.0.0.1 /xiaoshi/index.php/Home/Check/toCheck
INFO: [ app_init ] --START--
INFO: Run Behavior\BuildLiteBehavior [ RunTime:0.000016s ]
INFO: [ app_init ] --END-- [ RunTime:0.000702s ]
INFO: [ app_begin ] --START--
INFO: Run Behavior\ReadHtmlCacheBehavior [ RunTime:0.001137s ]
INFO: [ app_begin ] --END-- [ RunTime:0.001224s ]

[ 2015-08-18T23:48:28+08:00 ] 127.0.0.1 /xiaoshi/index.php/Home/Login/toLogin
INFO: [ app_init ] --START--
INFO: Run Behavior\BuildLiteBehavior [ RunTime:0.000015s ]
INFO: [ app_init ] --END-- [ RunTime:0.000573s ]
INFO: [ app_begin ] --START--
INFO: Run Behavior\ReadHtmlCacheBehavior [ RunTime:0.000898s ]
INFO: [ app_begin ] --END-- [ RunTime:0.000968s ]
SQL: SHOW COLUMNS FROM `xs_user` [ RunTime:0.0126s ]
SQL: SELECT `stuid`,`time`,`mark`,`qqueue`,`aqueue` FROM `xs_user` WHERE `xuehao` = '71114223' AND `yikatong` = 223 LIMIT 1   [ RunTime:0.0004s ]
SQL: UPDATE `xs_user` SET `time`='1439912908' WHERE `stuID` = 1 [ RunTime:0.0046s ]

[ 2015-08-18T23:48:29+08:00 ] 127.0.0.1 /xiaoshi/index.php/Home/Login/toLogin
INFO: [ app_init ] --START--
INFO: Run Behavior\BuildLiteBehavior [ RunTime:0.000027s ]
INFO: [ app_init ] --END-- [ RunTime:0.000967s ]
INFO: [ app_begin ] --START--
INFO: Run Behavior\ReadHtmlCacheBehavior [ RunTime:0.000888s ]
INFO: [ app_begin ] --END-- [ RunTime:0.000959s ]
SQL: SHOW COLUMNS FROM `xs_user` [ RunTime:0.0146s ]
SQL: SELECT `stuid`,`time`,`mark`,`qqueue`,`aqueue` FROM `xs_user` WHERE `xuehao` = '71114223' AND `yikatong` = 223 LIMIT 1   [ RunTime:0.0006s ]
SQL: UPDATE `xs_user` SET `time`='1439912909' WHERE `stuID` = 1 [ RunTime:0.0031s ]

[ 2015-08-18T23:48:30+08:00 ] 127.0.0.1 /xiaoshi/index.php/Home/Login/toLogin
INFO: [ app_init ] --START--
INFO: Run Behavior\BuildLiteBehavior [ RunTime:0.000016s ]
INFO: [ app_init ] --END-- [ RunTime:0.000650s ]
INFO: [ app_begin ] --START--
INFO: Run Behavior\ReadHtmlCacheBehavior [ RunTime:0.001172s ]
INFO: [ app_begin ] --END-- [ RunTime:0.001262s ]
SQL: SHOW COLUMNS FROM `xs_user` [ RunTime:0.0148s ]
SQL: SELECT `stuid`,`time`,`mark`,`qqueue`,`aqueue` FROM `xs_user` WHERE `xuehao` = '71114223' AND `yikatong` = 223 LIMIT 1   [ RunTime:0.0006s ]
SQL: UPDATE `xs_user` SET `time`='1439912910' WHERE `stuID` = 1 [ RunTime:0.0051s ]

[ 2015-08-18T23:48:31+08:00 ] 127.0.0.1 /xiaoshi/index.php/Home/Login/toLogin
INFO: [ app_init ] --START--
INFO: Run Behavior\BuildLiteBehavior [ RunTime:0.000028s ]
INFO: [ app_init ] --END-- [ RunTime:0.000687s ]
INFO: [ app_begin ] --START--
INFO: Run Behavior\ReadHtmlCacheBehavior [ RunTime:0.000999s ]
INFO: [ app_begin ] --END-- [ RunTime:0.001094s ]
SQL: SHOW COLUMNS FROM `xs_user` [ RunTime:0.0165s ]
SQL: SELECT `stuid`,`time`,`mark`,`qqueue`,`aqueue` FROM `xs_user` WHERE `xuehao` = '71114223' AND `yikatong` = 223 LIMIT 1   [ RunTime:0.0006s ]
SQL: UPDATE `xs_user` SET `time`='1439912911' WHERE `stuID` = 1 [ RunTime:0.0187s ]

[ 2015-08-18T23:48:31+08:00 ] 127.0.0.1 /xiaoshi/index.php/Home/Login/toLogin
INFO: [ app_init ] --START--
INFO: Run Behavior\BuildLiteBehavior [ RunTime:0.000024s ]
INFO: [ app_init ] --END-- [ RunTime:0.000826s ]
INFO: [ app_begin ] --START--
INFO: Run Behavior\ReadHtmlCacheBehavior [ RunTime:0.002466s ]
INFO: [ app_begin ] --END-- [ RunTime:0.002661s ]
SQL: SHOW COLUMNS FROM `xs_user` [ RunTime:0.0132s ]
SQL: SELECT `stuid`,`time`,`mark`,`qqueue`,`aqueue` FROM `xs_user` WHERE `xuehao` = '71114223' AND `yikatong` = 223 LIMIT 1   [ RunTime:0.0006s ]
SQL: UPDATE `xs_user` SET `time`='1439912911' WHERE `stuID` = 1 [ RunTime:0.0059s ]

[ 2015-08-18T23:48:32+08:00 ] 127.0.0.1 /xiaoshi/index.php/Home/Login/toLogin
INFO: [ app_init ] --START--
INFO: Run Behavior\BuildLiteBehavior [ RunTime:0.000019s ]
INFO: [ app_init ] --END-- [ RunTime:0.000720s ]
INFO: [ app_begin ] --START--
INFO: Run Behavior\ReadHtmlCacheBehavior [ RunTime:0.000884s ]
INFO: [ app_begin ] --END-- [ RunTime:0.000953s ]
SQL: SHOW COLUMNS FROM `xs_user` [ RunTime:0.0173s ]
SQL: SELECT `stuid`,`time`,`mark`,`qqueue`,`aqueue` FROM `xs_user` WHERE `xuehao` = '71114223' AND `yikatong` = 223 LIMIT 1   [ RunTime:0.0007s ]
SQL: UPDATE `xs_user` SET `time`='1439912912' WHERE `stuID` = 1 [ RunTime:0.0069s ]

[ 2015-08-18T23:48:32+08:00 ] 127.0.0.1 /xiaoshi/index.php/Home/Login/toLogin
INFO: [ app_init ] --START--
INFO: Run Behavior\BuildLiteBehavior [ RunTime:0.000027s ]
INFO: [ app_init ] --END-- [ RunTime:0.000632s ]
INFO: [ app_begin ] --START--
INFO: Run Behavior\ReadHtmlCacheBehavior [ RunTime:0.000869s ]
INFO: [ app_begin ] --END-- [ RunTime:0.000948s ]
SQL: SHOW COLUMNS FROM `xs_user` [ RunTime:0.0126s ]
SQL: SELECT `stuid`,`time`,`mark`,`qqueue`,`aqueue` FROM `xs_user` WHERE `xuehao` = '71114223' AND `yikatong` = 223 LIMIT 1   [ RunTime:0.0005s ]
SQL: UPDATE `xs_user` SET `time`='1439912912' WHERE `stuID` = 1 [ RunTime:0.0282s ]

[ 2015-08-18T23:48:32+08:00 ] 127.0.0.1 /xiaoshi/index.php/Home/Login/toLogin
INFO: [ app_init ] --START--
INFO: Run Behavior\BuildLiteBehavior [ RunTime:0.000039s ]
INFO: [ app_init ] --END-- [ RunTime:0.001030s ]
INFO: [ app_begin ] --START--
INFO: Run Behavior\ReadHtmlCacheBehavior [ RunTime:0.001689s ]
INFO: [ app_begin ] --END-- [ RunTime:0.001822s ]
SQL: SHOW COLUMNS FROM `xs_user` [ RunTime:0.0131s ]
SQL: SELECT `stuid`,`time`,`mark`,`qqueue`,`aqueue` FROM `xs_user` WHERE `xuehao` = '71114223' AND `yikatong` = 223 LIMIT 1   [ RunTime:0.0004s ]
SQL: UPDATE `xs_user` SET `time`='1439912912' WHERE `stuID` = 1 [ RunTime:0.0052s ]

[ 2015-08-18T23:48:32+08:00 ] 127.0.0.1 /xiaoshi/index.php/Home/Login/toLogin
INFO: [ app_init ] --START--
INFO: Run Behavior\BuildLiteBehavior [ RunTime:0.000061s ]
INFO: [ app_init ] --END-- [ RunTime:0.001302s ]
INFO: [ app_begin ] --START--
INFO: Run Behavior\ReadHtmlCacheBehavior [ RunTime:0.001298s ]
INFO: [ app_begin ] --END-- [ RunTime:0.001460s ]
SQL: SHOW COLUMNS FROM `xs_user` [ RunTime:0.0121s ]
SQL: SELECT `stuid`,`time`,`mark`,`qqueue`,`aqueue` FROM `xs_user` WHERE `xuehao` = '71114223' AND `yikatong` = 223 LIMIT 1   [ RunTime:0.0009s ]
SQL: UPDATE `xs_user` SET `time`='1439912912' WHERE `stuID` = 1 [ RunTime:0.0257s ]

[ 2015-08-18T23:48:33+08:00 ] 127.0.0.1 /xiaoshi/index.php/Home/Login/toLogin
INFO: [ app_init ] --START--
INFO: Run Behavior\BuildLiteBehavior [ RunTime:0.000024s ]
INFO: [ app_init ] --END-- [ RunTime:0.000816s ]
INFO: [ app_begin ] --START--
INFO: Run Behavior\ReadHtmlCacheBehavior [ RunTime:0.002225s ]
INFO: [ app_begin ] --END-- [ RunTime:0.002362s ]
SQL: SHOW COLUMNS FROM `xs_user` [ RunTime:0.0286s ]
SQL: SELECT `stuid`,`time`,`mark`,`qqueue`,`aqueue` FROM `xs_user` WHERE `xuehao` = '71114223' AND `yikatong` = 223 LIMIT 1   [ RunTime:0.0007s ]
SQL: UPDATE `xs_user` SET `time`='1439912913' WHERE `stuID` = 1 [ RunTime:0.0114s ]

[ 2015-08-18T23:48:33+08:00 ] 127.0.0.1 /xiaoshi/index.php/Home/Login/toLogin
INFO: [ app_init ] --START--
INFO: Run Behavior\BuildLiteBehavior [ RunTime:0.000097s ]
INFO: [ app_init ] --END-- [ RunTime:0.001136s ]
INFO: [ app_begin ] --START--
INFO: Run Behavior\ReadHtmlCacheBehavior [ RunTime:0.001469s ]
INFO: [ app_begin ] --END-- [ RunTime:0.001584s ]
SQL: SHOW COLUMNS FROM `xs_user` [ RunTime:0.0136s ]
SQL: SELECT `stuid`,`time`,`mark`,`qqueue`,`aqueue` FROM `xs_user` WHERE `xuehao` = '71114223' AND `yikatong` = 223 LIMIT 1   [ RunTime:0.0006s ]
SQL: UPDATE `xs_user` SET `time`='1439912913' WHERE `stuID` = 1 [ RunTime:0.0037s ]

[ 2015-08-18T23:58:10+08:00 ] 127.0.0.1 /xiaoshi/Home/Check/index
INFO: [ app_init ] --START--
INFO: Run Behavior\BuildLiteBehavior [ RunTime:0.000027s ]
INFO: [ app_init ] --END-- [ RunTime:0.001025s ]
INFO: [ app_begin ] --START--
INFO: Run Behavior\ReadHtmlCacheBehavior [ RunTime:0.001479s ]
INFO: [ app_begin ] --END-- [ RunTime:0.001600s ]
INFO: [ view_parse ] --START--
INFO: [ template_filter ] --START--
INFO: Run Behavior\ContentReplaceBehavior [ RunTime:0.000172s ]
INFO: [ template_filter ] --END-- [ RunTime:0.000251s ]
INFO: Run Behavior\ParseTemplateBehavior [ RunTime:0.085301s ]
INFO: [ view_parse ] --END-- [ RunTime:0.087127s ]
INFO: [ view_filter ] --START--
INFO: Run Behavior\WriteHtmlCacheBehavior [ RunTime:0.002337s ]
INFO: [ view_filter ] --END-- [ RunTime:0.002516s ]
INFO: [ app_end ] --START--
INFO: Run Behavior\ShowPageTraceBehavior [ RunTime:0.001412s ]
INFO: [ app_end ] --END-- [ RunTime:0.001530s ]

[ 2015-08-18T23:58:13+08:00 ] 127.0.0.1 /xiaoshi/index.php/Home/Check/toCheck
INFO: [ app_init ] --START--
INFO: Run Behavior\BuildLiteBehavior [ RunTime:0.000026s ]
INFO: [ app_init ] --END-- [ RunTime:0.000967s ]
INFO: [ app_begin ] --START--
INFO: Run Behavior\ReadHtmlCacheBehavior [ RunTime:0.001515s ]
INFO: [ app_begin ] --END-- [ RunTime:0.001629s ]

[ 2015-08-18T23:58:37+08:00 ] 127.0.0.1 /xiaoshi/Home/Check/index
INFO: [ app_init ] --START--
INFO: Run Behavior\BuildLiteBehavior [ RunTime:0.000023s ]
INFO: [ app_init ] --END-- [ RunTime:0.001085s ]
INFO: [ app_begin ] --START--
INFO: Run Behavior\ReadHtmlCacheBehavior [ RunTime:0.001603s ]
INFO: [ app_begin ] --END-- [ RunTime:0.001712s ]
INFO: [ view_parse ] --START--
INFO: [ template_filter ] --START--
INFO: Run Behavior\ContentReplaceBehavior [ RunTime:0.000258s ]
INFO: [ template_filter ] --END-- [ RunTime:0.000380s ]
INFO: Run Behavior\ParseTemplateBehavior [ RunTime:0.076589s ]
INFO: [ view_parse ] --END-- [ RunTime:0.076672s ]
INFO: [ view_filter ] --START--
INFO: Run Behavior\WriteHtmlCacheBehavior [ RunTime:0.001072s ]
INFO: [ view_filter ] --END-- [ RunTime:0.001128s ]
INFO: [ app_end ] --START--
INFO: Run Behavior\ShowPageTraceBehavior [ RunTime:0.003115s ]
INFO: [ app_end ] --END-- [ RunTime:0.003229s ]

[ 2015-08-18T23:58:42+08:00 ] 127.0.0.1 /xiaoshi/index.php/Home/Check/toCheck
INFO: [ app_init ] --START--
INFO: Run Behavior\BuildLiteBehavior [ RunTime:0.000017s ]
INFO: [ app_init ] --END-- [ RunTime:0.000645s ]
INFO: [ app_begin ] --START--
INFO: Run Behavior\ReadHtmlCacheBehavior [ RunTime:0.001284s ]
INFO: [ app_begin ] --END-- [ RunTime:0.001406s ]

