[ 2015-08-24T01:03:26+08:00 ] 127.0.0.1 /xiaoshi/Home/Check/index
INFO: [ app_init ] --START--
INFO: Run Behavior\BuildLiteBehavior [ RunTime:0.000075s ]
INFO: [ app_init ] --END-- [ RunTime:0.003388s ]
INFO: [ app_begin ] --START--
INFO: Run Behavior\ReadHtmlCacheBehavior [ RunTime:0.002096s ]
INFO: [ app_begin ] --END-- [ RunTime:0.002189s ]
INFO: [ view_parse ] --START--
INFO: [ template_filter ] --START--
INFO: Run Behavior\ContentReplaceBehavior [ RunTime:0.000173s ]
INFO: [ template_filter ] --END-- [ RunTime:0.000237s ]
INFO: Run Behavior\ParseTemplateBehavior [ RunTime:0.112916s ]
INFO: [ view_parse ] --END-- [ RunTime:0.113005s ]
INFO: [ view_filter ] --START--
INFO: Run Behavior\WriteHtmlCacheBehavior [ RunTime:0.001218s ]
INFO: [ view_filter ] --END-- [ RunTime:0.001277s ]
INFO: [ app_end ] --START--
INFO: Run Behavior\ShowPageTraceBehavior [ RunTime:0.001412s ]
INFO: [ app_end ] --END-- [ RunTime:0.001494s ]

[ 2015-08-24T01:03:30+08:00 ] 127.0.0.1 /xiaoshi/index.php/Home/Check/toCheck
INFO: [ app_init ] --START--
INFO: Run Behavior\BuildLiteBehavior [ RunTime:0.000019s ]
INFO: [ app_init ] --END-- [ RunTime:0.000828s ]
INFO: [ app_begin ] --START--
INFO: Run Behavior\ReadHtmlCacheBehavior [ RunTime:0.001845s ]
INFO: [ app_begin ] --END-- [ RunTime:0.002000s ]

[ 2015-08-24T01:03:35+08:00 ] 127.0.0.1 /xiaoshi/index.php/Home/Login/toLogin
INFO: [ app_init ] --START--
INFO: Run Behavior\BuildLiteBehavior [ RunTime:0.000017s ]
INFO: [ app_init ] --END-- [ RunTime:0.000560s ]
INFO: [ app_begin ] --START--
INFO: Run Behavior\ReadHtmlCacheBehavior [ RunTime:0.000585s ]
INFO: [ app_begin ] --END-- [ RunTime:0.000649s ]
SQL: SHOW COLUMNS FROM `xs_user` [ RunTime:0.1239s ]
SQL: SELECT `stuid`,`time`,`mark`,`qqueue`,`aqueue` FROM `xs_user` WHERE `xuehao` = '71114223' AND `yikatong` = 223 LIMIT 1   [ RunTime:0.0200s ]

[ 2015-08-24T01:05:39+08:00 ] 127.0.0.1 /xiaoshi/index.php/Home/Login/toLogin
INFO: [ app_init ] --START--
INFO: Run Behavior\BuildLiteBehavior [ RunTime:0.000019s ]
INFO: [ app_init ] --END-- [ RunTime:0.000562s ]
INFO: [ app_begin ] --START--
INFO: Run Behavior\ReadHtmlCacheBehavior [ RunTime:0.000690s ]
INFO: [ app_begin ] --END-- [ RunTime:0.000756s ]
SQL: SHOW COLUMNS FROM `xs_user` [ RunTime:0.0045s ]
SQL: SELECT `stuid`,`time`,`mark`,`qqueue`,`aqueue` FROM `xs_user` WHERE `xuehao` = '71114223' AND `yikatong` = 223 LIMIT 1   [ RunTime:0.0008s ]

[ 2015-08-24T01:05:41+08:00 ] 127.0.0.1 /xiaoshi/index.php/Home/Login/toLogin
INFO: [ app_init ] --START--
INFO: Run Behavior\BuildLiteBehavior [ RunTime:0.000017s ]
INFO: [ app_init ] --END-- [ RunTime:0.000545s ]
INFO: [ app_begin ] --START--
INFO: Run Behavior\ReadHtmlCacheBehavior [ RunTime:0.000612s ]
INFO: [ app_begin ] --END-- [ RunTime:0.000685s ]
SQL: SHOW COLUMNS FROM `xs_user` [ RunTime:0.0245s ]
SQL: SELECT `stuid`,`time`,`mark`,`qqueue`,`aqueue` FROM `xs_user` WHERE `xuehao` = '71114223' AND `yikatong` = 223 LIMIT 1   [ RunTime:0.0005s ]

[ 2015-08-24T01:05:52+08:00 ] 127.0.0.1 /xiaoshi/Home/Question/toMemcache
INFO: [ app_init ] --START--
INFO: Run Behavior\BuildLiteBehavior [ RunTime:0.000023s ]
INFO: [ app_init ] --END-- [ RunTime:0.000658s ]
INFO: [ app_begin ] --START--
INFO: Run Behavior\ReadHtmlCacheBehavior [ RunTime:0.000583s ]
INFO: [ app_begin ] --END-- [ RunTime:0.000648s ]
SQL: SHOW COLUMNS FROM `xs_questions` [ RunTime:0.1013s ]
SQL: SELECT * FROM `xs_questions`  [ RunTime:0.0027s ]
INFO: [ app_end ] --START--
INFO: Run Behavior\ShowPageTraceBehavior [ RunTime:0.001038s ]
INFO: [ app_end ] --END-- [ RunTime:0.001151s ]

[ 2015-08-24T01:05:55+08:00 ] 127.0.0.1 /xiaoshi/Home/Check/index
INFO: [ app_init ] --START--
INFO: Run Behavior\BuildLiteBehavior [ RunTime:0.000017s ]
INFO: [ app_init ] --END-- [ RunTime:0.000499s ]
INFO: [ app_begin ] --START--
INFO: Run Behavior\ReadHtmlCacheBehavior [ RunTime:0.000637s ]
INFO: [ app_begin ] --END-- [ RunTime:0.000698s ]
INFO: [ view_parse ] --START--
INFO: [ template_filter ] --START--
INFO: Run Behavior\ContentReplaceBehavior [ RunTime:0.000173s ]
INFO: [ template_filter ] --END-- [ RunTime:0.000236s ]
INFO: Run Behavior\ParseTemplateBehavior [ RunTime:0.018259s ]
INFO: [ view_parse ] --END-- [ RunTime:0.018325s ]
INFO: [ view_filter ] --START--
INFO: Run Behavior\WriteHtmlCacheBehavior [ RunTime:0.000437s ]
INFO: [ view_filter ] --END-- [ RunTime:0.000480s ]
INFO: [ app_end ] --START--
INFO: Run Behavior\ShowPageTraceBehavior [ RunTime:0.000693s ]
INFO: [ app_end ] --END-- [ RunTime:0.000766s ]

[ 2015-08-24T01:06:01+08:00 ] 127.0.0.1 /xiaoshi/index.php/Home/Check/toCheck
INFO: [ app_init ] --START--
INFO: Run Behavior\BuildLiteBehavior [ RunTime:0.000016s ]
INFO: [ app_init ] --END-- [ RunTime:0.000508s ]
INFO: [ app_begin ] --START--
INFO: Run Behavior\ReadHtmlCacheBehavior [ RunTime:0.000748s ]
INFO: [ app_begin ] --END-- [ RunTime:0.000812s ]

[ 2015-08-24T01:06:06+08:00 ] 127.0.0.1 /xiaoshi/index.php/Home/Login/toLogin
INFO: [ app_init ] --START--
INFO: Run Behavior\BuildLiteBehavior [ RunTime:0.000015s ]
INFO: [ app_init ] --END-- [ RunTime:0.000535s ]
INFO: [ app_begin ] --START--
INFO: Run Behavior\ReadHtmlCacheBehavior [ RunTime:0.000634s ]
INFO: [ app_begin ] --END-- [ RunTime:0.000695s ]
SQL: SHOW COLUMNS FROM `xs_user` [ RunTime:0.0042s ]
SQL: SELECT `stuid`,`time`,`mark`,`qqueue`,`aqueue` FROM `xs_user` WHERE `xuehao` = '71114223' AND `yikatong` = 223 LIMIT 1   [ RunTime:0.0005s ]

[ 2015-08-24T01:06:49+08:00 ] 127.0.0.1 /xiaoshi/index.php/Home/Login/toLogin
INFO: [ app_init ] --START--
INFO: Run Behavior\BuildLiteBehavior [ RunTime:0.000118s ]
INFO: [ app_init ] --END-- [ RunTime:0.000683s ]
INFO: [ app_begin ] --START--
INFO: Run Behavior\ReadHtmlCacheBehavior [ RunTime:0.000605s ]
INFO: [ app_begin ] --END-- [ RunTime:0.000688s ]
SQL: SHOW COLUMNS FROM `xs_user` [ RunTime:0.0359s ]
SQL: SELECT `stuid`,`time`,`mark`,`qqueue`,`aqueue` FROM `xs_user` WHERE `xuehao` = '71114223' AND `yikatong` = 223 LIMIT 1   [ RunTime:0.0005s ]

[ 2015-08-24T01:06:50+08:00 ] 127.0.0.1 /xiaoshi/index.php/Home/Login/toLogin
INFO: [ app_init ] --START--
INFO: Run Behavior\BuildLiteBehavior [ RunTime:0.000017s ]
INFO: [ app_init ] --END-- [ RunTime:0.000555s ]
INFO: [ app_begin ] --START--
INFO: Run Behavior\ReadHtmlCacheBehavior [ RunTime:0.000748s ]
INFO: [ app_begin ] --END-- [ RunTime:0.000817s ]
SQL: SHOW COLUMNS FROM `xs_user` [ RunTime:0.0041s ]
SQL: SELECT `stuid`,`time`,`mark`,`qqueue`,`aqueue` FROM `xs_user` WHERE `xuehao` = '71114223' AND `yikatong` = 223 LIMIT 1   [ RunTime:0.0005s ]

[ 2015-08-24T01:06:55+08:00 ] 127.0.0.1 /xiaoshi/Home/Check/index
INFO: [ app_init ] --START--
INFO: Run Behavior\BuildLiteBehavior [ RunTime:0.000022s ]
INFO: [ app_init ] --END-- [ RunTime:0.000556s ]
INFO: [ app_begin ] --START--
INFO: Run Behavior\ReadHtmlCacheBehavior [ RunTime:0.000800s ]
INFO: [ app_begin ] --END-- [ RunTime:0.000900s ]
INFO: [ view_parse ] --START--
INFO: [ template_filter ] --START--
INFO: Run Behavior\ContentReplaceBehavior [ RunTime:0.000347s ]
INFO: [ template_filter ] --END-- [ RunTime:0.000550s ]
INFO: Run Behavior\ParseTemplateBehavior [ RunTime:0.013090s ]
INFO: [ view_parse ] --END-- [ RunTime:0.013156s ]
INFO: [ view_filter ] --START--
INFO: Run Behavior\WriteHtmlCacheBehavior [ RunTime:0.000510s ]
INFO: [ view_filter ] --END-- [ RunTime:0.000558s ]
INFO: [ app_end ] --START--
INFO: Run Behavior\ShowPageTraceBehavior [ RunTime:0.000760s ]
INFO: [ app_end ] --END-- [ RunTime:0.000833s ]

[ 2015-08-24T01:06:57+08:00 ] 127.0.0.1 /xiaoshi/index.php/Home/Check/toCheck
INFO: [ app_init ] --START--
INFO: Run Behavior\BuildLiteBehavior [ RunTime:0.000019s ]
INFO: [ app_init ] --END-- [ RunTime:0.000566s ]
INFO: [ app_begin ] --START--
INFO: Run Behavior\ReadHtmlCacheBehavior [ RunTime:0.000709s ]
INFO: [ app_begin ] --END-- [ RunTime:0.000848s ]

[ 2015-08-24T01:07:00+08:00 ] 127.0.0.1 /xiaoshi/index.php/Home/Login/toLogin
INFO: [ app_init ] --START--
INFO: Run Behavior\BuildLiteBehavior [ RunTime:0.000016s ]
INFO: [ app_init ] --END-- [ RunTime:0.000441s ]
INFO: [ app_begin ] --START--
INFO: Run Behavior\ReadHtmlCacheBehavior [ RunTime:0.000560s ]
INFO: [ app_begin ] --END-- [ RunTime:0.000630s ]
SQL: SHOW COLUMNS FROM `xs_user` [ RunTime:0.0206s ]
SQL: SELECT `stuid`,`time`,`mark`,`qqueue`,`aqueue` FROM `xs_user` WHERE `xuehao` = '71114223' AND `yikatong` = 223 LIMIT 1   [ RunTime:0.0006s ]

[ 2015-08-24T01:07:09+08:00 ] 127.0.0.1 /xiaoshi/index.php/Home/Login/toLogin
INFO: [ app_init ] --START--
INFO: Run Behavior\BuildLiteBehavior [ RunTime:0.000023s ]
INFO: [ app_init ] --END-- [ RunTime:0.000632s ]
INFO: [ app_begin ] --START--
INFO: Run Behavior\ReadHtmlCacheBehavior [ RunTime:0.000587s ]
INFO: [ app_begin ] --END-- [ RunTime:0.000653s ]
SQL: SHOW COLUMNS FROM `xs_user` [ RunTime:0.0040s ]
SQL: SELECT `stuid`,`time`,`mark`,`qqueue`,`aqueue` FROM `xs_user` WHERE `xuehao` = '71114223' AND `yikatong` = 2233 LIMIT 1   [ RunTime:0.0004s ]

[ 2015-08-24T14:15:16+08:00 ] 127.0.0.1 /xiaoshi/Home/Check/index
INFO: [ app_init ] --START--
INFO: Run Behavior\BuildLiteBehavior [ RunTime:0.000023s ]
INFO: [ app_init ] --END-- [ RunTime:0.002743s ]
INFO: [ app_begin ] --START--
INFO: Run Behavior\ReadHtmlCacheBehavior [ RunTime:0.001605s ]
INFO: [ app_begin ] --END-- [ RunTime:0.001683s ]
INFO: [ view_parse ] --START--
INFO: [ template_filter ] --START--
INFO: Run Behavior\ContentReplaceBehavior [ RunTime:0.000184s ]
INFO: [ template_filter ] --END-- [ RunTime:0.000253s ]
INFO: Run Behavior\ParseTemplateBehavior [ RunTime:0.078335s ]
INFO: [ view_parse ] --END-- [ RunTime:0.078428s ]
INFO: [ view_filter ] --START--
INFO: Run Behavior\WriteHtmlCacheBehavior [ RunTime:0.000936s ]
INFO: [ view_filter ] --END-- [ RunTime:0.001011s ]
INFO: [ app_end ] --START--
INFO: Run Behavior\ShowPageTraceBehavior [ RunTime:0.001372s ]
INFO: [ app_end ] --END-- [ RunTime:0.001482s ]

[ 2015-08-24T14:15:19+08:00 ] 127.0.0.1 /xiaoshi/index.php/Home/Check/toCheck
INFO: [ app_init ] --START--
INFO: Run Behavior\BuildLiteBehavior [ RunTime:0.000020s ]
INFO: [ app_init ] --END-- [ RunTime:0.000671s ]
INFO: [ app_begin ] --START--
INFO: Run Behavior\ReadHtmlCacheBehavior [ RunTime:0.001117s ]
INFO: [ app_begin ] --END-- [ RunTime:0.001227s ]

[ 2015-08-24T14:16:35+08:00 ] 127.0.0.1 /xiaoshi/index.php/Home/Login/toLogin
INFO: [ app_init ] --START--
INFO: Run Behavior\BuildLiteBehavior [ RunTime:0.000024s ]
INFO: [ app_init ] --END-- [ RunTime:0.000674s ]
INFO: [ app_begin ] --START--
INFO: Run Behavior\ReadHtmlCacheBehavior [ RunTime:0.000816s ]
INFO: [ app_begin ] --END-- [ RunTime:0.000921s ]
SQL: SHOW COLUMNS FROM `xs_user` [ RunTime:0.1016s ]
SQL: SELECT `stuid`,`time`,`mark`,`qqueue`,`aqueue` FROM `xs_user` WHERE `xuehao` = '71114223' AND `yikatong` = 223 LIMIT 1   [ RunTime:0.0087s ]

[ 2015-08-24T14:16:37+08:00 ] 127.0.0.1 /xiaoshi/index.php/Home/Login/judgeStatue
INFO: [ app_init ] --START--
INFO: Run Behavior\BuildLiteBehavior [ RunTime:0.000015s ]
INFO: [ app_init ] --END-- [ RunTime:0.000461s ]
INFO: [ app_begin ] --START--
INFO: Run Behavior\ReadHtmlCacheBehavior [ RunTime:0.000578s ]
INFO: [ app_begin ] --END-- [ RunTime:0.000644s ]

[ 2015-08-24T14:16:44+08:00 ] 127.0.0.1 /xiaoshi/index.php/Home/Login/toLogin
INFO: [ app_init ] --START--
INFO: Run Behavior\BuildLiteBehavior [ RunTime:0.000017s ]
INFO: [ app_init ] --END-- [ RunTime:0.000567s ]
INFO: [ app_begin ] --START--
INFO: Run Behavior\ReadHtmlCacheBehavior [ RunTime:0.000641s ]
INFO: [ app_begin ] --END-- [ RunTime:0.000713s ]
SQL: SHOW COLUMNS FROM `xs_user` [ RunTime:0.0044s ]
SQL: SELECT `stuid`,`time`,`mark`,`qqueue`,`aqueue` FROM `xs_user` WHERE `xuehao` = '71114224' AND `yikatong` = 224 LIMIT 1   [ RunTime:0.0010s ]

[ 2015-08-24T14:16:44+08:00 ] 127.0.0.1 /xiaoshi/index.php/Home/Login/judgeStatue
INFO: [ app_init ] --START--
INFO: Run Behavior\BuildLiteBehavior [ RunTime:0.000016s ]
INFO: [ app_init ] --END-- [ RunTime:0.000442s ]
INFO: [ app_begin ] --START--
INFO: Run Behavior\ReadHtmlCacheBehavior [ RunTime:0.000566s ]
INFO: [ app_begin ] --END-- [ RunTime:0.000629s ]

[ 2015-08-24T19:20:36+08:00 ] 127.0.0.1 /xiaoshi/Home/Question/toMemcache
INFO: [ app_init ] --START--
INFO: Run Behavior\BuildLiteBehavior [ RunTime:0.000019s ]
INFO: [ app_init ] --END-- [ RunTime:0.003533s ]
INFO: [ app_begin ] --START--
INFO: Run Behavior\ReadHtmlCacheBehavior [ RunTime:0.001413s ]
INFO: [ app_begin ] --END-- [ RunTime:0.001478s ]
SQL: SHOW COLUMNS FROM `xs_questions` [ RunTime:0.0584s ]
SQL: SELECT * FROM `xs_questions`  [ RunTime:0.0142s ]
INFO: [ app_end ] --START--
INFO: Run Behavior\ShowPageTraceBehavior [ RunTime:0.002646s ]
INFO: [ app_end ] --END-- [ RunTime:0.002834s ]

[ 2015-08-24T19:20:46+08:00 ] 127.0.0.1 /xiaoshi/Home/Check/index
INFO: [ app_init ] --START--
INFO: Run Behavior\BuildLiteBehavior [ RunTime:0.000017s ]
INFO: [ app_init ] --END-- [ RunTime:0.000589s ]
INFO: [ app_begin ] --START--
INFO: Run Behavior\ReadHtmlCacheBehavior [ RunTime:0.000791s ]
INFO: [ app_begin ] --END-- [ RunTime:0.000858s ]
INFO: [ view_parse ] --START--
INFO: [ template_filter ] --START--
INFO: Run Behavior\ContentReplaceBehavior [ RunTime:0.000179s ]
INFO: [ template_filter ] --END-- [ RunTime:0.000243s ]
INFO: Run Behavior\ParseTemplateBehavior [ RunTime:0.036145s ]
INFO: [ view_parse ] --END-- [ RunTime:0.036236s ]
INFO: [ view_filter ] --START--
INFO: Run Behavior\WriteHtmlCacheBehavior [ RunTime:0.010763s ]
INFO: [ view_filter ] --END-- [ RunTime:0.010832s ]
INFO: [ app_end ] --START--
INFO: Run Behavior\ShowPageTraceBehavior [ RunTime:0.001288s ]
INFO: [ app_end ] --END-- [ RunTime:0.001384s ]

[ 2015-08-24T19:20:50+08:00 ] 127.0.0.1 /xiaoshi/index.php/Home/Check/toCheck
INFO: [ app_init ] --START--
INFO: Run Behavior\BuildLiteBehavior [ RunTime:0.000017s ]
INFO: [ app_init ] --END-- [ RunTime:0.000592s ]
INFO: [ app_begin ] --START--
INFO: Run Behavior\ReadHtmlCacheBehavior [ RunTime:0.000762s ]
INFO: [ app_begin ] --END-- [ RunTime:0.000826s ]

[ 2015-08-24T19:21:24+08:00 ] 127.0.0.1 /xiaoshi/index.php/Home/Login/toLogin
INFO: [ app_init ] --START--
INFO: Run Behavior\BuildLiteBehavior [ RunTime:0.000017s ]
INFO: [ app_init ] --END-- [ RunTime:0.000739s ]
INFO: [ app_begin ] --START--
INFO: Run Behavior\ReadHtmlCacheBehavior [ RunTime:0.001401s ]
INFO: [ app_begin ] --END-- [ RunTime:0.001467s ]
SQL: SHOW COLUMNS FROM `xs_user` [ RunTime:0.0030s ]
SQL: SELECT `stuid`,`time`,`mark`,`qqueue`,`aqueue` FROM `xs_user` WHERE `xuehao` = '71114230' AND `yikatong` = 230 LIMIT 1   [ RunTime:0.0005s ]

[ 2015-08-24T19:21:26+08:00 ] 127.0.0.1 /xiaoshi/index.php/Home/Login/toLogin
INFO: [ app_init ] --START--
INFO: Run Behavior\BuildLiteBehavior [ RunTime:0.000017s ]
INFO: [ app_init ] --END-- [ RunTime:0.000738s ]
INFO: [ app_begin ] --START--
INFO: Run Behavior\ReadHtmlCacheBehavior [ RunTime:0.001844s ]
INFO: [ app_begin ] --END-- [ RunTime:0.001921s ]
SQL: SHOW COLUMNS FROM `xs_user` [ RunTime:0.0030s ]
SQL: SELECT `stuid`,`time`,`mark`,`qqueue`,`aqueue` FROM `xs_user` WHERE `xuehao` = '71114230' AND `yikatong` = 230 LIMIT 1   [ RunTime:0.0004s ]

[ 2015-08-24T19:22:15+08:00 ] 127.0.0.1 /xiaoshi/Home/Check/index
INFO: [ app_init ] --START--
INFO: Run Behavior\BuildLiteBehavior [ RunTime:0.000020s ]
INFO: [ app_init ] --END-- [ RunTime:0.000685s ]
INFO: [ app_begin ] --START--
INFO: Run Behavior\ReadHtmlCacheBehavior [ RunTime:0.001413s ]
INFO: [ app_begin ] --END-- [ RunTime:0.001517s ]
INFO: [ view_parse ] --START--
INFO: [ template_filter ] --START--
INFO: Run Behavior\ContentReplaceBehavior [ RunTime:0.000303s ]
INFO: [ template_filter ] --END-- [ RunTime:0.000401s ]
INFO: Run Behavior\ParseTemplateBehavior [ RunTime:0.023141s ]
INFO: [ view_parse ] --END-- [ RunTime:0.023263s ]
INFO: [ view_filter ] --START--
INFO: Run Behavior\WriteHtmlCacheBehavior [ RunTime:0.001214s ]
INFO: [ view_filter ] --END-- [ RunTime:0.001274s ]
INFO: [ app_end ] --START--
INFO: Run Behavior\ShowPageTraceBehavior [ RunTime:0.004965s ]
INFO: [ app_end ] --END-- [ RunTime:0.005106s ]

[ 2015-08-24T19:22:17+08:00 ] 127.0.0.1 /xiaoshi/index.php/Home/Check/toCheck
INFO: [ app_init ] --START--
INFO: Run Behavior\BuildLiteBehavior [ RunTime:0.000016s ]
INFO: [ app_init ] --END-- [ RunTime:0.000675s ]
INFO: [ app_begin ] --START--
INFO: Run Behavior\ReadHtmlCacheBehavior [ RunTime:0.001863s ]
INFO: [ app_begin ] --END-- [ RunTime:0.001970s ]

[ 2015-08-24T19:22:19+08:00 ] 127.0.0.1 /xiaoshi/index.php/Home/Check/toCheck
INFO: [ app_init ] --START--
INFO: Run Behavior\BuildLiteBehavior [ RunTime:0.000016s ]
INFO: [ app_init ] --END-- [ RunTime:0.000742s ]
INFO: [ app_begin ] --START--
INFO: Run Behavior\ReadHtmlCacheBehavior [ RunTime:0.001788s ]
INFO: [ app_begin ] --END-- [ RunTime:0.001873s ]

[ 2015-08-24T19:22:23+08:00 ] 127.0.0.1 /xiaoshi/index.php/Home/Login/toLogin
INFO: [ app_init ] --START--
INFO: Run Behavior\BuildLiteBehavior [ RunTime:0.000016s ]
INFO: [ app_init ] --END-- [ RunTime:0.000723s ]
INFO: [ app_begin ] --START--
INFO: Run Behavior\ReadHtmlCacheBehavior [ RunTime:0.001290s ]
INFO: [ app_begin ] --END-- [ RunTime:0.001386s ]
SQL: SHOW COLUMNS FROM `xs_user` [ RunTime:0.0043s ]
SQL: SELECT `stuid`,`time`,`mark`,`qqueue`,`aqueue` FROM `xs_user` WHERE `xuehao` = '71114223' AND `yikatong` = 223 LIMIT 1   [ RunTime:0.0006s ]

[ 2015-08-24T19:22:25+08:00 ] 127.0.0.1 /xiaoshi/index.php/Home/Login/toLogin
INFO: [ app_init ] --START--
INFO: Run Behavior\BuildLiteBehavior [ RunTime:0.000016s ]
INFO: [ app_init ] --END-- [ RunTime:0.000682s ]
INFO: [ app_begin ] --START--
INFO: Run Behavior\ReadHtmlCacheBehavior [ RunTime:0.001299s ]
INFO: [ app_begin ] --END-- [ RunTime:0.001364s ]
SQL: SHOW COLUMNS FROM `xs_user` [ RunTime:0.0032s ]
SQL: SELECT `stuid`,`time`,`mark`,`qqueue`,`aqueue` FROM `xs_user` WHERE `xuehao` = '71114223' AND `yikatong` = 223 LIMIT 1   [ RunTime:0.0004s ]

[ 2015-08-24T19:22:26+08:00 ] 127.0.0.1 /xiaoshi/index.php/Home/Login/toLogin
INFO: [ app_init ] --START--
INFO: Run Behavior\BuildLiteBehavior [ RunTime:0.000016s ]
INFO: [ app_init ] --END-- [ RunTime:0.000713s ]
INFO: [ app_begin ] --START--
INFO: Run Behavior\ReadHtmlCacheBehavior [ RunTime:0.001323s ]
INFO: [ app_begin ] --END-- [ RunTime:0.001395s ]
SQL: SHOW COLUMNS FROM `xs_user` [ RunTime:0.0030s ]
SQL: SELECT `stuid`,`time`,`mark`,`qqueue`,`aqueue` FROM `xs_user` WHERE `xuehao` = '71114223' AND `yikatong` = 223 LIMIT 1   [ RunTime:0.0004s ]

[ 2015-08-24T19:22:54+08:00 ] 127.0.0.1 /xiaoshi/Home/Check/index
INFO: [ app_init ] --START--
INFO: Run Behavior\BuildLiteBehavior [ RunTime:0.000019s ]
INFO: [ app_init ] --END-- [ RunTime:0.001976s ]

[ 2015-08-24T19:22:57+08:00 ] 127.0.0.1 /xiaoshi/index.php/Home/Check/toCheck
INFO: [ app_init ] --START--
INFO: Run Behavior\BuildLiteBehavior [ RunTime:0.000022s ]
INFO: [ app_init ] --END-- [ RunTime:0.000715s ]

[ 2015-08-24T19:23:14+08:00 ] 127.0.0.1 /xiaoshi/index.php/Home/Login/toLogin
INFO: [ app_init ] --START--
INFO: Run Behavior\BuildLiteBehavior [ RunTime:0.000021s ]
INFO: [ app_init ] --END-- [ RunTime:0.000576s ]

[ 2015-08-24T19:23:38+08:00 ] 127.0.0.1 /xiaoshi/index.php/Home/Login/toLogin
INFO: [ app_init ] --START--
INFO: Run Behavior\BuildLiteBehavior [ RunTime:0.000017s ]
INFO: [ app_init ] --END-- [ RunTime:0.000619s ]

[ 2015-08-24T19:23:45+08:00 ] 127.0.0.1 /xiaoshi/index.php/Home/Login/toLogin
INFO: [ app_init ] --START--
INFO: Run Behavior\BuildLiteBehavior [ RunTime:0.000016s ]
INFO: [ app_init ] --END-- [ RunTime:0.000644s ]

[ 2015-08-24T19:23:45+08:00 ] 127.0.0.1 /xiaoshi/index.php/Home/Login/toLogin
INFO: [ app_init ] --START--
INFO: Run Behavior\BuildLiteBehavior [ RunTime:0.000017s ]
INFO: [ app_init ] --END-- [ RunTime:0.000614s ]

[ 2015-08-24T19:23:47+08:00 ] 127.0.0.1 /xiaoshi/index.php/Home/Login/toLogin
INFO: [ app_init ] --START--
INFO: Run Behavior\BuildLiteBehavior [ RunTime:0.000018s ]
INFO: [ app_init ] --END-- [ RunTime:0.000622s ]

[ 2015-08-24T19:23:47+08:00 ] 127.0.0.1 /xiaoshi/index.php/Home/Login/toLogin
INFO: [ app_init ] --START--
INFO: Run Behavior\BuildLiteBehavior [ RunTime:0.000017s ]
INFO: [ app_init ] --END-- [ RunTime:0.000606s ]

[ 2015-08-24T19:23:48+08:00 ] 127.0.0.1 /xiaoshi/index.php/Home/Login/toLogin
INFO: [ app_init ] --START--
INFO: Run Behavior\BuildLiteBehavior [ RunTime:0.000016s ]
INFO: [ app_init ] --END-- [ RunTime:0.000529s ]

[ 2015-08-24T19:23:49+08:00 ] 127.0.0.1 /xiaoshi/index.php/Home/Login/toLogin
INFO: [ app_init ] --START--
INFO: Run Behavior\BuildLiteBehavior [ RunTime:0.000017s ]
INFO: [ app_init ] --END-- [ RunTime:0.000625s ]

[ 2015-08-24T19:23:49+08:00 ] 127.0.0.1 /xiaoshi/index.php/Home/Login/toLogin
INFO: [ app_init ] --START--
INFO: Run Behavior\BuildLiteBehavior [ RunTime:0.000017s ]
INFO: [ app_init ] --END-- [ RunTime:0.000648s ]

[ 2015-08-24T19:24:02+08:00 ] 127.0.0.1 /xiaoshi/Home/Check/index
INFO: [ app_init ] --START--
INFO: Run Behavior\BuildLiteBehavior [ RunTime:0.000024s ]
INFO: [ app_init ] --END-- [ RunTime:0.000696s ]

[ 2015-08-24T19:24:03+08:00 ] 127.0.0.1 /xiaoshi/index.php/Home/Check/toCheck
INFO: [ app_init ] --START--
INFO: Run Behavior\BuildLiteBehavior [ RunTime:0.000023s ]
INFO: [ app_init ] --END-- [ RunTime:0.000733s ]

[ 2015-08-24T19:24:08+08:00 ] 127.0.0.1 /xiaoshi/index.php/Home/Login/toLogin
INFO: [ app_init ] --START--
INFO: Run Behavior\BuildLiteBehavior [ RunTime:0.000016s ]
INFO: [ app_init ] --END-- [ RunTime:0.000584s ]

[ 2015-08-24T19:24:21+08:00 ] 127.0.0.1 /xiaoshi/index.php/Home/Login/toLogin
INFO: [ app_init ] --START--
INFO: Run Behavior\BuildLiteBehavior [ RunTime:0.000017s ]
INFO: [ app_init ] --END-- [ RunTime:0.000592s ]

[ 2015-08-24T19:24:53+08:00 ] 127.0.0.1 /xiaoshi/Home/Check/index
INFO: [ app_init ] --START--
INFO: Run Behavior\BuildLiteBehavior [ RunTime:0.000025s ]
INFO: [ app_init ] --END-- [ RunTime:0.004429s ]

[ 2015-08-24T19:24:55+08:00 ] 127.0.0.1 /xiaoshi/index.php/Home/Check/toCheck
INFO: [ app_init ] --START--
INFO: Run Behavior\BuildLiteBehavior [ RunTime:0.000017s ]
INFO: [ app_init ] --END-- [ RunTime:0.000585s ]

[ 2015-08-24T19:24:59+08:00 ] 127.0.0.1 /xiaoshi/index.php/Home/Login/toLogin
INFO: [ app_init ] --START--
INFO: Run Behavior\BuildLiteBehavior [ RunTime:0.000016s ]
INFO: [ app_init ] --END-- [ RunTime:0.000541s ]

[ 2015-08-24T19:25:34+08:00 ] 127.0.0.1 /xiaoshi/Home/Check/index
INFO: [ app_init ] --START--
INFO: Run Behavior\BuildLiteBehavior [ RunTime:0.000018s ]
INFO: [ app_init ] --END-- [ RunTime:0.000676s ]

[ 2015-08-24T19:25:37+08:00 ] 127.0.0.1 /xiaoshi/index.php/Home/Check/toCheck
INFO: [ app_init ] --START--
INFO: Run Behavior\BuildLiteBehavior [ RunTime:0.000023s ]
INFO: [ app_init ] --END-- [ RunTime:0.000680s ]

[ 2015-08-24T19:25:43+08:00 ] 127.0.0.1 /xiaoshi/index.php/Home/Login/toLogin
INFO: [ app_init ] --START--
INFO: Run Behavior\BuildLiteBehavior [ RunTime:0.000023s ]
INFO: [ app_init ] --END-- [ RunTime:0.000676s ]

[ 2015-08-24T19:26:21+08:00 ] 127.0.0.1 /xiaoshi/Home/Check/index
INFO: [ app_init ] --START--
INFO: Run Behavior\BuildLiteBehavior [ RunTime:0.000016s ]
INFO: [ app_init ] --END-- [ RunTime:0.000586s ]

[ 2015-08-24T19:26:23+08:00 ] 127.0.0.1 /xiaoshi/index.php/Home/Check/toCheck
INFO: [ app_init ] --START--
INFO: Run Behavior\BuildLiteBehavior [ RunTime:0.000017s ]
INFO: [ app_init ] --END-- [ RunTime:0.000615s ]

[ 2015-08-24T19:26:30+08:00 ] 127.0.0.1 /xiaoshi/index.php/Home/Login/toLogin
INFO: [ app_init ] --START--
INFO: Run Behavior\BuildLiteBehavior [ RunTime:0.000016s ]
INFO: [ app_init ] --END-- [ RunTime:0.000615s ]

[ 2015-08-24T19:26:54+08:00 ] 127.0.0.1 /xiaoshi/Home/Check/index
INFO: [ app_init ] --START--
INFO: Run Behavior\BuildLiteBehavior [ RunTime:0.000017s ]
INFO: [ app_init ] --END-- [ RunTime:0.000588s ]

[ 2015-08-24T19:26:57+08:00 ] 127.0.0.1 /xiaoshi/index.php/Home/Check/toCheck
INFO: [ app_init ] --START--
INFO: Run Behavior\BuildLiteBehavior [ RunTime:0.000016s ]
INFO: [ app_init ] --END-- [ RunTime:0.000581s ]

[ 2015-08-24T19:27:02+08:00 ] 127.0.0.1 /xiaoshi/index.php/Home/Login/toLogin
INFO: [ app_init ] --START--
INFO: Run Behavior\BuildLiteBehavior [ RunTime:0.000017s ]
INFO: [ app_init ] --END-- [ RunTime:0.000517s ]

[ 2015-08-24T19:27:09+08:00 ] 127.0.0.1 /xiaoshi/index.php/Home/Login/toLogin
INFO: [ app_init ] --START--
INFO: Run Behavior\BuildLiteBehavior [ RunTime:0.000017s ]
INFO: [ app_init ] --END-- [ RunTime:0.000585s ]

[ 2015-08-24T20:11:24+08:00 ] 127.0.0.1 /xiaoshi/index.php/Home/Login/toLogin
INFO: [ app_init ] --START--
INFO: Run Behavior\BuildLiteBehavior [ RunTime:0.000017s ]
INFO: [ app_init ] --END-- [ RunTime:0.000632s ]

[ 2015-08-24T20:11:37+08:00 ] 127.0.0.1 /xiaoshi/index.php/Home/Login/toLogin
INFO: [ app_init ] --START--
INFO: Run Behavior\BuildLiteBehavior [ RunTime:0.000015s ]
INFO: [ app_init ] --END-- [ RunTime:0.000599s ]

[ 2015-08-24T20:11:38+08:00 ] 127.0.0.1 /xiaoshi/index.php/Home/Login/toLogin
INFO: [ app_init ] --START--
INFO: Run Behavior\BuildLiteBehavior [ RunTime:0.000016s ]
INFO: [ app_init ] --END-- [ RunTime:0.000630s ]

[ 2015-08-24T20:11:40+08:00 ] 127.0.0.1 /xiaoshi/index.php/Home/Login/judgeStatue
INFO: [ app_init ] --START--
INFO: Run Behavior\BuildLiteBehavior [ RunTime:0.000016s ]
INFO: [ app_init ] --END-- [ RunTime:0.000624s ]

[ 2015-08-24T20:12:29+08:00 ] 127.0.0.1 /xiaoshi/index.php/Home/Login/toLogin
INFO: [ app_init ] --START--
INFO: Run Behavior\BuildLiteBehavior [ RunTime:0.000015s ]
INFO: [ app_init ] --END-- [ RunTime:0.000603s ]

[ 2015-08-24T20:12:30+08:00 ] 127.0.0.1 /xiaoshi/index.php/Home/Login/judgeStatue
INFO: [ app_init ] --START--
INFO: Run Behavior\BuildLiteBehavior [ RunTime:0.000026s ]
INFO: [ app_init ] --END-- [ RunTime:0.000896s ]

[ 2015-08-24T20:20:33+08:00 ] 127.0.0.1 /xiaoshi/index.php/Home/Login/toLogin
INFO: [ app_init ] --START--
INFO: Run Behavior\BuildLiteBehavior [ RunTime:0.000016s ]
INFO: [ app_init ] --END-- [ RunTime:0.000609s ]

[ 2015-08-24T20:20:34+08:00 ] 127.0.0.1 /xiaoshi/index.php/Home/Login/judgeStatue
INFO: [ app_init ] --START--
INFO: Run Behavior\BuildLiteBehavior [ RunTime:0.000023s ]
INFO: [ app_init ] --END-- [ RunTime:0.000861s ]

[ 2015-08-24T20:20:42+08:00 ] 127.0.0.1 /xiaoshi/Home/Check/index
INFO: [ app_init ] --START--
INFO: Run Behavior\BuildLiteBehavior [ RunTime:0.000017s ]
INFO: [ app_init ] --END-- [ RunTime:0.000617s ]

[ 2015-08-24T20:20:44+08:00 ] 127.0.0.1 /xiaoshi/index.php/Home/Check/toCheck
INFO: [ app_init ] --START--
INFO: Run Behavior\BuildLiteBehavior [ RunTime:0.000017s ]
INFO: [ app_init ] --END-- [ RunTime:0.000605s ]

[ 2015-08-24T20:20:48+08:00 ] 127.0.0.1 /xiaoshi/index.php/Home/Login/toLogin
INFO: [ app_init ] --START--
INFO: Run Behavior\BuildLiteBehavior [ RunTime:0.000015s ]
INFO: [ app_init ] --END-- [ RunTime:0.000601s ]

[ 2015-08-24T20:20:49+08:00 ] 127.0.0.1 /xiaoshi/index.php/Home/Login/judgeStatue
INFO: [ app_init ] --START--
INFO: Run Behavior\BuildLiteBehavior [ RunTime:0.000017s ]
INFO: [ app_init ] --END-- [ RunTime:0.000629s ]

[ 2015-08-24T20:20:52+08:00 ] 127.0.0.1 /xiaoshi/index.php/Home/Login/toLogin
INFO: [ app_init ] --START--
INFO: Run Behavior\BuildLiteBehavior [ RunTime:0.000019s ]
INFO: [ app_init ] --END-- [ RunTime:0.000558s ]

[ 2015-08-24T20:20:53+08:00 ] 127.0.0.1 /xiaoshi/index.php/Home/Login/judgeStatue
INFO: [ app_init ] --START--
INFO: Run Behavior\BuildLiteBehavior [ RunTime:0.000022s ]
INFO: [ app_init ] --END-- [ RunTime:0.000752s ]

[ 2015-08-24T20:21:04+08:00 ] 127.0.0.1 /xiaoshi/Home/Check/index
INFO: [ app_init ] --START--
INFO: Run Behavior\BuildLiteBehavior [ RunTime:0.000028s ]
INFO: [ app_init ] --END-- [ RunTime:0.000869s ]

[ 2015-08-24T20:21:06+08:00 ] 127.0.0.1 /xiaoshi/index.php/Home/Check/toCheck
INFO: [ app_init ] --START--
INFO: Run Behavior\BuildLiteBehavior [ RunTime:0.000015s ]
INFO: [ app_init ] --END-- [ RunTime:0.000605s ]

[ 2015-08-24T20:21:09+08:00 ] 127.0.0.1 /xiaoshi/index.php/Home/Login/toLogin
INFO: [ app_init ] --START--
INFO: Run Behavior\BuildLiteBehavior [ RunTime:0.000016s ]
INFO: [ app_init ] --END-- [ RunTime:0.000659s ]

[ 2015-08-24T20:21:10+08:00 ] 127.0.0.1 /xiaoshi/index.php/Home/Login/judgeStatue
INFO: [ app_init ] --START--
INFO: Run Behavior\BuildLiteBehavior [ RunTime:0.000017s ]
INFO: [ app_init ] --END-- [ RunTime:0.000552s ]

[ 2015-08-24T20:21:21+08:00 ] 127.0.0.1 /xiaoshi/Home/Check/index
INFO: [ app_init ] --START--
INFO: Run Behavior\BuildLiteBehavior [ RunTime:0.000017s ]
INFO: [ app_init ] --END-- [ RunTime:0.000673s ]

[ 2015-08-24T20:21:23+08:00 ] 127.0.0.1 /xiaoshi/index.php/Home/Check/toCheck
INFO: [ app_init ] --START--
INFO: Run Behavior\BuildLiteBehavior [ RunTime:0.000016s ]
INFO: [ app_init ] --END-- [ RunTime:0.000569s ]

[ 2015-08-24T20:21:29+08:00 ] 127.0.0.1 /xiaoshi/index.php/Home/Login/toLogin
INFO: [ app_init ] --START--
INFO: Run Behavior\BuildLiteBehavior [ RunTime:0.000017s ]
INFO: [ app_init ] --END-- [ RunTime:0.000540s ]

[ 2015-08-24T20:21:30+08:00 ] 127.0.0.1 /xiaoshi/index.php/Home/Login/judgeStatue
INFO: [ app_init ] --START--
INFO: Run Behavior\BuildLiteBehavior [ RunTime:0.000021s ]
INFO: [ app_init ] --END-- [ RunTime:0.000616s ]

[ 2015-08-24T20:37:29+08:00 ] 127.0.0.1 /xiaoshi/index.php/Home/Time/toSubmit
INFO: [ app_init ] --START--
INFO: Run Behavior\BuildLiteBehavior [ RunTime:0.000016s ]
INFO: [ app_init ] --END-- [ RunTime:0.000608s ]

[ 2015-08-24T20:37:33+08:00 ] 127.0.0.1 /xiaoshi/index.php/Home/Time/toSubmit
INFO: [ app_init ] --START--
INFO: Run Behavior\BuildLiteBehavior [ RunTime:0.000014s ]
INFO: [ app_init ] --END-- [ RunTime:0.000535s ]

[ 2015-08-24T20:37:51+08:00 ] 127.0.0.1 /xiaoshi/index.php/Home/Time/toSubmit
INFO: [ app_init ] --START--
INFO: Run Behavior\BuildLiteBehavior [ RunTime:0.000016s ]
INFO: [ app_init ] --END-- [ RunTime:0.000553s ]

[ 2015-08-24T20:38:11+08:00 ] 127.0.0.1 /xiaoshi/index.php/Home/Time/toSubmit
INFO: [ app_init ] --START--
INFO: Run Behavior\BuildLiteBehavior [ RunTime:0.000100s ]
INFO: [ app_init ] --END-- [ RunTime:0.001132s ]

