[ 2017-02-24T10:39:30+08:00 ] 127.0.0.1 /old/xiaoshi5/
INFO: [ app_init ] --START--
INFO: Run Behavior\BuildLiteBehavior [ RunTime:0.000046s ]
INFO: [ app_init ] --END-- [ RunTime:0.003818s ]
INFO: [ app_begin ] --START--
INFO: Run Behavior\ReadHtmlCacheBehavior [ RunTime:0.003503s ]
INFO: [ app_begin ] --END-- [ RunTime:0.003724s ]
INFO: [ view_parse ] --START--
NOTIC: [2] file_get_contents(./Application/Home/View/Index/map.html): failed to open stream: No such file or directory E:\Software\xampp\htdocs\old\xiaoshi5\ThinkPHP\Library\Think\Template.class.php 第 696 行.
INFO: [ template_filter ] --START--
INFO: Run Behavior\ContentReplaceBehavior [ RunTime:0.000443s ]
INFO: [ template_filter ] --END-- [ RunTime:0.000583s ]
NOTIC: [8] Undefined variable: cutURL E:\Software\xampp\htdocs\old\xiaoshi5\Application\Runtime\Cache\Home\2a94b8bda04ff446dcedd42276fc99ee.php 第 895 行.
NOTIC: [8] Undefined variable: coverURL E:\Software\xampp\htdocs\old\xiaoshi5\Application\Runtime\Cache\Home\2a94b8bda04ff446dcedd42276fc99ee.php 第 899 行.
INFO: Run Behavior\ParseTemplateBehavior [ RunTime:0.676024s ]
INFO: [ view_parse ] --END-- [ RunTime:0.676220s ]
INFO: [ view_filter ] --START--
INFO: Run Behavior\WriteHtmlCacheBehavior [ RunTime:0.038806s ]
INFO: [ view_filter ] --END-- [ RunTime:0.039015s ]
INFO: [ app_end ] --START--
INFO: Run Behavior\ShowPageTraceBehavior [ RunTime:0.009261s ]
INFO: [ app_end ] --END-- [ RunTime:0.009899s ]

[ 2017-02-24T10:39:35+08:00 ] 127.0.0.1 /old/xiaoshi5/
INFO: [ app_init ] --START--
INFO: Run Behavior\BuildLiteBehavior [ RunTime:0.000055s ]
INFO: [ app_init ] --END-- [ RunTime:0.001542s ]
INFO: [ app_begin ] --START--
INFO: Run Behavior\ReadHtmlCacheBehavior [ RunTime:0.001482s ]
INFO: [ app_begin ] --END-- [ RunTime:0.001630s ]
INFO: [ view_parse ] --START--
NOTIC: [2] file_get_contents(./Application/Home/View/Index/map.html): failed to open stream: No such file or directory E:\Software\xampp\htdocs\old\xiaoshi5\ThinkPHP\Library\Think\Template.class.php 第 696 行.
INFO: [ template_filter ] --START--
INFO: Run Behavior\ContentReplaceBehavior [ RunTime:0.000712s ]
INFO: [ template_filter ] --END-- [ RunTime:0.000945s ]
NOTIC: [8] Undefined variable: cutURL E:\Software\xampp\htdocs\old\xiaoshi5\Application\Runtime\Cache\Home\2a94b8bda04ff446dcedd42276fc99ee.php 第 895 行.
NOTIC: [8] Undefined variable: coverURL E:\Software\xampp\htdocs\old\xiaoshi5\Application\Runtime\Cache\Home\2a94b8bda04ff446dcedd42276fc99ee.php 第 899 行.
INFO: Run Behavior\ParseTemplateBehavior [ RunTime:0.335713s ]
INFO: [ view_parse ] --END-- [ RunTime:0.335883s ]
INFO: [ view_filter ] --START--
INFO: Run Behavior\WriteHtmlCacheBehavior [ RunTime:0.001122s ]
INFO: [ view_filter ] --END-- [ RunTime:0.001279s ]
INFO: [ app_end ] --START--
INFO: Run Behavior\ShowPageTraceBehavior [ RunTime:0.002121s ]
INFO: [ app_end ] --END-- [ RunTime:0.002794s ]

[ 2017-02-24T10:43:48+08:00 ] 127.0.0.1 /old/xiaoshi5/index.php/Home/Check/toCheck
INFO: [ app_init ] --START--
INFO: Run Behavior\BuildLiteBehavior [ RunTime:0.000037s ]
INFO: [ app_init ] --END-- [ RunTime:0.001103s ]
INFO: [ app_begin ] --START--
INFO: Run Behavior\ReadHtmlCacheBehavior [ RunTime:0.001561s ]
INFO: [ app_begin ] --END-- [ RunTime:0.001718s ]

[ 2017-02-24T10:55:00+08:00 ] 127.0.0.1 /old/xiaoshi5/
INFO: [ app_init ] --START--
INFO: Run Behavior\BuildLiteBehavior [ RunTime:0.000035s ]
INFO: [ app_init ] --END-- [ RunTime:0.001085s ]
INFO: [ app_begin ] --START--
INFO: Run Behavior\ReadHtmlCacheBehavior [ RunTime:0.002211s ]
INFO: [ app_begin ] --END-- [ RunTime:0.002376s ]
INFO: [ view_parse ] --START--
NOTIC: [2] file_get_contents(./Application/Home/View/Index/map.html): failed to open stream: No such file or directory E:\Software\xampp\htdocs\old\xiaoshi5\ThinkPHP\Library\Think\Template.class.php 第 696 行.
INFO: [ template_filter ] --START--
INFO: Run Behavior\ContentReplaceBehavior [ RunTime:0.000563s ]
INFO: [ template_filter ] --END-- [ RunTime:0.000723s ]
NOTIC: [8] Undefined variable: cutURL E:\Software\xampp\htdocs\old\xiaoshi5\Application\Runtime\Cache\Home\2a94b8bda04ff446dcedd42276fc99ee.php 第 895 行.
NOTIC: [8] Undefined variable: coverURL E:\Software\xampp\htdocs\old\xiaoshi5\Application\Runtime\Cache\Home\2a94b8bda04ff446dcedd42276fc99ee.php 第 899 行.
INFO: Run Behavior\ParseTemplateBehavior [ RunTime:0.292755s ]
INFO: [ view_parse ] --END-- [ RunTime:0.292891s ]
INFO: [ view_filter ] --START--
INFO: Run Behavior\WriteHtmlCacheBehavior [ RunTime:0.001528s ]
INFO: [ view_filter ] --END-- [ RunTime:0.001638s ]
INFO: [ app_end ] --START--
INFO: Run Behavior\ShowPageTraceBehavior [ RunTime:0.006294s ]
INFO: [ app_end ] --END-- [ RunTime:0.006620s ]

