[ 2017-02-25T00:31:10+08:00 ] 127.0.0.1 /old/xiaoshi5/
INFO: [ app_init ] --START--
INFO: Run Behavior\BuildLiteBehavior [ RunTime:0.000030s ]
INFO: [ app_init ] --END-- [ RunTime:0.000797s ]

[ 2017-02-25T00:31:25+08:00 ] 127.0.0.1 /old/xiaoshi5/index.php/Home/Check/toCheck
INFO: [ app_init ] --START--
INFO: Run Behavior\BuildLiteBehavior [ RunTime:0.000017s ]
INFO: [ app_init ] --END-- [ RunTime:0.000404s ]

[ 2017-02-25T00:32:48+08:00 ] 127.0.0.1 /old/xiaoshi5/index.php/Home/Check/toCheck
INFO: [ app_init ] --START--
INFO: Run Behavior\BuildLiteBehavior [ RunTime:0.000014s ]
INFO: [ app_init ] --END-- [ RunTime:0.000433s ]

[ 2017-02-25T00:33:55+08:00 ] 127.0.0.1 /old/xiaoshi5/index.php/Home/Check/toCheck
INFO: [ app_init ] --START--
INFO: Run Behavior\BuildLiteBehavior [ RunTime:0.000025s ]
INFO: [ app_init ] --END-- [ RunTime:0.000597s ]

[ 2017-02-25T00:33:58+08:00 ] 127.0.0.1 /old/xiaoshi5/
INFO: [ app_init ] --START--
INFO: Run Behavior\BuildLiteBehavior [ RunTime:0.000023s ]
INFO: [ app_init ] --END-- [ RunTime:0.000661s ]

[ 2017-02-25T00:34:05+08:00 ] 127.0.0.1 /old/xiaoshi5/index.php/Home/Check/toCheck
INFO: [ app_init ] --START--
INFO: Run Behavior\BuildLiteBehavior [ RunTime:0.000014s ]
INFO: [ app_init ] --END-- [ RunTime:0.000439s ]

[ 2017-02-25T00:35:47+08:00 ] 127.0.0.1 /old/xiaoshi5/index.php/Home/Login/toLogin
INFO: [ app_init ] --START--
INFO: Run Behavior\BuildLiteBehavior [ RunTime:0.000017s ]
INFO: [ app_init ] --END-- [ RunTime:0.000920s ]

[ 2017-02-25T00:35:52+08:00 ] 127.0.0.1 /old/xiaoshi5/index.php/Home/Login/toLogin
INFO: [ app_init ] --START--
INFO: Run Behavior\BuildLiteBehavior [ RunTime:0.000016s ]
INFO: [ app_init ] --END-- [ RunTime:0.000727s ]
ERR: SQLSTATE[42S22]: Column not found: 1054 Unknown column 'mark' in 'field list'

[ 2017-02-25T00:36:24+08:00 ] 127.0.0.1 /old/xiaoshi5/index.php/Home/Login/toLogin
INFO: [ app_init ] --START--
INFO: Run Behavior\BuildLiteBehavior [ RunTime:0.000017s ]
INFO: [ app_init ] --END-- [ RunTime:0.000542s ]

[ 2017-02-25T00:39:34+08:00 ] 127.0.0.1 /old/xiaoshi5/
INFO: [ app_init ] --START--
INFO: Run Behavior\BuildLiteBehavior [ RunTime:0.000016s ]
INFO: [ app_init ] --END-- [ RunTime:0.000520s ]

[ 2017-02-25T00:39:38+08:00 ] 127.0.0.1 /old/xiaoshi5/index.php/Home/Check/toCheck
INFO: [ app_init ] --START--
INFO: Run Behavior\BuildLiteBehavior [ RunTime:0.000015s ]
INFO: [ app_init ] --END-- [ RunTime:0.000462s ]

[ 2017-02-25T00:39:43+08:00 ] 127.0.0.1 /old/xiaoshi5/index.php/Home/Login/toLogin
INFO: [ app_init ] --START--
INFO: Run Behavior\BuildLiteBehavior [ RunTime:0.000023s ]
INFO: [ app_init ] --END-- [ RunTime:0.000677s ]
ERR: SQLSTATE[42S22]: Column not found: 1054 Unknown column 'mark' in 'field list'

[ 2017-02-25T00:42:14+08:00 ] 127.0.0.1 /old/xiaoshi5/index.php/Home/Check
INFO: [ app_init ] --START--
INFO: Run Behavior\BuildLiteBehavior [ RunTime:0.000016s ]
INFO: [ app_init ] --END-- [ RunTime:0.000468s ]

[ 2017-02-25T00:42:19+08:00 ] 127.0.0.1 /old/xiaoshi5/index.php/Home/Check/index
INFO: [ app_init ] --START--
INFO: Run Behavior\BuildLiteBehavior [ RunTime:0.000027s ]
INFO: [ app_init ] --END-- [ RunTime:0.001090s ]

[ 2017-02-25T00:42:23+08:00 ] 127.0.0.1 /old/xiaoshi5/index.php/Home/Check/toCheck
INFO: [ app_init ] --START--
INFO: Run Behavior\BuildLiteBehavior [ RunTime:0.000016s ]
INFO: [ app_init ] --END-- [ RunTime:0.000457s ]

[ 2017-02-25T00:42:28+08:00 ] 127.0.0.1 /old/xiaoshi5/index.php/Home/Login/toLogin
INFO: [ app_init ] --START--
INFO: Run Behavior\BuildLiteBehavior [ RunTime:0.000014s ]
INFO: [ app_init ] --END-- [ RunTime:0.000450s ]
ERR: SQLSTATE[42S22]: Column not found: 1054 Unknown column 'mark' in 'field list'

[ 2017-02-25T00:43:24+08:00 ] 127.0.0.1 /old/xiaoshi5/index.php/Home/Login/toLogin
INFO: [ app_init ] --START--
INFO: Run Behavior\BuildLiteBehavior [ RunTime:0.000041s ]
INFO: [ app_init ] --END-- [ RunTime:0.000830s ]

[ 2017-02-25T00:47:56+08:00 ] 127.0.0.1 /old/xiaoshi5/index.php/Home/Check/index
INFO: [ app_init ] --START--
INFO: Run Behavior\BuildLiteBehavior [ RunTime:0.000018s ]
INFO: [ app_init ] --END-- [ RunTime:0.000487s ]

[ 2017-02-25T00:48:02+08:00 ] 127.0.0.1 /old/xiaoshi5/index.php/Home/Check/index.html
INFO: [ app_init ] --START--
INFO: Run Behavior\BuildLiteBehavior [ RunTime:0.000016s ]
INFO: [ app_init ] --END-- [ RunTime:0.000702s ]

[ 2017-02-25T00:50:45+08:00 ] 127.0.0.1 /old/xiaoshi5/index.php/Home/Check/toCheck
INFO: [ app_init ] --START--
INFO: Run Behavior\BuildLiteBehavior [ RunTime:0.000017s ]
INFO: [ app_init ] --END-- [ RunTime:0.000515s ]

[ 2017-02-25T00:50:51+08:00 ] 127.0.0.1 /old/xiaoshi5/index.php/Home/Login/toLogin
INFO: [ app_init ] --START--
INFO: Run Behavior\BuildLiteBehavior [ RunTime:0.000025s ]
INFO: [ app_init ] --END-- [ RunTime:0.001026s ]
ERR: SQLSTATE[42S22]: Column not found: 1054 Unknown column 'mark' in 'field list'

[ 2017-02-25T01:03:45+08:00 ] 127.0.0.1 /old/xiaoshi5/index.php/Home/Login/toLogin
INFO: [ app_init ] --START--
INFO: Run Behavior\BuildLiteBehavior [ RunTime:0.000015s ]
INFO: [ app_init ] --END-- [ RunTime:0.000460s ]

[ 2017-02-25T01:04:49+08:00 ] 127.0.0.1 /old/xiaoshi5/index.php/Home/Check/index.html
INFO: [ app_init ] --START--
INFO: Run Behavior\BuildLiteBehavior [ RunTime:0.000578s ]
INFO: [ app_init ] --END-- [ RunTime:0.004623s ]

[ 2017-02-25T01:04:52+08:00 ] 127.0.0.1 /old/xiaoshi5/index.php/Home/Check/toCheck
INFO: [ app_init ] --START--
INFO: Run Behavior\BuildLiteBehavior [ RunTime:0.000034s ]
INFO: [ app_init ] --END-- [ RunTime:0.000818s ]

[ 2017-02-25T01:04:54+08:00 ] 127.0.0.1 /old/xiaoshi5/index.php/Home/Login/toLogin
INFO: [ app_init ] --START--
INFO: Run Behavior\BuildLiteBehavior [ RunTime:0.000016s ]
INFO: [ app_init ] --END-- [ RunTime:0.000526s ]

[ 2017-02-25T01:05:00+08:00 ] 127.0.0.1 /old/xiaoshi5/index.php/Home/Login/toLogin
INFO: [ app_init ] --START--
INFO: Run Behavior\BuildLiteBehavior [ RunTime:0.000027s ]
INFO: [ app_init ] --END-- [ RunTime:0.000804s ]
ERR: SQLSTATE[42S22]: Column not found: 1054 Unknown column 'mark' in 'field list'

[ 2017-02-25T01:05:20+08:00 ] 127.0.0.1 /old/xiaoshi5/index.php/Home/Login/toLogin
INFO: [ app_init ] --START--
INFO: Run Behavior\BuildLiteBehavior [ RunTime:0.000024s ]
INFO: [ app_init ] --END-- [ RunTime:0.000697s ]

[ 2017-02-25T01:05:24+08:00 ] 127.0.0.1 /old/xiaoshi5/index.php/Home/Login/toLogin
INFO: [ app_init ] --START--
INFO: Run Behavior\BuildLiteBehavior [ RunTime:0.000030s ]
INFO: [ app_init ] --END-- [ RunTime:0.000811s ]

[ 2017-02-25T01:07:46+08:00 ] 127.0.0.1 /old/xiaoshi5/index.php/Home/Login/toLogin
INFO: [ app_init ] --START--
INFO: Run Behavior\BuildLiteBehavior [ RunTime:0.000018s ]
INFO: [ app_init ] --END-- [ RunTime:0.000475s ]

[ 2017-02-25T01:07:49+08:00 ] 127.0.0.1 /old/xiaoshi5/index.php/Home/Login/toLogin
INFO: [ app_init ] --START--
INFO: Run Behavior\BuildLiteBehavior [ RunTime:0.000014s ]
INFO: [ app_init ] --END-- [ RunTime:0.000454s ]

[ 2017-02-25T01:07:55+08:00 ] 127.0.0.1 /old/xiaoshi5/index.php/Home/Login/toLogin
INFO: [ app_init ] --START--
INFO: Run Behavior\BuildLiteBehavior [ RunTime:0.000015s ]
INFO: [ app_init ] --END-- [ RunTime:0.000458s ]

[ 2017-02-25T01:07:57+08:00 ] 127.0.0.1 /old/xiaoshi5/index.php/Home/Login/toLogin
INFO: [ app_init ] --START--
INFO: Run Behavior\BuildLiteBehavior [ RunTime:0.000015s ]
INFO: [ app_init ] --END-- [ RunTime:0.000446s ]

[ 2017-02-25T01:08:42+08:00 ] 127.0.0.1 /old/xiaoshi5/index.php/Home/Check/index.html
INFO: [ app_init ] --START--
INFO: Run Behavior\BuildLiteBehavior [ RunTime:0.000015s ]
INFO: [ app_init ] --END-- [ RunTime:0.000479s ]

[ 2017-02-25T01:08:45+08:00 ] 127.0.0.1 /old/xiaoshi5/index.php/Home/Check/toCheck
INFO: [ app_init ] --START--
INFO: Run Behavior\BuildLiteBehavior [ RunTime:0.000016s ]
INFO: [ app_init ] --END-- [ RunTime:0.000444s ]

[ 2017-02-25T01:08:47+08:00 ] 127.0.0.1 /old/xiaoshi5/index.php/Home/Login/toLogin
INFO: [ app_init ] --START--
INFO: Run Behavior\BuildLiteBehavior [ RunTime:0.000015s ]
INFO: [ app_init ] --END-- [ RunTime:0.000446s ]

[ 2017-02-25T01:08:50+08:00 ] 127.0.0.1 /old/xiaoshi5/index.php/Home/Login/toLogin
INFO: [ app_init ] --START--
INFO: Run Behavior\BuildLiteBehavior [ RunTime:0.000015s ]
INFO: [ app_init ] --END-- [ RunTime:0.000438s ]

[ 2017-02-25T01:08:55+08:00 ] 127.0.0.1 /old/xiaoshi5/index.php/Home/Login/toLogin
INFO: [ app_init ] --START--
INFO: Run Behavior\BuildLiteBehavior [ RunTime:0.000016s ]
INFO: [ app_init ] --END-- [ RunTime:0.000458s ]

[ 2017-02-25T01:10:41+08:00 ] 127.0.0.1 /old/xiaoshi5/index.php/Home/Login/toLogin
INFO: [ app_init ] --START--
INFO: Run Behavior\BuildLiteBehavior [ RunTime:0.000016s ]
INFO: [ app_init ] --END-- [ RunTime:0.000444s ]
ERR: SQLSTATE[42S22]: Column not found: 1054 Unknown column 'mark' in 'field list'

[ 2017-02-25T01:10:46+08:00 ] 127.0.0.1 /old/xiaoshi5/index.php/Home/Login/toLogin
INFO: [ app_init ] --START--
INFO: Run Behavior\BuildLiteBehavior [ RunTime:0.000015s ]
INFO: [ app_init ] --END-- [ RunTime:0.000445s ]

[ 2017-02-25T01:11:10+08:00 ] 127.0.0.1 /old/xiaoshi5/index.php/Home/Check/index.html
INFO: [ app_init ] --START--
INFO: Run Behavior\BuildLiteBehavior [ RunTime:0.000065s ]
INFO: [ app_init ] --END-- [ RunTime:0.001078s ]

[ 2017-02-25T01:11:12+08:00 ] 127.0.0.1 /old/xiaoshi5/index.php/Home/Check/toCheck
INFO: [ app_init ] --START--
INFO: Run Behavior\BuildLiteBehavior [ RunTime:0.000016s ]
INFO: [ app_init ] --END-- [ RunTime:0.000466s ]

[ 2017-02-25T01:11:17+08:00 ] 127.0.0.1 /old/xiaoshi5/index.php/Home/Login/toLogin
INFO: [ app_init ] --START--
INFO: Run Behavior\BuildLiteBehavior [ RunTime:0.000038s ]
INFO: [ app_init ] --END-- [ RunTime:0.000788s ]

[ 2017-02-25T01:11:20+08:00 ] 127.0.0.1 /old/xiaoshi5/index.php/Home/Login/toLogin
INFO: [ app_init ] --START--
INFO: Run Behavior\BuildLiteBehavior [ RunTime:0.000016s ]
INFO: [ app_init ] --END-- [ RunTime:0.000491s ]
ERR: SQLSTATE[42S22]: Column not found: 1054 Unknown column 'mark' in 'field list'

[ 2017-02-25T01:12:03+08:00 ] 127.0.0.1 /old/xiaoshi5/index.php/Home/Check/index.html
INFO: [ app_init ] --START--
INFO: Run Behavior\BuildLiteBehavior [ RunTime:0.000024s ]
INFO: [ app_init ] --END-- [ RunTime:0.000695s ]

[ 2017-02-25T01:12:05+08:00 ] 127.0.0.1 /old/xiaoshi5/index.php/Home/Check/toCheck
INFO: [ app_init ] --START--
INFO: Run Behavior\BuildLiteBehavior [ RunTime:0.000017s ]
INFO: [ app_init ] --END-- [ RunTime:0.000479s ]

[ 2017-02-25T01:12:09+08:00 ] 127.0.0.1 /old/xiaoshi5/index.php/Home/Login/toLogin
INFO: [ app_init ] --START--
INFO: Run Behavior\BuildLiteBehavior [ RunTime:0.000026s ]
INFO: [ app_init ] --END-- [ RunTime:0.000767s ]

[ 2017-02-25T01:12:31+08:00 ] 127.0.0.1 /old/xiaoshi5/index.php/Home/Check/index.html
INFO: [ app_init ] --START--
INFO: Run Behavior\BuildLiteBehavior [ RunTime:0.000025s ]
INFO: [ app_init ] --END-- [ RunTime:0.001345s ]

[ 2017-02-25T01:12:33+08:00 ] 127.0.0.1 /old/xiaoshi5/index.php/Home/Check/toCheck
INFO: [ app_init ] --START--
INFO: Run Behavior\BuildLiteBehavior [ RunTime:0.000023s ]
INFO: [ app_init ] --END-- [ RunTime:0.000771s ]

[ 2017-02-25T01:12:35+08:00 ] 127.0.0.1 /old/xiaoshi5/index.php/Home/Check/toCheck
INFO: [ app_init ] --START--
INFO: Run Behavior\BuildLiteBehavior [ RunTime:0.000015s ]
INFO: [ app_init ] --END-- [ RunTime:0.000476s ]

[ 2017-02-25T01:12:39+08:00 ] 127.0.0.1 /old/xiaoshi5/index.php/Home/Login/toLogin
INFO: [ app_init ] --START--
INFO: Run Behavior\BuildLiteBehavior [ RunTime:0.000015s ]
INFO: [ app_init ] --END-- [ RunTime:0.000447s ]

[ 2017-02-25T01:13:34+08:00 ] 127.0.0.1 /old/xiaoshi5/index.php/Home/Check/index.html
INFO: [ app_init ] --START--
INFO: Run Behavior\BuildLiteBehavior [ RunTime:0.000048s ]
INFO: [ app_init ] --END-- [ RunTime:0.001991s ]

[ 2017-02-25T01:13:36+08:00 ] 127.0.0.1 /old/xiaoshi5/index.php/Home/Check/toCheck
INFO: [ app_init ] --START--
INFO: Run Behavior\BuildLiteBehavior [ RunTime:0.000015s ]
INFO: [ app_init ] --END-- [ RunTime:0.000448s ]

[ 2017-02-25T01:13:39+08:00 ] 127.0.0.1 /old/xiaoshi5/index.php/Home/Check/toCheck
INFO: [ app_init ] --START--
INFO: Run Behavior\BuildLiteBehavior [ RunTime:0.000015s ]
INFO: [ app_init ] --END-- [ RunTime:0.000453s ]

[ 2017-02-25T01:13:43+08:00 ] 127.0.0.1 /old/xiaoshi5/index.php/Home/Login/toLogin
INFO: [ app_init ] --START--
INFO: Run Behavior\BuildLiteBehavior [ RunTime:0.000016s ]
INFO: [ app_init ] --END-- [ RunTime:0.000452s ]

[ 2017-02-25T01:14:03+08:00 ] 127.0.0.1 /old/xiaoshi5/index.php/Home/Check/index.html
INFO: [ app_init ] --START--
INFO: Run Behavior\BuildLiteBehavior [ RunTime:0.000017s ]
INFO: [ app_init ] --END-- [ RunTime:0.000668s ]

[ 2017-02-25T01:14:05+08:00 ] 127.0.0.1 /old/xiaoshi5/index.php/Home/Check/toCheck
INFO: [ app_init ] --START--
INFO: Run Behavior\BuildLiteBehavior [ RunTime:0.000015s ]
INFO: [ app_init ] --END-- [ RunTime:0.000467s ]

[ 2017-02-25T01:14:09+08:00 ] 127.0.0.1 /old/xiaoshi5/index.php/Home/Login/toLogin
INFO: [ app_init ] --START--
INFO: Run Behavior\BuildLiteBehavior [ RunTime:0.000017s ]
INFO: [ app_init ] --END-- [ RunTime:0.000607s ]
ERR: SQLSTATE[42S22]: Column not found: 1054 Unknown column 'mark' in 'field list'

[ 2017-02-25T01:14:59+08:00 ] 127.0.0.1 /old/xiaoshi5/index.php/Home/Check/index.html
INFO: [ app_init ] --START--
INFO: Run Behavior\BuildLiteBehavior [ RunTime:0.000022s ]
INFO: [ app_init ] --END-- [ RunTime:0.000670s ]

[ 2017-02-25T01:15:01+08:00 ] 127.0.0.1 /old/xiaoshi5/index.php/Home/Check/toCheck
INFO: [ app_init ] --START--
INFO: Run Behavior\BuildLiteBehavior [ RunTime:0.000016s ]
INFO: [ app_init ] --END-- [ RunTime:0.000463s ]

[ 2017-02-25T01:15:05+08:00 ] 127.0.0.1 /old/xiaoshi5/index.php/Home/Login/toLogin
INFO: [ app_init ] --START--
INFO: Run Behavior\BuildLiteBehavior [ RunTime:0.000025s ]
INFO: [ app_init ] --END-- [ RunTime:0.000765s ]

[ 2017-02-25T01:15:37+08:00 ] 127.0.0.1 /old/xiaoshi5/index.php/Home/Check/index.html
INFO: [ app_init ] --START--
INFO: Run Behavior\BuildLiteBehavior [ RunTime:0.000021s ]
INFO: [ app_init ] --END-- [ RunTime:0.000486s ]

[ 2017-02-25T01:15:38+08:00 ] 127.0.0.1 /old/xiaoshi5/index.php/Home/Check/toCheck
INFO: [ app_init ] --START--
INFO: Run Behavior\BuildLiteBehavior [ RunTime:0.000016s ]
INFO: [ app_init ] --END-- [ RunTime:0.000452s ]

[ 2017-02-25T01:15:42+08:00 ] 127.0.0.1 /old/xiaoshi5/index.php/Home/Login/toLogin
INFO: [ app_init ] --START--
INFO: Run Behavior\BuildLiteBehavior [ RunTime:0.000015s ]
INFO: [ app_init ] --END-- [ RunTime:0.000450s ]

[ 2017-02-25T01:17:01+08:00 ] 127.0.0.1 /old/xiaoshi5/index.php/Home/Login/toLogin
INFO: [ app_init ] --START--
INFO: Run Behavior\BuildLiteBehavior [ RunTime:0.000016s ]
INFO: [ app_init ] --END-- [ RunTime:0.000690s ]

[ 2017-02-25T01:17:02+08:00 ] 127.0.0.1 /old/xiaoshi5/index.php/Home/Login/judgeStatue
INFO: [ app_init ] --START--
INFO: Run Behavior\BuildLiteBehavior [ RunTime:0.000025s ]
INFO: [ app_init ] --END-- [ RunTime:0.000829s ]

[ 2017-02-25T01:18:58+08:00 ] 127.0.0.1 /old/xiaoshi5/index.php/Home/Login/toLogin
INFO: [ app_init ] --START--
INFO: Run Behavior\BuildLiteBehavior [ RunTime:0.000015s ]
INFO: [ app_init ] --END-- [ RunTime:0.000461s ]

[ 2017-02-25T01:19:22+08:00 ] 127.0.0.1 /old/xiaoshi5/index.php/Home/Login/toLogin
INFO: [ app_init ] --START--
INFO: Run Behavior\BuildLiteBehavior [ RunTime:0.000021s ]
INFO: [ app_init ] --END-- [ RunTime:0.000649s ]

[ 2017-02-25T01:19:29+08:00 ] 127.0.0.1 /old/xiaoshi5/index.php/Home/Login/toLogin
INFO: [ app_init ] --START--
INFO: Run Behavior\BuildLiteBehavior [ RunTime:0.000016s ]
INFO: [ app_init ] --END-- [ RunTime:0.000469s ]

[ 2017-02-25T01:20:42+08:00 ] 127.0.0.1 /old/xiaoshi5/index.php/Home/Login/toLogin
INFO: [ app_init ] --START--
INFO: Run Behavior\BuildLiteBehavior [ RunTime:0.000015s ]
INFO: [ app_init ] --END-- [ RunTime:0.000447s ]

[ 2017-02-25T01:23:29+08:00 ] 127.0.0.1 /old/xiaoshi5/index.php/Home/Login/toLogin
INFO: [ app_init ] --START--
INFO: Run Behavior\BuildLiteBehavior [ RunTime:0.000022s ]
INFO: [ app_init ] --END-- [ RunTime:0.000672s ]

[ 2017-02-25T01:24:03+08:00 ] 127.0.0.1 /old/xiaoshi5/index.php/Home/Login/toLogin
INFO: [ app_init ] --START--
INFO: Run Behavior\BuildLiteBehavior [ RunTime:0.000026s ]
INFO: [ app_init ] --END-- [ RunTime:0.001430s ]

[ 2017-02-25T01:24:11+08:00 ] 127.0.0.1 /old/xiaoshi5/index.php/Home/Login/toLogin
INFO: [ app_init ] --START--
INFO: Run Behavior\BuildLiteBehavior [ RunTime:0.000029s ]
INFO: [ app_init ] --END-- [ RunTime:0.000765s ]

[ 2017-02-25T01:24:18+08:00 ] 127.0.0.1 /old/xiaoshi5/index.php/Home/Login/judgeStatue
INFO: [ app_init ] --START--
INFO: Run Behavior\BuildLiteBehavior [ RunTime:0.000016s ]
INFO: [ app_init ] --END-- [ RunTime:0.000463s ]

[ 2017-02-25T01:24:36+08:00 ] 127.0.0.1 /old/xiaoshi5/index.php/Home/Login/toLogin
INFO: [ app_init ] --START--
INFO: Run Behavior\BuildLiteBehavior [ RunTime:0.000016s ]
INFO: [ app_init ] --END-- [ RunTime:0.000447s ]

[ 2017-02-25T01:24:37+08:00 ] 127.0.0.1 /old/xiaoshi5/index.php/Home/Login/judgeStatue
INFO: [ app_init ] --START--
INFO: Run Behavior\BuildLiteBehavior [ RunTime:0.000052s ]
INFO: [ app_init ] --END-- [ RunTime:0.001456s ]

[ 2017-02-25T01:26:02+08:00 ] 127.0.0.1 /old/xiaoshi5/index.php/Home/Login/toLogin
INFO: [ app_init ] --START--
INFO: Run Behavior\BuildLiteBehavior [ RunTime:0.000022s ]
INFO: [ app_init ] --END-- [ RunTime:0.000698s ]

[ 2017-02-25T01:26:04+08:00 ] 127.0.0.1 /old/xiaoshi5/index.php/Home/Login/judgeStatue
INFO: [ app_init ] --START--
INFO: Run Behavior\BuildLiteBehavior [ RunTime:0.000026s ]
INFO: [ app_init ] --END-- [ RunTime:0.000703s ]

[ 2017-02-25T01:26:05+08:00 ] 127.0.0.1 /old/xiaoshi5/index.php/Home/Login/toLogin
INFO: [ app_init ] --START--
INFO: Run Behavior\BuildLiteBehavior [ RunTime:0.000015s ]
INFO: [ app_init ] --END-- [ RunTime:0.000446s ]

[ 2017-02-25T01:26:07+08:00 ] 127.0.0.1 /old/xiaoshi5/index.php/Home/Login/judgeStatue
INFO: [ app_init ] --START--
INFO: Run Behavior\BuildLiteBehavior [ RunTime:0.000018s ]
INFO: [ app_init ] --END-- [ RunTime:0.000553s ]

[ 2017-02-25T01:26:14+08:00 ] 127.0.0.1 /old/xiaoshi5/index.php/Home/Login/toLogin
INFO: [ app_init ] --START--
INFO: Run Behavior\BuildLiteBehavior [ RunTime:0.000015s ]
INFO: [ app_init ] --END-- [ RunTime:0.000446s ]

[ 2017-02-25T01:26:16+08:00 ] 127.0.0.1 /old/xiaoshi5/index.php/Home/Login/judgeStatue
INFO: [ app_init ] --START--
INFO: Run Behavior\BuildLiteBehavior [ RunTime:0.000027s ]
INFO: [ app_init ] --END-- [ RunTime:0.000838s ]

[ 2017-02-25T01:27:25+08:00 ] 127.0.0.1 /old/xiaoshi5/index.php/Home/Login/toLogin
INFO: [ app_init ] --START--
INFO: Run Behavior\BuildLiteBehavior [ RunTime:0.000022s ]
INFO: [ app_init ] --END-- [ RunTime:0.000650s ]

[ 2017-02-25T01:27:35+08:00 ] 127.0.0.1 /old/xiaoshi5/index.php/Home/Check/index.html
INFO: [ app_init ] --START--
INFO: Run Behavior\BuildLiteBehavior [ RunTime:0.000022s ]
INFO: [ app_init ] --END-- [ RunTime:0.000681s ]

[ 2017-02-25T01:27:37+08:00 ] 127.0.0.1 /old/xiaoshi5/index.php/Home/Check/toCheck
INFO: [ app_init ] --START--
INFO: Run Behavior\BuildLiteBehavior [ RunTime:0.000025s ]
INFO: [ app_init ] --END-- [ RunTime:0.000595s ]

[ 2017-02-25T01:27:44+08:00 ] 127.0.0.1 /old/xiaoshi5/index.php/Home/Login/toLogin
INFO: [ app_init ] --START--
INFO: Run Behavior\BuildLiteBehavior [ RunTime:0.000016s ]
INFO: [ app_init ] --END-- [ RunTime:0.000446s ]

[ 2017-02-25T01:29:24+08:00 ] 127.0.0.1 /old/xiaoshi5/index.php/Home/Check/index.html
INFO: [ app_init ] --START--
INFO: Run Behavior\BuildLiteBehavior [ RunTime:0.000035s ]
INFO: [ app_init ] --END-- [ RunTime:0.000594s ]

[ 2017-02-25T01:29:28+08:00 ] 127.0.0.1 /old/xiaoshi5/index.php/Home/Check/index.html
INFO: [ app_init ] --START--
INFO: Run Behavior\BuildLiteBehavior [ RunTime:0.000016s ]
INFO: [ app_init ] --END-- [ RunTime:0.000453s ]

[ 2017-02-25T01:29:38+08:00 ] 127.0.0.1 /old/xiaoshi5/index.php/Home/Check/index.html
INFO: [ app_init ] --START--
INFO: Run Behavior\BuildLiteBehavior [ RunTime:0.000017s ]
INFO: [ app_init ] --END-- [ RunTime:0.000483s ]

[ 2017-02-25T01:29:40+08:00 ] 127.0.0.1 /old/xiaoshi5/index.php/Home/Check/toCheck
INFO: [ app_init ] --START--
INFO: Run Behavior\BuildLiteBehavior [ RunTime:0.000022s ]
INFO: [ app_init ] --END-- [ RunTime:0.000755s ]

[ 2017-02-25T01:29:47+08:00 ] 127.0.0.1 /old/xiaoshi5/index.php/Home/Login/toLogin
INFO: [ app_init ] --START--
INFO: Run Behavior\BuildLiteBehavior [ RunTime:0.000015s ]
INFO: [ app_init ] --END-- [ RunTime:0.000476s ]

[ 2017-02-25T01:29:58+08:00 ] 127.0.0.1 /old/xiaoshi5/index.php/Home/Login/judgeStatue
INFO: [ app_init ] --START--
INFO: Run Behavior\BuildLiteBehavior [ RunTime:0.000027s ]
INFO: [ app_init ] --END-- [ RunTime:0.000990s ]

[ 2017-02-25T01:33:02+08:00 ] 127.0.0.1 /old/xiaoshi5/index.php/Home/Login/toLogin
INFO: [ app_init ] --START--
INFO: Run Behavior\BuildLiteBehavior [ RunTime:0.000025s ]
INFO: [ app_init ] --END-- [ RunTime:0.001691s ]

[ 2017-02-25T12:07:25+08:00 ] 127.0.0.1 /old/xiaoshi5/index.php/Home/Login/toLogin
INFO: [ app_init ] --START--
INFO: Run Behavior\BuildLiteBehavior [ RunTime:0.000019s ]
INFO: [ app_init ] --END-- [ RunTime:0.015427s ]

[ 2017-02-25T12:07:29+08:00 ] 127.0.0.1 /old/xiaoshi5/index.php/Home/Login/judgeStatue
INFO: [ app_init ] --START--
INFO: Run Behavior\BuildLiteBehavior [ RunTime:0.000018s ]
INFO: [ app_init ] --END-- [ RunTime:0.000782s ]

[ 2017-02-25T12:08:31+08:00 ] 127.0.0.1 /old/xiaoshi5/index.php/Home/Question/toRandom
INFO: [ app_init ] --START--
INFO: Run Behavior\BuildLiteBehavior [ RunTime:0.000016s ]
INFO: [ app_init ] --END-- [ RunTime:0.000519s ]

[ 2017-02-25T12:09:42+08:00 ] 127.0.0.1 /old/xiaoshi5/index.php/Home/Question/toRandom
INFO: [ app_init ] --START--
INFO: Run Behavior\BuildLiteBehavior [ RunTime:0.000020s ]
INFO: [ app_init ] --END-- [ RunTime:0.000539s ]

[ 2017-02-25T12:24:03+08:00 ] 127.0.0.1 /old/xiaoshi5/index.php/Home/Question/toRandom
INFO: [ app_init ] --START--
INFO: Run Behavior\BuildLiteBehavior [ RunTime:0.000017s ]
INFO: [ app_init ] --END-- [ RunTime:0.000704s ]

[ 2017-02-25T12:25:00+08:00 ] 127.0.0.1 /old/xiaoshi5/index.php/Home/Question/toRandom
INFO: [ app_init ] --START--
INFO: Run Behavior\BuildLiteBehavior [ RunTime:0.000029s ]
INFO: [ app_init ] --END-- [ RunTime:0.001413s ]

[ 2017-02-25T12:25:12+08:00 ] 127.0.0.1 /old/xiaoshi5/index.php/Home/Question/toRandom
INFO: [ app_init ] --START--
INFO: Run Behavior\BuildLiteBehavior [ RunTime:0.000020s ]
INFO: [ app_init ] --END-- [ RunTime:0.000687s ]

[ 2017-02-25T12:25:25+08:00 ] 127.0.0.1 /old/xiaoshi5/index.php/Home/Question/toRandom
INFO: [ app_init ] --START--
INFO: Run Behavior\BuildLiteBehavior [ RunTime:0.000020s ]
INFO: [ app_init ] --END-- [ RunTime:0.000587s ]

[ 2017-02-25T12:26:05+08:00 ] 127.0.0.1 /old/xiaoshi5/index.php/Home/Question/toMemcache
INFO: [ app_init ] --START--
INFO: Run Behavior\BuildLiteBehavior [ RunTime:0.000023s ]
INFO: [ app_init ] --END-- [ RunTime:0.000553s ]

[ 2017-02-25T12:29:52+08:00 ] 127.0.0.1 /old/xiaoshi5/index.php/Home/Question/toMemcache
INFO: [ app_init ] --START--
INFO: Run Behavior\BuildLiteBehavior [ RunTime:0.000021s ]
INFO: [ app_init ] --END-- [ RunTime:0.000458s ]

[ 2017-02-25T12:29:53+08:00 ] 127.0.0.1 /old/xiaoshi5/index.php/Home/Question/toMemcache
INFO: [ app_init ] --START--
INFO: Run Behavior\BuildLiteBehavior [ RunTime:0.000020s ]
INFO: [ app_init ] --END-- [ RunTime:0.000479s ]

[ 2017-02-25T12:29:53+08:00 ] 127.0.0.1 /old/xiaoshi5/index.php/Home/Question/toMemcache
INFO: [ app_init ] --START--
INFO: Run Behavior\BuildLiteBehavior [ RunTime:0.000017s ]
INFO: [ app_init ] --END-- [ RunTime:0.000637s ]

[ 2017-02-25T12:29:54+08:00 ] 127.0.0.1 /old/xiaoshi5/index.php/Home/Question/toMemcache
INFO: [ app_init ] --START--
INFO: Run Behavior\BuildLiteBehavior [ RunTime:0.000088s ]
INFO: [ app_init ] --END-- [ RunTime:0.001221s ]

[ 2017-02-25T12:32:07+08:00 ] 127.0.0.1 /old/xiaoshi5/index.php/Home/Question/toMemcache
INFO: [ app_init ] --START--
INFO: Run Behavior\BuildLiteBehavior [ RunTime:0.000015s ]
INFO: [ app_init ] --END-- [ RunTime:0.000440s ]

[ 2017-02-25T12:51:59+08:00 ] 127.0.0.1 /old/xiaoshi5/index.php/Home/Question/toRandom
INFO: [ app_init ] --START--
INFO: Run Behavior\BuildLiteBehavior [ RunTime:0.000019s ]
INFO: [ app_init ] --END-- [ RunTime:0.014431s ]

[ 2017-02-25T12:52:03+08:00 ] 127.0.0.1 /old/xiaoshi5/index.php/Home/Question/toMemcache
INFO: [ app_init ] --START--
INFO: Run Behavior\BuildLiteBehavior [ RunTime:0.000015s ]
INFO: [ app_init ] --END-- [ RunTime:0.000393s ]

[ 2017-02-25T12:53:51+08:00 ] 127.0.0.1 /old/xiaoshi5/index.php/Home/Question/toMemcache
INFO: [ app_init ] --START--
INFO: Run Behavior\BuildLiteBehavior [ RunTime:0.000015s ]
INFO: [ app_init ] --END-- [ RunTime:0.000695s ]

[ 2017-02-25T12:53:53+08:00 ] 127.0.0.1 /old/xiaoshi5/index.php/Home/Question/toRandom
INFO: [ app_init ] --START--
INFO: Run Behavior\BuildLiteBehavior [ RunTime:0.000015s ]
INFO: [ app_init ] --END-- [ RunTime:0.000701s ]

[ 2017-02-25T12:53:54+08:00 ] 127.0.0.1 /old/xiaoshi5/index.php/Home/Question/toMemcache
INFO: [ app_init ] --START--
INFO: Run Behavior\BuildLiteBehavior [ RunTime:0.000018s ]
INFO: [ app_init ] --END-- [ RunTime:0.000761s ]

[ 2017-02-25T13:19:39+08:00 ] 127.0.0.1 /old/xiaoshi5/index.php/Home/Question/toRandom
INFO: [ app_init ] --START--
INFO: Run Behavior\BuildLiteBehavior [ RunTime:0.000018s ]
INFO: [ app_init ] --END-- [ RunTime:0.001409s ]

[ 2017-02-25T13:19:43+08:00 ] 127.0.0.1 /old/xiaoshi5/index.php/Home/Question/toMemcache
INFO: [ app_init ] --START--
INFO: Run Behavior\BuildLiteBehavior [ RunTime:0.000014s ]
INFO: [ app_init ] --END-- [ RunTime:0.000404s ]

[ 2017-02-25T13:19:58+08:00 ] 127.0.0.1 /old/xiaoshi5/index.php
INFO: [ app_init ] --START--
INFO: Run Behavior\BuildLiteBehavior [ RunTime:0.000025s ]
INFO: [ app_init ] --END-- [ RunTime:0.000982s ]

[ 2017-02-25T13:20:01+08:00 ] 127.0.0.1 /old/xiaoshi5/index.php/Home/Check/toCheck
INFO: [ app_init ] --START--
INFO: Run Behavior\BuildLiteBehavior [ RunTime:0.000014s ]
INFO: [ app_init ] --END-- [ RunTime:0.000402s ]

[ 2017-02-25T13:20:07+08:00 ] 127.0.0.1 /old/xiaoshi5/index.php/Home/Login/toLogin
INFO: [ app_init ] --START--
INFO: Run Behavior\BuildLiteBehavior [ RunTime:0.000015s ]
INFO: [ app_init ] --END-- [ RunTime:0.000417s ]

[ 2017-02-25T13:20:12+08:00 ] 127.0.0.1 /old/xiaoshi5/index.php/Home/Login/toLogin
INFO: [ app_init ] --START--
INFO: Run Behavior\BuildLiteBehavior [ RunTime:0.000013s ]
INFO: [ app_init ] --END-- [ RunTime:0.000404s ]

[ 2017-02-25T13:20:16+08:00 ] 127.0.0.1 /old/xiaoshi5/index.php/Home/Login/judgeStatue
INFO: [ app_init ] --START--
INFO: Run Behavior\BuildLiteBehavior [ RunTime:0.000031s ]
INFO: [ app_init ] --END-- [ RunTime:0.000832s ]

[ 2017-02-25T13:25:21+08:00 ] 127.0.0.1 /old/xiaoshi5/index.php/Home/Question/toCount
INFO: [ app_init ] --START--
INFO: Run Behavior\BuildLiteBehavior [ RunTime:0.000014s ]
INFO: [ app_init ] --END-- [ RunTime:0.000440s ]

[ 2017-02-25T13:25:26+08:00 ] 127.0.0.1 /old/xiaoshi5/index.php/Home/Login/Logoff
INFO: [ app_init ] --START--
INFO: Run Behavior\BuildLiteBehavior [ RunTime:0.000015s ]
INFO: [ app_init ] --END-- [ RunTime:0.000444s ]

[ 2017-02-25T13:25:26+08:00 ] 127.0.0.1 /old/xiaoshi5/index.php/Home/Check/index.html
INFO: [ app_init ] --START--
INFO: Run Behavior\BuildLiteBehavior [ RunTime:0.000016s ]
INFO: [ app_init ] --END-- [ RunTime:0.000446s ]

[ 2017-02-25T13:25:32+08:00 ] 127.0.0.1 /old/xiaoshi5/index.php/Home/Check/toCheck
INFO: [ app_init ] --START--
INFO: Run Behavior\BuildLiteBehavior [ RunTime:0.000025s ]
INFO: [ app_init ] --END-- [ RunTime:0.000733s ]

[ 2017-02-25T13:25:33+08:00 ] 127.0.0.1 /old/xiaoshi5/index.php/Home/Check/toCheck
INFO: [ app_init ] --START--
INFO: Run Behavior\BuildLiteBehavior [ RunTime:0.000015s ]
INFO: [ app_init ] --END-- [ RunTime:0.000442s ]

[ 2017-02-25T13:25:35+08:00 ] 127.0.0.1 /old/xiaoshi5/index.php/Home/Check/toCheck
INFO: [ app_init ] --START--
INFO: Run Behavior\BuildLiteBehavior [ RunTime:0.000013s ]
INFO: [ app_init ] --END-- [ RunTime:0.000382s ]

[ 2017-02-25T13:25:38+08:00 ] 127.0.0.1 /old/xiaoshi5/index.php/Home/Check/toCheck
INFO: [ app_init ] --START--
INFO: Run Behavior\BuildLiteBehavior [ RunTime:0.000014s ]
INFO: [ app_init ] --END-- [ RunTime:0.000386s ]

[ 2017-02-25T13:25:39+08:00 ] 127.0.0.1 /old/xiaoshi5/index.php
INFO: [ app_init ] --START--
INFO: Run Behavior\BuildLiteBehavior [ RunTime:0.000029s ]
INFO: [ app_init ] --END-- [ RunTime:0.000773s ]

[ 2017-02-25T13:25:44+08:00 ] 127.0.0.1 /old/xiaoshi5/index.php/Home/Check/toCheck
INFO: [ app_init ] --START--
INFO: Run Behavior\BuildLiteBehavior [ RunTime:0.000016s ]
INFO: [ app_init ] --END-- [ RunTime:0.000403s ]

[ 2017-02-25T13:25:49+08:00 ] 127.0.0.1 /old/xiaoshi5/index.php/Home/Login/toLogin
INFO: [ app_init ] --START--
INFO: Run Behavior\BuildLiteBehavior [ RunTime:0.000014s ]
INFO: [ app_init ] --END-- [ RunTime:0.000383s ]

[ 2017-02-25T13:39:47+08:00 ] 127.0.0.1 /SHCS/
INFO: [ app_init ] --START--
INFO: Run Behavior\BuildLiteBehavior [ RunTime:0.000019s ]
INFO: [ app_init ] --END-- [ RunTime:0.001145s ]

[ 2017-02-25T13:39:51+08:00 ] 127.0.0.1 /SHCS/index.php/Home/Check/toCheck
INFO: [ app_init ] --START--
INFO: Run Behavior\BuildLiteBehavior [ RunTime:0.000015s ]
INFO: [ app_init ] --END-- [ RunTime:0.000390s ]

[ 2017-02-25T13:39:59+08:00 ] 127.0.0.1 /SHCS/index.php/Home/Login/toLogin
INFO: [ app_init ] --START--
INFO: Run Behavior\BuildLiteBehavior [ RunTime:0.000014s ]
INFO: [ app_init ] --END-- [ RunTime:0.000381s ]

