[ 2015-08-02T23:38:58+08:00 ] 127.0.0.1 /xiaoshi/index.php/Hom
INFO: [ app_init ] --START--
INFO: Run Behavior\BuildLiteBehavior [ RunTime:0.000016s ]
INFO: [ app_init ] --END-- [ RunTime:0.000541s ]
ERR: 无法加载模块:Hom

[ 2015-08-02T23:40:45+08:00 ] 127.0.0.1 /xiaoshi/index.php/HomeView
INFO: [ app_init ] --START--
INFO: Run Behavior\BuildLiteBehavior [ RunTime:0.000016s ]
INFO: [ app_init ] --END-- [ RunTime:0.000562s ]
ERR: 无法加载模块:HomeView

[ 2015-08-02T23:52:41+08:00 ] 127.0.0.1 /xiaoshi/ThinkPHP/index.php/Home/search
INFO: [ app_init ] --START--
INFO: Run Behavior\BuildLiteBehavior [ RunTime:0.000016s ]
INFO: [ app_init ] --END-- [ RunTime:0.000584s ]
ERR: 无法加载模块:ThinkPHP

[ 2015-08-02T23:53:23+08:00 ] 127.0.0.1 /xiaoshi/ThinkPHP/index.php/Home/search
INFO: [ app_init ] --START--
INFO: Run Behavior\BuildLiteBehavior [ RunTime:0.000015s ]
INFO: [ app_init ] --END-- [ RunTime:0.000571s ]
ERR: 无法加载模块:ThinkPHP

[ 2015-08-02T23:56:40+08:00 ] 127.0.0.1 /xiaoshi/ThinkPHP/index.php/Home/search
INFO: [ app_init ] --START--
INFO: Run Behavior\BuildLiteBehavior [ RunTime:0.000017s ]
INFO: [ app_init ] --END-- [ RunTime:0.000593s ]
ERR: 无法加载模块:ThinkPHP

[ 2015-08-02T23:58:55+08:00 ] 127.0.0.1 /xiaoshi/ThinkPHP/index.php/Home/search
INFO: [ app_init ] --START--
INFO: Run Behavior\BuildLiteBehavior [ RunTime:0.000031s ]
INFO: [ app_init ] --END-- [ RunTime:0.001477s ]
ERR: 无法加载模块:ThinkPHP

