[ 2015-08-08T20:09:56+08:00 ] 127.0.0.1 /xiaoshi/Public/Css/image/warnning.jpg
INFO: [ app_init ] --START--
INFO: Run Behavior\BuildLiteBehavior [ RunTime:0.000025s ]
INFO: [ app_init ] --END-- [ RunTime:0.000913s ]
ERR: 无法加载模块:Public

[ 2015-08-08T20:09:56+08:00 ] 127.0.0.1 /xiaoshi/Public/Css/image/login-photo.jpg
INFO: [ app_init ] --START--
INFO: Run Behavior\BuildLiteBehavior [ RunTime:0.000021s ]
INFO: [ app_init ] --END-- [ RunTime:0.000737s ]
ERR: 无法加载模块:Public

[ 2015-08-08T20:09:56+08:00 ] 127.0.0.1 /xiaoshi/Public/Css/image/background.jpg
INFO: [ app_init ] --START--
INFO: Run Behavior\BuildLiteBehavior [ RunTime:0.000025s ]
INFO: [ app_init ] --END-- [ RunTime:0.001004s ]
ERR: 无法加载模块:Public

[ 2015-08-08T20:09:56+08:00 ] 127.0.0.1 /xiaoshi/Public/Css/image/green.jpg
INFO: [ app_init ] --START--
INFO: Run Behavior\BuildLiteBehavior [ RunTime:0.000032s ]
INFO: [ app_init ] --END-- [ RunTime:0.006701s ]
ERR: 无法加载模块:Public

[ 2015-08-08T20:09:56+08:00 ] 127.0.0.1 /xiaoshi/Public/Css/image/yellow.jpg
INFO: [ app_init ] --START--
INFO: Run Behavior\BuildLiteBehavior [ RunTime:0.000051s ]
INFO: [ app_init ] --END-- [ RunTime:0.003260s ]
ERR: 无法加载模块:Public

[ 2015-08-08T20:10:07+08:00 ] 127.0.0.1 /xiaoshi/Check
INFO: [ app_init ] --START--
INFO: Run Behavior\BuildLiteBehavior [ RunTime:0.000017s ]
INFO: [ app_init ] --END-- [ RunTime:0.000690s ]
ERR: 无法加载模块:Check

[ 2015-08-08T20:10:25+08:00 ] 127.0.0.1 /xiaoshi/Check
INFO: [ app_init ] --START--
INFO: Run Behavior\BuildLiteBehavior [ RunTime:0.000016s ]
INFO: [ app_init ] --END-- [ RunTime:0.000681s ]
ERR: 无法加载模块:Check

[ 2015-08-08T20:10:27+08:00 ] 127.0.0.1 /xiaoshi/Public/Css/image/background.jpg
INFO: [ app_init ] --START--
INFO: Run Behavior\BuildLiteBehavior [ RunTime:0.000025s ]
INFO: [ app_init ] --END-- [ RunTime:0.000873s ]
ERR: 无法加载模块:Public

[ 2015-08-08T20:10:27+08:00 ] 127.0.0.1 /xiaoshi/Public/Css/image/warnning.jpg
INFO: [ app_init ] --START--
INFO: Run Behavior\BuildLiteBehavior [ RunTime:0.000022s ]
INFO: [ app_init ] --END-- [ RunTime:0.000835s ]
ERR: 无法加载模块:Public

[ 2015-08-08T20:10:27+08:00 ] 127.0.0.1 /xiaoshi/Public/Css/image/login-photo.jpg
INFO: [ app_init ] --START--
INFO: Run Behavior\BuildLiteBehavior [ RunTime:0.000021s ]
INFO: [ app_init ] --END-- [ RunTime:0.000850s ]
ERR: 无法加载模块:Public

[ 2015-08-08T20:10:27+08:00 ] 127.0.0.1 /xiaoshi/Public/Css/image/green.jpg
INFO: [ app_init ] --START--
INFO: Run Behavior\BuildLiteBehavior [ RunTime:0.000021s ]
INFO: [ app_init ] --END-- [ RunTime:0.000752s ]
ERR: 无法加载模块:Public

[ 2015-08-08T20:10:27+08:00 ] 127.0.0.1 /xiaoshi/Public/Css/image/yellow.jpg
INFO: [ app_init ] --START--
INFO: Run Behavior\BuildLiteBehavior [ RunTime:0.000016s ]
INFO: [ app_init ] --END-- [ RunTime:0.000547s ]
ERR: 无法加载模块:Public

[ 2015-08-08T20:10:39+08:00 ] 127.0.0.1 /xiaoshi/Test
INFO: [ app_init ] --START--
INFO: Run Behavior\BuildLiteBehavior [ RunTime:0.000022s ]
INFO: [ app_init ] --END-- [ RunTime:0.000788s ]
ERR: 无法加载模块:Test

[ 2015-08-08T20:10:44+08:00 ] 127.0.0.1 /xiaoshi/Test/test
INFO: [ app_init ] --START--
INFO: Run Behavior\BuildLiteBehavior [ RunTime:0.000018s ]
INFO: [ app_init ] --END-- [ RunTime:0.000621s ]
ERR: 无法加载模块:Test

[ 2015-08-08T20:11:08+08:00 ] 127.0.0.1 /xiaoshi/Check
INFO: [ app_init ] --START--
INFO: Run Behavior\BuildLiteBehavior [ RunTime:0.000017s ]
INFO: [ app_init ] --END-- [ RunTime:0.000547s ]
ERR: 无法加载模块:Check

[ 2015-08-08T20:11:14+08:00 ] 127.0.0.1 /xiaoshi/Check/check
INFO: [ app_init ] --START--
INFO: Run Behavior\BuildLiteBehavior [ RunTime:0.000024s ]
INFO: [ app_init ] --END-- [ RunTime:0.000604s ]
ERR: 无法加载模块:Check

[ 2015-08-08T20:11:25+08:00 ] 127.0.0.1 /xiaoshi/Check/index
INFO: [ app_init ] --START--
INFO: Run Behavior\BuildLiteBehavior [ RunTime:0.000018s ]
INFO: [ app_init ] --END-- [ RunTime:0.000643s ]
ERR: 无法加载模块:Check

[ 2015-08-08T20:15:46+08:00 ] 127.0.0.1 /xiaoshi/Public/Css/xiaoshi/Public/image/green.jpg
INFO: [ app_init ] --START--
INFO: Run Behavior\BuildLiteBehavior [ RunTime:0.000022s ]
INFO: [ app_init ] --END-- [ RunTime:0.000802s ]
ERR: 无法加载模块:Public

[ 2015-08-08T20:15:46+08:00 ] 127.0.0.1 /xiaoshi/Public/Css/xiaoshi/Public/image/yellow.jpg
INFO: [ app_init ] --START--
INFO: Run Behavior\BuildLiteBehavior [ RunTime:0.000023s ]
INFO: [ app_init ] --END-- [ RunTime:0.000811s ]
ERR: 无法加载模块:Public

[ 2015-08-08T20:15:46+08:00 ] 127.0.0.1 /xiaoshi/Public/Css/image/login-photo.jpg
INFO: [ app_init ] --START--
INFO: Run Behavior\BuildLiteBehavior [ RunTime:0.000023s ]
INFO: [ app_init ] --END-- [ RunTime:0.001103s ]
ERR: 无法加载模块:Public

[ 2015-08-08T20:15:46+08:00 ] 127.0.0.1 /xiaoshi/Public/Css/image/warnning.jpg
INFO: [ app_init ] --START--
INFO: Run Behavior\BuildLiteBehavior [ RunTime:0.000022s ]
INFO: [ app_init ] --END-- [ RunTime:0.000792s ]
ERR: 无法加载模块:Public

[ 2015-08-08T20:16:11+08:00 ] 127.0.0.1 /xiaoshi/Public/Css/image/login-photo.jpg
INFO: [ app_init ] --START--
INFO: Run Behavior\BuildLiteBehavior [ RunTime:0.000040s ]
INFO: [ app_init ] --END-- [ RunTime:0.000999s ]
ERR: 无法加载模块:Public

[ 2015-08-08T20:16:11+08:00 ] 127.0.0.1 /xiaoshi/Public/Css/image/warnning.jpg
INFO: [ app_init ] --START--
INFO: Run Behavior\BuildLiteBehavior [ RunTime:0.000032s ]
INFO: [ app_init ] --END-- [ RunTime:0.002671s ]
ERR: 无法加载模块:Public

[ 2015-08-08T20:24:33+08:00 ] 127.0.0.1 /xiaoshi/Public/Css/image/question-question.jpg
INFO: [ app_init ] --START--
INFO: Run Behavior\BuildLiteBehavior [ RunTime:0.000022s ]
INFO: [ app_init ] --END-- [ RunTime:0.000671s ]
ERR: 无法加载模块:Public

