[ 2015-08-31T00:02:42+08:00 ] 127.0.0.1 /xiaoshi3/Public/oriAnswer.js
INFO: [ app_init ] --START--
INFO: Run Behavior\BuildLiteBehavior [ RunTime:0.000059s ]
INFO: [ app_init ] --END-- [ RunTime:0.003307s ]
ERR: 无法加载模块:Public

[ 2015-08-31T00:03:38+08:00 ] 127.0.0.1 /xiaoshi3/Public/oriAnswer.js
INFO: [ app_init ] --START--
INFO: Run Behavior\BuildLiteBehavior [ RunTime:0.000056s ]
INFO: [ app_init ] --END-- [ RunTime:0.004004s ]
ERR: 无法加载模块:Public

[ 2015-08-31T00:04:22+08:00 ] 127.0.0.1 /xiaoshi3/Public/oriAnswer.js
INFO: [ app_init ] --START--
INFO: Run Behavior\BuildLiteBehavior [ RunTime:0.000039s ]
INFO: [ app_init ] --END-- [ RunTime:0.003684s ]
ERR: 无法加载模块:Public

[ 2015-08-31T00:07:20+08:00 ] 127.0.0.1 /xiaoshi3/Public/oriAnswer.js
INFO: [ app_init ] --START--
INFO: Run Behavior\BuildLiteBehavior [ RunTime:0.000056s ]
INFO: [ app_init ] --END-- [ RunTime:0.001982s ]
ERR: 无法加载模块:Public

[ 2015-08-31T00:08:41+08:00 ] 127.0.0.1 /xiaoshi3/Public/oriAnswer.js
INFO: [ app_init ] --START--
INFO: Run Behavior\BuildLiteBehavior [ RunTime:0.000058s ]
INFO: [ app_init ] --END-- [ RunTime:0.002312s ]
ERR: 无法加载模块:Public

[ 2015-08-31T00:09:37+08:00 ] 127.0.0.1 /xiaoshi3/Public/oriAnswer.js
INFO: [ app_init ] --START--
INFO: Run Behavior\BuildLiteBehavior [ RunTime:0.000026s ]
INFO: [ app_init ] --END-- [ RunTime:0.000877s ]
ERR: 无法加载模块:Public

[ 2015-08-31T00:10:29+08:00 ] 127.0.0.1 /xiaoshi3/Public/oriAnswer.js
INFO: [ app_init ] --START--
INFO: Run Behavior\BuildLiteBehavior [ RunTime:0.000055s ]
INFO: [ app_init ] --END-- [ RunTime:0.002700s ]
ERR: 无法加载模块:Public

[ 2015-08-31T00:11:00+08:00 ] 127.0.0.1 /xiaoshi3/Public/oriAnswer.js
INFO: [ app_init ] --START--
INFO: Run Behavior\BuildLiteBehavior [ RunTime:0.000027s ]
INFO: [ app_init ] --END-- [ RunTime:0.002131s ]
ERR: 无法加载模块:Public

[ 2015-08-31T00:16:18+08:00 ] 127.0.0.1 /xiaoshi3/Public/oriAnswer.js
INFO: [ app_init ] --START--
INFO: Run Behavior\BuildLiteBehavior [ RunTime:0.000029s ]
INFO: [ app_init ] --END-- [ RunTime:0.001111s ]
ERR: 无法加载模块:Public

[ 2015-08-31T00:16:50+08:00 ] 127.0.0.1 /xiaoshi3/Public/oriAnswer.js
INFO: [ app_init ] --START--
INFO: Run Behavior\BuildLiteBehavior [ RunTime:0.000051s ]
INFO: [ app_init ] --END-- [ RunTime:0.000986s ]
ERR: 无法加载模块:Public

[ 2015-08-31T00:17:05+08:00 ] 127.0.0.1 /xiaoshi3/Public/oriAnswer.js
INFO: [ app_init ] --START--
INFO: Run Behavior\BuildLiteBehavior [ RunTime:0.000056s ]
INFO: [ app_init ] --END-- [ RunTime:0.002062s ]
ERR: 无法加载模块:Public

[ 2015-08-31T00:17:27+08:00 ] 127.0.0.1 /xiaoshi3/Public/oriAnswer.js
INFO: [ app_init ] --START--
INFO: Run Behavior\BuildLiteBehavior [ RunTime:0.000017s ]
INFO: [ app_init ] --END-- [ RunTime:0.000731s ]
ERR: 无法加载模块:Public

[ 2015-08-31T00:17:51+08:00 ] 127.0.0.1 /xiaoshi3/Public/oriAnswer.js
INFO: [ app_init ] --START--
INFO: Run Behavior\BuildLiteBehavior [ RunTime:0.000027s ]
INFO: [ app_init ] --END-- [ RunTime:0.004623s ]
ERR: 无法加载模块:Public

[ 2015-08-31T00:19:04+08:00 ] 127.0.0.1 /xiaoshi3/Public/oriAnswer.js
INFO: [ app_init ] --START--
INFO: Run Behavior\BuildLiteBehavior [ RunTime:0.000028s ]
INFO: [ app_init ] --END-- [ RunTime:0.001486s ]
ERR: 无法加载模块:Public

[ 2015-08-31T00:19:09+08:00 ] 127.0.0.1 /xiaoshi3/Public/oriAnswer.js
INFO: [ app_init ] --START--
INFO: Run Behavior\BuildLiteBehavior [ RunTime:0.000066s ]
INFO: [ app_init ] --END-- [ RunTime:0.001732s ]
ERR: 无法加载模块:Public

[ 2015-08-31T00:19:10+08:00 ] 127.0.0.1 /xiaoshi3/Public/oriAnswer.js
INFO: [ app_init ] --START--
INFO: Run Behavior\BuildLiteBehavior [ RunTime:0.000052s ]
INFO: [ app_init ] --END-- [ RunTime:0.001972s ]
ERR: 无法加载模块:Public

[ 2015-08-31T00:20:55+08:00 ] 127.0.0.1 /xiaoshi3/index.php/Question/toMemcache
INFO: [ app_init ] --START--
INFO: Run Behavior\BuildLiteBehavior [ RunTime:0.000159s ]
INFO: [ app_init ] --END-- [ RunTime:0.001291s ]
ERR: 无法加载模块:Question

[ 2015-08-31T00:21:12+08:00 ] 127.0.0.1 /xiaoshi3/Public/oriAnswer.js
INFO: [ app_init ] --START--
INFO: Run Behavior\BuildLiteBehavior [ RunTime:0.000063s ]
INFO: [ app_init ] --END-- [ RunTime:0.002081s ]
ERR: 无法加载模块:Public

[ 2015-08-31T00:21:29+08:00 ] 127.0.0.1 /xiaoshi3/Public/oriAnswer.js
INFO: [ app_init ] --START--
INFO: Run Behavior\BuildLiteBehavior [ RunTime:0.000040s ]
INFO: [ app_init ] --END-- [ RunTime:0.000998s ]
ERR: 无法加载模块:Public

[ 2015-08-31T00:21:49+08:00 ] 127.0.0.1 /xiaoshi3/Public/oriAnswer.js
INFO: [ app_init ] --START--
INFO: Run Behavior\BuildLiteBehavior [ RunTime:0.000051s ]
INFO: [ app_init ] --END-- [ RunTime:0.001932s ]
ERR: 无法加载模块:Public

[ 2015-08-31T00:22:10+08:00 ] 127.0.0.1 /xiaoshi3/Public/oriAnswer.js
INFO: [ app_init ] --START--
INFO: Run Behavior\BuildLiteBehavior [ RunTime:0.000089s ]
INFO: [ app_init ] --END-- [ RunTime:0.005555s ]
ERR: 无法加载模块:Public

[ 2015-08-31T00:22:49+08:00 ] 127.0.0.1 /xiaoshi3/Public/oriAnswer.js
INFO: [ app_init ] --START--
INFO: Run Behavior\BuildLiteBehavior [ RunTime:0.000029s ]
INFO: [ app_init ] --END-- [ RunTime:0.001095s ]
ERR: 无法加载模块:Public

[ 2015-08-31T00:23:18+08:00 ] 127.0.0.1 /xiaoshi3/Public/oriAnswer.js
INFO: [ app_init ] --START--
INFO: Run Behavior\BuildLiteBehavior [ RunTime:0.000027s ]
INFO: [ app_init ] --END-- [ RunTime:0.000896s ]
ERR: 无法加载模块:Public

[ 2015-08-31T00:25:49+08:00 ] 127.0.0.1 /xiaoshi3/Public/oriAnswer.js
INFO: [ app_init ] --START--
INFO: Run Behavior\BuildLiteBehavior [ RunTime:0.000027s ]
INFO: [ app_init ] --END-- [ RunTime:0.001941s ]
ERR: 无法加载模块:Public

[ 2015-08-31T00:26:35+08:00 ] 127.0.0.1 /xiaoshi3/Public/oriAnswer.js
INFO: [ app_init ] --START--
INFO: Run Behavior\BuildLiteBehavior [ RunTime:0.000082s ]
INFO: [ app_init ] --END-- [ RunTime:0.002733s ]
ERR: 无法加载模块:Public

[ 2015-08-31T00:27:32+08:00 ] 127.0.0.1 /xiaoshi3/Public/oriAnswer.js
INFO: [ app_init ] --START--
INFO: Run Behavior\BuildLiteBehavior [ RunTime:0.000026s ]
INFO: [ app_init ] --END-- [ RunTime:0.000741s ]
ERR: 无法加载模块:Public

[ 2015-08-31T00:28:00+08:00 ] 127.0.0.1 /xiaoshi3/Public/oriAnswer.js
INFO: [ app_init ] --START--
INFO: Run Behavior\BuildLiteBehavior [ RunTime:0.000097s ]
INFO: [ app_init ] --END-- [ RunTime:0.002087s ]
ERR: 无法加载模块:Public

[ 2015-08-31T00:28:28+08:00 ] 127.0.0.1 /xiaoshi3/Public/oriAnswer.js
INFO: [ app_init ] --START--
INFO: Run Behavior\BuildLiteBehavior [ RunTime:0.000056s ]
INFO: [ app_init ] --END-- [ RunTime:0.003983s ]
ERR: 无法加载模块:Public

[ 2015-08-31T00:28:55+08:00 ] 127.0.0.1 /xiaoshi3/Public/oriAnswer.js
INFO: [ app_init ] --START--
INFO: Run Behavior\BuildLiteBehavior [ RunTime:0.000024s ]
INFO: [ app_init ] --END-- [ RunTime:0.000734s ]
ERR: 无法加载模块:Public

[ 2015-08-31T00:31:28+08:00 ] 127.0.0.1 /xiaoshi3/Public/oriAnswer.js
INFO: [ app_init ] --START--
INFO: Run Behavior\BuildLiteBehavior [ RunTime:0.000023s ]
INFO: [ app_init ] --END-- [ RunTime:0.000878s ]
ERR: 无法加载模块:Public

[ 2015-08-31T00:32:07+08:00 ] 127.0.0.1 /xiaoshi3/Public/oriAnswer.js
INFO: [ app_init ] --START--
INFO: Run Behavior\BuildLiteBehavior [ RunTime:0.000044s ]
INFO: [ app_init ] --END-- [ RunTime:0.000644s ]
ERR: 无法加载模块:Public

[ 2015-08-31T00:33:12+08:00 ] 127.0.0.1 /xiaoshi3/Public/oriAnswer.js
INFO: [ app_init ] --START--
INFO: Run Behavior\BuildLiteBehavior [ RunTime:0.000052s ]
INFO: [ app_init ] --END-- [ RunTime:0.001907s ]
ERR: 无法加载模块:Public

[ 2015-08-31T00:33:44+08:00 ] 127.0.0.1 /xiaoshi3/Public/oriAnswer.js
INFO: [ app_init ] --START--
INFO: Run Behavior\BuildLiteBehavior [ RunTime:0.000020s ]
INFO: [ app_init ] --END-- [ RunTime:0.000581s ]
ERR: 无法加载模块:Public

[ 2015-08-31T00:34:13+08:00 ] 127.0.0.1 /xiaoshi3/Public/oriAnswer.js
INFO: [ app_init ] --START--
INFO: Run Behavior\BuildLiteBehavior [ RunTime:0.000096s ]
INFO: [ app_init ] --END-- [ RunTime:0.001775s ]
ERR: 无法加载模块:Public

[ 2015-08-31T00:34:47+08:00 ] 127.0.0.1 /xiaoshi3/Public/oriAnswer.js
INFO: [ app_init ] --START--
INFO: Run Behavior\BuildLiteBehavior [ RunTime:0.000027s ]
INFO: [ app_init ] --END-- [ RunTime:0.001027s ]
ERR: 无法加载模块:Public

[ 2015-08-31T00:35:02+08:00 ] 127.0.0.1 /xiaoshi3/Public/oriAnswer.js
INFO: [ app_init ] --START--
INFO: Run Behavior\BuildLiteBehavior [ RunTime:0.000017s ]
INFO: [ app_init ] --END-- [ RunTime:0.000510s ]
ERR: 无法加载模块:Public

[ 2015-08-31T00:35:32+08:00 ] 127.0.0.1 /xiaoshi3/Public/oriAnswer.js
INFO: [ app_init ] --START--
INFO: Run Behavior\BuildLiteBehavior [ RunTime:0.000052s ]
INFO: [ app_init ] --END-- [ RunTime:0.001642s ]
ERR: 无法加载模块:Public

[ 2015-08-31T00:36:46+08:00 ] 127.0.0.1 /xiaoshi3/Public/oriAnswer.js
INFO: [ app_init ] --START--
INFO: Run Behavior\BuildLiteBehavior [ RunTime:0.000129s ]
INFO: [ app_init ] --END-- [ RunTime:0.001850s ]
ERR: 无法加载模块:Public

[ 2015-08-31T00:38:51+08:00 ] 127.0.0.1 /xiaoshi3/Public/oriAnswer.js
INFO: [ app_init ] --START--
INFO: Run Behavior\BuildLiteBehavior [ RunTime:0.000028s ]
INFO: [ app_init ] --END-- [ RunTime:0.000901s ]
ERR: 无法加载模块:Public

[ 2015-08-31T00:40:31+08:00 ] 127.0.0.1 /xiaoshi3/Public/oriAnswer.js
INFO: [ app_init ] --START--
INFO: Run Behavior\BuildLiteBehavior [ RunTime:0.000025s ]
INFO: [ app_init ] --END-- [ RunTime:0.000864s ]
ERR: 无法加载模块:Public

[ 2015-08-31T00:41:00+08:00 ] 127.0.0.1 /xiaoshi3/Public/oriAnswer.js
INFO: [ app_init ] --START--
INFO: Run Behavior\BuildLiteBehavior [ RunTime:0.000027s ]
INFO: [ app_init ] --END-- [ RunTime:0.000875s ]
ERR: 无法加载模块:Public

[ 2015-08-31T00:45:51+08:00 ] 127.0.0.1 /xiaoshi3/Public/oriAnswer.js
INFO: [ app_init ] --START--
INFO: Run Behavior\BuildLiteBehavior [ RunTime:0.000129s ]
INFO: [ app_init ] --END-- [ RunTime:0.001985s ]
ERR: 无法加载模块:Public

[ 2015-08-31T00:46:30+08:00 ] 127.0.0.1 /xiaoshi3/Public/oriAnswer.js
INFO: [ app_init ] --START--
INFO: Run Behavior\BuildLiteBehavior [ RunTime:0.000063s ]
INFO: [ app_init ] --END-- [ RunTime:0.002153s ]
ERR: 无法加载模块:Public

[ 2015-08-31T00:48:23+08:00 ] 127.0.0.1 /xiaoshi3/Public/oriAnswer.js
INFO: [ app_init ] --START--
INFO: Run Behavior\BuildLiteBehavior [ RunTime:0.000523s ]
INFO: [ app_init ] --END-- [ RunTime:0.010753s ]
ERR: 无法加载模块:Public

[ 2015-08-31T00:48:35+08:00 ] 127.0.0.1 /xiaoshi3/Public/oriAnswer.js
INFO: [ app_init ] --START--
INFO: Run Behavior\BuildLiteBehavior [ RunTime:0.000060s ]
INFO: [ app_init ] --END-- [ RunTime:0.000977s ]
ERR: 无法加载模块:Public

[ 2015-08-31T00:54:31+08:00 ] 127.0.0.1 /xiaoshi3/Public/oriAnswer.js
INFO: [ app_init ] --START--
INFO: Run Behavior\BuildLiteBehavior [ RunTime:0.000055s ]
INFO: [ app_init ] --END-- [ RunTime:0.001287s ]
ERR: 无法加载模块:Public

[ 2015-08-31T00:58:17+08:00 ] 127.0.0.1 /xiaoshi3/Public/oriAnswer.js
INFO: [ app_init ] --START--
INFO: Run Behavior\BuildLiteBehavior [ RunTime:0.000094s ]
INFO: [ app_init ] --END-- [ RunTime:0.002853s ]
ERR: 无法加载模块:Public

[ 2015-08-31T01:00:42+08:00 ] 127.0.0.1 /xiaoshi3/Public/oriAnswer.js
INFO: [ app_init ] --START--
INFO: Run Behavior\BuildLiteBehavior [ RunTime:0.000053s ]
INFO: [ app_init ] --END-- [ RunTime:0.002618s ]
ERR: 无法加载模块:Public

[ 2015-08-31T01:02:31+08:00 ] 127.0.0.1 /xiaoshi3/Public/oriAnswer.js
INFO: [ app_init ] --START--
INFO: Run Behavior\BuildLiteBehavior [ RunTime:0.000028s ]
INFO: [ app_init ] --END-- [ RunTime:0.000784s ]
ERR: 无法加载模块:Public

[ 2015-08-31T01:07:31+08:00 ] 127.0.0.1 /xiaoshi3/Public/oriAnswer.js
INFO: [ app_init ] --START--
INFO: Run Behavior\BuildLiteBehavior [ RunTime:0.000059s ]
INFO: [ app_init ] --END-- [ RunTime:0.002495s ]
ERR: 无法加载模块:Public

[ 2015-08-31T01:09:43+08:00 ] 127.0.0.1 /xiaoshi3/Public/oriAnswer.js
INFO: [ app_init ] --START--
INFO: Run Behavior\BuildLiteBehavior [ RunTime:0.000027s ]
INFO: [ app_init ] --END-- [ RunTime:0.000930s ]
ERR: 无法加载模块:Public

[ 2015-08-31T01:13:57+08:00 ] 127.0.0.1 /xiaoshi3/Public/oriAnswer.js
INFO: [ app_init ] --START--
INFO: Run Behavior\BuildLiteBehavior [ RunTime:0.000028s ]
INFO: [ app_init ] --END-- [ RunTime:0.001139s ]
ERR: 无法加载模块:Public

[ 2015-08-31T01:15:02+08:00 ] 127.0.0.1 /xiaoshi3/Public/oriAnswer.js
INFO: [ app_init ] --START--
INFO: Run Behavior\BuildLiteBehavior [ RunTime:0.000028s ]
INFO: [ app_init ] --END-- [ RunTime:0.001074s ]
ERR: 无法加载模块:Public

[ 2015-08-31T01:16:33+08:00 ] 127.0.0.1 /xiaoshi3/Public/oriAnswer.js
INFO: [ app_init ] --START--
INFO: Run Behavior\BuildLiteBehavior [ RunTime:0.000023s ]
INFO: [ app_init ] --END-- [ RunTime:0.000831s ]
ERR: 无法加载模块:Public

[ 2015-08-31T01:17:12+08:00 ] 127.0.0.1 /xiaoshi3/Public/oriAnswer.js
INFO: [ app_init ] --START--
INFO: Run Behavior\BuildLiteBehavior [ RunTime:0.000039s ]
INFO: [ app_init ] --END-- [ RunTime:0.000944s ]
ERR: 无法加载模块:Public

[ 2015-08-31T01:17:38+08:00 ] 127.0.0.1 /xiaoshi3/Public/oriAnswer.js
INFO: [ app_init ] --START--
INFO: Run Behavior\BuildLiteBehavior [ RunTime:0.000039s ]
INFO: [ app_init ] --END-- [ RunTime:0.001062s ]
ERR: 无法加载模块:Public

[ 2015-08-31T01:18:11+08:00 ] 127.0.0.1 /xiaoshi3/Public/oriAnswer.js
INFO: [ app_init ] --START--
INFO: Run Behavior\BuildLiteBehavior [ RunTime:0.000025s ]
INFO: [ app_init ] --END-- [ RunTime:0.000657s ]
ERR: 无法加载模块:Public

[ 2015-08-31T01:23:09+08:00 ] 127.0.0.1 /xiaoshi3/Public/oriAnswer.js
INFO: [ app_init ] --START--
INFO: Run Behavior\BuildLiteBehavior [ RunTime:0.000023s ]
INFO: [ app_init ] --END-- [ RunTime:0.000958s ]
ERR: 无法加载模块:Public

[ 2015-08-31T01:26:23+08:00 ] 127.0.0.1 /xiaoshi3/Public/oriAnswer.js
INFO: [ app_init ] --START--
INFO: Run Behavior\BuildLiteBehavior [ RunTime:0.000028s ]
INFO: [ app_init ] --END-- [ RunTime:0.000929s ]
ERR: 无法加载模块:Public

[ 2015-08-31T01:26:53+08:00 ] 127.0.0.1 /xiaoshi3/Public/oriAnswer.js
INFO: [ app_init ] --START--
INFO: Run Behavior\BuildLiteBehavior [ RunTime:0.000024s ]
INFO: [ app_init ] --END-- [ RunTime:0.000730s ]
ERR: 无法加载模块:Public

[ 2015-08-31T01:27:13+08:00 ] 127.0.0.1 /xiaoshi3/Public/oriAnswer.js
INFO: [ app_init ] --START--
INFO: Run Behavior\BuildLiteBehavior [ RunTime:0.000122s ]
INFO: [ app_init ] --END-- [ RunTime:0.004354s ]
ERR: 无法加载模块:Public

[ 2015-08-31T01:51:01+08:00 ] 127.0.0.1 /xiaoshi3/Public/oriAnswer.js
INFO: [ app_init ] --START--
INFO: Run Behavior\BuildLiteBehavior [ RunTime:0.000026s ]
INFO: [ app_init ] --END-- [ RunTime:0.001031s ]
ERR: 无法加载模块:Public

[ 2015-08-31T01:51:50+08:00 ] 127.0.0.1 /xiaoshi3/Public/oriAnswer.js
INFO: [ app_init ] --START--
INFO: Run Behavior\BuildLiteBehavior [ RunTime:0.000017s ]
INFO: [ app_init ] --END-- [ RunTime:0.000620s ]
ERR: 无法加载模块:Public

[ 2015-08-31T01:52:01+08:00 ] 127.0.0.1 /xiaoshi3/Public/oriAnswer.js
INFO: [ app_init ] --START--
INFO: Run Behavior\BuildLiteBehavior [ RunTime:0.000026s ]
INFO: [ app_init ] --END-- [ RunTime:0.000781s ]
ERR: 无法加载模块:Public

[ 2015-08-31T01:56:16+08:00 ] 127.0.0.1 /xiaoshi3/Public/oriAnswer.js
INFO: [ app_init ] --START--
INFO: Run Behavior\BuildLiteBehavior [ RunTime:0.000028s ]
INFO: [ app_init ] --END-- [ RunTime:0.002163s ]
ERR: 无法加载模块:Public

[ 2015-08-31T01:59:47+08:00 ] 127.0.0.1 /xiaoshi3/Public/oriAnswer.js
INFO: [ app_init ] --START--
INFO: Run Behavior\BuildLiteBehavior [ RunTime:0.000077s ]
INFO: [ app_init ] --END-- [ RunTime:0.004075s ]
ERR: 无法加载模块:Public

[ 2015-08-31T02:01:00+08:00 ] 127.0.0.1 /xiaoshi3/Public/oriAnswer.js
INFO: [ app_init ] --START--
INFO: Run Behavior\BuildLiteBehavior [ RunTime:0.000030s ]
INFO: [ app_init ] --END-- [ RunTime:0.001231s ]
ERR: 无法加载模块:Public

[ 2015-08-31T02:05:06+08:00 ] 127.0.0.1 /xiaoshi3/Public/oriAnswer.js
INFO: [ app_init ] --START--
INFO: Run Behavior\BuildLiteBehavior [ RunTime:0.000018s ]
INFO: [ app_init ] --END-- [ RunTime:0.000773s ]
ERR: 无法加载模块:Public

[ 2015-08-31T02:12:22+08:00 ] 127.0.0.1 /xiaoshi3/Public/oriAnswer.js
INFO: [ app_init ] --START--
INFO: Run Behavior\BuildLiteBehavior [ RunTime:0.000025s ]
INFO: [ app_init ] --END-- [ RunTime:0.000928s ]
ERR: 无法加载模块:Public

[ 2015-08-31T02:12:58+08:00 ] 127.0.0.1 /xiaoshi3/Public/oriAnswer.js
INFO: [ app_init ] --START--
INFO: Run Behavior\BuildLiteBehavior [ RunTime:0.000125s ]
INFO: [ app_init ] --END-- [ RunTime:0.003063s ]
ERR: 无法加载模块:Public

[ 2015-08-31T02:14:14+08:00 ] 127.0.0.1 /xiaoshi3/Public/oriAnswer.js
INFO: [ app_init ] --START--
INFO: Run Behavior\BuildLiteBehavior [ RunTime:0.000025s ]
INFO: [ app_init ] --END-- [ RunTime:0.000955s ]
ERR: 无法加载模块:Public

[ 2015-08-31T02:16:12+08:00 ] 127.0.0.1 /xiaoshi3/Public/oriAnswer.js
INFO: [ app_init ] --START--
INFO: Run Behavior\BuildLiteBehavior [ RunTime:0.000029s ]
INFO: [ app_init ] --END-- [ RunTime:0.000957s ]
ERR: 无法加载模块:Public

[ 2015-08-31T02:16:25+08:00 ] 127.0.0.1 /xiaoshi3/Public/oriAnswer.js
INFO: [ app_init ] --START--
INFO: Run Behavior\BuildLiteBehavior [ RunTime:0.000027s ]
INFO: [ app_init ] --END-- [ RunTime:0.000747s ]
ERR: 无法加载模块:Public

[ 2015-08-31T09:31:59+08:00 ] 127.0.0.1 /xiaoshi4/Public/oriAnswer.js
INFO: [ app_init ] --START--
INFO: Run Behavior\BuildLiteBehavior [ RunTime:0.000018s ]
INFO: [ app_init ] --END-- [ RunTime:0.000688s ]
ERR: 无法加载模块:Public

[ 2015-08-31T09:36:17+08:00 ] 127.0.0.1 /xiaoshi4/Public/oriAnswer.js
INFO: [ app_init ] --START--
INFO: Run Behavior\BuildLiteBehavior [ RunTime:0.000098s ]
INFO: [ app_init ] --END-- [ RunTime:0.001730s ]
ERR: 无法加载模块:Public

[ 2015-08-31T09:37:43+08:00 ] 127.0.0.1 /xiaoshi4/Public/oriAnswer.js
INFO: [ app_init ] --START--
INFO: Run Behavior\BuildLiteBehavior [ RunTime:0.000085s ]
INFO: [ app_init ] --END-- [ RunTime:0.000972s ]
ERR: 无法加载模块:Public

[ 2015-08-31T09:38:42+08:00 ] 127.0.0.1 /xiaoshi4/Public/oriAnswer.js
INFO: [ app_init ] --START--
INFO: Run Behavior\BuildLiteBehavior [ RunTime:0.000028s ]
INFO: [ app_init ] --END-- [ RunTime:0.000939s ]
ERR: 无法加载模块:Public

[ 2015-08-31T09:40:40+08:00 ] 127.0.0.1 /xiaoshi4/Public/oriAnswer.js
INFO: [ app_init ] --START--
INFO: Run Behavior\BuildLiteBehavior [ RunTime:0.000017s ]
INFO: [ app_init ] --END-- [ RunTime:0.000580s ]
ERR: 无法加载模块:Public

[ 2015-08-31T09:41:40+08:00 ] 127.0.0.1 /xiaoshi4/Public/oriAnswer.js
INFO: [ app_init ] --START--
INFO: Run Behavior\BuildLiteBehavior [ RunTime:0.000017s ]
INFO: [ app_init ] --END-- [ RunTime:0.000526s ]
ERR: 无法加载模块:Public

[ 2015-08-31T09:42:16+08:00 ] 127.0.0.1 /xiaoshi4/Public/oriAnswer.js
INFO: [ app_init ] --START--
INFO: Run Behavior\BuildLiteBehavior [ RunTime:0.000025s ]
INFO: [ app_init ] --END-- [ RunTime:0.000833s ]
ERR: 无法加载模块:Public

[ 2015-08-31T09:42:21+08:00 ] 127.0.0.1 /xiaoshi4/Public/oriAnswer.js
INFO: [ app_init ] --START--
INFO: Run Behavior\BuildLiteBehavior [ RunTime:0.000026s ]
INFO: [ app_init ] --END-- [ RunTime:0.000758s ]
ERR: 无法加载模块:Public

[ 2015-08-31T09:42:22+08:00 ] 127.0.0.1 /xiaoshi4/Public/oriAnswer.js
INFO: [ app_init ] --START--
INFO: Run Behavior\BuildLiteBehavior [ RunTime:0.000017s ]
INFO: [ app_init ] --END-- [ RunTime:0.000551s ]
ERR: 无法加载模块:Public

[ 2015-08-31T09:42:23+08:00 ] 127.0.0.1 /xiaoshi4/Public/oriAnswer.js
INFO: [ app_init ] --START--
INFO: Run Behavior\BuildLiteBehavior [ RunTime:0.000018s ]
INFO: [ app_init ] --END-- [ RunTime:0.000600s ]
ERR: 无法加载模块:Public

[ 2015-08-31T09:42:24+08:00 ] 127.0.0.1 /xiaoshi4/Public/oriAnswer.js
INFO: [ app_init ] --START--
INFO: Run Behavior\BuildLiteBehavior [ RunTime:0.000031s ]
INFO: [ app_init ] --END-- [ RunTime:0.000905s ]
ERR: 无法加载模块:Public

[ 2015-08-31T09:42:24+08:00 ] 127.0.0.1 /xiaoshi4/Public/oriAnswer.js
INFO: [ app_init ] --START--
INFO: Run Behavior\BuildLiteBehavior [ RunTime:0.000018s ]
INFO: [ app_init ] --END-- [ RunTime:0.000546s ]
ERR: 无法加载模块:Public

[ 2015-08-31T09:43:34+08:00 ] 127.0.0.1 /xiaoshi4/Public/oriAnswer.js
INFO: [ app_init ] --START--
INFO: Run Behavior\BuildLiteBehavior [ RunTime:0.000026s ]
INFO: [ app_init ] --END-- [ RunTime:0.000919s ]
ERR: 无法加载模块:Public

[ 2015-08-31T09:43:46+08:00 ] 127.0.0.1 /xiaoshi4/Public/oriAnswer.js
INFO: [ app_init ] --START--
INFO: Run Behavior\BuildLiteBehavior [ RunTime:0.000018s ]
INFO: [ app_init ] --END-- [ RunTime:0.000636s ]
ERR: 无法加载模块:Public

[ 2015-08-31T09:46:34+08:00 ] 127.0.0.1 /xiaoshi4/Public/oriAnswer.js
INFO: [ app_init ] --START--
INFO: Run Behavior\BuildLiteBehavior [ RunTime:0.000030s ]
INFO: [ app_init ] --END-- [ RunTime:0.001412s ]
ERR: 无法加载模块:Public

[ 2015-08-31T09:46:46+08:00 ] 127.0.0.1 /xiaoshi4/Public/oriAnswer.js
INFO: [ app_init ] --START--
INFO: Run Behavior\BuildLiteBehavior [ RunTime:0.000098s ]
INFO: [ app_init ] --END-- [ RunTime:0.001277s ]
ERR: 无法加载模块:Public

[ 2015-08-31T09:47:36+08:00 ] 127.0.0.1 /xiaoshi4/Public/oriAnswer.js
INFO: [ app_init ] --START--
INFO: Run Behavior\BuildLiteBehavior [ RunTime:0.000030s ]
INFO: [ app_init ] --END-- [ RunTime:0.001682s ]
ERR: 无法加载模块:Public

[ 2015-08-31T09:51:37+08:00 ] 127.0.0.1 /xiaoshi4/Public/oriAnswer.js
INFO: [ app_init ] --START--
INFO: Run Behavior\BuildLiteBehavior [ RunTime:0.000027s ]
INFO: [ app_init ] --END-- [ RunTime:0.000974s ]
ERR: 无法加载模块:Public

[ 2015-08-31T09:51:50+08:00 ] 127.0.0.1 /xiaoshi4/Public/oriAnswer.js
INFO: [ app_init ] --START--
INFO: Run Behavior\BuildLiteBehavior [ RunTime:0.000049s ]
INFO: [ app_init ] --END-- [ RunTime:0.000683s ]
ERR: 无法加载模块:Public

[ 2015-08-31T09:52:24+08:00 ] 127.0.0.1 /xiaoshi4/Public/oriAnswer.js
INFO: [ app_init ] --START--
INFO: Run Behavior\BuildLiteBehavior [ RunTime:0.000018s ]
INFO: [ app_init ] --END-- [ RunTime:0.000583s ]
ERR: 无法加载模块:Public

[ 2015-08-31T09:52:41+08:00 ] 127.0.0.1 /xiaoshi4/Public/oriAnswer.js
INFO: [ app_init ] --START--
INFO: Run Behavior\BuildLiteBehavior [ RunTime:0.000019s ]
INFO: [ app_init ] --END-- [ RunTime:0.000785s ]
ERR: 无法加载模块:Public

[ 2015-08-31T09:53:23+08:00 ] 127.0.0.1 /xiaoshi4/Public/oriAnswer.js
INFO: [ app_init ] --START--
INFO: Run Behavior\BuildLiteBehavior [ RunTime:0.000025s ]
INFO: [ app_init ] --END-- [ RunTime:0.000778s ]
ERR: 无法加载模块:Public

[ 2015-08-31T09:56:04+08:00 ] 127.0.0.1 /xiaoshi4/Public/oriAnswer.js
INFO: [ app_init ] --START--
INFO: Run Behavior\BuildLiteBehavior [ RunTime:0.000027s ]
INFO: [ app_init ] --END-- [ RunTime:0.000604s ]
ERR: 无法加载模块:Public

[ 2015-08-31T09:56:23+08:00 ] 127.0.0.1 /xiaoshi4/Public/oriAnswer.js
INFO: [ app_init ] --START--
INFO: Run Behavior\BuildLiteBehavior [ RunTime:0.000029s ]
INFO: [ app_init ] --END-- [ RunTime:0.000922s ]
ERR: 无法加载模块:Public

[ 2015-08-31T09:57:33+08:00 ] 127.0.0.1 /xiaoshi4/Public/oriAnswer.js
INFO: [ app_init ] --START--
INFO: Run Behavior\BuildLiteBehavior [ RunTime:0.000027s ]
INFO: [ app_init ] --END-- [ RunTime:0.000902s ]
ERR: 无法加载模块:Public

[ 2015-08-31T09:59:17+08:00 ] 127.0.0.1 /xiaoshi4/Public/oriAnswer.js
INFO: [ app_init ] --START--
INFO: Run Behavior\BuildLiteBehavior [ RunTime:0.000031s ]
INFO: [ app_init ] --END-- [ RunTime:0.001990s ]
ERR: 无法加载模块:Public

[ 2015-08-31T11:13:46+08:00 ] 127.0.0.1 /xiaoshi4/Public/oriAnswer.js
INFO: [ app_init ] --START--
INFO: Run Behavior\BuildLiteBehavior [ RunTime:0.000019s ]
INFO: [ app_init ] --END-- [ RunTime:0.000654s ]
ERR: 无法加载模块:Public

[ 2015-08-31T12:29:13+08:00 ] 127.0.0.1 /xiaoshi4/Public/oriAnswer.js
INFO: [ app_init ] --START--
INFO: Run Behavior\BuildLiteBehavior [ RunTime:0.000016s ]
INFO: [ app_init ] --END-- [ RunTime:0.000604s ]
ERR: 无法加载模块:Public

[ 2015-08-31T12:54:37+08:00 ] 127.0.0.1 /xiaoshi5/Public/oriAnswer.js
INFO: [ app_init ] --START--
INFO: Run Behavior\BuildLiteBehavior [ RunTime:0.000027s ]
INFO: [ app_init ] --END-- [ RunTime:0.005921s ]
ERR: 无法加载模块:Public

[ 2015-08-31T12:55:18+08:00 ] 223.3.114.81 /xiaoshi5/Public/oriAnswer.js
INFO: [ app_init ] --START--
INFO: Run Behavior\BuildLiteBehavior [ RunTime:0.000016s ]
INFO: [ app_init ] --END-- [ RunTime:0.000605s ]
ERR: 无法加载模块:Public

[ 2015-08-31T12:59:55+08:00 ] 223.3.90.97 /xiaoshi5/Public/oriAnswer.js
INFO: [ app_init ] --START--
INFO: Run Behavior\BuildLiteBehavior [ RunTime:0.000017s ]
INFO: [ app_init ] --END-- [ RunTime:0.000604s ]
ERR: 无法加载模块:Public

[ 2015-08-31T13:00:05+08:00 ] 121.249.10.39 /xiaoshi5/Public/oriAnswer.js
INFO: [ app_init ] --START--
INFO: Run Behavior\BuildLiteBehavior [ RunTime:0.000014s ]
INFO: [ app_init ] --END-- [ RunTime:0.000589s ]
ERR: 无法加载模块:Public

[ 2015-08-31T13:00:16+08:00 ] 121.249.10.39 /xiaoshi5/Public/oriAnswer.js
INFO: [ app_init ] --START--
INFO: Run Behavior\BuildLiteBehavior [ RunTime:0.000015s ]
INFO: [ app_init ] --END-- [ RunTime:0.000621s ]
ERR: 无法加载模块:Public

[ 2015-08-31T13:00:32+08:00 ] 223.3.80.98 /xiaoshi5/Public/oriAnswer.js
INFO: [ app_init ] --START--
INFO: Run Behavior\BuildLiteBehavior [ RunTime:0.000016s ]
INFO: [ app_init ] --END-- [ RunTime:0.000472s ]
ERR: 无法加载模块:Public

[ 2015-08-31T13:00:41+08:00 ] 223.3.90.97 /xiaoshi5/Public/oriAnswer.js
INFO: [ app_init ] --START--
INFO: Run Behavior\BuildLiteBehavior [ RunTime:0.000015s ]
INFO: [ app_init ] --END-- [ RunTime:0.000610s ]
ERR: 无法加载模块:Public

[ 2015-08-31T13:00:58+08:00 ] 121.249.10.39 /xiaoshi5/Public/oriAnswer.js
INFO: [ app_init ] --START--
INFO: Run Behavior\BuildLiteBehavior [ RunTime:0.000031s ]
INFO: [ app_init ] --END-- [ RunTime:0.000844s ]
ERR: 无法加载模块:Public

[ 2015-08-31T13:01:06+08:00 ] 223.3.90.97 /xiaoshi5/Public/oriAnswer.js
INFO: [ app_init ] --START--
INFO: Run Behavior\BuildLiteBehavior [ RunTime:0.000016s ]
INFO: [ app_init ] --END-- [ RunTime:0.000465s ]
ERR: 无法加载模块:Public

[ 2015-08-31T13:01:08+08:00 ] 223.3.90.97 /xiaoshi5/Public/oriAnswer.js
INFO: [ app_init ] --START--
INFO: Run Behavior\BuildLiteBehavior [ RunTime:0.000023s ]
INFO: [ app_init ] --END-- [ RunTime:0.000893s ]
ERR: 无法加载模块:Public

[ 2015-08-31T13:02:03+08:00 ] 223.3.90.97 /xiaoshi5/Public/oriAnswer.js
INFO: [ app_init ] --START--
INFO: Run Behavior\BuildLiteBehavior [ RunTime:0.000024s ]
INFO: [ app_init ] --END-- [ RunTime:0.000828s ]
ERR: 无法加载模块:Public

[ 2015-08-31T13:02:50+08:00 ] 121.249.10.39 /xiaoshi5/Public/oriAnswer.js
INFO: [ app_init ] --START--
INFO: Run Behavior\BuildLiteBehavior [ RunTime:0.000020s ]
INFO: [ app_init ] --END-- [ RunTime:0.000685s ]
ERR: 无法加载模块:Public

[ 2015-08-31T13:03:45+08:00 ] 127.0.0.1 /xiaoshi5/index.php/Question/toMemcache
INFO: [ app_init ] --START--
INFO: Run Behavior\BuildLiteBehavior [ RunTime:0.000016s ]
INFO: [ app_init ] --END-- [ RunTime:0.000530s ]
ERR: 无法加载模块:Question

[ 2015-08-31T13:03:50+08:00 ] 127.0.0.1 /xiaoshi5/index.php/Questions/toMemcache
INFO: [ app_init ] --START--
INFO: Run Behavior\BuildLiteBehavior [ RunTime:0.000024s ]
INFO: [ app_init ] --END-- [ RunTime:0.000777s ]
ERR: 无法加载模块:Questions

[ 2015-08-31T13:04:23+08:00 ] 223.3.80.98 /xiaoshi5/Public/oriAnswer.js
INFO: [ app_init ] --START--
INFO: Run Behavior\BuildLiteBehavior [ RunTime:0.000025s ]
INFO: [ app_init ] --END-- [ RunTime:0.000768s ]
ERR: 无法加载模块:Public

[ 2015-08-31T13:04:40+08:00 ] 223.3.90.97 /xiaoshi5/Public/oriAnswer.js
INFO: [ app_init ] --START--
INFO: Run Behavior\BuildLiteBehavior [ RunTime:0.000015s ]
INFO: [ app_init ] --END-- [ RunTime:0.000556s ]
ERR: 无法加载模块:Public

[ 2015-08-31T13:06:20+08:00 ] 127.0.0.1 /xiaoshi5/Public/oriAnswer.js
INFO: [ app_init ] --START--
INFO: Run Behavior\BuildLiteBehavior [ RunTime:0.000017s ]
INFO: [ app_init ] --END-- [ RunTime:0.000529s ]
ERR: 无法加载模块:Public

[ 2015-08-31T13:06:49+08:00 ] 127.0.0.1 /xiaoshi5/Public/oriAnswer.js
INFO: [ app_init ] --START--
INFO: Run Behavior\BuildLiteBehavior [ RunTime:0.000028s ]
INFO: [ app_init ] --END-- [ RunTime:0.000842s ]
ERR: 无法加载模块:Public

[ 2015-08-31T13:06:59+08:00 ] 121.249.8.20 /xiaoshi5/Public/oriAnswer.js
INFO: [ app_init ] --START--
INFO: Run Behavior\BuildLiteBehavior [ RunTime:0.000023s ]
INFO: [ app_init ] --END-- [ RunTime:0.000493s ]
ERR: 无法加载模块:Public

[ 2015-08-31T13:08:33+08:00 ] 121.249.8.20 /xiaoshi5/Public/oriAnswer.js
INFO: [ app_init ] --START--
INFO: Run Behavior\BuildLiteBehavior [ RunTime:0.000015s ]
INFO: [ app_init ] --END-- [ RunTime:0.000518s ]
ERR: 无法加载模块:Public

[ 2015-08-31T13:09:31+08:00 ] 121.249.8.20 /xiaoshi5/Public/oriAnswer.js
INFO: [ app_init ] --START--
INFO: Run Behavior\BuildLiteBehavior [ RunTime:0.000017s ]
INFO: [ app_init ] --END-- [ RunTime:0.000518s ]
ERR: 无法加载模块:Public

[ 2015-08-31T13:09:48+08:00 ] 121.249.8.20 /xiaoshi5/Public/oriAnswer.js
INFO: [ app_init ] --START--
INFO: Run Behavior\BuildLiteBehavior [ RunTime:0.000020s ]
INFO: [ app_init ] --END-- [ RunTime:0.000657s ]
ERR: 无法加载模块:Public

[ 2015-08-31T13:09:48+08:00 ] 121.249.8.20 /xiaoshi5/Public/oriAnswer.js
INFO: [ app_init ] --START--
INFO: Run Behavior\BuildLiteBehavior [ RunTime:0.000025s ]
INFO: [ app_init ] --END-- [ RunTime:0.001065s ]
ERR: 无法加载模块:Public

[ 2015-08-31T13:09:53+08:00 ] 121.249.8.20 /xiaoshi5/Public/oriAnswer.js
INFO: [ app_init ] --START--
INFO: Run Behavior\BuildLiteBehavior [ RunTime:0.000016s ]
INFO: [ app_init ] --END-- [ RunTime:0.000508s ]
ERR: 无法加载模块:Public

[ 2015-08-31T13:10:00+08:00 ] 223.3.114.81 /xiaoshi5/Public/oriAnswer.js
INFO: [ app_init ] --START--
INFO: Run Behavior\BuildLiteBehavior [ RunTime:0.000016s ]
INFO: [ app_init ] --END-- [ RunTime:0.000649s ]
ERR: 无法加载模块:Public

[ 2015-08-31T13:10:36+08:00 ] 223.3.114.81 /xiaoshi5/Public/oriAnswer.js
INFO: [ app_init ] --START--
INFO: Run Behavior\BuildLiteBehavior [ RunTime:0.000014s ]
INFO: [ app_init ] --END-- [ RunTime:0.000556s ]
ERR: 无法加载模块:Public

[ 2015-08-31T13:10:40+08:00 ] 223.3.114.81 /xiaoshi5/Public/oriAnswer.js
INFO: [ app_init ] --START--
INFO: Run Behavior\BuildLiteBehavior [ RunTime:0.000015s ]
INFO: [ app_init ] --END-- [ RunTime:0.000589s ]
ERR: 无法加载模块:Public

[ 2015-08-31T13:10:45+08:00 ] 121.249.8.20 /xiaoshi5/Public/oriAnswer.js
INFO: [ app_init ] --START--
INFO: Run Behavior\BuildLiteBehavior [ RunTime:0.000017s ]
INFO: [ app_init ] --END-- [ RunTime:0.000594s ]
ERR: 无法加载模块:Public

[ 2015-08-31T13:10:54+08:00 ] 127.0.0.1 /xiaoshi5/Public/oriAnswer.js
INFO: [ app_init ] --START--
INFO: Run Behavior\BuildLiteBehavior [ RunTime:0.000195s ]
INFO: [ app_init ] --END-- [ RunTime:0.001888s ]
ERR: 无法加载模块:Public

[ 2015-08-31T13:11:57+08:00 ] 121.249.8.20 /xiaoshi5/Public/oriAnswer.js
INFO: [ app_init ] --START--
INFO: Run Behavior\BuildLiteBehavior [ RunTime:0.000016s ]
INFO: [ app_init ] --END-- [ RunTime:0.000552s ]
ERR: 无法加载模块:Public

[ 2015-08-31T13:12:49+08:00 ] 121.249.8.20 /xiaoshi5/Public/oriAnswer.js
INFO: [ app_init ] --START--
INFO: Run Behavior\BuildLiteBehavior [ RunTime:0.000015s ]
INFO: [ app_init ] --END-- [ RunTime:0.000551s ]
ERR: 无法加载模块:Public

[ 2015-08-31T13:15:31+08:00 ] 223.3.90.97 /xiaoshi5/Public/oriAnswer.js
INFO: [ app_init ] --START--
INFO: Run Behavior\BuildLiteBehavior [ RunTime:0.000017s ]
INFO: [ app_init ] --END-- [ RunTime:0.000586s ]
ERR: 无法加载模块:Public

[ 2015-08-31T13:15:35+08:00 ] 223.3.90.97 /xiaoshi5/Public/oriAnswer.js
INFO: [ app_init ] --START--
INFO: Run Behavior\BuildLiteBehavior [ RunTime:0.000016s ]
INFO: [ app_init ] --END-- [ RunTime:0.000593s ]
ERR: 无法加载模块:Public

[ 2015-08-31T13:18:25+08:00 ] 223.3.90.97 /xiaoshi5/Public/oriAnswer.js
INFO: [ app_init ] --START--
INFO: Run Behavior\BuildLiteBehavior [ RunTime:0.000015s ]
INFO: [ app_init ] --END-- [ RunTime:0.000611s ]
ERR: 无法加载模块:Public

[ 2015-08-31T13:25:25+08:00 ] 121.249.10.39 /xiaoshi5/Public/oriAnswer.js
INFO: [ app_init ] --START--
INFO: Run Behavior\BuildLiteBehavior [ RunTime:0.000017s ]
INFO: [ app_init ] --END-- [ RunTime:0.000809s ]
ERR: 无法加载模块:Public

