[ 2015-09-01T11:14:11+08:00 ] 127.0.0.1 /xiaoshi5/Public/oriAnswer.js
INFO: [ app_init ] --START--
INFO: Run Behavior\BuildLiteBehavior [ RunTime:0.000069s ]
INFO: [ app_init ] --END-- [ RunTime:0.001156s ]
ERR: 无法加载模块:Public

[ 2015-09-01T11:14:27+08:00 ] 127.0.0.1 /xiaoshi5/Public/oriAnswer.js
INFO: [ app_init ] --START--
INFO: Run Behavior\BuildLiteBehavior [ RunTime:0.000031s ]
INFO: [ app_init ] --END-- [ RunTime:0.002037s ]
ERR: 无法加载模块:Public

[ 2015-09-01T11:14:41+08:00 ] 127.0.0.1 /xiaoshi5/Public/oriAnswer.js
INFO: [ app_init ] --START--
INFO: Run Behavior\BuildLiteBehavior [ RunTime:0.000028s ]
INFO: [ app_init ] --END-- [ RunTime:0.001648s ]
ERR: 无法加载模块:Public

[ 2015-09-01T11:15:46+08:00 ] 127.0.0.1 /xiaoshi5/Public/oriAnswer.js
INFO: [ app_init ] --START--
INFO: Run Behavior\BuildLiteBehavior [ RunTime:0.000023s ]
INFO: [ app_init ] --END-- [ RunTime:0.000711s ]
ERR: 无法加载模块:Public

