[ 2017-02-24T10:39:30+08:00 ] 127.0.0.1 /old/xiaoshi5/Public/oriAnswer.js
INFO: [ app_init ] --START--
INFO: Run Behavior\BuildLiteBehavior [ RunTime:0.000055s ]
INFO: [ app_init ] --END-- [ RunTime:0.006124s ]
ERR: 无法加载模块:Public

[ 2017-02-24T10:39:30+08:00 ] 127.0.0.1 /old/xiaoshi5/Public/oriAnswer.js
INFO: [ app_init ] --START--
INFO: Run Behavior\BuildLiteBehavior [ RunTime:0.000060s ]
INFO: [ app_init ] --END-- [ RunTime:0.001449s ]
ERR: 无法加载模块:Public

[ 2017-02-24T10:39:35+08:00 ] 127.0.0.1 /old/xiaoshi5/Public/oriAnswer.js
INFO: [ app_init ] --START--
INFO: Run Behavior\BuildLiteBehavior [ RunTime:0.000061s ]
INFO: [ app_init ] --END-- [ RunTime:0.001557s ]
ERR: 无法加载模块:Public

[ 2017-02-24T10:39:35+08:00 ] 127.0.0.1 /old/xiaoshi5/Public/oriAnswer.js
INFO: [ app_init ] --START--
INFO: Run Behavior\BuildLiteBehavior [ RunTime:0.000038s ]
INFO: [ app_init ] --END-- [ RunTime:0.001090s ]
ERR: 无法加载模块:Public

[ 2017-02-24T10:55:00+08:00 ] 127.0.0.1 /old/xiaoshi5/Public/oriAnswer.js
INFO: [ app_init ] --START--
INFO: Run Behavior\BuildLiteBehavior [ RunTime:0.000060s ]
INFO: [ app_init ] --END-- [ RunTime:0.005531s ]
ERR: 无法加载模块:Public

